-- Time: 2023/06/04 06:34:03
-- Database: database26
-- Database version: 8.0.33
-- seed value: 1685824446420
DROP DATABASE IF EXISTS database26;
CREATE DATABASE database26;
USE database26;
CREATE TABLE t0(c0 MEDIUMTEXT  COLUMN_FORMAT DYNAMIC  STORAGE MEMORY COMMENT 'asdf' ) ; -- 86ms;
select TABLE_NAME, ENGINE from information_schema.TABLES where table_schema = 'database26'; -- 15ms;
ALTER TABLE t0 ; -- 36ms;
CHECKSUM TABLE t0; -- 4ms;
DELETE FROM t0 WHERE ((+ ((t0.c0) > (t0.c0)))) != ((CAST(t0.c0 AS SIGNED)) IS UNKNOWN); -- 6ms;
DELETE LOW_PRIORITY QUICK IGNORE FROM t0 WHERE t0.c0; -- 7ms;
DELETE LOW_PRIORITY QUICK IGNORE FROM t0; -- 7ms;
DELETE QUICK FROM t0 WHERE '1322137302'; -- 10ms;
REPLACE DELAYED INTO t0(c0) VALUES(-1451437206); -- 20ms;
select TABLE_NAME, ENGINE from information_schema.TABLES where table_schema = 'database26'; -- 2ms;
DELETE LOW_PRIORITY QUICK FROM t0 WHERE (t0.c0) IN (((NULL) && ("pU?ygMHZ")) || ((! (t0.c0)))); -- 7ms;
REPLACE INTO t0(c0) VALUES(''); -- 20ms;
INSERT HIGH_PRIORITY INTO t0(c0) VALUES(-1618429390); -- 32ms;
INSERT IGNORE INTO t0(c0) VALUES("(JYT??"), (-397029842), (NULL); -- 12ms;
select TABLE_NAME, ENGINE from information_schema.TABLES where table_schema = 'database26'; -- 18ms;
DELETE LOW_PRIORITY QUICK IGNORE FROM t0 WHERE (CAST(398730594 AS SIGNED)) NOT IN ((GREATEST(t0.c0, "\r/szZI'V1")) NOT IN (BIT_COUNT(NULL), (t0.c0) || (t0.c0), (t0.c0) XOR ("1252622049")), ("y") > (IFNULL(-372379630, NULL))); -- 21ms;
REPLACE LOW_PRIORITY INTO t0(c0) VALUES(785002561); -- 19ms;
REPLACE INTO t0(c0) VALUES(775101210); -- 21ms;
INSERT LOW_PRIORITY INTO t0(c0) VALUES(1752917656); -- 14ms;
SET SESSION read_rnd_buffer_size = 1792004790; -- 5ms;
select TABLE_NAME, ENGINE from information_schema.TABLES where table_schema = 'database26'; -- 2ms;
INSERT LOW_PRIORITY INTO t0(c0) VALUES(-704926968); -- 9ms;
INSERT HIGH_PRIORITY INTO t0(c0) VALUES("X7F"), (""), ("(+"); -- 13ms;
TRUNCATE TABLE t0; -- 222ms;
select TABLE_NAME, ENGINE from information_schema.TABLES where table_schema = 'database26'; -- 4ms;
INSERT LOW_PRIORITY IGNORE INTO t0(c0) VALUES(""); -- 7ms;
REPLACE LOW_PRIORITY INTO t0(c0) VALUES(NULL), ('p'), (NULL); -- 13ms;
select TABLE_NAME, ENGINE from information_schema.TABLES where table_schema = 'database26'; -- 3ms;
ANALYZE LOCAL TABLE t0 DROP HISTOGRAM ON c0; -- 0ms;
DELETE QUICK FROM t0; -- 8ms;
select TABLE_NAME, ENGINE from information_schema.TABLES where table_schema = 'database26'; -- 2ms;
REPLACE LOW_PRIORITY INTO t0(c0) VALUES(NULL); -- 8ms;
select TABLE_NAME, ENGINE from information_schema.TABLES where table_schema = 'database26'; -- 3ms;
REPLACE LOW_PRIORITY INTO t0(c0) VALUES('DF|.z??'); -- 15ms;
ALTER TABLE t0 PACK_KEYS DEFAULT, DELAY_KEY_WRITE 1, INSERT_METHOD FIRST; -- 70ms;
select TABLE_NAME, ENGINE from information_schema.TABLES where table_schema = 'database26'; -- 17ms;
SELECT DISTINCT STRAIGHT_JOIN t0.c0 AS ref0 FROM t0 WHERE (! (IF(('I''') IS NOT UNKNOWN, IFNULL(t0.c0, t0.c0), (+ (t0.c0))))) GROUP BY t0.c0 ORDER BY CAST(CAST(t0.c0 AS SIGNED) AS SIGNED) DESC LIMIT 2147483647;
SELECT * FROM (SELECT DISTINCT STRAIGHT_JOIN t0.c0 AS ref0 FROM t0 WHERE (! (IF(('I''') IS NOT UNKNOWN, IFNULL(t0.c0, t0.c0), (+ (t0.c0))))) GROUP BY t0.c0 ORDER BY CAST(CAST(t0.c0 AS SIGNED) AS SIGNED) DESC LIMIT 2147483647) as result WHERE result.ref0 = 'DF|.z??';
SELECT DISTINCTROW SQL_NO_CACHE SQL_SMALL_RESULT STRAIGHT_JOIN SQL_BIG_RESULT t0.c0 AS ref0 FROM t0 WHERE (! ((((NULL) LIKE (t0.c0)) IS FALSE) && (((t0.c0) IS TRUE) = (t0.c0)))) ORDER BY CAST((GREATEST(1747316435, t0.c0)) > (CAST(t0.c0 AS SIGNED)) AS SIGNED) LIMIT 2147483647 OFFSET 0;
SELECT * FROM (SELECT DISTINCTROW SQL_NO_CACHE SQL_SMALL_RESULT STRAIGHT_JOIN SQL_BIG_RESULT t0.c0 AS ref0 FROM t0 WHERE (! ((((NULL) LIKE (t0.c0)) IS FALSE) && (((t0.c0) IS TRUE) = (t0.c0)))) ORDER BY CAST((GREATEST(1747316435, t0.c0)) > (CAST(t0.c0 AS SIGNED)) AS SIGNED) LIMIT 2147483647 OFFSET 0) as result WHERE result.ref0 IS NULL;
SELECT ALL SQL_NO_CACHE STRAIGHT_JOIN t0.c0 AS ref0 FROM t0 WHERE ((! (CAST(t0.c0 AS SIGNED)))) IS UNKNOWN ORDER BY  EXISTS (SELECT 1 wHERE FALSE) DESC;
SELECT * FROM (SELECT ALL SQL_NO_CACHE STRAIGHT_JOIN t0.c0 AS ref0 FROM t0 WHERE ((! (CAST(t0.c0 AS SIGNED)))) IS UNKNOWN ORDER BY  EXISTS (SELECT 1 wHERE FALSE) DESC) as result WHERE result.ref0 IS NULL;
SELECT DISTINCT SQL_BIG_RESULT SQL_NO_CACHE t0.c0 AS ref0 FROM t0 WHERE (! (((CAST(t0.c0 AS SIGNED)) IS NOT NULL) IS NULL)) ORDER BY COALESCE((t0.c0) IS NOT NULL, (+ (t0.c0))) LIMIT 2147483647 OFFSET 0;
SELECT * FROM (SELECT DISTINCT SQL_BIG_RESULT SQL_NO_CACHE t0.c0 AS ref0 FROM t0 WHERE (! (((CAST(t0.c0 AS SIGNED)) IS NOT NULL) IS NULL)) ORDER BY COALESCE((t0.c0) IS NOT NULL, (+ (t0.c0))) LIMIT 2147483647 OFFSET 0) as result WHERE result.ref0 IS NULL;
SELECT DISTINCTROW SQL_BIG_RESULT STRAIGHT_JOIN SQL_NO_CACHE t0.c0 AS ref0 FROM t0 WHERE (CAST(IF(t0.c0, t0.c0, t0.c0) AS SIGNED)) IS UNKNOWN ORDER BY (+ ( EXISTS (SELECT 1))) ASC, ((IFNULL(t0.c0, t0.c0)) >= (t0.c0)) IS TRUE DESC, (((NULL) XOR (-1134099065)) IS UNKNOWN) != ( EXISTS (SELECT 1 wHERE FALSE)) ASC;
SELECT * FROM (SELECT DISTINCTROW SQL_BIG_RESULT STRAIGHT_JOIN SQL_NO_CACHE t0.c0 AS ref0 FROM t0 WHERE (CAST(IF(t0.c0, t0.c0, t0.c0) AS SIGNED)) IS UNKNOWN ORDER BY (+ ( EXISTS (SELECT 1))) ASC, ((IFNULL(t0.c0, t0.c0)) >= (t0.c0)) IS TRUE DESC, (((NULL) XOR (-1134099065)) IS UNKNOWN) != ( EXISTS (SELECT 1 wHERE FALSE)) ASC) as result WHERE result.ref0 IS NULL;
SELECT ALL SQL_NO_CACHE t0.c0 AS ref0 FROM t0 WHERE  EXISTS (SELECT 1) ORDER BY NULL DESC, (+ (("") IS UNKNOWN)) ASC, ((+ (""))) NOT IN ((('') = (t0.c0)) NOT IN ( EXISTS (SELECT 1 wHERE FALSE)), ((NULL) LIKE (t0.c0)) && ((731571745) IN ("u<*??6x		", NULL))) LIMIT 2147483647 OFFSET 0;
SELECT * FROM (SELECT ALL SQL_NO_CACHE t0.c0 AS ref0 FROM t0 WHERE  EXISTS (SELECT 1) ORDER BY NULL DESC, (+ (("") IS UNKNOWN)) ASC, ((+ (""))) NOT IN ((('') = (t0.c0)) NOT IN ( EXISTS (SELECT 1 wHERE FALSE)), ((NULL) LIKE (t0.c0)) && ((731571745) IN ("u<*??6x		", NULL))) LIMIT 2147483647 OFFSET 0) as result WHERE result.ref0 IS NULL;
SELECT SQL_BIG_RESULT SQL_SMALL_RESULT t0.c0 AS ref0 FROM t0 WHERE (NOT ('')) ORDER BY  EXISTS (SELECT 1);
SELECT * FROM (SELECT SQL_BIG_RESULT SQL_SMALL_RESULT t0.c0 AS ref0 FROM t0 WHERE (NOT ('')) ORDER BY  EXISTS (SELECT 1)) as result WHERE result.ref0 IS NULL;
SELECT DISTINCT t0.c0 AS ref0 FROM t0 WHERE "-1169574722" ORDER BY (+ (("-54171500") IN (IFNULL(1715983676, t0.c0)))) DESC;
SELECT * FROM (SELECT DISTINCT t0.c0 AS ref0 FROM t0 WHERE "-1169574722" ORDER BY (+ (("-54171500") IN (IFNULL(1715983676, t0.c0)))) DESC) as result WHERE result.ref0 = 'DF|.z??';
SELECT DISTINCTROW SQL_NO_CACHE SQL_BIG_RESULT t0.c0 AS ref0 FROM t0 WHERE (! ((-1455962387) IS NOT TRUE)) ORDER BY COALESCE((-1932722839) XOR (NULL), (t0.c0) <= (t0.c0)) ASC LIMIT 2147483647 OFFSET 0;
SELECT * FROM (SELECT DISTINCTROW SQL_NO_CACHE SQL_BIG_RESULT t0.c0 AS ref0 FROM t0 WHERE (! ((-1455962387) IS NOT TRUE)) ORDER BY COALESCE((-1932722839) XOR (NULL), (t0.c0) <= (t0.c0)) ASC LIMIT 2147483647 OFFSET 0) as result WHERE result.ref0 IS NULL;
SELECT SQL_SMALL_RESULT t0.c0 AS ref0 FROM t0 WHERE (! (((+ (LEAST(1190770697, t0.c0)))) IS FALSE)) GROUP BY t0.c0 ORDER BY (+ (t0.c0)) ASC;
SELECT * FROM (SELECT SQL_SMALL_RESULT t0.c0 AS ref0 FROM t0 WHERE (! (((+ (LEAST(1190770697, t0.c0)))) IS FALSE)) GROUP BY t0.c0 ORDER BY (+ (t0.c0)) ASC) as result WHERE result.ref0 IS NULL;
SELECT ALL t0.c0 AS ref0 FROM t0 WHERE (((+ (CAST(NULL AS SIGNED)))) NOT IN (CAST(IFNULL(t0.c0, 1544910390) AS SIGNED))) IS UNKNOWN GROUP BY t0.c0 ORDER BY t0.c0 ASC LIMIT 2147483647 OFFSET 0;
SELECT * FROM (SELECT ALL t0.c0 AS ref0 FROM t0 WHERE (((+ (CAST(NULL AS SIGNED)))) NOT IN (CAST(IFNULL(t0.c0, 1544910390) AS SIGNED))) IS UNKNOWN GROUP BY t0.c0 ORDER BY t0.c0 ASC LIMIT 2147483647 OFFSET 0) as result WHERE result.ref0 = 'DF|.z??';
SELECT DISTINCTROW t0.c0 AS ref0 FROM t0 WHERE CAST((+ ((t0.c0) IN (t0.c0))) AS SIGNED) ORDER BY  EXISTS (SELECT 1 wHERE FALSE) ASC LIMIT 2147483647;
SELECT * FROM (SELECT DISTINCTROW t0.c0 AS ref0 FROM t0 WHERE CAST((+ ((t0.c0) IN (t0.c0))) AS SIGNED) ORDER BY  EXISTS (SELECT 1 wHERE FALSE) ASC LIMIT 2147483647) as result WHERE result.ref0 = "DF|.z??";
SELECT DISTINCT t0.c0 AS ref0 FROM t0 WHERE (t0.c0) IS NULL GROUP BY t0.c0 ORDER BY '^QyLn?w' ASC;
SELECT * FROM (SELECT DISTINCT t0.c0 AS ref0 FROM t0 WHERE (t0.c0) IS NULL GROUP BY t0.c0 ORDER BY '^QyLn?w' ASC) as result WHERE result.ref0 IS NULL;
SELECT ALL SQL_SMALL_RESULT SQL_NO_CACHE SQL_BIG_RESULT t0.c0 AS ref0 FROM t0 WHERE (NOT ((+ ( EXISTS (SELECT 1 wHERE FALSE))))) GROUP BY t0.c0 ORDER BY BIT_COUNT(LEAST(-2054718724, NULL)) ASC;
SELECT * FROM (SELECT ALL SQL_SMALL_RESULT SQL_NO_CACHE SQL_BIG_RESULT t0.c0 AS ref0 FROM t0 WHERE (NOT ((+ ( EXISTS (SELECT 1 wHERE FALSE))))) GROUP BY t0.c0 ORDER BY BIT_COUNT(LEAST(-2054718724, NULL)) ASC) as result WHERE result.ref0 = 'DF|.z??';
SELECT DISTINCTROW SQL_NO_CACHE t0.c0 AS ref0 FROM t0 WHERE (NOT ( EXISTS (SELECT 1 wHERE FALSE))) ORDER BY ((NULL) XOR ((t0.c0) XOR (t0.c0))) IS NOT NULL ASC;
SELECT * FROM (SELECT DISTINCTROW SQL_NO_CACHE t0.c0 AS ref0 FROM t0 WHERE (NOT ( EXISTS (SELECT 1 wHERE FALSE))) ORDER BY ((NULL) XOR ((t0.c0) XOR (t0.c0))) IS NOT NULL ASC) as result WHERE result.ref0 IS NULL;
SELECT t0.c0 AS ref0 FROM t0 WHERE CAST( EXISTS (SELECT 1) AS SIGNED) GROUP BY t0.c0 ORDER BY  EXISTS (SELECT 1);
SELECT * FROM (SELECT t0.c0 AS ref0 FROM t0 WHERE CAST( EXISTS (SELECT 1) AS SIGNED) GROUP BY t0.c0 ORDER BY  EXISTS (SELECT 1)) as result WHERE result.ref0 IS NULL;
SELECT DISTINCT t0.c0 AS ref0 FROM t0 WHERE (NULL) IS UNKNOWN ORDER BY (((1842530173) XOR (t0.c0)) || ((-54171500) IS NULL)) XOR (t0.c0) LIMIT 2147483647;
SELECT * FROM (SELECT DISTINCT t0.c0 AS ref0 FROM t0 WHERE (NULL) IS UNKNOWN ORDER BY (((1842530173) XOR (t0.c0)) || ((-54171500) IS NULL)) XOR (t0.c0) LIMIT 2147483647) as result WHERE result.ref0 = 'DF|.z??';
SELECT DISTINCT STRAIGHT_JOIN SQL_BIG_RESULT SQL_NO_CACHE SQL_SMALL_RESULT t0.c0 AS ref0 FROM t0 WHERE (NOT (BIT_COUNT(('|<,') AND ('')))) ORDER BY  EXISTS (SELECT 1 wHERE FALSE);
SELECT * FROM (SELECT DISTINCT STRAIGHT_JOIN SQL_BIG_RESULT SQL_NO_CACHE SQL_SMALL_RESULT t0.c0 AS ref0 FROM t0 WHERE (NOT (BIT_COUNT(('|<,') AND ('')))) ORDER BY  EXISTS (SELECT 1 wHERE FALSE)) as result WHERE result.ref0 IS NULL;
SELECT DISTINCT SQL_BIG_RESULT STRAIGHT_JOIN SQL_SMALL_RESULT t0.c0 AS ref0 FROM t0 WHERE (NOT (t0.c0)) GROUP BY t0.c0 ORDER BY -2077278961 ASC;
SELECT * FROM (SELECT DISTINCT SQL_BIG_RESULT STRAIGHT_JOIN SQL_SMALL_RESULT t0.c0 AS ref0 FROM t0 WHERE (NOT (t0.c0)) GROUP BY t0.c0 ORDER BY -2077278961 ASC) as result WHERE result.ref0 = "DF|.z??";
SELECT ALL SQL_NO_CACHE SQL_SMALL_RESULT t0.c0 AS ref0 FROM t0 WHERE (NOT ((LEAST(t0.c0, NULL)) IS TRUE)) GROUP BY t0.c0 ORDER BY CAST((CAST(NULL AS SIGNED)) > (IF(NULL, t0.c0, t0.c0)) AS SIGNED) LIMIT 2147483647 OFFSET 0;
SELECT * FROM (SELECT ALL SQL_NO_CACHE SQL_SMALL_RESULT t0.c0 AS ref0 FROM t0 WHERE (NOT ((LEAST(t0.c0, NULL)) IS TRUE)) GROUP BY t0.c0 ORDER BY CAST((CAST(NULL AS SIGNED)) > (IF(NULL, t0.c0, t0.c0)) AS SIGNED) LIMIT 2147483647 OFFSET 0) as result WHERE result.ref0 = "DF|.z??";
SELECT ALL t0.c0 AS ref0 FROM t0 WHERE 308287458 ORDER BY  EXISTS (SELECT 1);
SELECT * FROM (SELECT ALL t0.c0 AS ref0 FROM t0 WHERE 308287458 ORDER BY  EXISTS (SELECT 1)) as result WHERE result.ref0 IS NULL;
SELECT SQL_NO_CACHE t0.c0 AS ref0 FROM t0 WHERE (t0.c0) IS NULL GROUP BY t0.c0 ORDER BY ( EXISTS (SELECT 1)) IS FALSE ASC LIMIT 2147483647;
SELECT * FROM (SELECT SQL_NO_CACHE t0.c0 AS ref0 FROM t0 WHERE (t0.c0) IS NULL GROUP BY t0.c0 ORDER BY ( EXISTS (SELECT 1)) IS FALSE ASC LIMIT 2147483647) as result WHERE result.ref0 IS NULL;
SELECT STRAIGHT_JOIN SQL_SMALL_RESULT SQL_BIG_RESULT SQL_NO_CACHE t0.c0 AS ref0 FROM t0 WHERE ((! (NULL))) IS UNKNOWN GROUP BY t0.c0 ORDER BY COALESCE((t0.c0) && (NULL), t0.c0) DESC LIMIT 2147483647 OFFSET 0;
SELECT * FROM (SELECT STRAIGHT_JOIN SQL_SMALL_RESULT SQL_BIG_RESULT SQL_NO_CACHE t0.c0 AS ref0 FROM t0 WHERE ((! (NULL))) IS UNKNOWN GROUP BY t0.c0 ORDER BY COALESCE((t0.c0) && (NULL), t0.c0) DESC LIMIT 2147483647 OFFSET 0) as result WHERE result.ref0 = 'DF|.z??';
SELECT DISTINCTROW SQL_BIG_RESULT STRAIGHT_JOIN SQL_SMALL_RESULT t0.c0 AS ref0 FROM t0 WHERE 465485147 GROUP BY t0.c0 ORDER BY ( EXISTS (SELECT 1)) = ((COALESCE("", t0.c0)) IN ((t0.c0) >= (t0.c0))) ASC LIMIT 2147483647;
SELECT * FROM (SELECT DISTINCTROW SQL_BIG_RESULT STRAIGHT_JOIN SQL_SMALL_RESULT t0.c0 AS ref0 FROM t0 WHERE 465485147 GROUP BY t0.c0 ORDER BY ( EXISTS (SELECT 1)) = ((COALESCE("", t0.c0)) IN ((t0.c0) >= (t0.c0))) ASC LIMIT 2147483647) as result WHERE result.ref0 IS NULL;
SELECT DISTINCTROW SQL_SMALL_RESULT STRAIGHT_JOIN SQL_BIG_RESULT SQL_NO_CACHE t0.c0 AS ref0 FROM t0 WHERE (! (t0.c0)) GROUP BY t0.c0 ORDER BY NULL DESC LIMIT 2147483647 OFFSET 0;
SELECT * FROM (SELECT DISTINCTROW SQL_SMALL_RESULT STRAIGHT_JOIN SQL_BIG_RESULT SQL_NO_CACHE t0.c0 AS ref0 FROM t0 WHERE (! (t0.c0)) GROUP BY t0.c0 ORDER BY NULL DESC LIMIT 2147483647 OFFSET 0) as result WHERE result.ref0 = 'DF|.z??';
SELECT DISTINCTROW STRAIGHT_JOIN SQL_BIG_RESULT SQL_NO_CACHE SQL_SMALL_RESULT t0.c0 AS ref0 FROM t0 WHERE (NOT (t0.c0)) GROUP BY t0.c0 ORDER BY CAST(( EXISTS (SELECT 1 wHERE FALSE)) <= ( EXISTS (SELECT 1 wHERE FALSE)) AS SIGNED) ASC LIMIT 2147483647 OFFSET 0;
SELECT * FROM (SELECT DISTINCTROW STRAIGHT_JOIN SQL_BIG_RESULT SQL_NO_CACHE SQL_SMALL_RESULT t0.c0 AS ref0 FROM t0 WHERE (NOT (t0.c0)) GROUP BY t0.c0 ORDER BY CAST(( EXISTS (SELECT 1 wHERE FALSE)) <= ( EXISTS (SELECT 1 wHERE FALSE)) AS SIGNED) ASC LIMIT 2147483647 OFFSET 0) as result WHERE result.ref0 = 'DF|.z??';
SELECT SQL_NO_CACHE SQL_BIG_RESULT SQL_SMALL_RESULT t0.c0 AS ref0 FROM t0 WHERE (t0.c0) IS FALSE ORDER BY CAST(t0.c0 AS SIGNED) ASC LIMIT 2147483647 OFFSET 0;
SELECT * FROM (SELECT SQL_NO_CACHE SQL_BIG_RESULT SQL_SMALL_RESULT t0.c0 AS ref0 FROM t0 WHERE (t0.c0) IS FALSE ORDER BY CAST(t0.c0 AS SIGNED) ASC LIMIT 2147483647 OFFSET 0) as result WHERE result.ref0 = 'DF|.z??';
SELECT STRAIGHT_JOIN SQL_BIG_RESULT SQL_SMALL_RESULT t0.c0 AS ref0 FROM t0 WHERE (NOT (t0.c0)) ORDER BY (! (IFNULL(t0.c0, -456326593))), NULL, t0.c0, ((COALESCE(t0.c0, 1803787900, t0.c0, "677580778")) IS NOT TRUE) IS UNKNOWN DESC, t0.c0 DESC LIMIT 2147483647 OFFSET 0;
SELECT * FROM (SELECT STRAIGHT_JOIN SQL_BIG_RESULT SQL_SMALL_RESULT t0.c0 AS ref0 FROM t0 WHERE (NOT (t0.c0)) ORDER BY (! (IFNULL(t0.c0, -456326593))), NULL, t0.c0, ((COALESCE(t0.c0, 1803787900, t0.c0, "677580778")) IS NOT TRUE) IS UNKNOWN DESC, t0.c0 DESC LIMIT 2147483647 OFFSET 0) as result WHERE result.ref0 = "DF|.z??";
SELECT DISTINCT SQL_SMALL_RESULT SQL_NO_CACHE SQL_BIG_RESULT t0.c0 AS ref0 FROM t0 WHERE (t0.c0) IS UNKNOWN ORDER BY CAST(t0.c0 AS SIGNED) LIMIT 2147483647 OFFSET 0;
SELECT * FROM (SELECT DISTINCT SQL_SMALL_RESULT SQL_NO_CACHE SQL_BIG_RESULT t0.c0 AS ref0 FROM t0 WHERE (t0.c0) IS UNKNOWN ORDER BY CAST(t0.c0 AS SIGNED) LIMIT 2147483647 OFFSET 0) as result WHERE result.ref0 IS NULL;
SELECT DISTINCT SQL_SMALL_RESULT SQL_NO_CACHE SQL_BIG_RESULT t0.c0 AS ref0 FROM t0 WHERE (NOT (t0.c0)) GROUP BY t0.c0 ORDER BY t0.c0, t0.c0 DESC, -1406996908;
SELECT * FROM (SELECT DISTINCT SQL_SMALL_RESULT SQL_NO_CACHE SQL_BIG_RESULT t0.c0 AS ref0 FROM t0 WHERE (NOT (t0.c0)) GROUP BY t0.c0 ORDER BY t0.c0, t0.c0 DESC, -1406996908) as result WHERE result.ref0 = 'DF|.z??';
SELECT DISTINCTROW t0.c0 AS ref0 FROM t0 WHERE (! (((('342934014') = (t0.c0)) NOT IN (('') && (t0.c0), NULL)) IS FALSE)) GROUP BY t0.c0 ORDER BY CAST(BIT_COUNT(t0.c0) AS SIGNED) LIMIT 2147483647;
SELECT * FROM (SELECT DISTINCTROW t0.c0 AS ref0 FROM t0 WHERE (! (((('342934014') = (t0.c0)) NOT IN (('') && (t0.c0), NULL)) IS FALSE)) GROUP BY t0.c0 ORDER BY CAST(BIT_COUNT(t0.c0) AS SIGNED) LIMIT 2147483647) as result WHERE result.ref0 IS NULL;
SELECT ALL SQL_SMALL_RESULT t0.c0 AS ref0 FROM t0 WHERE (NOT ((((t0.c0) >= (t0.c0)) IS TRUE) IS NOT TRUE)) ORDER BY CAST( EXISTS (SELECT 1) AS SIGNED) LIMIT 2147483647;
SELECT * FROM (SELECT ALL SQL_SMALL_RESULT t0.c0 AS ref0 FROM t0 WHERE (NOT ((((t0.c0) >= (t0.c0)) IS TRUE) IS NOT TRUE)) ORDER BY CAST( EXISTS (SELECT 1) AS SIGNED) LIMIT 2147483647) as result WHERE result.ref0 = "DF|.z??";
SELECT DISTINCTROW t0.c0 AS ref0 FROM t0 WHERE (! (CAST(IF("X7F", t0.c0, '') AS SIGNED))) ORDER BY (IF(t0.c0, t0.c0, -509811861)) > ((NOT ((t0.c0) || (t0.c0))));
SELECT * FROM (SELECT DISTINCTROW t0.c0 AS ref0 FROM t0 WHERE (! (CAST(IF("X7F", t0.c0, '') AS SIGNED))) ORDER BY (IF(t0.c0, t0.c0, -509811861)) > ((NOT ((t0.c0) || (t0.c0))))) as result WHERE result.ref0 = 'DF|.z??';
SELECT ALL SQL_NO_CACHE SQL_SMALL_RESULT t0.c0 AS ref0 FROM t0 WHERE (CAST(IF(t0.c0, t0.c0, NULL) AS SIGNED)) IS UNKNOWN ORDER BY  EXISTS (SELECT 1 wHERE FALSE) DESC LIMIT 2147483647 OFFSET 0;
SELECT * FROM (SELECT ALL SQL_NO_CACHE SQL_SMALL_RESULT t0.c0 AS ref0 FROM t0 WHERE (CAST(IF(t0.c0, t0.c0, NULL) AS SIGNED)) IS UNKNOWN ORDER BY  EXISTS (SELECT 1 wHERE FALSE) DESC LIMIT 2147483647 OFFSET 0) as result WHERE result.ref0 = 'DF|.z??';
SELECT DISTINCTROW STRAIGHT_JOIN t0.c0 AS ref0 FROM t0 WHERE ((((-1070837911) XOR ("?v")) LIKE (CAST(t0.c0 AS SIGNED))) >= (NULL)) IS NULL ORDER BY CAST(((t0.c0) IS FALSE) IS NULL AS SIGNED) ASC;
SELECT * FROM (SELECT DISTINCTROW STRAIGHT_JOIN t0.c0 AS ref0 FROM t0 WHERE ((((-1070837911) XOR ("?v")) LIKE (CAST(t0.c0 AS SIGNED))) >= (NULL)) IS NULL ORDER BY CAST(((t0.c0) IS FALSE) IS NULL AS SIGNED) ASC) as result WHERE result.ref0 = "DF|.z??";
SELECT SQL_BIG_RESULT t0.c0 AS ref0 FROM t0 WHERE (t0.c0) IS UNKNOWN ORDER BY NULL DESC LIMIT 2147483647;
SELECT * FROM (SELECT SQL_BIG_RESULT t0.c0 AS ref0 FROM t0 WHERE (t0.c0) IS UNKNOWN ORDER BY NULL DESC LIMIT 2147483647) as result WHERE result.ref0 IS NULL;
SELECT SQL_BIG_RESULT SQL_NO_CACHE SQL_SMALL_RESULT STRAIGHT_JOIN t0.c0 AS ref0 FROM t0 WHERE (NOT (((+ (CAST('' AS SIGNED)))) IS TRUE)) GROUP BY t0.c0 ORDER BY '', t0.c0 ASC, ( EXISTS (SELECT 1)) > (( EXISTS (SELECT 1)) IS NOT FALSE) DESC;
SELECT * FROM (SELECT SQL_BIG_RESULT SQL_NO_CACHE SQL_SMALL_RESULT STRAIGHT_JOIN t0.c0 AS ref0 FROM t0 WHERE (NOT (((+ (CAST('' AS SIGNED)))) IS TRUE)) GROUP BY t0.c0 ORDER BY '', t0.c0 ASC, ( EXISTS (SELECT 1)) > (( EXISTS (SELECT 1)) IS NOT FALSE) DESC) as result WHERE result.ref0 IS NULL;
SELECT ALL SQL_BIG_RESULT SQL_NO_CACHE STRAIGHT_JOIN t0.c0 AS ref0 FROM t0 WHERE (! (t0.c0)) GROUP BY t0.c0 ORDER BY  EXISTS (SELECT 1) LIMIT 2147483647 OFFSET 0;
SELECT * FROM (SELECT ALL SQL_BIG_RESULT SQL_NO_CACHE STRAIGHT_JOIN t0.c0 AS ref0 FROM t0 WHERE (! (t0.c0)) GROUP BY t0.c0 ORDER BY  EXISTS (SELECT 1) LIMIT 2147483647 OFFSET 0) as result WHERE result.ref0 = "DF|.z??";
SELECT DISTINCT t0.c0 AS ref0 FROM t0 WHERE (NOT ((+ (t0.c0)))) GROUP BY t0.c0 ORDER BY  EXISTS (SELECT 1);
SELECT * FROM (SELECT DISTINCT t0.c0 AS ref0 FROM t0 WHERE (NOT ((+ (t0.c0)))) GROUP BY t0.c0 ORDER BY  EXISTS (SELECT 1)) as result WHERE result.ref0 = "DF|.z??";
SELECT DISTINCTROW t0.c0 AS ref0 FROM t0 WHERE ((+ ((-1042722043) IS NOT FALSE))) LIKE (CAST( EXISTS (SELECT 1) AS SIGNED)) GROUP BY t0.c0 ORDER BY  EXISTS (SELECT 1 wHERE FALSE);
SELECT * FROM (SELECT DISTINCTROW t0.c0 AS ref0 FROM t0 WHERE ((+ ((-1042722043) IS NOT FALSE))) LIKE (CAST( EXISTS (SELECT 1) AS SIGNED)) GROUP BY t0.c0 ORDER BY  EXISTS (SELECT 1 wHERE FALSE)) as result WHERE result.ref0 = "DF|.z??";
SELECT DISTINCT STRAIGHT_JOIN t0.c0 AS ref0 FROM t0 WHERE  EXISTS (SELECT 1) GROUP BY t0.c0 ORDER BY ((t0.c0) || (-688309779)) XOR (IF(t0.c0, t0.c0, t0.c0)) ASC LIMIT 2147483647;
SELECT * FROM (SELECT DISTINCT STRAIGHT_JOIN t0.c0 AS ref0 FROM t0 WHERE  EXISTS (SELECT 1) GROUP BY t0.c0 ORDER BY ((t0.c0) || (-688309779)) XOR (IF(t0.c0, t0.c0, t0.c0)) ASC LIMIT 2147483647) as result WHERE result.ref0 = "DF|.z??";
SELECT DISTINCTROW SQL_NO_CACHE t0.c0 AS ref0 FROM t0 WHERE (NULL) IS UNKNOWN ORDER BY (IF("", t0.c0, '[<6j?%')) IS FALSE DESC;
SELECT * FROM (SELECT DISTINCTROW SQL_NO_CACHE t0.c0 AS ref0 FROM t0 WHERE (NULL) IS UNKNOWN ORDER BY (IF("", t0.c0, '[<6j?%')) IS FALSE DESC) as result WHERE result.ref0 = "DF|.z??";
SELECT DISTINCT STRAIGHT_JOIN t0.c0 AS ref0 FROM t0 WHERE (GREATEST((t0.c0) NOT IN (""), 'F')) IS NULL GROUP BY t0.c0 ORDER BY -260722781 DESC LIMIT 2147483647;
SELECT * FROM (SELECT DISTINCT STRAIGHT_JOIN t0.c0 AS ref0 FROM t0 WHERE (GREATEST((t0.c0) NOT IN (""), 'F')) IS NULL GROUP BY t0.c0 ORDER BY -260722781 DESC LIMIT 2147483647) as result WHERE result.ref0 IS NULL;
SELECT ALL SQL_SMALL_RESULT SQL_NO_CACHE SQL_BIG_RESULT t0.c0 AS ref0 FROM t0 WHERE (NOT (( EXISTS (SELECT 1)) IS NULL)) ORDER BY  EXISTS (SELECT 1 wHERE FALSE);
SELECT * FROM (SELECT ALL SQL_SMALL_RESULT SQL_NO_CACHE SQL_BIG_RESULT t0.c0 AS ref0 FROM t0 WHERE (NOT (( EXISTS (SELECT 1)) IS NULL)) ORDER BY  EXISTS (SELECT 1 wHERE FALSE)) as result WHERE result.ref0 = 'DF|.z??';
SELECT DISTINCTROW SQL_SMALL_RESULT t0.c0 AS ref0 FROM t0 WHERE (! ( EXISTS (SELECT 1 wHERE FALSE))) ORDER BY NULL,  EXISTS (SELECT 1 wHERE FALSE), CAST( EXISTS (SELECT 1) AS SIGNED) ASC LIMIT 2147483647;
SELECT * FROM (SELECT DISTINCTROW SQL_SMALL_RESULT t0.c0 AS ref0 FROM t0 WHERE (! ( EXISTS (SELECT 1 wHERE FALSE))) ORDER BY NULL,  EXISTS (SELECT 1 wHERE FALSE), CAST( EXISTS (SELECT 1) AS SIGNED) ASC LIMIT 2147483647) as result WHERE result.ref0 IS NULL;
SELECT ALL SQL_BIG_RESULT SQL_NO_CACHE STRAIGHT_JOIN t0.c0 AS ref0 FROM t0 WHERE "1970420760" GROUP BY t0.c0 ORDER BY NULL, t0.c0, (NULL) IS TRUE;
SELECT * FROM (SELECT ALL SQL_BIG_RESULT SQL_NO_CACHE STRAIGHT_JOIN t0.c0 AS ref0 FROM t0 WHERE "1970420760" GROUP BY t0.c0 ORDER BY NULL, t0.c0, (NULL) IS TRUE) as result WHERE result.ref0 = 'DF|.z??';
SELECT ALL SQL_SMALL_RESULT t0.c0 AS ref0 FROM t0 WHERE (! ((IFNULL('', -948624716)) IS TRUE)) GROUP BY t0.c0 ORDER BY CAST(IF(t0.c0, NULL, '-1474744139') AS SIGNED) ASC LIMIT 2147483647;
SELECT * FROM (SELECT ALL SQL_SMALL_RESULT t0.c0 AS ref0 FROM t0 WHERE (! ((IFNULL('', -948624716)) IS TRUE)) GROUP BY t0.c0 ORDER BY CAST(IF(t0.c0, NULL, '-1474744139') AS SIGNED) ASC LIMIT 2147483647) as result WHERE result.ref0 IS NULL;
SELECT STRAIGHT_JOIN SQL_SMALL_RESULT SQL_NO_CACHE t0.c0 AS ref0 FROM t0 WHERE (! (( EXISTS (SELECT 1 wHERE FALSE)) != (((NULL) NOT IN (-222484465, t0.c0)) IS NOT UNKNOWN))) GROUP BY t0.c0 ORDER BY NULL LIMIT 2147483647 OFFSET 0;
SELECT * FROM (SELECT STRAIGHT_JOIN SQL_SMALL_RESULT SQL_NO_CACHE t0.c0 AS ref0 FROM t0 WHERE (! (( EXISTS (SELECT 1 wHERE FALSE)) != (((NULL) NOT IN (-222484465, t0.c0)) IS NOT UNKNOWN))) GROUP BY t0.c0 ORDER BY NULL LIMIT 2147483647 OFFSET 0) as result WHERE result.ref0 = 'DF|.z??';
SELECT DISTINCTROW SQL_SMALL_RESULT SQL_NO_CACHE STRAIGHT_JOIN SQL_BIG_RESULT t0.c0 AS ref0 FROM t0 WHERE (t0.c0) IS NULL GROUP BY t0.c0 ORDER BY IF(('') IN (""), (NULL) NOT IN ('p?7u'), CAST(-1631382192 AS SIGNED)) ASC;
SELECT * FROM (SELECT DISTINCTROW SQL_SMALL_RESULT SQL_NO_CACHE STRAIGHT_JOIN SQL_BIG_RESULT t0.c0 AS ref0 FROM t0 WHERE (t0.c0) IS NULL GROUP BY t0.c0 ORDER BY IF(('') IN (""), (NULL) NOT IN ('p?7u'), CAST(-1631382192 AS SIGNED)) ASC) as result WHERE result.ref0 IS NULL;
SELECT DISTINCTROW SQL_BIG_RESULT t0.c0 AS ref0 FROM t0 WHERE COALESCE(('795881338') || (t0.c0), (t0.c0) IS NULL) GROUP BY t0.c0 ORDER BY -12353947 DESC LIMIT 2147483647 OFFSET 0;
SELECT * FROM (SELECT DISTINCTROW SQL_BIG_RESULT t0.c0 AS ref0 FROM t0 WHERE COALESCE(('795881338') || (t0.c0), (t0.c0) IS NULL) GROUP BY t0.c0 ORDER BY -12353947 DESC LIMIT 2147483647 OFFSET 0) as result WHERE result.ref0 = "DF|.z??";
SELECT DISTINCT t0.c0 AS ref0 FROM t0 WHERE ( EXISTS (SELECT 1 wHERE FALSE)) >= (t0.c0) GROUP BY t0.c0 ORDER BY  EXISTS (SELECT 1) DESC LIMIT 2147483647 OFFSET 0;
SELECT * FROM (SELECT DISTINCT t0.c0 AS ref0 FROM t0 WHERE ( EXISTS (SELECT 1 wHERE FALSE)) >= (t0.c0) GROUP BY t0.c0 ORDER BY  EXISTS (SELECT 1) DESC LIMIT 2147483647 OFFSET 0) as result WHERE result.ref0 = 'DF|.z??';
SELECT ALL STRAIGHT_JOIN t0.c0 AS ref0 FROM t0 WHERE (NULL) IS UNKNOWN GROUP BY t0.c0 ORDER BY t0.c0;
SELECT * FROM (SELECT ALL STRAIGHT_JOIN t0.c0 AS ref0 FROM t0 WHERE (NULL) IS UNKNOWN GROUP BY t0.c0 ORDER BY t0.c0) as result WHERE result.ref0 = 'DF|.z??';
SELECT DISTINCTROW SQL_NO_CACHE SQL_SMALL_RESULT t0.c0 AS ref0 FROM t0 WHERE (+ (CAST(("1573582891") IS NOT NULL AS SIGNED))) GROUP BY t0.c0 ORDER BY 1200129909 LIMIT 2147483647 OFFSET 0;
SELECT * FROM (SELECT DISTINCTROW SQL_NO_CACHE SQL_SMALL_RESULT t0.c0 AS ref0 FROM t0 WHERE (+ (CAST(("1573582891") IS NOT NULL AS SIGNED))) GROUP BY t0.c0 ORDER BY 1200129909 LIMIT 2147483647 OFFSET 0) as result WHERE result.ref0 IS NULL;
SELECT SQL_NO_CACHE SQL_BIG_RESULT t0.c0 AS ref0 FROM t0 WHERE (! ( EXISTS (SELECT 1 wHERE FALSE))) GROUP BY t0.c0 ORDER BY CAST(IFNULL("y%M?", NULL) AS SIGNED) DESC;
SELECT * FROM (SELECT SQL_NO_CACHE SQL_BIG_RESULT t0.c0 AS ref0 FROM t0 WHERE (! ( EXISTS (SELECT 1 wHERE FALSE))) GROUP BY t0.c0 ORDER BY CAST(IFNULL("y%M?", NULL) AS SIGNED) DESC) as result WHERE result.ref0 = 'DF|.z??';
SELECT ALL SQL_NO_CACHE STRAIGHT_JOIN t0.c0 AS ref0 FROM t0 WHERE (NOT ( EXISTS (SELECT 1 wHERE FALSE))) ORDER BY  EXISTS (SELECT 1) ASC;
SELECT * FROM (SELECT ALL SQL_NO_CACHE STRAIGHT_JOIN t0.c0 AS ref0 FROM t0 WHERE (NOT ( EXISTS (SELECT 1 wHERE FALSE))) ORDER BY  EXISTS (SELECT 1) ASC) as result WHERE result.ref0 IS NULL;
SELECT t0.c0 AS ref0 FROM t0 WHERE (t0.c0) IS UNKNOWN GROUP BY t0.c0 ORDER BY CAST(NULL AS SIGNED) ASC;
SELECT * FROM (SELECT t0.c0 AS ref0 FROM t0 WHERE (t0.c0) IS UNKNOWN GROUP BY t0.c0 ORDER BY CAST(NULL AS SIGNED) ASC) as result WHERE result.ref0 IS NULL;
SELECT ALL SQL_BIG_RESULT t0.c0 AS ref0 FROM t0 WHERE (NOT ( EXISTS (SELECT 1 wHERE FALSE))) ORDER BY  EXISTS (SELECT 1) ASC LIMIT 2147483647 OFFSET 0;
SELECT * FROM (SELECT ALL SQL_BIG_RESULT t0.c0 AS ref0 FROM t0 WHERE (NOT ( EXISTS (SELECT 1 wHERE FALSE))) ORDER BY  EXISTS (SELECT 1) ASC LIMIT 2147483647 OFFSET 0) as result WHERE result.ref0 IS NULL;
SELECT DISTINCT SQL_BIG_RESULT STRAIGHT_JOIN t0.c0 AS ref0 FROM t0 WHERE COALESCE((NULL) IS NOT TRUE, t0.c0) GROUP BY t0.c0 ORDER BY "352842132" LIMIT 2147483647;
SELECT * FROM (SELECT DISTINCT SQL_BIG_RESULT STRAIGHT_JOIN t0.c0 AS ref0 FROM t0 WHERE COALESCE((NULL) IS NOT TRUE, t0.c0) GROUP BY t0.c0 ORDER BY "352842132" LIMIT 2147483647) as result WHERE result.ref0 = "DF|.z??";
SELECT DISTINCT SQL_SMALL_RESULT t0.c0 AS ref0 FROM t0 WHERE ((t0.c0) IN (GREATEST(t0.c0, t0.c0))) IS NULL ORDER BY NULL;
SELECT * FROM (SELECT DISTINCT SQL_SMALL_RESULT t0.c0 AS ref0 FROM t0 WHERE ((t0.c0) IN (GREATEST(t0.c0, t0.c0))) IS NULL ORDER BY NULL) as result WHERE result.ref0 IS NULL;
SELECT DISTINCTROW SQL_NO_CACHE SQL_SMALL_RESULT STRAIGHT_JOIN SQL_BIG_RESULT t0.c0 AS ref0 FROM t0 WHERE (NOT ( EXISTS (SELECT 1 wHERE FALSE))) ORDER BY IF(("r5") NOT IN (t0.c0), -1030336646, ('?F') || ("X2KL(h?"));
SELECT * FROM (SELECT DISTINCTROW SQL_NO_CACHE SQL_SMALL_RESULT STRAIGHT_JOIN SQL_BIG_RESULT t0.c0 AS ref0 FROM t0 WHERE (NOT ( EXISTS (SELECT 1 wHERE FALSE))) ORDER BY IF(("r5") NOT IN (t0.c0), -1030336646, ('?F') || ("X2KL(h?"))) as result WHERE result.ref0 IS NULL;
SELECT ALL SQL_NO_CACHE SQL_SMALL_RESULT STRAIGHT_JOIN t0.c0 AS ref0 FROM t0 WHERE ((NOT (t0.c0))) IS NULL ORDER BY t0.c0, COALESCE(-1337500262,  EXISTS (SELECT 1 wHERE FALSE)), (("&(") < ( EXISTS (SELECT 1 wHERE FALSE))) IS NOT TRUE ASC;
SELECT * FROM (SELECT ALL SQL_NO_CACHE SQL_SMALL_RESULT STRAIGHT_JOIN t0.c0 AS ref0 FROM t0 WHERE ((NOT (t0.c0))) IS NULL ORDER BY t0.c0, COALESCE(-1337500262,  EXISTS (SELECT 1 wHERE FALSE)), (("&(") < ( EXISTS (SELECT 1 wHERE FALSE))) IS NOT TRUE ASC) as result WHERE result.ref0 IS NULL;
SELECT DISTINCTROW SQL_BIG_RESULT STRAIGHT_JOIN SQL_NO_CACHE t0.c0 AS ref0 FROM t0 WHERE (! ( EXISTS (SELECT 1 wHERE FALSE))) ORDER BY ((! ( EXISTS (SELECT 1 wHERE FALSE)))) IS TRUE ASC;
SELECT * FROM (SELECT DISTINCTROW SQL_BIG_RESULT STRAIGHT_JOIN SQL_NO_CACHE t0.c0 AS ref0 FROM t0 WHERE (! ( EXISTS (SELECT 1 wHERE FALSE))) ORDER BY ((! ( EXISTS (SELECT 1 wHERE FALSE)))) IS TRUE ASC) as result WHERE result.ref0 = 'DF|.z??';
SELECT DISTINCT SQL_BIG_RESULT SQL_SMALL_RESULT SQL_NO_CACHE t0.c0 AS ref0 FROM t0 WHERE (((1336947808) IN ((t0.c0) NOT IN (t0.c0, -998908840), (NULL) IS TRUE)) > (((68712918) IN (NULL)) XOR ( EXISTS (SELECT 1)))) IS NULL GROUP BY t0.c0 ORDER BY COALESCE((NULL) IN (''), CAST(NULL AS SIGNED)) ASC;
SELECT * FROM (SELECT DISTINCT SQL_BIG_RESULT SQL_SMALL_RESULT SQL_NO_CACHE t0.c0 AS ref0 FROM t0 WHERE (((1336947808) IN ((t0.c0) NOT IN (t0.c0, -998908840), (NULL) IS TRUE)) > (((68712918) IN (NULL)) XOR ( EXISTS (SELECT 1)))) IS NULL GROUP BY t0.c0 ORDER BY COALESCE((NULL) IN (''), CAST(NULL AS SIGNED)) ASC) as result WHERE result.ref0 IS NULL;
SELECT DISTINCT SQL_SMALL_RESULT SQL_NO_CACHE t0.c0 AS ref0 FROM t0 WHERE (! (CAST(((t0.c0) IS FALSE) IS TRUE AS SIGNED))) ORDER BY t0.c0 LIMIT 2147483647;
SELECT * FROM (SELECT DISTINCT SQL_SMALL_RESULT SQL_NO_CACHE t0.c0 AS ref0 FROM t0 WHERE (! (CAST(((t0.c0) IS FALSE) IS TRUE AS SIGNED))) ORDER BY t0.c0 LIMIT 2147483647) as result WHERE result.ref0 IS NULL;
SELECT DISTINCT STRAIGHT_JOIN t0.c0 AS ref0 FROM t0 WHERE (NOT ( EXISTS (SELECT 1 wHERE FALSE))) GROUP BY t0.c0 ORDER BY 1572687736 ASC LIMIT 2147483647 OFFSET 0;
SELECT * FROM (SELECT DISTINCT STRAIGHT_JOIN t0.c0 AS ref0 FROM t0 WHERE (NOT ( EXISTS (SELECT 1 wHERE FALSE))) GROUP BY t0.c0 ORDER BY 1572687736 ASC LIMIT 2147483647 OFFSET 0) as result WHERE result.ref0 IS NULL;
SELECT ALL SQL_SMALL_RESULT t0.c0 AS ref0 FROM t0 WHERE (NOT ( EXISTS (SELECT 1 wHERE FALSE))) GROUP BY t0.c0 ORDER BY  EXISTS (SELECT 1 wHERE FALSE) DESC LIMIT 2147483647 OFFSET 0;
SELECT * FROM (SELECT ALL SQL_SMALL_RESULT t0.c0 AS ref0 FROM t0 WHERE (NOT ( EXISTS (SELECT 1 wHERE FALSE))) GROUP BY t0.c0 ORDER BY  EXISTS (SELECT 1 wHERE FALSE) DESC LIMIT 2147483647 OFFSET 0) as result WHERE result.ref0 = "DF|.z??";
SELECT DISTINCTROW SQL_SMALL_RESULT SQL_NO_CACHE SQL_BIG_RESULT t0.c0 AS ref0 FROM t0 WHERE (NOT ( EXISTS (SELECT 1 wHERE FALSE))) GROUP BY t0.c0 ORDER BY (+ (-334532258)) ASC, GREATEST(NULL,  EXISTS (SELECT 1 wHERE FALSE)) ASC, t0.c0;
SELECT * FROM (SELECT DISTINCTROW SQL_SMALL_RESULT SQL_NO_CACHE SQL_BIG_RESULT t0.c0 AS ref0 FROM t0 WHERE (NOT ( EXISTS (SELECT 1 wHERE FALSE))) GROUP BY t0.c0 ORDER BY (+ (-334532258)) ASC, GREATEST(NULL,  EXISTS (SELECT 1 wHERE FALSE)) ASC, t0.c0) as result WHERE result.ref0 = "DF|.z??";
SELECT DISTINCTROW SQL_NO_CACHE STRAIGHT_JOIN SQL_BIG_RESULT SQL_SMALL_RESULT t0.c0 AS ref0 FROM t0 WHERE 1179006926 ORDER BY (t0.c0) < (NULL) DESC;
SELECT * FROM (SELECT DISTINCTROW SQL_NO_CACHE STRAIGHT_JOIN SQL_BIG_RESULT SQL_SMALL_RESULT t0.c0 AS ref0 FROM t0 WHERE 1179006926 ORDER BY (t0.c0) < (NULL) DESC) as result WHERE result.ref0 = "DF|.z??";
SELECT SQL_SMALL_RESULT t0.c0 AS ref0 FROM t0 WHERE (! (t0.c0)) ORDER BY t0.c0;
SELECT * FROM (SELECT SQL_SMALL_RESULT t0.c0 AS ref0 FROM t0 WHERE (! (t0.c0)) ORDER BY t0.c0) as result WHERE result.ref0 = 'DF|.z??';
SELECT DISTINCTROW SQL_SMALL_RESULT SQL_BIG_RESULT STRAIGHT_JOIN SQL_NO_CACHE t0.c0 AS ref0 FROM t0 WHERE (NOT ('')) GROUP BY t0.c0 ORDER BY 671834543;
SELECT * FROM (SELECT DISTINCTROW SQL_SMALL_RESULT SQL_BIG_RESULT STRAIGHT_JOIN SQL_NO_CACHE t0.c0 AS ref0 FROM t0 WHERE (NOT ('')) GROUP BY t0.c0 ORDER BY 671834543) as result WHERE result.ref0 IS NULL;
SELECT ALL SQL_SMALL_RESULT t0.c0 AS ref0 FROM t0 WHERE (NOT ((((NOT (-1581695621))) OR (CAST('!+rN' AS SIGNED))) > (t0.c0))) ORDER BY "m_?/d?" ASC;
SELECT * FROM (SELECT ALL SQL_SMALL_RESULT t0.c0 AS ref0 FROM t0 WHERE (NOT ((((NOT (-1581695621))) OR (CAST('!+rN' AS SIGNED))) > (t0.c0))) ORDER BY "m_?/d?" ASC) as result WHERE result.ref0 = 'DF|.z??';
SELECT SQL_NO_CACHE STRAIGHT_JOIN t0.c0 AS ref0 FROM t0 WHERE (t0.c0) IS NULL GROUP BY t0.c0 ORDER BY CAST(t0.c0 AS SIGNED) ASC;
SELECT * FROM (SELECT SQL_NO_CACHE STRAIGHT_JOIN t0.c0 AS ref0 FROM t0 WHERE (t0.c0) IS NULL GROUP BY t0.c0 ORDER BY CAST(t0.c0 AS SIGNED) ASC) as result WHERE result.ref0 IS NULL;
SELECT DISTINCT SQL_BIG_RESULT t0.c0 AS ref0 FROM t0 WHERE (! ( EXISTS (SELECT 1 wHERE FALSE))) GROUP BY t0.c0 ORDER BY  EXISTS (SELECT 1) LIMIT 2147483647 OFFSET 0;
SELECT * FROM (SELECT DISTINCT SQL_BIG_RESULT t0.c0 AS ref0 FROM t0 WHERE (! ( EXISTS (SELECT 1 wHERE FALSE))) GROUP BY t0.c0 ORDER BY  EXISTS (SELECT 1) LIMIT 2147483647 OFFSET 0) as result WHERE result.ref0 = 'DF|.z??';
SELECT STRAIGHT_JOIN SQL_NO_CACHE t0.c0 AS ref0 FROM t0 WHERE  EXISTS (SELECT 1) ORDER BY (((-349992620) XOR (t0.c0)) LIKE (BIT_COUNT(t0.c0))) IS FALSE,  EXISTS (SELECT 1 wHERE FALSE), (+ (('O?0{j*') IS NOT TRUE));
SELECT * FROM (SELECT STRAIGHT_JOIN SQL_NO_CACHE t0.c0 AS ref0 FROM t0 WHERE  EXISTS (SELECT 1) ORDER BY (((-349992620) XOR (t0.c0)) LIKE (BIT_COUNT(t0.c0))) IS FALSE,  EXISTS (SELECT 1 wHERE FALSE), (+ (('O?0{j*') IS NOT TRUE))) as result WHERE result.ref0 = "DF|.z??";
SELECT ALL SQL_NO_CACHE SQL_BIG_RESULT STRAIGHT_JOIN t0.c0 AS ref0 FROM t0 WHERE (BIT_COUNT(NULL)) IS UNKNOWN ORDER BY CAST(LEAST(t0.c0, NULL, NULL, 0) AS SIGNED) ASC LIMIT 2147483647;
SELECT * FROM (SELECT ALL SQL_NO_CACHE SQL_BIG_RESULT STRAIGHT_JOIN t0.c0 AS ref0 FROM t0 WHERE (BIT_COUNT(NULL)) IS UNKNOWN ORDER BY CAST(LEAST(t0.c0, NULL, NULL, 0) AS SIGNED) ASC LIMIT 2147483647) as result WHERE result.ref0 IS NULL;
SELECT DISTINCT STRAIGHT_JOIN SQL_BIG_RESULT SQL_SMALL_RESULT t0.c0 AS ref0 FROM t0 WHERE CAST((('') NOT IN (t0.c0)) NOT IN (BIT_COUNT(t0.c0)) AS SIGNED) GROUP BY t0.c0 ORDER BY (BIT_COUNT('#?')) IS TRUE;
SELECT * FROM (SELECT DISTINCT STRAIGHT_JOIN SQL_BIG_RESULT SQL_SMALL_RESULT t0.c0 AS ref0 FROM t0 WHERE CAST((('') NOT IN (t0.c0)) NOT IN (BIT_COUNT(t0.c0)) AS SIGNED) GROUP BY t0.c0 ORDER BY (BIT_COUNT('#?')) IS TRUE) as result WHERE result.ref0 = "DF|.z??";
SELECT DISTINCTROW t0.c0 AS ref0 FROM t0 WHERE CAST((+ ( EXISTS (SELECT 1))) AS SIGNED) GROUP BY t0.c0 ORDER BY NULL LIMIT 2147483647 OFFSET 0;
SELECT * FROM (SELECT DISTINCTROW t0.c0 AS ref0 FROM t0 WHERE CAST((+ ( EXISTS (SELECT 1))) AS SIGNED) GROUP BY t0.c0 ORDER BY NULL LIMIT 2147483647 OFFSET 0) as result WHERE result.ref0 IS NULL;
SELECT DISTINCTROW STRAIGHT_JOIN SQL_BIG_RESULT SQL_SMALL_RESULT SQL_NO_CACHE t0.c0 AS ref0 FROM t0 WHERE (NULL) IS UNKNOWN GROUP BY t0.c0 ORDER BY -463847759 LIMIT 2147483647;
SELECT * FROM (SELECT DISTINCTROW STRAIGHT_JOIN SQL_BIG_RESULT SQL_SMALL_RESULT SQL_NO_CACHE t0.c0 AS ref0 FROM t0 WHERE (NULL) IS UNKNOWN GROUP BY t0.c0 ORDER BY -463847759 LIMIT 2147483647) as result WHERE result.ref0 = 'DF|.z??';
SELECT DISTINCTROW SQL_SMALL_RESULT SQL_BIG_RESULT SQL_NO_CACHE t0.c0 AS ref0 FROM t0 WHERE (t0.c0) IS NULL ORDER BY LEAST((985197280) IS NOT UNKNOWN, NULL) LIMIT 2147483647;
SELECT * FROM (SELECT DISTINCTROW SQL_SMALL_RESULT SQL_BIG_RESULT SQL_NO_CACHE t0.c0 AS ref0 FROM t0 WHERE (t0.c0) IS NULL ORDER BY LEAST((985197280) IS NOT UNKNOWN, NULL) LIMIT 2147483647) as result WHERE result.ref0 IS NULL;
SELECT DISTINCTROW SQL_NO_CACHE STRAIGHT_JOIN t0.c0 AS ref0 FROM t0 WHERE  EXISTS (SELECT 1) GROUP BY t0.c0 ORDER BY  EXISTS (SELECT 1) DESC, NULL DESC, (((NULL) OR (t0.c0)) NOT IN (IF(-1779016498, t0.c0, NULL))) <= (t0.c0) LIMIT 2147483647;
SELECT * FROM (SELECT DISTINCTROW SQL_NO_CACHE STRAIGHT_JOIN t0.c0 AS ref0 FROM t0 WHERE  EXISTS (SELECT 1) GROUP BY t0.c0 ORDER BY  EXISTS (SELECT 1) DESC, NULL DESC, (((NULL) OR (t0.c0)) NOT IN (IF(-1779016498, t0.c0, NULL))) <= (t0.c0) LIMIT 2147483647) as result WHERE result.ref0 = "DF|.z??";
SELECT DISTINCTROW SQL_BIG_RESULT STRAIGHT_JOIN SQL_NO_CACHE SQL_SMALL_RESULT t0.c0 AS ref0 FROM t0 WHERE (! (t0.c0)) ORDER BY -802604772 LIMIT 2147483647;
SELECT * FROM (SELECT DISTINCTROW SQL_BIG_RESULT STRAIGHT_JOIN SQL_NO_CACHE SQL_SMALL_RESULT t0.c0 AS ref0 FROM t0 WHERE (! (t0.c0)) ORDER BY -802604772 LIMIT 2147483647) as result WHERE result.ref0 = "DF|.z??";
SELECT DISTINCTROW SQL_BIG_RESULT STRAIGHT_JOIN SQL_NO_CACHE SQL_SMALL_RESULT t0.c0 AS ref0 FROM t0 WHERE (! ((NULL) IS FALSE)) ORDER BY (CAST(t0.c0 AS SIGNED)) IS NOT FALSE ASC;
SELECT * FROM (SELECT DISTINCTROW SQL_BIG_RESULT STRAIGHT_JOIN SQL_NO_CACHE SQL_SMALL_RESULT t0.c0 AS ref0 FROM t0 WHERE (! ((NULL) IS FALSE)) ORDER BY (CAST(t0.c0 AS SIGNED)) IS NOT FALSE ASC) as result WHERE result.ref0 = "DF|.z??";
SELECT ALL t0.c0 AS ref0 FROM t0 WHERE COALESCE((t0.c0) IS NOT FALSE, 248303124, ('') IS TRUE, t0.c0) ORDER BY CAST( EXISTS (SELECT 1) AS SIGNED), NULL ASC, CAST( EXISTS (SELECT 1 wHERE FALSE) AS SIGNED) LIMIT 2147483647 OFFSET 0;
SELECT * FROM (SELECT ALL t0.c0 AS ref0 FROM t0 WHERE COALESCE((t0.c0) IS NOT FALSE, 248303124, ('') IS TRUE, t0.c0) ORDER BY CAST( EXISTS (SELECT 1) AS SIGNED), NULL ASC, CAST( EXISTS (SELECT 1 wHERE FALSE) AS SIGNED) LIMIT 2147483647 OFFSET 0) as result WHERE result.ref0 IS NULL;
SELECT DISTINCT t0.c0 AS ref0 FROM t0 WHERE (t0.c0) IS UNKNOWN ORDER BY LEAST(('v1') = (t0.c0), (t0.c0) < (t0.c0)), (! ((+ (COALESCE(t0.c0, ""))))) ASC, '%f>7' DESC LIMIT 2147483647 OFFSET 0;
SELECT * FROM (SELECT DISTINCT t0.c0 AS ref0 FROM t0 WHERE (t0.c0) IS UNKNOWN ORDER BY LEAST(('v1') = (t0.c0), (t0.c0) < (t0.c0)), (! ((+ (COALESCE(t0.c0, ""))))) ASC, '%f>7' DESC LIMIT 2147483647 OFFSET 0) as result WHERE result.ref0 IS NULL;
SELECT DISTINCTROW SQL_BIG_RESULT t0.c0 AS ref0 FROM t0 WHERE (! ((t0.c0) XOR (((t0.c0) NOT IN (t0.c0)) NOT IN (t0.c0, ('!1{%0~') > (NULL), (t0.c0) NOT IN (-2121884359, '9s', NULL))))) ORDER BY (! (NULL)) ASC;
SELECT * FROM (SELECT DISTINCTROW SQL_BIG_RESULT t0.c0 AS ref0 FROM t0 WHERE (! ((t0.c0) XOR (((t0.c0) NOT IN (t0.c0)) NOT IN (t0.c0, ('!1{%0~') > (NULL), (t0.c0) NOT IN (-2121884359, '9s', NULL))))) ORDER BY (! (NULL)) ASC) as result WHERE result.ref0 = 'DF|.z??';
SELECT DISTINCT STRAIGHT_JOIN t0.c0 AS ref0 FROM t0 WHERE (NOT ("")) ORDER BY BIT_COUNT(t0.c0) LIMIT 2147483647 OFFSET 0;
SELECT * FROM (SELECT DISTINCT STRAIGHT_JOIN t0.c0 AS ref0 FROM t0 WHERE (NOT ("")) ORDER BY BIT_COUNT(t0.c0) LIMIT 2147483647 OFFSET 0) as result WHERE result.ref0 IS NULL;
SELECT DISTINCT SQL_BIG_RESULT SQL_SMALL_RESULT SQL_NO_CACHE STRAIGHT_JOIN t0.c0 AS ref0 FROM t0 WHERE (NULL) IS UNKNOWN ORDER BY  EXISTS (SELECT 1);
SELECT * FROM (SELECT DISTINCT SQL_BIG_RESULT SQL_SMALL_RESULT SQL_NO_CACHE STRAIGHT_JOIN t0.c0 AS ref0 FROM t0 WHERE (NULL) IS UNKNOWN ORDER BY  EXISTS (SELECT 1)) as result WHERE result.ref0 = 'DF|.z??';
SELECT DISTINCTROW STRAIGHT_JOIN t0.c0 AS ref0 FROM t0 WHERE (! ("")) GROUP BY t0.c0 ORDER BY GREATEST( EXISTS (SELECT 1), IFNULL(t0.c0, "	d~'F"));
SELECT * FROM (SELECT DISTINCTROW STRAIGHT_JOIN t0.c0 AS ref0 FROM t0 WHERE (! ("")) GROUP BY t0.c0 ORDER BY GREATEST( EXISTS (SELECT 1), IFNULL(t0.c0, "	d~'F"))) as result WHERE result.ref0 IS NULL;
SELECT ALL t0.c0 AS ref0 FROM t0 WHERE -561345611 ORDER BY CAST(CAST(GREATEST('', "|z-") AS SIGNED) AS SIGNED) LIMIT 2147483647;
SELECT * FROM (SELECT ALL t0.c0 AS ref0 FROM t0 WHERE -561345611 ORDER BY CAST(CAST(GREATEST('', "|z-") AS SIGNED) AS SIGNED) LIMIT 2147483647) as result WHERE result.ref0 = "DF|.z??";
SELECT DISTINCT t0.c0 AS ref0 FROM t0 WHERE (CAST((("") > (NULL)) OR (t0.c0) AS SIGNED)) IS NULL ORDER BY ((! ((NULL) IS NOT TRUE))) IS UNKNOWN, ((+ (GREATEST(NULL, NULL)))) XOR ( EXISTS (SELECT 1)),  EXISTS (SELECT 1 wHERE FALSE) DESC LIMIT 2147483647 OFFSET 0;
SELECT * FROM (SELECT DISTINCT t0.c0 AS ref0 FROM t0 WHERE (CAST((("") > (NULL)) OR (t0.c0) AS SIGNED)) IS NULL ORDER BY ((! ((NULL) IS NOT TRUE))) IS UNKNOWN, ((+ (GREATEST(NULL, NULL)))) XOR ( EXISTS (SELECT 1)),  EXISTS (SELECT 1 wHERE FALSE) DESC LIMIT 2147483647 OFFSET 0) as result WHERE result.ref0 IS NULL;
SELECT STRAIGHT_JOIN SQL_SMALL_RESULT SQL_BIG_RESULT t0.c0 AS ref0 FROM t0 WHERE (+ (('	ua') IN ((NULL) NOT IN ("Q*"), (t0.c0) IS NULL, 56491973))) ORDER BY t0.c0;
SELECT * FROM (SELECT STRAIGHT_JOIN SQL_SMALL_RESULT SQL_BIG_RESULT t0.c0 AS ref0 FROM t0 WHERE (+ (('	ua') IN ((NULL) NOT IN ("Q*"), (t0.c0) IS NULL, 56491973))) ORDER BY t0.c0) as result WHERE result.ref0 = 'DF|.z??';
SELECT DISTINCTROW SQL_BIG_RESULT SQL_SMALL_RESULT SQL_NO_CACHE STRAIGHT_JOIN t0.c0 AS ref0 FROM t0 WHERE (! (t0.c0)) ORDER BY  EXISTS (SELECT 1 wHERE FALSE) LIMIT 2147483647 OFFSET 0;
SELECT * FROM (SELECT DISTINCTROW SQL_BIG_RESULT SQL_SMALL_RESULT SQL_NO_CACHE STRAIGHT_JOIN t0.c0 AS ref0 FROM t0 WHERE (! (t0.c0)) ORDER BY  EXISTS (SELECT 1 wHERE FALSE) LIMIT 2147483647 OFFSET 0) as result WHERE result.ref0 = 'DF|.z??';
SELECT DISTINCTROW SQL_BIG_RESULT t0.c0 AS ref0 FROM t0 WHERE (t0.c0) IS UNKNOWN ORDER BY  EXISTS (SELECT 1) DESC;
SELECT * FROM (SELECT DISTINCTROW SQL_BIG_RESULT t0.c0 AS ref0 FROM t0 WHERE (t0.c0) IS UNKNOWN ORDER BY  EXISTS (SELECT 1) DESC) as result WHERE result.ref0 IS NULL;
SELECT t0.c0 AS ref0 FROM t0 WHERE (+ (859913761)) GROUP BY t0.c0 ORDER BY t0.c0 LIMIT 2147483647 OFFSET 0;
SELECT * FROM (SELECT t0.c0 AS ref0 FROM t0 WHERE (+ (859913761)) GROUP BY t0.c0 ORDER BY t0.c0 LIMIT 2147483647 OFFSET 0) as result WHERE result.ref0 = 'DF|.z??';
SELECT ALL SQL_BIG_RESULT STRAIGHT_JOIN SQL_NO_CACHE SQL_SMALL_RESULT t0.c0 AS ref0 FROM t0 WHERE (t0.c0) IS UNKNOWN GROUP BY t0.c0 ORDER BY  EXISTS (SELECT 1 wHERE FALSE) DESC LIMIT 2147483647 OFFSET 0;
SELECT * FROM (SELECT ALL SQL_BIG_RESULT STRAIGHT_JOIN SQL_NO_CACHE SQL_SMALL_RESULT t0.c0 AS ref0 FROM t0 WHERE (t0.c0) IS UNKNOWN GROUP BY t0.c0 ORDER BY  EXISTS (SELECT 1 wHERE FALSE) DESC LIMIT 2147483647 OFFSET 0) as result WHERE result.ref0 IS NULL;
SELECT DISTINCTROW SQL_BIG_RESULT t0.c0 AS ref0 FROM t0 WHERE (t0.c0) = (t0.c0) GROUP BY t0.c0 ORDER BY t0.c0 DESC;
SELECT * FROM (SELECT DISTINCTROW SQL_BIG_RESULT t0.c0 AS ref0 FROM t0 WHERE (t0.c0) = (t0.c0) GROUP BY t0.c0 ORDER BY t0.c0 DESC) as result WHERE result.ref0 = 'DF|.z??';
SELECT DISTINCT SQL_NO_CACHE SQL_BIG_RESULT t0.c0 AS ref0 FROM t0 WHERE (COALESCE((t0.c0) LIKE (1483881385), (t0.c0) OR (t0.c0))) IS UNKNOWN ORDER BY  EXISTS (SELECT 1) DESC;
SELECT * FROM (SELECT DISTINCT SQL_NO_CACHE SQL_BIG_RESULT t0.c0 AS ref0 FROM t0 WHERE (COALESCE((t0.c0) LIKE (1483881385), (t0.c0) OR (t0.c0))) IS UNKNOWN ORDER BY  EXISTS (SELECT 1) DESC) as result WHERE result.ref0 IS NULL;
SELECT SQL_BIG_RESULT SQL_SMALL_RESULT STRAIGHT_JOIN SQL_NO_CACHE t0.c0 AS ref0 FROM t0 WHERE (t0.c0) IS UNKNOWN GROUP BY t0.c0 ORDER BY (CAST( EXISTS (SELECT 1) AS SIGNED)) IS UNKNOWN DESC;
SELECT * FROM (SELECT SQL_BIG_RESULT SQL_SMALL_RESULT STRAIGHT_JOIN SQL_NO_CACHE t0.c0 AS ref0 FROM t0 WHERE (t0.c0) IS UNKNOWN GROUP BY t0.c0 ORDER BY (CAST( EXISTS (SELECT 1) AS SIGNED)) IS UNKNOWN DESC) as result WHERE result.ref0 IS NULL;
SELECT STRAIGHT_JOIN t0.c0 AS ref0 FROM t0 WHERE (NULL) IS NULL GROUP BY t0.c0 ORDER BY t0.c0 ASC LIMIT 2147483647;
SELECT * FROM (SELECT STRAIGHT_JOIN t0.c0 AS ref0 FROM t0 WHERE (NULL) IS NULL GROUP BY t0.c0 ORDER BY t0.c0 ASC LIMIT 2147483647) as result WHERE result.ref0 = 'DF|.z??';
SELECT DISTINCT SQL_SMALL_RESULT t0.c0 AS ref0 FROM t0 WHERE CAST(((NULL) LIKE (t0.c0)) IS NOT TRUE AS SIGNED) ORDER BY (((-1631382192) = (t0.c0)) OR (t0.c0)) >= (t0.c0);
SELECT * FROM (SELECT DISTINCT SQL_SMALL_RESULT t0.c0 AS ref0 FROM t0 WHERE CAST(((NULL) LIKE (t0.c0)) IS NOT TRUE AS SIGNED) ORDER BY (((-1631382192) = (t0.c0)) OR (t0.c0)) >= (t0.c0)) as result WHERE result.ref0 = "DF|.z??";
SELECT DISTINCT STRAIGHT_JOIN SQL_NO_CACHE SQL_BIG_RESULT t0.c0 AS ref0 FROM t0 WHERE (+ ((CAST('BeNao' AS SIGNED)) IS NOT TRUE)) ORDER BY IF((t0.c0) IS FALSE, (1770529210) != ('tG'), CAST(t0.c0 AS SIGNED)) LIMIT 2147483647;
SELECT * FROM (SELECT DISTINCT STRAIGHT_JOIN SQL_NO_CACHE SQL_BIG_RESULT t0.c0 AS ref0 FROM t0 WHERE (+ ((CAST('BeNao' AS SIGNED)) IS NOT TRUE)) ORDER BY IF((t0.c0) IS FALSE, (1770529210) != ('tG'), CAST(t0.c0 AS SIGNED)) LIMIT 2147483647) as result WHERE result.ref0 = 'DF|.z??';
SELECT DISTINCTROW STRAIGHT_JOIN SQL_SMALL_RESULT SQL_BIG_RESULT t0.c0 AS ref0 FROM t0 WHERE -1134099065 ORDER BY t0.c0 DESC;
SELECT * FROM (SELECT DISTINCTROW STRAIGHT_JOIN SQL_SMALL_RESULT SQL_BIG_RESULT t0.c0 AS ref0 FROM t0 WHERE -1134099065 ORDER BY t0.c0 DESC) as result WHERE result.ref0 IS NULL;
SELECT DISTINCT t0.c0 AS ref0 FROM t0 WHERE (CAST(-349992620 AS SIGNED)) IS NOT UNKNOWN GROUP BY t0.c0 ORDER BY  EXISTS (SELECT 1 wHERE FALSE), (NOT ( EXISTS (SELECT 1))), IFNULL('', ('gMMkQ<%>u') IS NOT TRUE) DESC LIMIT 2147483647 OFFSET 0;
SELECT * FROM (SELECT DISTINCT t0.c0 AS ref0 FROM t0 WHERE (CAST(-349992620 AS SIGNED)) IS NOT UNKNOWN GROUP BY t0.c0 ORDER BY  EXISTS (SELECT 1 wHERE FALSE), (NOT ( EXISTS (SELECT 1))), IFNULL('', ('gMMkQ<%>u') IS NOT TRUE) DESC LIMIT 2147483647 OFFSET 0) as result WHERE result.ref0 = 'DF|.z??';
SELECT ALL SQL_BIG_RESULT SQL_NO_CACHE SQL_SMALL_RESULT STRAIGHT_JOIN t0.c0 AS ref0 FROM t0 WHERE (! (t0.c0)) GROUP BY t0.c0 ORDER BY NULL;
SELECT * FROM (SELECT ALL SQL_BIG_RESULT SQL_NO_CACHE SQL_SMALL_RESULT STRAIGHT_JOIN t0.c0 AS ref0 FROM t0 WHERE (! (t0.c0)) GROUP BY t0.c0 ORDER BY NULL) as result WHERE result.ref0 = 'DF|.z??';
SELECT DISTINCTROW SQL_BIG_RESULT t0.c0 AS ref0 FROM t0 WHERE (((+ ((t0.c0) && (t0.c0)))) NOT IN (((t0.c0) OR (t0.c0)) OR (CAST(NULL AS SIGNED)))) IS UNKNOWN ORDER BY (t0.c0) && (t0.c0);
SELECT * FROM (SELECT DISTINCTROW SQL_BIG_RESULT t0.c0 AS ref0 FROM t0 WHERE (((+ ((t0.c0) && (t0.c0)))) NOT IN (((t0.c0) OR (t0.c0)) OR (CAST(NULL AS SIGNED)))) IS UNKNOWN ORDER BY (t0.c0) && (t0.c0)) as result WHERE result.ref0 IS NULL;
SELECT STRAIGHT_JOIN t0.c0 AS ref0 FROM t0 WHERE (NULL) IS UNKNOWN ORDER BY (t0.c0) NOT IN ( EXISTS (SELECT 1)) LIMIT 2147483647 OFFSET 0;
SELECT * FROM (SELECT STRAIGHT_JOIN t0.c0 AS ref0 FROM t0 WHERE (NULL) IS UNKNOWN ORDER BY (t0.c0) NOT IN ( EXISTS (SELECT 1)) LIMIT 2147483647 OFFSET 0) as result WHERE result.ref0 = "DF|.z??";
SELECT SQL_SMALL_RESULT SQL_NO_CACHE STRAIGHT_JOIN t0.c0 AS ref0 FROM t0 WHERE (NOT (( EXISTS (SELECT 1 wHERE FALSE)) IS UNKNOWN)) ORDER BY  EXISTS (SELECT 1);
SELECT * FROM (SELECT SQL_SMALL_RESULT SQL_NO_CACHE STRAIGHT_JOIN t0.c0 AS ref0 FROM t0 WHERE (NOT (( EXISTS (SELECT 1 wHERE FALSE)) IS UNKNOWN)) ORDER BY  EXISTS (SELECT 1)) as result WHERE result.ref0 IS NULL;
SELECT DISTINCT STRAIGHT_JOIN SQL_NO_CACHE SQL_BIG_RESULT t0.c0 AS ref0 FROM t0 WHERE (! (t0.c0)) ORDER BY t0.c0 LIMIT 2147483647 OFFSET 0;
SELECT * FROM (SELECT DISTINCT STRAIGHT_JOIN SQL_NO_CACHE SQL_BIG_RESULT t0.c0 AS ref0 FROM t0 WHERE (! (t0.c0)) ORDER BY t0.c0 LIMIT 2147483647 OFFSET 0) as result WHERE result.ref0 = 'DF|.z??';
SELECT DISTINCT SQL_NO_CACHE t0.c0 AS ref0 FROM t0 WHERE (t0.c0) IS NULL ORDER BY CAST(LEAST(1976710577, t0.c0) AS SIGNED) DESC LIMIT 2147483647;
SELECT * FROM (SELECT DISTINCT SQL_NO_CACHE t0.c0 AS ref0 FROM t0 WHERE (t0.c0) IS NULL ORDER BY CAST(LEAST(1976710577, t0.c0) AS SIGNED) DESC LIMIT 2147483647) as result WHERE result.ref0 IS NULL;
SELECT DISTINCT SQL_NO_CACHE SQL_BIG_RESULT t0.c0 AS ref0 FROM t0 WHERE (t0.c0) IS UNKNOWN GROUP BY t0.c0 ORDER BY t0.c0;
SELECT * FROM (SELECT DISTINCT SQL_NO_CACHE SQL_BIG_RESULT t0.c0 AS ref0 FROM t0 WHERE (t0.c0) IS UNKNOWN GROUP BY t0.c0 ORDER BY t0.c0) as result WHERE result.ref0 IS NULL;
SELECT t0.c0 AS ref0 FROM t0 WHERE (NULL) IS NULL GROUP BY t0.c0 ORDER BY  EXISTS (SELECT 1 wHERE FALSE) LIMIT 2147483647;
SELECT * FROM (SELECT t0.c0 AS ref0 FROM t0 WHERE (NULL) IS NULL GROUP BY t0.c0 ORDER BY  EXISTS (SELECT 1 wHERE FALSE) LIMIT 2147483647) as result WHERE result.ref0 = "DF|.z??";
SELECT DISTINCT SQL_SMALL_RESULT STRAIGHT_JOIN SQL_BIG_RESULT SQL_NO_CACHE t0.c0 AS ref0 FROM t0 WHERE (( EXISTS (SELECT 1)) NOT IN ((! ((354268019) <= (t0.c0))), t0.c0)) IS UNKNOWN GROUP BY t0.c0 ORDER BY  EXISTS (SELECT 1 wHERE FALSE) ASC;
SELECT * FROM (SELECT DISTINCT SQL_SMALL_RESULT STRAIGHT_JOIN SQL_BIG_RESULT SQL_NO_CACHE t0.c0 AS ref0 FROM t0 WHERE (( EXISTS (SELECT 1)) NOT IN ((! ((354268019) <= (t0.c0))), t0.c0)) IS UNKNOWN GROUP BY t0.c0 ORDER BY  EXISTS (SELECT 1 wHERE FALSE) ASC) as result WHERE result.ref0 IS NULL;
SELECT DISTINCTROW t0.c0 AS ref0 FROM t0 WHERE (t0.c0) IS UNKNOWN ORDER BY  EXISTS (SELECT 1) LIMIT 2147483647 OFFSET 0;
SELECT * FROM (SELECT DISTINCTROW t0.c0 AS ref0 FROM t0 WHERE (t0.c0) IS UNKNOWN ORDER BY  EXISTS (SELECT 1) LIMIT 2147483647 OFFSET 0) as result WHERE result.ref0 IS NULL;
SELECT DISTINCT t0.c0 AS ref0 FROM t0 WHERE (NOT (t0.c0)) GROUP BY t0.c0 ORDER BY NULL LIMIT 2147483647 OFFSET 0;
SELECT * FROM (SELECT DISTINCT t0.c0 AS ref0 FROM t0 WHERE (NOT (t0.c0)) GROUP BY t0.c0 ORDER BY NULL LIMIT 2147483647 OFFSET 0) as result WHERE result.ref0 = 'DF|.z??';
SELECT DISTINCT SQL_SMALL_RESULT t0.c0 AS ref0 FROM t0 WHERE ((((NULL) && (859530829)) NOT IN ((NOT ("")), (t0.c0) IN (t0.c0), (t0.c0) NOT IN (t0.c0, t0.c0))) XOR (CAST(('') OR (t0.c0) AS SIGNED))) IS UNKNOWN ORDER BY COALESCE(COALESCE(NULL, t0.c0), (NULL) IN (t0.c0), (NOT (t0.c0)), 1490439339) DESC;
SELECT * FROM (SELECT DISTINCT SQL_SMALL_RESULT t0.c0 AS ref0 FROM t0 WHERE ((((NULL) && (859530829)) NOT IN ((NOT ("")), (t0.c0) IN (t0.c0), (t0.c0) NOT IN (t0.c0, t0.c0))) XOR (CAST(('') OR (t0.c0) AS SIGNED))) IS UNKNOWN ORDER BY COALESCE(COALESCE(NULL, t0.c0), (NULL) IN (t0.c0), (NOT (t0.c0)), 1490439339) DESC) as result WHERE result.ref0 IS NULL;
SELECT DISTINCTROW SQL_NO_CACHE SQL_SMALL_RESULT SQL_BIG_RESULT t0.c0 AS ref0 FROM t0 WHERE (! (t0.c0)) ORDER BY CAST(('1637986025') XOR (("uE3?y{u") XOR (t0.c0)) AS SIGNED);
SELECT * FROM (SELECT DISTINCTROW SQL_NO_CACHE SQL_SMALL_RESULT SQL_BIG_RESULT t0.c0 AS ref0 FROM t0 WHERE (! (t0.c0)) ORDER BY CAST(('1637986025') XOR (("uE3?y{u") XOR (t0.c0)) AS SIGNED)) as result WHERE result.ref0 = 'DF|.z??';
SELECT DISTINCT SQL_BIG_RESULT STRAIGHT_JOIN SQL_NO_CACHE t0.c0 AS ref0 FROM t0 WHERE (NOT (( EXISTS (SELECT 1 wHERE FALSE)) IS NULL)) GROUP BY t0.c0 ORDER BY t0.c0;
SELECT * FROM (SELECT DISTINCT SQL_BIG_RESULT STRAIGHT_JOIN SQL_NO_CACHE t0.c0 AS ref0 FROM t0 WHERE (NOT (( EXISTS (SELECT 1 wHERE FALSE)) IS NULL)) GROUP BY t0.c0 ORDER BY t0.c0) as result WHERE result.ref0 IS NULL;
SELECT SQL_BIG_RESULT SQL_NO_CACHE SQL_SMALL_RESULT STRAIGHT_JOIN t0.c0 AS ref0 FROM t0 WHERE ((t0.c0) && ( EXISTS (SELECT 1))) IS UNKNOWN GROUP BY t0.c0 ORDER BY ((IFNULL(t0.c0, t0.c0)) IS NOT TRUE) OR ((COALESCE(t0.c0, NULL)) LIKE (CAST(t0.c0 AS SIGNED))), NULL, (+ (t0.c0)) DESC LIMIT 2147483647;
SELECT * FROM (SELECT SQL_BIG_RESULT SQL_NO_CACHE SQL_SMALL_RESULT STRAIGHT_JOIN t0.c0 AS ref0 FROM t0 WHERE ((t0.c0) && ( EXISTS (SELECT 1))) IS UNKNOWN GROUP BY t0.c0 ORDER BY ((IFNULL(t0.c0, t0.c0)) IS NOT TRUE) OR ((COALESCE(t0.c0, NULL)) LIKE (CAST(t0.c0 AS SIGNED))), NULL, (+ (t0.c0)) DESC LIMIT 2147483647) as result WHERE result.ref0 IS NULL;
SELECT DISTINCT SQL_BIG_RESULT t0.c0 AS ref0 FROM t0 WHERE (! ((+ (((NOT (-750415126))) IS NULL)))) ORDER BY CAST(((t0.c0) IS NOT TRUE) AND (IF(130524358, t0.c0, t0.c0)) AS SIGNED);
SELECT * FROM (SELECT DISTINCT SQL_BIG_RESULT t0.c0 AS ref0 FROM t0 WHERE (! ((+ (((NOT (-750415126))) IS NULL)))) ORDER BY CAST(((t0.c0) IS NOT TRUE) AND (IF(130524358, t0.c0, t0.c0)) AS SIGNED)) as result WHERE result.ref0 IS NULL;
SELECT DISTINCT SQL_BIG_RESULT SQL_SMALL_RESULT SQL_NO_CACHE t0.c0 AS ref0 FROM t0 WHERE (NOT ( EXISTS (SELECT 1 wHERE FALSE))) ORDER BY t0.c0;
SELECT * FROM (SELECT DISTINCT SQL_BIG_RESULT SQL_SMALL_RESULT SQL_NO_CACHE t0.c0 AS ref0 FROM t0 WHERE (NOT ( EXISTS (SELECT 1 wHERE FALSE))) ORDER BY t0.c0) as result WHERE result.ref0 IS NULL;
SELECT DISTINCTROW SQL_SMALL_RESULT SQL_BIG_RESULT t0.c0 AS ref0 FROM t0 WHERE (t0.c0) IS UNKNOWN ORDER BY 1637986025 ASC;
SELECT * FROM (SELECT DISTINCTROW SQL_SMALL_RESULT SQL_BIG_RESULT t0.c0 AS ref0 FROM t0 WHERE (t0.c0) IS UNKNOWN ORDER BY 1637986025 ASC) as result WHERE result.ref0 IS NULL;
SELECT DISTINCTROW SQL_NO_CACHE t0.c0 AS ref0 FROM t0 WHERE (t0.c0) IS NULL GROUP BY t0.c0 ORDER BY CAST(t0.c0 AS SIGNED) LIMIT 2147483647;
SELECT * FROM (SELECT DISTINCTROW SQL_NO_CACHE t0.c0 AS ref0 FROM t0 WHERE (t0.c0) IS NULL GROUP BY t0.c0 ORDER BY CAST(t0.c0 AS SIGNED) LIMIT 2147483647) as result WHERE result.ref0 IS NULL;
SELECT DISTINCTROW SQL_BIG_RESULT STRAIGHT_JOIN t0.c0 AS ref0 FROM t0 WHERE ( EXISTS (SELECT 1 wHERE FALSE)) LIKE ((t0.c0) IS NOT FALSE) ORDER BY (+ (CAST( EXISTS (SELECT 1 wHERE FALSE) AS SIGNED))) DESC;
SELECT * FROM (SELECT DISTINCTROW SQL_BIG_RESULT STRAIGHT_JOIN t0.c0 AS ref0 FROM t0 WHERE ( EXISTS (SELECT 1 wHERE FALSE)) LIKE ((t0.c0) IS NOT FALSE) ORDER BY (+ (CAST( EXISTS (SELECT 1 wHERE FALSE) AS SIGNED))) DESC) as result WHERE result.ref0 = "DF|.z??";
SELECT DISTINCTROW SQL_NO_CACHE STRAIGHT_JOIN SQL_SMALL_RESULT SQL_BIG_RESULT t0.c0 AS ref0 FROM t0 WHERE (NULL) IS NULL GROUP BY t0.c0 ORDER BY (+ (('pX??/') NOT IN (CAST(t0.c0 AS SIGNED), (+ ('?U2,ED1#s')), (t0.c0) IS NOT FALSE))) DESC;
SELECT * FROM (SELECT DISTINCTROW SQL_NO_CACHE STRAIGHT_JOIN SQL_SMALL_RESULT SQL_BIG_RESULT t0.c0 AS ref0 FROM t0 WHERE (NULL) IS NULL GROUP BY t0.c0 ORDER BY (+ (('pX??/') NOT IN (CAST(t0.c0 AS SIGNED), (+ ('?U2,ED1#s')), (t0.c0) IS NOT FALSE))) DESC) as result WHERE result.ref0 = "DF|.z??";
SELECT ALL SQL_SMALL_RESULT t0.c0 AS ref0 FROM t0 WHERE CAST( EXISTS (SELECT 1) AS SIGNED) GROUP BY t0.c0 ORDER BY t0.c0 DESC, t0.c0, GREATEST((-53468194) NOT IN (-1664542833), ("tl") IN ('', NULL, t0.c0)) DESC LIMIT 2147483647 OFFSET 0;
SELECT * FROM (SELECT ALL SQL_SMALL_RESULT t0.c0 AS ref0 FROM t0 WHERE CAST( EXISTS (SELECT 1) AS SIGNED) GROUP BY t0.c0 ORDER BY t0.c0 DESC, t0.c0, GREATEST((-53468194) NOT IN (-1664542833), ("tl") IN ('', NULL, t0.c0)) DESC LIMIT 2147483647 OFFSET 0) as result WHERE result.ref0 IS NULL;
SELECT DISTINCTROW STRAIGHT_JOIN SQL_NO_CACHE t0.c0 AS ref0 FROM t0 WHERE (IF(LEAST(t0.c0, -563803077), 966896611, (t0.c0) = (NULL))) IS UNKNOWN GROUP BY t0.c0 ORDER BY CAST((NULL) NOT IN (CAST(t0.c0 AS SIGNED)) AS SIGNED) LIMIT 2147483647;
SELECT * FROM (SELECT DISTINCTROW STRAIGHT_JOIN SQL_NO_CACHE t0.c0 AS ref0 FROM t0 WHERE (IF(LEAST(t0.c0, -563803077), 966896611, (t0.c0) = (NULL))) IS UNKNOWN GROUP BY t0.c0 ORDER BY CAST((NULL) NOT IN (CAST(t0.c0 AS SIGNED)) AS SIGNED) LIMIT 2147483647) as result WHERE result.ref0 IS NULL;
SELECT DISTINCTROW t0.c0 AS ref0 FROM t0 WHERE (t0.c0) IS UNKNOWN ORDER BY t0.c0 LIMIT 2147483647 OFFSET 0;
SELECT * FROM (SELECT DISTINCTROW t0.c0 AS ref0 FROM t0 WHERE (t0.c0) IS UNKNOWN ORDER BY t0.c0 LIMIT 2147483647 OFFSET 0) as result WHERE result.ref0 IS NULL;
SELECT DISTINCTROW STRAIGHT_JOIN SQL_BIG_RESULT SQL_NO_CACHE SQL_SMALL_RESULT t0.c0 AS ref0 FROM t0 WHERE (! (GREATEST( EXISTS (SELECT 1 wHERE FALSE), CAST(t0.c0 AS SIGNED)))) ORDER BY (((-1450311560) NOT IN (NULL)) NOT IN ((-1460828880) > (NULL))) IS TRUE;
SELECT * FROM (SELECT DISTINCTROW STRAIGHT_JOIN SQL_BIG_RESULT SQL_NO_CACHE SQL_SMALL_RESULT t0.c0 AS ref0 FROM t0 WHERE (! (GREATEST( EXISTS (SELECT 1 wHERE FALSE), CAST(t0.c0 AS SIGNED)))) ORDER BY (((-1450311560) NOT IN (NULL)) NOT IN ((-1460828880) > (NULL))) IS TRUE) as result WHERE result.ref0 = "DF|.z??";
SELECT DISTINCT STRAIGHT_JOIN t0.c0 AS ref0 FROM t0 WHERE "-589048728" GROUP BY t0.c0 ORDER BY ('') && (((NULL) < (-1131588524)) AND ((1164054620) || (t0.c0))) LIMIT 2147483647;
SELECT * FROM (SELECT DISTINCT STRAIGHT_JOIN t0.c0 AS ref0 FROM t0 WHERE "-589048728" GROUP BY t0.c0 ORDER BY ('') && (((NULL) < (-1131588524)) AND ((1164054620) || (t0.c0))) LIMIT 2147483647) as result WHERE result.ref0 IS NULL;
SELECT DISTINCT SQL_SMALL_RESULT t0.c0 AS ref0 FROM t0 WHERE (! ((BIT_COUNT(t0.c0)) IS TRUE)) ORDER BY (+ (((t0.c0) && ("hR")) IN (CAST(NULL AS SIGNED)))) ASC;
SELECT * FROM (SELECT DISTINCT SQL_SMALL_RESULT t0.c0 AS ref0 FROM t0 WHERE (! ((BIT_COUNT(t0.c0)) IS TRUE)) ORDER BY (+ (((t0.c0) && ("hR")) IN (CAST(NULL AS SIGNED)))) ASC) as result WHERE result.ref0 = "DF|.z??";
SELECT DISTINCT SQL_SMALL_RESULT t0.c0 AS ref0 FROM t0 WHERE  EXISTS (SELECT 1) GROUP BY t0.c0 ORDER BY 'S??lU%9' DESC;
SELECT * FROM (SELECT DISTINCT SQL_SMALL_RESULT t0.c0 AS ref0 FROM t0 WHERE  EXISTS (SELECT 1) GROUP BY t0.c0 ORDER BY 'S??lU%9' DESC) as result WHERE result.ref0 = 'DF|.z??';
SELECT ALL SQL_NO_CACHE SQL_BIG_RESULT SQL_SMALL_RESULT STRAIGHT_JOIN t0.c0 AS ref0 FROM t0 WHERE (NULL) IS NULL GROUP BY t0.c0 ORDER BY (IF(NULL, "Lfk>", NULL)) IS NOT FALSE ASC;
SELECT * FROM (SELECT ALL SQL_NO_CACHE SQL_BIG_RESULT SQL_SMALL_RESULT STRAIGHT_JOIN t0.c0 AS ref0 FROM t0 WHERE (NULL) IS NULL GROUP BY t0.c0 ORDER BY (IF(NULL, "Lfk>", NULL)) IS NOT FALSE ASC) as result WHERE result.ref0 = 'DF|.z??';
SELECT ALL t0.c0 AS ref0 FROM t0 WHERE (! ("(Gh X")) GROUP BY t0.c0 ORDER BY CAST( EXISTS (SELECT 1 wHERE FALSE) AS SIGNED) ASC LIMIT 2147483647 OFFSET 0;
SELECT * FROM (SELECT ALL t0.c0 AS ref0 FROM t0 WHERE (! ("(Gh X")) GROUP BY t0.c0 ORDER BY CAST( EXISTS (SELECT 1 wHERE FALSE) AS SIGNED) ASC LIMIT 2147483647 OFFSET 0) as result WHERE result.ref0 = 'DF|.z??';
SELECT DISTINCT SQL_SMALL_RESULT SQL_NO_CACHE SQL_BIG_RESULT t0.c0 AS ref0 FROM t0 WHERE (CAST(NULL AS SIGNED)) IS NULL ORDER BY COALESCE((t0.c0) <= (""), CAST(t0.c0 AS SIGNED)) LIMIT 2147483647 OFFSET 0;
SELECT * FROM (SELECT DISTINCT SQL_SMALL_RESULT SQL_NO_CACHE SQL_BIG_RESULT t0.c0 AS ref0 FROM t0 WHERE (CAST(NULL AS SIGNED)) IS NULL ORDER BY COALESCE((t0.c0) <= (""), CAST(t0.c0 AS SIGNED)) LIMIT 2147483647 OFFSET 0) as result WHERE result.ref0 IS NULL;
SELECT ALL SQL_SMALL_RESULT STRAIGHT_JOIN t0.c0 AS ref0 FROM t0 WHERE (t0.c0) IS UNKNOWN GROUP BY t0.c0 ORDER BY (((t0.c0) NOT IN (t0.c0)) IS NOT TRUE) NOT IN (t0.c0, IFNULL("~6", '(?\rUxP')), (NULL) IN (('[<6JY%') && (CAST("?T>'i" AS SIGNED)), (t0.c0) = (CAST(671834543 AS SIGNED)),  EXISTS (SELECT 1)), NULL;
SELECT * FROM (SELECT ALL SQL_SMALL_RESULT STRAIGHT_JOIN t0.c0 AS ref0 FROM t0 WHERE (t0.c0) IS UNKNOWN GROUP BY t0.c0 ORDER BY (((t0.c0) NOT IN (t0.c0)) IS NOT TRUE) NOT IN (t0.c0, IFNULL("~6", '(?\rUxP')), (NULL) IN (('[<6JY%') && (CAST("?T>'i" AS SIGNED)), (t0.c0) = (CAST(671834543 AS SIGNED)),  EXISTS (SELECT 1)), NULL) as result WHERE result.ref0 IS NULL;
SELECT DISTINCTROW SQL_BIG_RESULT SQL_NO_CACHE t0.c0 AS ref0 FROM t0 WHERE (! (t0.c0)) ORDER BY (! (t0.c0)) LIMIT 2147483647;
SELECT * FROM (SELECT DISTINCTROW SQL_BIG_RESULT SQL_NO_CACHE t0.c0 AS ref0 FROM t0 WHERE (! (t0.c0)) ORDER BY (! (t0.c0)) LIMIT 2147483647) as result WHERE result.ref0 = "DF|.z??";
SELECT DISTINCTROW STRAIGHT_JOIN SQL_SMALL_RESULT t0.c0 AS ref0 FROM t0 WHERE (! ((t0.c0) XOR ( EXISTS (SELECT 1 wHERE FALSE)))) ORDER BY CAST(( EXISTS (SELECT 1 wHERE FALSE)) <= (CAST(-2129292369 AS SIGNED)) AS SIGNED) DESC;
SELECT * FROM (SELECT DISTINCTROW STRAIGHT_JOIN SQL_SMALL_RESULT t0.c0 AS ref0 FROM t0 WHERE (! ((t0.c0) XOR ( EXISTS (SELECT 1 wHERE FALSE)))) ORDER BY CAST(( EXISTS (SELECT 1 wHERE FALSE)) <= (CAST(-2129292369 AS SIGNED)) AS SIGNED) DESC) as result WHERE result.ref0 = 'DF|.z??';
SELECT DISTINCTROW SQL_SMALL_RESULT SQL_NO_CACHE SQL_BIG_RESULT STRAIGHT_JOIN t0.c0 AS ref0 FROM t0 WHERE (NOT ( EXISTS (SELECT 1 wHERE FALSE))) GROUP BY t0.c0 ORDER BY GREATEST((NOT (t0.c0)), GREATEST(t0.c0, t0.c0), CAST(NULL AS SIGNED), CAST(t0.c0 AS SIGNED)) ASC LIMIT 2147483647;
SELECT * FROM (SELECT DISTINCTROW SQL_SMALL_RESULT SQL_NO_CACHE SQL_BIG_RESULT STRAIGHT_JOIN t0.c0 AS ref0 FROM t0 WHERE (NOT ( EXISTS (SELECT 1 wHERE FALSE))) GROUP BY t0.c0 ORDER BY GREATEST((NOT (t0.c0)), GREATEST(t0.c0, t0.c0), CAST(NULL AS SIGNED), CAST(t0.c0 AS SIGNED)) ASC LIMIT 2147483647) as result WHERE result.ref0 IS NULL;
SELECT DISTINCT SQL_NO_CACHE t0.c0 AS ref0 FROM t0 WHERE (! (IF((t0.c0) XOR ('fwr'), ('') NOT IN (t0.c0),  EXISTS (SELECT 1 wHERE FALSE)))) GROUP BY t0.c0 ORDER BY IF((t0.c0) IN ('', NULL), t0.c0, (-1762599934) != (t0.c0)) LIMIT 2147483647;
SELECT * FROM (SELECT DISTINCT SQL_NO_CACHE t0.c0 AS ref0 FROM t0 WHERE (! (IF((t0.c0) XOR ('fwr'), ('') NOT IN (t0.c0),  EXISTS (SELECT 1 wHERE FALSE)))) GROUP BY t0.c0 ORDER BY IF((t0.c0) IN ('', NULL), t0.c0, (-1762599934) != (t0.c0)) LIMIT 2147483647) as result WHERE result.ref0 IS NULL;
SELECT DISTINCTROW t0.c0 AS ref0 FROM t0 WHERE (NOT ((GREATEST(t0.c0, "XxhH}y2	}")) IS TRUE)) GROUP BY t0.c0 ORDER BY (NOT ((CAST("!FC.7g" AS SIGNED)) < ( EXISTS (SELECT 1 wHERE FALSE)))) ASC LIMIT 2147483647 OFFSET 0;
SELECT * FROM (SELECT DISTINCTROW t0.c0 AS ref0 FROM t0 WHERE (NOT ((GREATEST(t0.c0, "XxhH}y2	}")) IS TRUE)) GROUP BY t0.c0 ORDER BY (NOT ((CAST("!FC.7g" AS SIGNED)) < ( EXISTS (SELECT 1 wHERE FALSE)))) ASC LIMIT 2147483647 OFFSET 0) as result WHERE result.ref0 IS NULL;
SELECT STRAIGHT_JOIN SQL_SMALL_RESULT t0.c0 AS ref0 FROM t0 WHERE ((+ (( EXISTS (SELECT 1 wHERE FALSE)) || ((t0.c0) OR (NULL))))) IS NULL ORDER BY (+ (LEAST(-935396587, '*f*2?D U'))) LIMIT 2147483647;
SELECT * FROM (SELECT STRAIGHT_JOIN SQL_SMALL_RESULT t0.c0 AS ref0 FROM t0 WHERE ((+ (( EXISTS (SELECT 1 wHERE FALSE)) || ((t0.c0) OR (NULL))))) IS NULL ORDER BY (+ (LEAST(-935396587, '*f*2?D U'))) LIMIT 2147483647) as result WHERE result.ref0 IS NULL;
SELECT DISTINCTROW SQL_BIG_RESULT t0.c0 AS ref0 FROM t0 WHERE (t0.c0) <= ((! (t0.c0))) GROUP BY t0.c0 ORDER BY LEAST(t0.c0, (t0.c0) LIKE (t0.c0));
SELECT * FROM (SELECT DISTINCTROW SQL_BIG_RESULT t0.c0 AS ref0 FROM t0 WHERE (t0.c0) <= ((! (t0.c0))) GROUP BY t0.c0 ORDER BY LEAST(t0.c0, (t0.c0) LIKE (t0.c0))) as result WHERE result.ref0 = "DF|.z??";
SELECT DISTINCTROW SQL_NO_CACHE STRAIGHT_JOIN t0.c0 AS ref0 FROM t0 WHERE (CAST((NULL) IN (CAST(NULL AS SIGNED)) AS SIGNED)) IS UNKNOWN GROUP BY t0.c0 ORDER BY  EXISTS (SELECT 1) LIMIT 2147483647 OFFSET 0;
SELECT * FROM (SELECT DISTINCTROW SQL_NO_CACHE STRAIGHT_JOIN t0.c0 AS ref0 FROM t0 WHERE (CAST((NULL) IN (CAST(NULL AS SIGNED)) AS SIGNED)) IS UNKNOWN GROUP BY t0.c0 ORDER BY  EXISTS (SELECT 1) LIMIT 2147483647 OFFSET 0) as result WHERE result.ref0 = 'DF|.z??';
SELECT DISTINCT t0.c0 AS ref0 FROM t0 WHERE 1500845023 ORDER BY ((! (("M)") <= (t0.c0)))) XOR (((NOT (-1262664457))) NOT IN ("baA2SvMk")) LIMIT 2147483647 OFFSET 0;
SELECT * FROM (SELECT DISTINCT t0.c0 AS ref0 FROM t0 WHERE 1500845023 ORDER BY ((! (("M)") <= (t0.c0)))) XOR (((NOT (-1262664457))) NOT IN ("baA2SvMk")) LIMIT 2147483647 OFFSET 0) as result WHERE result.ref0 = "DF|.z??";
SELECT DISTINCTROW SQL_NO_CACHE SQL_BIG_RESULT STRAIGHT_JOIN t0.c0 AS ref0 FROM t0 WHERE (t0.c0) IS NULL ORDER BY "1.XF" DESC LIMIT 2147483647;
SELECT * FROM (SELECT DISTINCTROW SQL_NO_CACHE SQL_BIG_RESULT STRAIGHT_JOIN t0.c0 AS ref0 FROM t0 WHERE (t0.c0) IS NULL ORDER BY "1.XF" DESC LIMIT 2147483647) as result WHERE result.ref0 IS NULL;
SELECT DISTINCT SQL_SMALL_RESULT SQL_BIG_RESULT STRAIGHT_JOIN SQL_NO_CACHE t0.c0 AS ref0 FROM t0 WHERE ((((t0.c0) IS NOT TRUE) XOR ((NULL) XOR (t0.c0))) NOT IN (GREATEST(t0.c0, -1684463867))) IS UNKNOWN GROUP BY t0.c0 ORDER BY IFNULL(t0.c0, "") LIMIT 2147483647 OFFSET 0;
SELECT * FROM (SELECT DISTINCT SQL_SMALL_RESULT SQL_BIG_RESULT STRAIGHT_JOIN SQL_NO_CACHE t0.c0 AS ref0 FROM t0 WHERE ((((t0.c0) IS NOT TRUE) XOR ((NULL) XOR (t0.c0))) NOT IN (GREATEST(t0.c0, -1684463867))) IS UNKNOWN GROUP BY t0.c0 ORDER BY IFNULL(t0.c0, "") LIMIT 2147483647 OFFSET 0) as result WHERE result.ref0 IS NULL;
SELECT DISTINCTROW t0.c0 AS ref0 FROM t0 WHERE (NOT ((t0.c0) IS TRUE)) GROUP BY t0.c0 ORDER BY ((LEAST(t0.c0, -1192443464)) && ((NOT (NULL)))) IS FALSE DESC;
SELECT * FROM (SELECT DISTINCTROW t0.c0 AS ref0 FROM t0 WHERE (NOT ((t0.c0) IS TRUE)) GROUP BY t0.c0 ORDER BY ((LEAST(t0.c0, -1192443464)) && ((NOT (NULL)))) IS FALSE DESC) as result WHERE result.ref0 = "DF|.z??";
SELECT SQL_SMALL_RESULT SQL_NO_CACHE t0.c0 AS ref0 FROM t0 WHERE (! (t0.c0)) ORDER BY (t0.c0) NOT IN (((+ (NULL))) IS NOT FALSE);
SELECT * FROM (SELECT SQL_SMALL_RESULT SQL_NO_CACHE t0.c0 AS ref0 FROM t0 WHERE (! (t0.c0)) ORDER BY (t0.c0) NOT IN (((+ (NULL))) IS NOT FALSE)) as result WHERE result.ref0 = "DF|.z??";
SELECT DISTINCTROW t0.c0 AS ref0 FROM t0 WHERE (t0.c0) IS UNKNOWN ORDER BY ( EXISTS (SELECT 1 wHERE FALSE)) < (t0.c0) LIMIT 2147483647;
SELECT * FROM (SELECT DISTINCTROW t0.c0 AS ref0 FROM t0 WHERE (t0.c0) IS UNKNOWN ORDER BY ( EXISTS (SELECT 1 wHERE FALSE)) < (t0.c0) LIMIT 2147483647) as result WHERE result.ref0 IS NULL;
SELECT DISTINCT t0.c0 AS ref0 FROM t0 WHERE (CAST(COALESCE(NULL, '2086033389') AS SIGNED)) XOR (CAST((t0.c0) IS TRUE AS SIGNED)) ORDER BY (261314972) IN ( EXISTS (SELECT 1 wHERE FALSE));
SELECT * FROM (SELECT DISTINCT t0.c0 AS ref0 FROM t0 WHERE (CAST(COALESCE(NULL, '2086033389') AS SIGNED)) XOR (CAST((t0.c0) IS TRUE AS SIGNED)) ORDER BY (261314972) IN ( EXISTS (SELECT 1 wHERE FALSE))) as result WHERE result.ref0 IS NULL;
SELECT DISTINCTROW SQL_SMALL_RESULT t0.c0 AS ref0 FROM t0 WHERE ( EXISTS (SELECT 1 wHERE FALSE)) IS NOT NULL ORDER BY t0.c0;
SELECT * FROM (SELECT DISTINCTROW SQL_SMALL_RESULT t0.c0 AS ref0 FROM t0 WHERE ( EXISTS (SELECT 1 wHERE FALSE)) IS NOT NULL ORDER BY t0.c0) as result WHERE result.ref0 IS NULL;
SELECT ALL STRAIGHT_JOIN t0.c0 AS ref0 FROM t0 WHERE (! (t0.c0)) GROUP BY t0.c0 ORDER BY LEAST((t0.c0) IN (NULL, t0.c0), (t0.c0) LIKE (-808454978),  EXISTS (SELECT 1), (1782927977) IN (NULL));
SELECT * FROM (SELECT ALL STRAIGHT_JOIN t0.c0 AS ref0 FROM t0 WHERE (! (t0.c0)) GROUP BY t0.c0 ORDER BY LEAST((t0.c0) IN (NULL, t0.c0), (t0.c0) LIKE (-808454978),  EXISTS (SELECT 1), (1782927977) IN (NULL))) as result WHERE result.ref0 = "DF|.z??";
SELECT DISTINCT SQL_SMALL_RESULT SQL_BIG_RESULT STRAIGHT_JOIN SQL_NO_CACHE t0.c0 AS ref0 FROM t0 WHERE 1754935117 GROUP BY t0.c0 ORDER BY  EXISTS (SELECT 1 wHERE FALSE) LIMIT 2147483647 OFFSET 0;
SELECT * FROM (SELECT DISTINCT SQL_SMALL_RESULT SQL_BIG_RESULT STRAIGHT_JOIN SQL_NO_CACHE t0.c0 AS ref0 FROM t0 WHERE 1754935117 GROUP BY t0.c0 ORDER BY  EXISTS (SELECT 1 wHERE FALSE) LIMIT 2147483647 OFFSET 0) as result WHERE result.ref0 = 'DF|.z??';
SELECT SQL_SMALL_RESULT SQL_BIG_RESULT t0.c0 AS ref0 FROM t0 WHERE (NOT ( EXISTS (SELECT 1 wHERE FALSE))) ORDER BY NULL ASC LIMIT 2147483647 OFFSET 0;
SELECT * FROM (SELECT SQL_SMALL_RESULT SQL_BIG_RESULT t0.c0 AS ref0 FROM t0 WHERE (NOT ( EXISTS (SELECT 1 wHERE FALSE))) ORDER BY NULL ASC LIMIT 2147483647 OFFSET 0) as result WHERE result.ref0 = "DF|.z??";
SELECT DISTINCT t0.c0 AS ref0 FROM t0 WHERE (CAST(((t0.c0) AND (NULL)) XOR (CAST(-1078150086 AS SIGNED)) AS SIGNED)) IS NULL GROUP BY t0.c0 ORDER BY CAST((CAST(t0.c0 AS SIGNED)) >= ((NULL) XOR (t0.c0)) AS SIGNED) LIMIT 2147483647 OFFSET 0;
SELECT * FROM (SELECT DISTINCT t0.c0 AS ref0 FROM t0 WHERE (CAST(((t0.c0) AND (NULL)) XOR (CAST(-1078150086 AS SIGNED)) AS SIGNED)) IS NULL GROUP BY t0.c0 ORDER BY CAST((CAST(t0.c0 AS SIGNED)) >= ((NULL) XOR (t0.c0)) AS SIGNED) LIMIT 2147483647 OFFSET 0) as result WHERE result.ref0 IS NULL;
SELECT DISTINCTROW t0.c0 AS ref0 FROM t0 WHERE (t0.c0) IS NULL ORDER BY ('-1631382192') OR (BIT_COUNT(-1449147173)) DESC LIMIT 2147483647 OFFSET 0;
SELECT * FROM (SELECT DISTINCTROW t0.c0 AS ref0 FROM t0 WHERE (t0.c0) IS NULL ORDER BY ('-1631382192') OR (BIT_COUNT(-1449147173)) DESC LIMIT 2147483647 OFFSET 0) as result WHERE result.ref0 IS NULL;
SELECT DISTINCTROW t0.c0 AS ref0 FROM t0 WHERE ((NOT ((-548933721) IN (NULL)))) IS NOT FALSE GROUP BY t0.c0 ORDER BY ("rG") IS NULL DESC;
SELECT * FROM (SELECT DISTINCTROW t0.c0 AS ref0 FROM t0 WHERE ((NOT ((-548933721) IN (NULL)))) IS NOT FALSE GROUP BY t0.c0 ORDER BY ("rG") IS NULL DESC) as result WHERE result.ref0 IS NULL;
SELECT SQL_NO_CACHE SQL_SMALL_RESULT SQL_BIG_RESULT STRAIGHT_JOIN t0.c0 AS ref0 FROM t0 WHERE (! (t0.c0)) GROUP BY t0.c0 ORDER BY NULL ASC;
SELECT * FROM (SELECT SQL_NO_CACHE SQL_SMALL_RESULT SQL_BIG_RESULT STRAIGHT_JOIN t0.c0 AS ref0 FROM t0 WHERE (! (t0.c0)) GROUP BY t0.c0 ORDER BY NULL ASC) as result WHERE result.ref0 = 'DF|.z??';
SELECT DISTINCT SQL_SMALL_RESULT SQL_BIG_RESULT t0.c0 AS ref0 FROM t0 WHERE (! (CAST(CAST( EXISTS (SELECT 1 wHERE FALSE) AS SIGNED) AS SIGNED))) ORDER BY (((t0.c0) LIKE (1991350962)) AND (CAST(455174752 AS SIGNED))) IS TRUE;
SELECT * FROM (SELECT DISTINCT SQL_SMALL_RESULT SQL_BIG_RESULT t0.c0 AS ref0 FROM t0 WHERE (! (CAST(CAST( EXISTS (SELECT 1 wHERE FALSE) AS SIGNED) AS SIGNED))) ORDER BY (((t0.c0) LIKE (1991350962)) AND (CAST(455174752 AS SIGNED))) IS TRUE) as result WHERE result.ref0 IS NULL;
SELECT SQL_SMALL_RESULT SQL_NO_CACHE STRAIGHT_JOIN SQL_BIG_RESULT t0.c0 AS ref0 FROM t0 WHERE (! (IF( EXISTS (SELECT 1 wHERE FALSE), ('863016519') IS UNKNOWN, t0.c0))) ORDER BY  EXISTS (SELECT 1 wHERE FALSE) LIMIT 2147483647;
SELECT * FROM (SELECT SQL_SMALL_RESULT SQL_NO_CACHE STRAIGHT_JOIN SQL_BIG_RESULT t0.c0 AS ref0 FROM t0 WHERE (! (IF( EXISTS (SELECT 1 wHERE FALSE), ('863016519') IS UNKNOWN, t0.c0))) ORDER BY  EXISTS (SELECT 1 wHERE FALSE) LIMIT 2147483647) as result WHERE result.ref0 = 'DF|.z??';
SELECT DISTINCT t0.c0 AS ref0 FROM t0 WHERE (((t0.c0) IS TRUE) IN (CAST(t0.c0 AS SIGNED), LEAST(NULL, "V~"))) IS NOT FALSE GROUP BY t0.c0 ORDER BY (t0.c0) IS TRUE LIMIT 2147483647 OFFSET 0;
SELECT * FROM (SELECT DISTINCT t0.c0 AS ref0 FROM t0 WHERE (((t0.c0) IS TRUE) IN (CAST(t0.c0 AS SIGNED), LEAST(NULL, "V~"))) IS NOT FALSE GROUP BY t0.c0 ORDER BY (t0.c0) IS TRUE LIMIT 2147483647 OFFSET 0) as result WHERE result.ref0 = 'DF|.z??';
SELECT DISTINCTROW SQL_NO_CACHE SQL_BIG_RESULT SQL_SMALL_RESULT STRAIGHT_JOIN t0.c0 AS ref0 FROM t0 WHERE CAST((NOT ((t0.c0) = (752886448))) AS SIGNED) ORDER BY ((CAST(t0.c0 AS SIGNED)) <= ((905193896) || (t0.c0))) IS NOT UNKNOWN LIMIT 2147483647;
SELECT * FROM (SELECT DISTINCTROW SQL_NO_CACHE SQL_BIG_RESULT SQL_SMALL_RESULT STRAIGHT_JOIN t0.c0 AS ref0 FROM t0 WHERE CAST((NOT ((t0.c0) = (752886448))) AS SIGNED) ORDER BY ((CAST(t0.c0 AS SIGNED)) <= ((905193896) || (t0.c0))) IS NOT UNKNOWN LIMIT 2147483647) as result WHERE result.ref0 = "DF|.z??";
SELECT SQL_BIG_RESULT STRAIGHT_JOIN SQL_NO_CACHE t0.c0 AS ref0 FROM t0 WHERE -1489816404 GROUP BY t0.c0 ORDER BY CAST( EXISTS (SELECT 1 wHERE FALSE) AS SIGNED) DESC;
SELECT * FROM (SELECT SQL_BIG_RESULT STRAIGHT_JOIN SQL_NO_CACHE t0.c0 AS ref0 FROM t0 WHERE -1489816404 GROUP BY t0.c0 ORDER BY CAST( EXISTS (SELECT 1 wHERE FALSE) AS SIGNED) DESC) as result WHERE result.ref0 = 'DF|.z??';
SELECT ALL t0.c0 AS ref0 FROM t0 WHERE (NOT (t0.c0)) ORDER BY ( EXISTS (SELECT 1 wHERE FALSE)) IS NOT FALSE ASC;
SELECT * FROM (SELECT ALL t0.c0 AS ref0 FROM t0 WHERE (NOT (t0.c0)) ORDER BY ( EXISTS (SELECT 1 wHERE FALSE)) IS NOT FALSE ASC) as result WHERE result.ref0 = "DF|.z??";
SELECT DISTINCTROW STRAIGHT_JOIN SQL_BIG_RESULT SQL_NO_CACHE t0.c0 AS ref0 FROM t0 WHERE 1733710461 GROUP BY t0.c0 ORDER BY (NULL) XOR (CAST(CAST(t0.c0 AS SIGNED) AS SIGNED)), t0.c0 DESC, (NULL) XOR ( EXISTS (SELECT 1)), (t0.c0) && (((t0.c0) && ('')) IS TRUE), -1748604755;
SELECT * FROM (SELECT DISTINCTROW STRAIGHT_JOIN SQL_BIG_RESULT SQL_NO_CACHE t0.c0 AS ref0 FROM t0 WHERE 1733710461 GROUP BY t0.c0 ORDER BY (NULL) XOR (CAST(CAST(t0.c0 AS SIGNED) AS SIGNED)), t0.c0 DESC, (NULL) XOR ( EXISTS (SELECT 1)), (t0.c0) && (((t0.c0) && ('')) IS TRUE), -1748604755) as result WHERE result.ref0 = 'DF|.z??';
SELECT ALL SQL_SMALL_RESULT t0.c0 AS ref0 FROM t0 WHERE CAST(( EXISTS (SELECT 1)) > ((+ (-647062048))) AS SIGNED) GROUP BY t0.c0 ORDER BY (CAST((t0.c0) OR (t0.c0) AS SIGNED)) IS NULL LIMIT 2147483647 OFFSET 0;
SELECT * FROM (SELECT ALL SQL_SMALL_RESULT t0.c0 AS ref0 FROM t0 WHERE CAST(( EXISTS (SELECT 1)) > ((+ (-647062048))) AS SIGNED) GROUP BY t0.c0 ORDER BY (CAST((t0.c0) OR (t0.c0) AS SIGNED)) IS NULL LIMIT 2147483647 OFFSET 0) as result WHERE result.ref0 = "DF|.z??";
SELECT ALL SQL_BIG_RESULT STRAIGHT_JOIN SQL_SMALL_RESULT SQL_NO_CACHE t0.c0 AS ref0 FROM t0 WHERE  EXISTS (SELECT 1) ORDER BY CAST(t0.c0 AS SIGNED) DESC LIMIT 2147483647 OFFSET 0;
SELECT * FROM (SELECT ALL SQL_BIG_RESULT STRAIGHT_JOIN SQL_SMALL_RESULT SQL_NO_CACHE t0.c0 AS ref0 FROM t0 WHERE  EXISTS (SELECT 1) ORDER BY CAST(t0.c0 AS SIGNED) DESC LIMIT 2147483647 OFFSET 0) as result WHERE result.ref0 IS NULL;
SELECT DISTINCT STRAIGHT_JOIN SQL_NO_CACHE SQL_BIG_RESULT SQL_SMALL_RESULT t0.c0 AS ref0 FROM t0 WHERE (NOT (t0.c0)) GROUP BY t0.c0 ORDER BY  EXISTS (SELECT 1 wHERE FALSE) ASC;
SELECT * FROM (SELECT DISTINCT STRAIGHT_JOIN SQL_NO_CACHE SQL_BIG_RESULT SQL_SMALL_RESULT t0.c0 AS ref0 FROM t0 WHERE (NOT (t0.c0)) GROUP BY t0.c0 ORDER BY  EXISTS (SELECT 1 wHERE FALSE) ASC) as result WHERE result.ref0 = "DF|.z??";
SELECT ALL SQL_NO_CACHE SQL_SMALL_RESULT SQL_BIG_RESULT STRAIGHT_JOIN t0.c0 AS ref0 FROM t0 WHERE (! (CAST((LEAST(NULL, NULL, -1920472299, t0.c0)) IS NOT NULL AS SIGNED))) GROUP BY t0.c0 ORDER BY t0.c0 LIMIT 2147483647 OFFSET 0;
SELECT * FROM (SELECT ALL SQL_NO_CACHE SQL_SMALL_RESULT SQL_BIG_RESULT STRAIGHT_JOIN t0.c0 AS ref0 FROM t0 WHERE (! (CAST((LEAST(NULL, NULL, -1920472299, t0.c0)) IS NOT NULL AS SIGNED))) GROUP BY t0.c0 ORDER BY t0.c0 LIMIT 2147483647 OFFSET 0) as result WHERE result.ref0 IS NULL;
SELECT DISTINCT SQL_SMALL_RESULT SQL_NO_CACHE STRAIGHT_JOIN t0.c0 AS ref0 FROM t0 WHERE (! ( EXISTS (SELECT 1 wHERE FALSE))) GROUP BY t0.c0 ORDER BY CAST((-1406996908) NOT IN (IFNULL('?[', t0.c0)) AS SIGNED) LIMIT 2147483647 OFFSET 0;
SELECT * FROM (SELECT DISTINCT SQL_SMALL_RESULT SQL_NO_CACHE STRAIGHT_JOIN t0.c0 AS ref0 FROM t0 WHERE (! ( EXISTS (SELECT 1 wHERE FALSE))) GROUP BY t0.c0 ORDER BY CAST((-1406996908) NOT IN (IFNULL('?[', t0.c0)) AS SIGNED) LIMIT 2147483647 OFFSET 0) as result WHERE result.ref0 IS NULL;
SELECT DISTINCT t0.c0 AS ref0 FROM t0 WHERE (! (COALESCE(t0.c0, CAST(t0.c0 AS SIGNED)))) ORDER BY  EXISTS (SELECT 1 wHERE FALSE);
SELECT * FROM (SELECT DISTINCT t0.c0 AS ref0 FROM t0 WHERE (! (COALESCE(t0.c0, CAST(t0.c0 AS SIGNED)))) ORDER BY  EXISTS (SELECT 1 wHERE FALSE)) as result WHERE result.ref0 = 'DF|.z??';
SELECT SQL_SMALL_RESULT SQL_NO_CACHE STRAIGHT_JOIN t0.c0 AS ref0 FROM t0 WHERE (NULL) IS NULL ORDER BY (t0.c0) AND (-1214211880);
SELECT * FROM (SELECT SQL_SMALL_RESULT SQL_NO_CACHE STRAIGHT_JOIN t0.c0 AS ref0 FROM t0 WHERE (NULL) IS NULL ORDER BY (t0.c0) AND (-1214211880)) as result WHERE result.ref0 = "DF|.z??";
SELECT DISTINCTROW SQL_NO_CACHE t0.c0 AS ref0 FROM t0 WHERE (CAST(((379359265) OR (t0.c0)) XOR (t0.c0) AS SIGNED)) IS UNKNOWN ORDER BY ((+ ((t0.c0) >= ('')))) NOT IN (((! (t0.c0))) IS FALSE);
SELECT * FROM (SELECT DISTINCTROW SQL_NO_CACHE t0.c0 AS ref0 FROM t0 WHERE (CAST(((379359265) OR (t0.c0)) XOR (t0.c0) AS SIGNED)) IS UNKNOWN ORDER BY ((+ ((t0.c0) >= ('')))) NOT IN (((! (t0.c0))) IS FALSE)) as result WHERE result.ref0 IS NULL;
SELECT DISTINCT SQL_NO_CACHE SQL_BIG_RESULT t0.c0 AS ref0 FROM t0 WHERE CAST("-1223271629" AS SIGNED) GROUP BY t0.c0 ORDER BY CAST(t0.c0 AS SIGNED) ASC;
SELECT * FROM (SELECT DISTINCT SQL_NO_CACHE SQL_BIG_RESULT t0.c0 AS ref0 FROM t0 WHERE CAST("-1223271629" AS SIGNED) GROUP BY t0.c0 ORDER BY CAST(t0.c0 AS SIGNED) ASC) as result WHERE result.ref0 IS NULL;
SELECT DISTINCT t0.c0 AS ref0 FROM t0 WHERE (((NOT (t0.c0))) IS NOT FALSE) IS NOT FALSE ORDER BY IFNULL(t0.c0, ('%?G-zm') IS UNKNOWN) ASC LIMIT 2147483647;
SELECT * FROM (SELECT DISTINCT t0.c0 AS ref0 FROM t0 WHERE (((NOT (t0.c0))) IS NOT FALSE) IS NOT FALSE ORDER BY IFNULL(t0.c0, ('%?G-zm') IS UNKNOWN) ASC LIMIT 2147483647) as result WHERE result.ref0 = "DF|.z??";
SELECT DISTINCT STRAIGHT_JOIN t0.c0 AS ref0 FROM t0 WHERE ((CAST((! (-1979309978)) AS SIGNED)) < (t0.c0)) IS NULL ORDER BY ( EXISTS (SELECT 1)) NOT IN (-1) ASC;
SELECT * FROM (SELECT DISTINCT STRAIGHT_JOIN t0.c0 AS ref0 FROM t0 WHERE ((CAST((! (-1979309978)) AS SIGNED)) < (t0.c0)) IS NULL ORDER BY ( EXISTS (SELECT 1)) NOT IN (-1) ASC) as result WHERE result.ref0 IS NULL;
SELECT DISTINCTROW SQL_SMALL_RESULT SQL_NO_CACHE t0.c0 AS ref0 FROM t0 WHERE (NULL) IS NULL ORDER BY '>x' LIMIT 2147483647 OFFSET 0;
SELECT * FROM (SELECT DISTINCTROW SQL_SMALL_RESULT SQL_NO_CACHE t0.c0 AS ref0 FROM t0 WHERE (NULL) IS NULL ORDER BY '>x' LIMIT 2147483647 OFFSET 0) as result WHERE result.ref0 IS NULL;
SELECT DISTINCT SQL_NO_CACHE STRAIGHT_JOIN t0.c0 AS ref0 FROM t0 WHERE (CAST(t0.c0 AS SIGNED)) IS UNKNOWN GROUP BY t0.c0 ORDER BY (NULL) IS NULL DESC;
SELECT * FROM (SELECT DISTINCT SQL_NO_CACHE STRAIGHT_JOIN t0.c0 AS ref0 FROM t0 WHERE (CAST(t0.c0 AS SIGNED)) IS UNKNOWN GROUP BY t0.c0 ORDER BY (NULL) IS NULL DESC) as result WHERE result.ref0 IS NULL;
SELECT DISTINCT SQL_BIG_RESULT t0.c0 AS ref0 FROM t0 WHERE (t0.c0) IS NULL ORDER BY "-675913257" DESC, t0.c0, (CAST("905193896" AS SIGNED)) IS TRUE LIMIT 2147483647 OFFSET 0;
SELECT * FROM (SELECT DISTINCT SQL_BIG_RESULT t0.c0 AS ref0 FROM t0 WHERE (t0.c0) IS NULL ORDER BY "-675913257" DESC, t0.c0, (CAST("905193896" AS SIGNED)) IS TRUE LIMIT 2147483647 OFFSET 0) as result WHERE result.ref0 IS NULL;
SELECT ALL t0.c0 AS ref0 FROM t0 WHERE (NULL) IS NULL ORDER BY (! (CAST( EXISTS (SELECT 1) AS SIGNED))) LIMIT 2147483647;
SELECT * FROM (SELECT ALL t0.c0 AS ref0 FROM t0 WHERE (NULL) IS NULL ORDER BY (! (CAST( EXISTS (SELECT 1) AS SIGNED))) LIMIT 2147483647) as result WHERE result.ref0 = "DF|.z??";
SELECT DISTINCT SQL_NO_CACHE STRAIGHT_JOIN t0.c0 AS ref0 FROM t0 WHERE (NOT ((CAST( EXISTS (SELECT 1) AS SIGNED)) IS FALSE)) GROUP BY t0.c0 ORDER BY "1527407422";
SELECT * FROM (SELECT DISTINCT SQL_NO_CACHE STRAIGHT_JOIN t0.c0 AS ref0 FROM t0 WHERE (NOT ((CAST( EXISTS (SELECT 1) AS SIGNED)) IS FALSE)) GROUP BY t0.c0 ORDER BY "1527407422") as result WHERE result.ref0 = "DF|.z??";
SELECT DISTINCTROW STRAIGHT_JOIN SQL_NO_CACHE t0.c0 AS ref0 FROM t0 WHERE (! ((IFNULL(t0.c0, t0.c0)) IN ((NOT ( EXISTS (SELECT 1 wHERE FALSE)))))) GROUP BY t0.c0 ORDER BY CAST(CAST(t0.c0 AS SIGNED) AS SIGNED) ASC, (IFNULL(t0.c0, t0.c0)) NOT IN ((+ (t0.c0)), CAST(t0.c0 AS SIGNED)), (CAST(CAST(NULL AS SIGNED) AS SIGNED)) IS NOT TRUE LIMIT 2147483647;
SELECT * FROM (SELECT DISTINCTROW STRAIGHT_JOIN SQL_NO_CACHE t0.c0 AS ref0 FROM t0 WHERE (! ((IFNULL(t0.c0, t0.c0)) IN ((NOT ( EXISTS (SELECT 1 wHERE FALSE)))))) GROUP BY t0.c0 ORDER BY CAST(CAST(t0.c0 AS SIGNED) AS SIGNED) ASC, (IFNULL(t0.c0, t0.c0)) NOT IN ((+ (t0.c0)), CAST(t0.c0 AS SIGNED)), (CAST(CAST(NULL AS SIGNED) AS SIGNED)) IS NOT TRUE LIMIT 2147483647) as result WHERE result.ref0 = 'DF|.z??';
SELECT DISTINCTROW t0.c0 AS ref0 FROM t0 WHERE (GREATEST((t0.c0) IS NOT UNKNOWN, (t0.c0) >= ("0e"))) IS UNKNOWN GROUP BY t0.c0 ORDER BY CAST( EXISTS (SELECT 1 wHERE FALSE) AS SIGNED) DESC;
SELECT * FROM (SELECT DISTINCTROW t0.c0 AS ref0 FROM t0 WHERE (GREATEST((t0.c0) IS NOT UNKNOWN, (t0.c0) >= ("0e"))) IS UNKNOWN GROUP BY t0.c0 ORDER BY CAST( EXISTS (SELECT 1 wHERE FALSE) AS SIGNED) DESC) as result WHERE result.ref0 IS NULL;
SELECT ALL SQL_BIG_RESULT t0.c0 AS ref0 FROM t0 WHERE (! ("V ")) ORDER BY t0.c0 ASC LIMIT 2147483647;
SELECT * FROM (SELECT ALL SQL_BIG_RESULT t0.c0 AS ref0 FROM t0 WHERE (! ("V ")) ORDER BY t0.c0 ASC LIMIT 2147483647) as result WHERE result.ref0 = 'DF|.z??';
SELECT DISTINCT SQL_BIG_RESULT STRAIGHT_JOIN SQL_SMALL_RESULT SQL_NO_CACHE t0.c0 AS ref0 FROM t0 WHERE IFNULL( EXISTS (SELECT 1), t0.c0) GROUP BY t0.c0 ORDER BY (CAST((+ (t0.c0)) AS SIGNED)) AND ( EXISTS (SELECT 1));
SELECT * FROM (SELECT DISTINCT SQL_BIG_RESULT STRAIGHT_JOIN SQL_SMALL_RESULT SQL_NO_CACHE t0.c0 AS ref0 FROM t0 WHERE IFNULL( EXISTS (SELECT 1), t0.c0) GROUP BY t0.c0 ORDER BY (CAST((+ (t0.c0)) AS SIGNED)) AND ( EXISTS (SELECT 1))) as result WHERE result.ref0 = 'DF|.z??';
SELECT t0.c0 AS ref0 FROM t0 WHERE  EXISTS (SELECT 1) ORDER BY BIT_COUNT(t0.c0) LIMIT 2147483647 OFFSET 0;
SELECT * FROM (SELECT t0.c0 AS ref0 FROM t0 WHERE  EXISTS (SELECT 1) ORDER BY BIT_COUNT(t0.c0) LIMIT 2147483647 OFFSET 0) as result WHERE result.ref0 = "DF|.z??";
SELECT ALL SQL_SMALL_RESULT STRAIGHT_JOIN SQL_BIG_RESULT t0.c0 AS ref0 FROM t0 WHERE (! (CAST(( EXISTS (SELECT 1)) IS NOT TRUE AS SIGNED))) GROUP BY t0.c0 ORDER BY ((("oKA 4u") IN (NULL, t0.c0)) XOR ((1731793656) IS NULL)) IN (( EXISTS (SELECT 1 wHERE FALSE)) NOT IN (t0.c0, (NULL) IS NOT FALSE, (NULL) IN (t0.c0, NULL))) DESC;
SELECT * FROM (SELECT ALL SQL_SMALL_RESULT STRAIGHT_JOIN SQL_BIG_RESULT t0.c0 AS ref0 FROM t0 WHERE (! (CAST(( EXISTS (SELECT 1)) IS NOT TRUE AS SIGNED))) GROUP BY t0.c0 ORDER BY ((("oKA 4u") IN (NULL, t0.c0)) XOR ((1731793656) IS NULL)) IN (( EXISTS (SELECT 1 wHERE FALSE)) NOT IN (t0.c0, (NULL) IS NOT FALSE, (NULL) IN (t0.c0, NULL))) DESC) as result WHERE result.ref0 IS NULL;
SELECT ALL STRAIGHT_JOIN SQL_SMALL_RESULT t0.c0 AS ref0 FROM t0 WHERE (NOT (( EXISTS (SELECT 1)) IS NOT TRUE)) ORDER BY  EXISTS (SELECT 1) LIMIT 2147483647 OFFSET 0;
SELECT * FROM (SELECT ALL STRAIGHT_JOIN SQL_SMALL_RESULT t0.c0 AS ref0 FROM t0 WHERE (NOT (( EXISTS (SELECT 1)) IS NOT TRUE)) ORDER BY  EXISTS (SELECT 1) LIMIT 2147483647 OFFSET 0) as result WHERE result.ref0 IS NULL;
SELECT DISTINCTROW STRAIGHT_JOIN SQL_NO_CACHE SQL_BIG_RESULT t0.c0 AS ref0 FROM t0 WHERE (! ( EXISTS (SELECT 1 wHERE FALSE))) GROUP BY t0.c0 ORDER BY  EXISTS (SELECT 1 wHERE FALSE) DESC;
SELECT * FROM (SELECT DISTINCTROW STRAIGHT_JOIN SQL_NO_CACHE SQL_BIG_RESULT t0.c0 AS ref0 FROM t0 WHERE (! ( EXISTS (SELECT 1 wHERE FALSE))) GROUP BY t0.c0 ORDER BY  EXISTS (SELECT 1 wHERE FALSE) DESC) as result WHERE result.ref0 = 'DF|.z??';
SELECT DISTINCTROW SQL_BIG_RESULT t0.c0 AS ref0 FROM t0 WHERE COALESCE(COALESCE(-1, t0.c0), (NULL) IS NOT FALSE) ORDER BY  EXISTS (SELECT 1) ASC LIMIT 2147483647 OFFSET 0;
SELECT * FROM (SELECT DISTINCTROW SQL_BIG_RESULT t0.c0 AS ref0 FROM t0 WHERE COALESCE(COALESCE(-1, t0.c0), (NULL) IS NOT FALSE) ORDER BY  EXISTS (SELECT 1) ASC LIMIT 2147483647 OFFSET 0) as result WHERE result.ref0 = "DF|.z??";
SELECT t0.c0 AS ref0 FROM t0 WHERE (NOT ((+ (t0.c0)))) ORDER BY (CAST(("Ld") IS FALSE AS SIGNED)) >= ((+ (CAST(1064137478 AS SIGNED)))) ASC LIMIT 2147483647 OFFSET 0;
SELECT * FROM (SELECT t0.c0 AS ref0 FROM t0 WHERE (NOT ((+ (t0.c0)))) ORDER BY (CAST(("Ld") IS FALSE AS SIGNED)) >= ((+ (CAST(1064137478 AS SIGNED)))) ASC LIMIT 2147483647 OFFSET 0) as result WHERE result.ref0 = "DF|.z??";
SELECT DISTINCT SQL_BIG_RESULT SQL_SMALL_RESULT SQL_NO_CACHE STRAIGHT_JOIN t0.c0 AS ref0 FROM t0 WHERE (NOT ((+ (('') IS NOT FALSE)))) GROUP BY t0.c0 ORDER BY (CAST((t0.c0) IS UNKNOWN AS SIGNED)) IN ( EXISTS (SELECT 1), ((t0.c0) = ('?eL?	D')) IS FALSE) DESC;
SELECT * FROM (SELECT DISTINCT SQL_BIG_RESULT SQL_SMALL_RESULT SQL_NO_CACHE STRAIGHT_JOIN t0.c0 AS ref0 FROM t0 WHERE (NOT ((+ (('') IS NOT FALSE)))) GROUP BY t0.c0 ORDER BY (CAST((t0.c0) IS UNKNOWN AS SIGNED)) IN ( EXISTS (SELECT 1), ((t0.c0) = ('?eL?	D')) IS FALSE) DESC) as result WHERE result.ref0 IS NULL;
SELECT SQL_BIG_RESULT t0.c0 AS ref0 FROM t0 WHERE  EXISTS (SELECT 1) GROUP BY t0.c0 ORDER BY t0.c0;
SELECT * FROM (SELECT SQL_BIG_RESULT t0.c0 AS ref0 FROM t0 WHERE  EXISTS (SELECT 1) GROUP BY t0.c0 ORDER BY t0.c0) as result WHERE result.ref0 IS NULL;
SELECT SQL_NO_CACHE STRAIGHT_JOIN SQL_BIG_RESULT SQL_SMALL_RESULT t0.c0 AS ref0 FROM t0 WHERE (! (t0.c0)) ORDER BY t0.c0 DESC LIMIT 2147483647;
SELECT * FROM (SELECT SQL_NO_CACHE STRAIGHT_JOIN SQL_BIG_RESULT SQL_SMALL_RESULT t0.c0 AS ref0 FROM t0 WHERE (! (t0.c0)) ORDER BY t0.c0 DESC LIMIT 2147483647) as result WHERE result.ref0 = 'DF|.z??';
SELECT ALL STRAIGHT_JOIN SQL_SMALL_RESULT SQL_NO_CACHE SQL_BIG_RESULT t0.c0 AS ref0 FROM t0 WHERE (! (t0.c0)) GROUP BY t0.c0 ORDER BY t0.c0 ASC LIMIT 2147483647 OFFSET 0;
SELECT * FROM (SELECT ALL STRAIGHT_JOIN SQL_SMALL_RESULT SQL_NO_CACHE SQL_BIG_RESULT t0.c0 AS ref0 FROM t0 WHERE (! (t0.c0)) GROUP BY t0.c0 ORDER BY t0.c0 ASC LIMIT 2147483647 OFFSET 0) as result WHERE result.ref0 = "DF|.z??";
SELECT DISTINCTROW SQL_SMALL_RESULT t0.c0 AS ref0 FROM t0 WHERE (! ( EXISTS (SELECT 1 wHERE FALSE))) ORDER BY NULL LIMIT 2147483647 OFFSET 0;
SELECT * FROM (SELECT DISTINCTROW SQL_SMALL_RESULT t0.c0 AS ref0 FROM t0 WHERE (! ( EXISTS (SELECT 1 wHERE FALSE))) ORDER BY NULL LIMIT 2147483647 OFFSET 0) as result WHERE result.ref0 IS NULL;
SELECT DISTINCT t0.c0 AS ref0 FROM t0 WHERE (! (t0.c0)) ORDER BY (t0.c0) IN (t0.c0) ASC, IFNULL((t0.c0) AND (t0.c0), (t0.c0) IS NOT FALSE) ASC, CAST(IF(t0.c0, t0.c0, t0.c0) AS SIGNED) ASC, CAST('' AS SIGNED), (((t0.c0) XOR (NULL)) IN (CAST(NULL AS SIGNED))) IS TRUE ASC LIMIT 2147483647 OFFSET 0;
SELECT * FROM (SELECT DISTINCT t0.c0 AS ref0 FROM t0 WHERE (! (t0.c0)) ORDER BY (t0.c0) IN (t0.c0) ASC, IFNULL((t0.c0) AND (t0.c0), (t0.c0) IS NOT FALSE) ASC, CAST(IF(t0.c0, t0.c0, t0.c0) AS SIGNED) ASC, CAST('' AS SIGNED), (((t0.c0) XOR (NULL)) IN (CAST(NULL AS SIGNED))) IS TRUE ASC LIMIT 2147483647 OFFSET 0) as result WHERE result.ref0 = 'DF|.z??';
SELECT DISTINCT t0.c0 AS ref0 FROM t0 WHERE (("") || ((t0.c0) NOT IN (t0.c0))) IS NULL GROUP BY t0.c0 ORDER BY (t0.c0) <= ((t0.c0) IS NOT TRUE) LIMIT 2147483647;
SELECT * FROM (SELECT DISTINCT t0.c0 AS ref0 FROM t0 WHERE (("") || ((t0.c0) NOT IN (t0.c0))) IS NULL GROUP BY t0.c0 ORDER BY (t0.c0) <= ((t0.c0) IS NOT TRUE) LIMIT 2147483647) as result WHERE result.ref0 IS NULL;
SELECT DISTINCT SQL_BIG_RESULT SQL_NO_CACHE SQL_SMALL_RESULT STRAIGHT_JOIN t0.c0 AS ref0 FROM t0 WHERE (NULL) IS NULL GROUP BY t0.c0 ORDER BY ( EXISTS (SELECT 1 wHERE FALSE)) != (( EXISTS (SELECT 1)) OR ( EXISTS (SELECT 1 wHERE FALSE))) ASC LIMIT 2147483647;
SELECT * FROM (SELECT DISTINCT SQL_BIG_RESULT SQL_NO_CACHE SQL_SMALL_RESULT STRAIGHT_JOIN t0.c0 AS ref0 FROM t0 WHERE (NULL) IS NULL GROUP BY t0.c0 ORDER BY ( EXISTS (SELECT 1 wHERE FALSE)) != (( EXISTS (SELECT 1)) OR ( EXISTS (SELECT 1 wHERE FALSE))) ASC LIMIT 2147483647) as result WHERE result.ref0 = "DF|.z??";
SELECT DISTINCTROW t0.c0 AS ref0 FROM t0 WHERE (CAST(t0.c0 AS SIGNED)) IS UNKNOWN ORDER BY BIT_COUNT((t0.c0) = (286571884));
SELECT * FROM (SELECT DISTINCTROW t0.c0 AS ref0 FROM t0 WHERE (CAST(t0.c0 AS SIGNED)) IS UNKNOWN ORDER BY BIT_COUNT((t0.c0) = (286571884))) as result WHERE result.ref0 IS NULL;
SELECT DISTINCT SQL_SMALL_RESULT SQL_NO_CACHE STRAIGHT_JOIN t0.c0 AS ref0 FROM t0 WHERE (! ((CAST((-1395173356) IS UNKNOWN AS SIGNED)) IN (606137365))) ORDER BY (((t0.c0) IS TRUE) || (CAST('Dw?y' AS SIGNED))) IS NULL DESC;
SELECT * FROM (SELECT DISTINCT SQL_SMALL_RESULT SQL_NO_CACHE STRAIGHT_JOIN t0.c0 AS ref0 FROM t0 WHERE (! ((CAST((-1395173356) IS UNKNOWN AS SIGNED)) IN (606137365))) ORDER BY (((t0.c0) IS TRUE) || (CAST('Dw?y' AS SIGNED))) IS NULL DESC) as result WHERE result.ref0 IS NULL;
SELECT t0.c0 AS ref0 FROM t0 WHERE (NOT ("")) GROUP BY t0.c0 ORDER BY  EXISTS (SELECT 1) ASC LIMIT 2147483647 OFFSET 0;
SELECT * FROM (SELECT t0.c0 AS ref0 FROM t0 WHERE (NOT ("")) GROUP BY t0.c0 ORDER BY  EXISTS (SELECT 1) ASC LIMIT 2147483647 OFFSET 0) as result WHERE result.ref0 = "DF|.z??";
SELECT DISTINCTROW SQL_BIG_RESULT SQL_SMALL_RESULT t0.c0 AS ref0 FROM t0 WHERE (((1970420760) >= (t0.c0)) IS NOT UNKNOWN) NOT IN ('?L&T<zy-?') ORDER BY NULL;
SELECT * FROM (SELECT DISTINCTROW SQL_BIG_RESULT SQL_SMALL_RESULT t0.c0 AS ref0 FROM t0 WHERE (((1970420760) >= (t0.c0)) IS NOT UNKNOWN) NOT IN ('?L&T<zy-?') ORDER BY NULL) as result WHERE result.ref0 = "DF|.z??";
SELECT ALL SQL_SMALL_RESULT STRAIGHT_JOIN SQL_BIG_RESULT SQL_NO_CACHE t0.c0 AS ref0 FROM t0 WHERE (NOT ( EXISTS (SELECT 1 wHERE FALSE))) GROUP BY t0.c0 ORDER BY ((NOT (NULL))) AND ( EXISTS (SELECT 1 wHERE FALSE)) DESC LIMIT 2147483647 OFFSET 0;
SELECT * FROM (SELECT ALL SQL_SMALL_RESULT STRAIGHT_JOIN SQL_BIG_RESULT SQL_NO_CACHE t0.c0 AS ref0 FROM t0 WHERE (NOT ( EXISTS (SELECT 1 wHERE FALSE))) GROUP BY t0.c0 ORDER BY ((NOT (NULL))) AND ( EXISTS (SELECT 1 wHERE FALSE)) DESC LIMIT 2147483647 OFFSET 0) as result WHERE result.ref0 = "DF|.z??";
SELECT DISTINCT SQL_BIG_RESULT STRAIGHT_JOIN t0.c0 AS ref0 FROM t0 WHERE (NOT ((-1937818913) >= ((998908857) IS NOT NULL))) ORDER BY (t0.c0) IS FALSE DESC, -736626249, t0.c0;
SELECT * FROM (SELECT DISTINCT SQL_BIG_RESULT STRAIGHT_JOIN t0.c0 AS ref0 FROM t0 WHERE (NOT ((-1937818913) >= ((998908857) IS NOT NULL))) ORDER BY (t0.c0) IS FALSE DESC, -736626249, t0.c0) as result WHERE result.ref0 IS NULL;
SELECT DISTINCT STRAIGHT_JOIN SQL_BIG_RESULT t0.c0 AS ref0 FROM t0 WHERE ((CAST((-349992620) && (t0.c0) AS SIGNED)) NOT IN (( EXISTS (SELECT 1)) IS NOT UNKNOWN)) IS NULL ORDER BY ((CAST(1881910689 AS SIGNED)) && (("") IS TRUE)) IN (("") IS NOT TRUE) ASC;
SELECT * FROM (SELECT DISTINCT STRAIGHT_JOIN SQL_BIG_RESULT t0.c0 AS ref0 FROM t0 WHERE ((CAST((-349992620) && (t0.c0) AS SIGNED)) NOT IN (( EXISTS (SELECT 1)) IS NOT UNKNOWN)) IS NULL ORDER BY ((CAST(1881910689 AS SIGNED)) && (("") IS TRUE)) IN (("") IS NOT TRUE) ASC) as result WHERE result.ref0 IS NULL;
SELECT DISTINCTROW t0.c0 AS ref0 FROM t0 WHERE ((IFNULL(t0.c0, '%\rm?*')) LIKE ((COALESCE(1957929622, "9mA")) <= ((-1247939986) != (NULL)))) IS UNKNOWN ORDER BY CAST( EXISTS (SELECT 1 wHERE FALSE) AS SIGNED);
SELECT * FROM (SELECT DISTINCTROW t0.c0 AS ref0 FROM t0 WHERE ((IFNULL(t0.c0, '%\rm?*')) LIKE ((COALESCE(1957929622, "9mA")) <= ((-1247939986) != (NULL)))) IS UNKNOWN ORDER BY CAST( EXISTS (SELECT 1 wHERE FALSE) AS SIGNED)) as result WHERE result.ref0 IS NULL;
