--java.lang.AssertionError: SELECT * FROM (SELECT ALL SQL_SMALL_RESULT SQL_NO_CACHE STRAIGHT_JOIN t1.c0 AS ref0, t0.c0 AS ref1 FROM t1, t0 WHERE (((t1.c0) OR (-910506385)) IN (471518418)) >= (t0.c0) GROUP BY t1.c0, t0.c0 ORDER BY ( EXISTS (SELECT 1 wHERE FALSE)) IS FALSE LIMIT 2147483647 OFFSET 0) as result WHERE result.ref0 = -128 AND result.ref1 = 0;
--	at sqlancer.common.query.SQLQueryAdapter.checkException(SQLQueryAdapter.java:111)
--	at sqlancer.common.query.SQLQueryAdapter.executeAndGet(SQLQueryAdapter.java:141)
--	at sqlancer.common.oracle.PivotedQuerySynthesisBase.containsRows(PivotedQuerySynthesisBase.java:67)
--	at sqlancer.common.oracle.PivotedQuerySynthesisBase.check(PivotedQuerySynthesisBase.java:49)
--	at sqlancer.ProviderAdapter.generateAndTestDatabase(ProviderAdapter.java:61)
--	at sqlancer.Main$DBMSExecutor.run(Main.java:364)
--	at sqlancer.Main$2.run(Main.java:559)
--	at sqlancer.Main$2.runThread(Main.java:541)
--	at sqlancer.Main$2.run(Main.java:532)
--	at java.base/java.util.concurrent.ThreadPoolExecutor.runWorker(ThreadPoolExecutor.java:1128)
--	at java.base/java.util.concurrent.ThreadPoolExecutor$Worker.run(ThreadPoolExecutor.java:628)
--	at java.base/java.lang.Thread.run(Thread.java:829)
--Caused by: java.sql.SQLException: Memory capacity exceeded (capacity 8388608 bytes)
--	at com.mysql.cj.jdbc.exceptions.SQLError.createSQLException(SQLError.java:129)
--	at com.mysql.cj.jdbc.exceptions.SQLExceptionsMapping.translateException(SQLExceptionsMapping.java:122)
--	at com.mysql.cj.jdbc.StatementImpl.executeQuery(StatementImpl.java:1200)
--	at sqlancer.common.query.SQLQueryAdapter.executeAndGet(SQLQueryAdapter.java:131)
--	... 10 more
---- Time: 2023/06/04 02:50:57
-- Database: database6
-- Database version: 8.0.33
-- seed value: 1685824446391
DROP DATABASE IF EXISTS database6;
CREATE DATABASE database6;
USE database6;
CREATE TABLE t0(c0 MEDIUMINT  PRIMARY KEY UNIQUE KEY COLUMN_FORMAT FIXED STORAGE DISK NOT NULL COMMENT 'asdf' ) ;
CREATE TABLE t1(c0 TINYINT  PRIMARY KEY UNIQUE KEY STORAGE DISK COMMENT 'asdf'  COLUMN_FORMAT DYNAMIC NOT NULL) ;
REPLACE INTO t0(c0) VALUES(0);
CREATE UNIQUE INDEX i0 USING BTREE ON t1(c0);
INSERT IGNORE INTO t1(c0) VALUES('-696928119');
INSERT HIGH_PRIORITY INTO t0(c0) VALUES(294559130), ('rU}Ec?'), ('mek');
REPLACE DELAYED INTO t0(c0) VALUES(-379054107);
INSERT IGNORE INTO t0(c0) VALUES("7?~jv]+C");
REPLACE LOW_PRIORITY INTO t0(c0) VALUES('*_?J-?ja');
INSERT IGNORE INTO t1(c0) VALUES(''), (NULL), (NULL);
DROP INDEX i0 ON t1 ALGORITHM=COPY;
INSERT LOW_PRIORITY INTO t1(c0) VALUES(2088770339);
REPLACE DELAYED INTO t0(c0) VALUES(1309343546), ('yAW??/>'), ('-2097285576');
REPLACE INTO t1(c0) VALUES(-2099627615);
REPLACE INTO t0(c0) VALUES(NULL);
INSERT IGNORE INTO t0(c0) VALUES(NULL);
REPLACE INTO t1(c0) VALUES(NULL);
INSERT IGNORE INTO t0(c0) VALUES(-158030237);
CHECK TABLE t1 MEDIUM FOR UPGRADE QUICK;
REPLACE INTO t0(c0) VALUES(-1536944921);
REPLACE DELAYED INTO t0(c0) VALUES(NULL);
INSERT LOW_PRIORITY INTO t1(c0) VALUES(NULL);
REPLACE LOW_PRIORITY INTO t1(c0) VALUES('');
REPLACE INTO t1(c0) VALUES(-205995098), ('^)'), (NULL);
INSERT LOW_PRIORITY IGNORE INTO t0(c0) VALUES('399041566');
REPLACE LOW_PRIORITY INTO t1(c0) VALUES(NULL);
REPLACE INTO t0(c0) VALUES("-1102043053");
REPLACE INTO t1(c0) VALUES(NULL);
INSERT DELAYED INTO t1(c0) VALUES("u'");
INSERT INTO t1(c0) VALUES(NULL);
INSERT IGNORE INTO t1(c0) VALUES("wt");
INSERT INTO t0(c0) VALUES(NULL);
INSERT INTO t1(c0) VALUES(NULL);
REPLACE INTO t1(c0) VALUES(1053108774);
INSERT HIGH_PRIORITY IGNORE INTO t1(c0) VALUES(NULL);
DELETE IGNORE FROM t0;
INSERT INTO t0(c0) VALUES(NULL), (NULL), (975392297);
INSERT DELAYED IGNORE INTO t1(c0) VALUES(1111129629);
INSERT INTO t0(c0) VALUES(104646057);
REPLACE INTO t0(c0) VALUES("993226207");
INSERT LOW_PRIORITY IGNORE INTO t1(c0) VALUES('');
DELETE LOW_PRIORITY IGNORE FROM t0;
REPLACE LOW_PRIORITY INTO t1(c0) VALUES(NULL);
REPLACE LOW_PRIORITY INTO t0(c0) VALUES(NULL);
INSERT LOW_PRIORITY INTO t0(c0) VALUES("B");
INSERT DELAYED INTO t0(c0) VALUES('-324525544');
INSERT DELAYED IGNORE INTO t0(c0) VALUES(NULL);
CREATE UNIQUE INDEX i1 USING BTREE ON t1((t1.c0), ((CAST((NULL) NOT IN (t1.c0) AS SIGNED)) IS TRUE)) ALGORITHM= DEFAULT;
CREATE UNIQUE INDEX i83 ON t1((( EXISTS (SELECT 1 wHERE FALSE)) IS NOT FALSE));
CREATE UNIQUE INDEX i0 ON t0(((((t0.c0) IN (t0.c0, t0.c0)) >= ((t0.c0) <= (1636922800))) IS NOT FALSE));
ANALYZE  TABLE t0 UPDATE HISTOGRAM ON c0 WITH 958 BUCKETS;
REPLACE INTO t0(c0) VALUES(NULL);
REPLACE DELAYED INTO t1(c0) VALUES(NULL);
INSERT DELAYED IGNORE INTO t0(c0) VALUES(NULL), (NULL), (NULL);
REPLACE DELAYED INTO t0(c0) VALUES("T|");
INSERT DELAYED IGNORE INTO t0(c0) VALUES(NULL);
REPLACE DELAYED INTO t0(c0) VALUES('/m?1Z');
INSERT LOW_PRIORITY INTO t0(c0) VALUES(1369377638);
INSERT DELAYED INTO t0(c0) VALUES(NULL);
INSERT HIGH_PRIORITY INTO t1(c0) VALUES(-625892187);
REPLACE LOW_PRIORITY INTO t1(c0) VALUES(-201566023);
INSERT DELAYED INTO t0(c0) VALUES(-186590453);
INSERT DELAYED INTO t1(c0) VALUES(1150176746), (""), ('BweOClb');
REPLACE LOW_PRIORITY INTO t0(c0) VALUES(NULL);
REPLACE LOW_PRIORITY INTO t0(c0) VALUES(NULL);
INSERT LOW_PRIORITY INTO t1(c0) VALUES(NULL);
REPLACE INTO t0(c0) VALUES(-1037711940);
INSERT DELAYED IGNORE INTO t1(c0) VALUES(NULL);
INSERT INTO t1(c0) VALUES('x(''?');
INSERT DELAYED INTO t1(c0) VALUES(-770030028);
REPLACE INTO t1(c0) VALUES(2062440671);
INSERT HIGH_PRIORITY IGNORE INTO t1(c0) VALUES(2123791257);
SET SESSION sql_buffer_result = OFF;
DELETE LOW_PRIORITY QUICK IGNORE FROM t0;
INSERT INTO t0(c0) VALUES(NULL);
INSERT INTO t0(c0) VALUES(-85125122);
REPLACE LOW_PRIORITY INTO t1(c0) VALUES('~03?Ki1y');
REPLACE DELAYED INTO t0(c0) VALUES(1450002834);
REPLACE INTO t0(c0) VALUES("");
REPLACE INTO t1(c0) VALUES(170272273);
REPLACE INTO t0(c0) VALUES(NULL);
INSERT IGNORE INTO t1(c0) VALUES("993226207");
DELETE IGNORE FROM t1;
SET SESSION range_alloc_block_size = 4006265850085921276;
INSERT IGNORE INTO t0(c0) VALUES(NULL), (NULL), ("gY\rEa");
SET SESSION sql_auto_is_null = ON;
INSERT IGNORE INTO t0(c0) VALUES(-176464712), (NULL), (-2002723285);
REPLACE DELAYED INTO t1(c0) VALUES(-263697059);
INSERT INTO t1(c0) VALUES(1291478100);
INSERT IGNORE INTO t0(c0) VALUES("g?Xv pa~N");
INSERT IGNORE INTO t1(c0) VALUES(-1273305215);
DELETE QUICK IGNORE FROM t0;
REPLACE INTO t0(c0) VALUES(NULL);
REPLACE DELAYED INTO t0(c0) VALUES(NULL);
REPLACE DELAYED INTO t0(c0) VALUES('-674604143');
INSERT DELAYED IGNORE INTO t0(c0) VALUES('');
INSERT LOW_PRIORITY INTO t1(c0) VALUES(NULL);
REPLACE LOW_PRIORITY INTO t0(c0) VALUES(-2066793578);
REPLACE INTO t1(c0) VALUES(NULL);
REPLACE DELAYED INTO t0(c0) VALUES(NULL);
REPLACE DELAYED INTO t0(c0) VALUES("JLU!M");
REPLACE INTO t1(c0) VALUES(-1102043053);
REPLACE LOW_PRIORITY INTO t1(c0) VALUES(NULL), (NULL), (NULL);
INSERT DELAYED INTO t0(c0) VALUES(NULL);
REPLACE INTO t0(c0) VALUES(1876058192), (NULL), (NULL), (-1881843198), (-2139960531);
INSERT HIGH_PRIORITY IGNORE INTO t0(c0) VALUES("");
REPLACE DELAYED INTO t1(c0) VALUES('6m?lGc%nI'), ("2123791257"), ("'X-v+#");
REPLACE DELAYED INTO t0(c0) VALUES(613170361);
INSERT DELAYED IGNORE INTO t0(c0) VALUES(''), ("F?'*O"), (NULL);
REPLACE LOW_PRIORITY INTO t0(c0) VALUES("GIMX,");
INSERT INTO t1(c0) VALUES(NULL);
REPLACE LOW_PRIORITY INTO t1(c0) VALUES(NULL);
REPLACE INTO t0(c0) VALUES(NULL);
INSERT INTO t0(c0) VALUES(-542038389);
REPLACE INTO t0(c0) VALUES(1296570003);
INSERT IGNORE INTO t0(c0) VALUES(">{)i3x8m");
INSERT INTO t1(c0) VALUES("C.?*M\r");
REPLACE DELAYED INTO t1(c0) VALUES('-379054107'), ("6y M3RU"), (-532979963), (-1196439181), (NULL);
REPLACE LOW_PRIORITY INTO t0(c0) VALUES("");
INSERT IGNORE INTO t1(c0) VALUES(1636922800), (''), ('?*');
SET SESSION sql_buffer_result = OFF;
REPLACE INTO t0(c0) VALUES(-1211399913);
INSERT DELAYED IGNORE INTO t1(c0) VALUES(788928677), ("cJ"), (NULL);
CREATE UNIQUE INDEX i1 USING BTREE ON t1(c0 ASC) VISIBLE;
SELECT * FROM (SELECT ALL SQL_SMALL_RESULT SQL_NO_CACHE STRAIGHT_JOIN t1.c0 AS ref0, t0.c0 AS ref1 FROM t1, t0 WHERE (((t1.c0) OR (-910506385)) IN (471518418)) >= (t0.c0) GROUP BY t1.c0, t0.c0 ORDER BY ( EXISTS (SELECT 1 wHERE FALSE)) IS FALSE LIMIT 2147483647 OFFSET 0) as result WHERE result.ref0 = -128 AND result.ref1 = 0;
