--java.lang.AssertionError: SELECT * FROM (SELECT DISTINCTROW SQL_NO_CACHE SQL_BIG_RESULT SQL_SMALL_RESULT t1.c0 AS ref0, t0.c0 AS ref1 FROM t1, t0 WHERE (t0.c0) >= ((('!?') IS TRUE) OR (BIT_COUNT(t1.c0))) ORDER BY ( EXISTS (SELECT 1 wHERE FALSE)) = (((-956309537) < (1713454931)) OR ( EXISTS (SELECT 1 wHERE FALSE))) DESC LIMIT 2147483647 OFFSET 0) as result WHERE result.ref0 = 0 AND result.ref1 = 0;
--	at sqlancer.common.query.SQLQueryAdapter.checkException(SQLQueryAdapter.java:111)
--	at sqlancer.common.query.SQLQueryAdapter.executeAndGet(SQLQueryAdapter.java:141)
--	at sqlancer.common.oracle.PivotedQuerySynthesisBase.containsRows(PivotedQuerySynthesisBase.java:67)
--	at sqlancer.common.oracle.PivotedQuerySynthesisBase.check(PivotedQuerySynthesisBase.java:49)
--	at sqlancer.ProviderAdapter.generateAndTestDatabase(ProviderAdapter.java:61)
--	at sqlancer.Main$DBMSExecutor.run(Main.java:364)
--	at sqlancer.Main$2.run(Main.java:559)
--	at sqlancer.Main$2.runThread(Main.java:541)
--	at sqlancer.Main$2.run(Main.java:532)
--	at java.base/java.util.concurrent.ThreadPoolExecutor.runWorker(ThreadPoolExecutor.java:1128)
--	at java.base/java.util.concurrent.ThreadPoolExecutor$Worker.run(ThreadPoolExecutor.java:628)
--	at java.base/java.lang.Thread.run(Thread.java:829)
--Caused by: java.sql.SQLException: Memory capacity exceeded (capacity 8388608 bytes)
--	at com.mysql.cj.jdbc.exceptions.SQLError.createSQLException(SQLError.java:129)
--	at com.mysql.cj.jdbc.exceptions.SQLExceptionsMapping.translateException(SQLExceptionsMapping.java:122)
--	at com.mysql.cj.jdbc.StatementImpl.executeQuery(StatementImpl.java:1200)
--	at sqlancer.common.query.SQLQueryAdapter.executeAndGet(SQLQueryAdapter.java:131)
--	... 10 more
---- Time: 2023/06/03 22:39:20
-- Database: database4
-- Database version: 8.0.33
-- seed value: 1685824446388
DROP DATABASE IF EXISTS database4;
CREATE DATABASE database4;
USE database4;
CREATE TABLE t0(c0 BIGINT  STORAGE MEMORY UNIQUE COMMENT 'asdf'  PRIMARY KEY NOT NULL) ;
CREATE TABLE IF NOT EXISTS t1 LIKE t0;
INSERT DELAYED IGNORE INTO t1(c0) VALUES("omT?7");
INSERT INTO t0(c0) VALUES(NULL), (1468621455), (NULL);
INSERT DELAYED IGNORE INTO t1(c0) VALUES("y9]	*");
CREATE UNIQUE INDEX i0 USING HASH ON t1(c0);
INSERT IGNORE INTO t1(c0) VALUES(2113802844);
select TABLE_NAME, ENGINE from information_schema.TABLES where table_schema = 'database4';
SET SESSION range_alloc_block_size = 7780551616594097756;
TRUNCATE TABLE t0;
INSERT INTO t1(c0) VALUES(NULL);
REPLACE DELAYED INTO t0(c0) VALUES(NULL);
INSERT LOW_PRIORITY IGNORE INTO t0(c0) VALUES(NULL);
select TABLE_NAME, ENGINE from information_schema.TABLES where table_schema = 'database4';
DELETE LOW_PRIORITY IGNORE FROM t1;
SET SESSION autocommit = 1;
SET SESSION autocommit = 1;
DROP INDEX `PRIMARY` ON t0 LOCK=DEFAULT;
CREATE UNIQUE INDEX i1 USING HASH ON t0((CAST(1187180385 AS SIGNED))) INVISIBLE;
REPLACE INTO t1(c0) VALUES(NULL);
INSERT INTO t0(c0) VALUES(588701084);
INSERT HIGH_PRIORITY IGNORE INTO t1(c0) VALUES('x');
SET SESSION parser_max_mem_size = 1923061076262464107;
SELECT * FROM (SELECT DISTINCTROW SQL_NO_CACHE SQL_BIG_RESULT SQL_SMALL_RESULT t1.c0 AS ref0, t0.c0 AS ref1 FROM t1, t0 WHERE (t0.c0) >= ((('!?') IS TRUE) OR (BIT_COUNT(t1.c0))) ORDER BY ( EXISTS (SELECT 1 wHERE FALSE)) = (((-956309537) < (1713454931)) OR ( EXISTS (SELECT 1 wHERE FALSE))) DESC LIMIT 2147483647 OFFSET 0) as result WHERE result.ref0 = 0 AND result.ref1 = 0;
