--java.lang.AssertionError: SELECT * FROM (SELECT ALL SQL_BIG_RESULT SQL_NO_CACHE STRAIGHT_JOIN t0.c0 AS ref0, t1.c0 AS ref1 FROM t0, t1 WHERE (t1.c0) < ((+ (CAST(t0.c0 AS SIGNED)))) ORDER BY (NULL) IS UNKNOWN DESC LIMIT 2147483647) as result WHERE result.ref0 = 665107428 AND result.ref1 = -1454702924;
--	at sqlancer.common.query.SQLQueryAdapter.checkException(SQLQueryAdapter.java:111)
--	at sqlancer.common.query.SQLQueryAdapter.executeAndGet(SQLQueryAdapter.java:141)
--	at sqlancer.common.oracle.PivotedQuerySynthesisBase.containsRows(PivotedQuerySynthesisBase.java:67)
--	at sqlancer.common.oracle.PivotedQuerySynthesisBase.check(PivotedQuerySynthesisBase.java:49)
--	at sqlancer.ProviderAdapter.generateAndTestDatabase(ProviderAdapter.java:61)
--	at sqlancer.Main$DBMSExecutor.run(Main.java:364)
--	at sqlancer.Main$2.run(Main.java:559)
--	at sqlancer.Main$2.runThread(Main.java:541)
--	at sqlancer.Main$2.run(Main.java:532)
--	at java.base/java.util.concurrent.ThreadPoolExecutor.runWorker(ThreadPoolExecutor.java:1128)
--	at java.base/java.util.concurrent.ThreadPoolExecutor$Worker.run(ThreadPoolExecutor.java:628)
--	at java.base/java.lang.Thread.run(Thread.java:829)
--Caused by: java.sql.SQLException: Memory capacity exceeded (capacity 8388608 bytes)
--	at com.mysql.cj.jdbc.exceptions.SQLError.createSQLException(SQLError.java:129)
--	at com.mysql.cj.jdbc.exceptions.SQLExceptionsMapping.translateException(SQLExceptionsMapping.java:122)
--	at com.mysql.cj.jdbc.StatementImpl.executeQuery(StatementImpl.java:1200)
--	at sqlancer.common.query.SQLQueryAdapter.executeAndGet(SQLQueryAdapter.java:131)
--	... 10 more
---- Time: 2023/06/04 04:56:44
-- Database: database12
-- Database version: 8.0.33
-- seed value: 1685824446406
DROP DATABASE IF EXISTS database12;
CREATE DATABASE database12;
USE database12;
CREATE TABLE t0(c0 INT(228)  UNIQUE ) ;
CREATE TABLE t1 LIKE t0;
REPLACE INTO t1(c0) VALUES("S"), (NULL), ("");
REPLACE DELAYED INTO t1(c0) VALUES(NULL);
DELETE FROM t1 WHERE t1.c0;
CHECKSUM TABLE t1, t0 QUICK;
INSERT LOW_PRIORITY IGNORE INTO t0(c0) VALUES(295895017);
REPLACE DELAYED INTO t0(c0) VALUES(NULL);
select TABLE_NAME, ENGINE from information_schema.TABLES where table_schema = 'database12';
DELETE QUICK FROM t0 WHERE -1582066135;
ALTER TABLE t0 DELAY_KEY_WRITE 1, ROW_FORMAT COMPRESSED, FORCE, COMPRESSION 'ZLIB', ALGORITHM DEFAULT, INSERT_METHOD FIRST, CHECKSUM 0, DISABLE KEYS, PACK_KEYS 1;
ALTER TABLE t1 CHECKSUM 0, COMPRESSION 'NONE', RENAME TO t0, DELAY_KEY_WRITE 0, ROW_FORMAT DEFAULT, INSERT_METHOD LAST, FORCE, ALGORITHM INSTANT, STATS_AUTO_RECALC 1, STATS_PERSISTENT DEFAULT, ENABLE KEYS;
ALTER TABLE t0 INSERT_METHOD FIRST, COMPRESSION 'LZ4', STATS_PERSISTENT 0, CHECKSUM 0, STATS_AUTO_RECALC 0, ALGORITHM INSTANT, ROW_FORMAT COMPACT, PACK_KEYS 1, FORCE, RENAME AS t0, DELAY_KEY_WRITE 0;
ALTER TABLE t0 RENAME TO t0, STATS_PERSISTENT DEFAULT, DISABLE KEYS, COMPRESSION 'ZLIB', PACK_KEYS DEFAULT, STATS_AUTO_RECALC 0, INSERT_METHOD NO;
DELETE FROM t0;
SET SESSION range_alloc_block_size = 2643888745431662917;
INSERT INTO t1(c0) VALUES(NULL);
REPLACE INTO t1(c0) VALUES(NULL);
REPLACE LOW_PRIORITY INTO t1(c0) VALUES(-1267703116);
select TABLE_NAME, ENGINE from information_schema.TABLES where table_schema = 'database12';
DELETE QUICK FROM t1 WHERE CAST(CAST(NULL AS SIGNED) AS SIGNED);
REPLACE INTO t1(c0) VALUES(NULL);
INSERT LOW_PRIORITY IGNORE INTO t0(c0) VALUES(NULL);
INSERT HIGH_PRIORITY INTO t0(c0) VALUES('');
REPLACE INTO t0(c0) VALUES(""), (-1498396847), (-276095238);
REPLACE DELAYED INTO t1(c0) VALUES(972878383);
INSERT HIGH_PRIORITY IGNORE INTO t0(c0) VALUES(NULL);
select TABLE_NAME, ENGINE from information_schema.TABLES where table_schema = 'database12';
INSERT INTO t0(c0) VALUES(NULL);
ALTER TABLE t1 COMPRESSION 'NONE', FORCE, PACK_KEYS 0, DELAY_KEY_WRITE 1, ENABLE KEYS;
INSERT IGNORE INTO t0(c0) VALUES("&#");
INSERT IGNORE INTO t0(c0) VALUES(NULL);
select TABLE_NAME, ENGINE from information_schema.TABLES where table_schema = 'database12';
REPLACE LOW_PRIORITY INTO t0(c0) VALUES(-2019122300);
INSERT INTO t1(c0) VALUES("");
REPLACE INTO t1(c0) VALUES(""), (898294722), (NULL);
INSERT IGNORE INTO t1(c0) VALUES('F9Y');
REPLACE INTO t0(c0) VALUES("");
REPLACE INTO t1(c0) VALUES("");
INSERT DELAYED INTO t1(c0) VALUES(-1337305567);
CREATE UNIQUE INDEX i0 ON t1(((NOT (-1322234228)))) INVISIBLE;
CREATE INDEX i0 ON t0((((+ ( EXISTS (SELECT 1)))) AND (t0.c0))) INVISIBLE ALGORITHM= DEFAULT;
CREATE INDEX i67 USING BTREE ON t1(c0) ALGORITHM= DEFAULT;
SET SESSION query_prealloc_size = 5290641920724044451;
REPLACE LOW_PRIORITY INTO t0(c0) VALUES("?F-)"), ('ak'), (NULL);
INSERT HIGH_PRIORITY INTO t0(c0) VALUES(NULL), (""), (967591781);
INSERT INTO t0(c0) VALUES("SCI6I}");
REPLACE DELAYED INTO t0(c0) VALUES('iQ]?>#	/');
REPLACE INTO t0(c0) VALUES(NULL);
ANALYZE  TABLE t0;
REPLACE INTO t1(c0) VALUES(-1454702924);
DELETE FROM t0;
INSERT LOW_PRIORITY IGNORE INTO t1(c0) VALUES(-1964438600);
INSERT INTO t0(c0) VALUES("");
INSERT IGNORE INTO t1(c0) VALUES("??K");
CREATE UNIQUE INDEX i0 USING BTREE ON t1(c0) ALGORITHM COPY;
REPLACE INTO t1(c0) VALUES(1212575724);
REPLACE DELAYED INTO t0(c0) VALUES(665107428);
CREATE INDEX i1 USING HASH ON t1((t1.c0));
CREATE UNIQUE INDEX i1 ON t0(((("") AND (CAST(t0.c0 AS SIGNED))) < ("L)FPDW")));
CREATE UNIQUE INDEX i1 ON t0(c0 DESC);
REPLACE INTO t1(c0) VALUES('%}WZG');
REPLACE LOW_PRIORITY INTO t1(c0) VALUES(-2021150252);
REPLACE LOW_PRIORITY INTO t0(c0) VALUES('');
REPLACE INTO t1(c0) VALUES(-81548885);
INSERT IGNORE INTO t0(c0) VALUES(NULL);
SELECT * FROM (SELECT ALL SQL_BIG_RESULT SQL_NO_CACHE STRAIGHT_JOIN t0.c0 AS ref0, t1.c0 AS ref1 FROM t0, t1 WHERE (t1.c0) < ((+ (CAST(t0.c0 AS SIGNED)))) ORDER BY (NULL) IS UNKNOWN DESC LIMIT 2147483647) as result WHERE result.ref0 = 665107428 AND result.ref1 = -1454702924;
