--java.lang.AssertionError: SELECT * FROM (SELECT DISTINCT STRAIGHT_JOIN SQL_BIG_RESULT SQL_NO_CACHE t0.c0 AS ref0, t1.c0 AS ref1 FROM t0, t1 WHERE (t1.c0) > (BIT_COUNT(t0.c0)) ORDER BY (CAST(CAST(t1.c0 AS SIGNED) AS SIGNED)) IS NULL LIMIT 2147483647) as result WHERE result.ref0 = "o	E,zkL" AND result.ref1 = 719965816;
--	at sqlancer.common.query.SQLQueryAdapter.checkException(SQLQueryAdapter.java:111)
--	at sqlancer.common.query.SQLQueryAdapter.executeAndGet(SQLQueryAdapter.java:141)
--	at sqlancer.common.oracle.PivotedQuerySynthesisBase.containsRows(PivotedQuerySynthesisBase.java:67)
--	at sqlancer.common.oracle.PivotedQuerySynthesisBase.check(PivotedQuerySynthesisBase.java:49)
--	at sqlancer.ProviderAdapter.generateAndTestDatabase(ProviderAdapter.java:61)
--	at sqlancer.Main$DBMSExecutor.run(Main.java:364)
--	at sqlancer.Main$2.run(Main.java:559)
--	at sqlancer.Main$2.runThread(Main.java:541)
--	at sqlancer.Main$2.run(Main.java:532)
--	at java.base/java.util.concurrent.ThreadPoolExecutor.runWorker(ThreadPoolExecutor.java:1128)
--	at java.base/java.util.concurrent.ThreadPoolExecutor$Worker.run(ThreadPoolExecutor.java:628)
--	at java.base/java.lang.Thread.run(Thread.java:829)
--Caused by: java.sql.SQLException: Memory capacity exceeded (capacity 8388608 bytes)
--	at com.mysql.cj.jdbc.exceptions.SQLError.createSQLException(SQLError.java:129)
--	at com.mysql.cj.jdbc.exceptions.SQLExceptionsMapping.translateException(SQLExceptionsMapping.java:122)
--	at com.mysql.cj.jdbc.StatementImpl.executeQuery(StatementImpl.java:1200)
--	at sqlancer.common.query.SQLQueryAdapter.executeAndGet(SQLQueryAdapter.java:131)
--	... 10 more
---- Time: 2023/06/04 05:41:22
-- Database: database10
-- Database version: 8.0.33
-- seed value: 1685824446403
DROP DATABASE IF EXISTS database10;
CREATE DATABASE database10;
USE database10;
CREATE TABLE t0(c0 VARCHAR(500)  NULL) ;
CREATE TABLE t1(c0 INT  STORAGE MEMORY UNIQUE KEY COMMENT 'asdf'  PRIMARY KEY NOT NULL COLUMN_FORMAT DEFAULT) ;
REPLACE LOW_PRIORITY INTO t1(c0) VALUES(NULL);
CHECK TABLE t0, t1 FOR UPGRADE MEDIUM EXTENDED QUICK CHANGED FAST;
DELETE LOW_PRIORITY FROM t1;
CREATE UNIQUE INDEX i0 USING BTREE ON t0(c0 ASC) ALGORITHM INPLACE;
INSERT IGNORE INTO t1(c0) VALUES(NULL), (719965816), (''), (""), ('[r');
DELETE FROM t0;
INSERT LOW_PRIORITY INTO t1(c0) VALUES(NULL), (NULL), (75936214);
INSERT IGNORE INTO t1(c0) VALUES(-779328073);
REPLACE LOW_PRIORITY INTO t1(c0) VALUES(NULL);
REPLACE DELAYED INTO t1(c0) VALUES(NULL);
INSERT LOW_PRIORITY INTO t0(c0) VALUES('-1853491904');
REPLACE DELAYED INTO t0(c0) VALUES('-1675335944');
INSERT LOW_PRIORITY INTO t1(c0) VALUES('(lV2');
REPLACE DELAYED INTO t0(c0) VALUES(NULL);
DELETE LOW_PRIORITY IGNORE FROM t0;
CREATE UNIQUE INDEX i1 ON t0(c0 ASC);
INSERT IGNORE INTO t1(c0) VALUES("-A");
REPLACE DELAYED INTO t1(c0) VALUES(381738015);
REPLACE INTO t1(c0) VALUES(NULL);
INSERT LOW_PRIORITY IGNORE INTO t0(c0) VALUES(NULL);
REPLACE INTO t0(c0) VALUES("]!"), (-1806928829), (NULL);
REPLACE INTO t0(c0) VALUES(-2035503824);
REPLACE INTO t0(c0) VALUES(NULL);
select TABLE_NAME, ENGINE from information_schema.TABLES where table_schema = 'database10';
REPLACE DELAYED INTO t0(c0) VALUES(NULL);
INSERT HIGH_PRIORITY INTO t1(c0) VALUES('%0\r<e?v8E');
INSERT LOW_PRIORITY IGNORE INTO t0(c0) VALUES(1664192992);
REPLACE DELAYED INTO t1(c0) VALUES(2038004286), (14969783), (NULL);
REPLACE DELAYED INTO t0(c0) VALUES(527027637);
ALTER TABLE t0 STATS_PERSISTENT DEFAULT, COMPRESSION 'NONE', RENAME t4, ROW_FORMAT REDUNDANT, PACK_KEYS DEFAULT, STATS_AUTO_RECALC 0, DELAY_KEY_WRITE 1, INSERT_METHOD LAST, CHECKSUM 0, ALGORITHM DEFAULT, DISABLE KEYS, FORCE;
ALTER TABLE t0 PACK_KEYS DEFAULT, STATS_PERSISTENT DEFAULT, ALGORITHM INPLACE, COMPRESSION 'NONE', DELAY_KEY_WRITE 1, RENAME AS t2, CHECKSUM 1, STATS_AUTO_RECALC 0, DISABLE KEYS, INSERT_METHOD NO;
ALTER TABLE t1 COMPRESSION 'LZ4', DELAY_KEY_WRITE 1, RENAME t0, ALGORITHM DEFAULT, STATS_AUTO_RECALC 1, CHECKSUM 0;
ALTER TABLE t0 ROW_FORMAT DYNAMIC, CHECKSUM 1;
INSERT INTO t0(c0) VALUES("j'X"), ('o	E,zkL'), (NULL), (1015427654), ('}3Reu');
DELETE LOW_PRIORITY QUICK FROM t0 WHERE ( EXISTS (SELECT 1)) XOR (CAST(-1877281891 AS SIGNED));
ALTER TABLE t1 RENAME t2, COMPRESSION 'LZ4', ALGORITHM INSTANT;
ALTER TABLE t0 ALGORITHM COPY, ROW_FORMAT COMPRESSED, STATS_PERSISTENT DEFAULT, ENABLE KEYS;
select TABLE_NAME, ENGINE from information_schema.TABLES where table_schema = 'database10';
INSERT HIGH_PRIORITY IGNORE INTO t0(c0) VALUES(-1023124775), (NULL), (NULL), ("2'q"), (-1894077924);
REPLACE INTO t0(c0) VALUES(NULL);
REPLACE LOW_PRIORITY INTO t1(c0) VALUES("RJ");
REPLACE DELAYED INTO t1(c0) VALUES('?*?OwOf');
INSERT HIGH_PRIORITY IGNORE INTO t1(c0) VALUES(NULL);
SET SESSION range_alloc_block_size = 5647398202714365529;
select TABLE_NAME, ENGINE from information_schema.TABLES where table_schema = 'database10';
REPLACE DELAYED INTO t1(c0) VALUES(-470140181);
CREATE UNIQUE INDEX i2 USING BTREE ON t1(c0) VISIBLE;
REPLACE LOW_PRIORITY INTO t1(c0) VALUES(-207122660);
SELECT * FROM (SELECT DISTINCT STRAIGHT_JOIN SQL_BIG_RESULT SQL_NO_CACHE t0.c0 AS ref0, t1.c0 AS ref1 FROM t0, t1 WHERE (t1.c0) > (BIT_COUNT(t0.c0)) ORDER BY (CAST(CAST(t1.c0 AS SIGNED) AS SIGNED)) IS NULL LIMIT 2147483647) as result WHERE result.ref0 = "o	E,zkL" AND result.ref1 = 719965816;
