--java.lang.AssertionError: SELECT * FROM (SELECT DISTINCTROW SQL_NO_CACHE t1.c0 AS ref0, t0.c0 AS ref1 FROM t1, t0 WHERE (! ((t0.c0) > (((NULL) && (t1.c0)) IS TRUE))) GROUP BY t1.c0, t0.c0 ORDER BY COALESCE(("36974346") && (t0.c0),  EXISTS (SELECT 1), (+ (633662341)), (t1.c0) IS NOT UNKNOWN,  EXISTS (SELECT 1 wHERE FALSE), t1.c0) LIMIT 2147483647) as result WHERE result.ref0 IS NULL AND result.ref1 = 0;
--	at sqlancer.common.query.SQLQueryAdapter.checkException(SQLQueryAdapter.java:111)
--	at sqlancer.common.query.SQLQueryAdapter.executeAndGet(SQLQueryAdapter.java:141)
--	at sqlancer.common.oracle.PivotedQuerySynthesisBase.containsRows(PivotedQuerySynthesisBase.java:67)
--	at sqlancer.common.oracle.PivotedQuerySynthesisBase.check(PivotedQuerySynthesisBase.java:49)
--	at sqlancer.ProviderAdapter.generateAndTestDatabase(ProviderAdapter.java:61)
--	at sqlancer.Main$DBMSExecutor.run(Main.java:364)
--	at sqlancer.Main$2.run(Main.java:559)
--	at sqlancer.Main$2.runThread(Main.java:541)
--	at sqlancer.Main$2.run(Main.java:532)
--	at java.base/java.util.concurrent.ThreadPoolExecutor.runWorker(ThreadPoolExecutor.java:1128)
--	at java.base/java.util.concurrent.ThreadPoolExecutor$Worker.run(ThreadPoolExecutor.java:628)
--	at java.base/java.lang.Thread.run(Thread.java:829)
--Caused by: java.sql.SQLException: Memory capacity exceeded (capacity 8388608 bytes)
--	at com.mysql.cj.jdbc.exceptions.SQLError.createSQLException(SQLError.java:129)
--	at com.mysql.cj.jdbc.exceptions.SQLExceptionsMapping.translateException(SQLExceptionsMapping.java:122)
--	at com.mysql.cj.jdbc.StatementImpl.executeQuery(StatementImpl.java:1200)
--	at sqlancer.common.query.SQLQueryAdapter.executeAndGet(SQLQueryAdapter.java:131)
--	... 10 more
---- Time: 2023/06/01 13:52:08
-- Database: database6
-- Database version: 8.0.33
-- seed value: 1685617329531
DROP DATABASE IF EXISTS database6;
CREATE DATABASE database6;
USE database6;
CREATE TABLE t0(c0 BIGINT  COLUMN_FORMAT FIXED  COMMENT 'asdf'  UNIQUE KEY) ;
CREATE TABLE t1 LIKE t0;
CREATE TABLE t2 LIKE t0;
REPLACE LOW_PRIORITY INTO t1(c0) VALUES(NULL);
INSERT LOW_PRIORITY IGNORE INTO t2(c0) VALUES('');
REPLACE LOW_PRIORITY INTO t2(c0) VALUES(NULL);
ALTER TABLE t1 STATS_PERSISTENT 1;
TRUNCATE TABLE t1;
DELETE LOW_PRIORITY IGNORE FROM t0;
ANALYZE LOCAL TABLE t1 DROP HISTOGRAM ON c0;
REPLACE LOW_PRIORITY INTO t1(c0) VALUES(-259313737);
REPLACE INTO t2(c0) VALUES(NULL);
REPLACE DELAYED INTO t0(c0) VALUES(NULL);
REPLACE DELAYED INTO t0(c0) VALUES(NULL);
DROP INDEX c0 ON t2 ALGORITHM=DEFAULT LOCK=SHARED;
ALTER TABLE t1 CHECKSUM 1, STATS_PERSISTENT 0, DELAY_KEY_WRITE 0, FORCE, RENAME t0, ROW_FORMAT COMPRESSED;
ALTER TABLE t2 ROW_FORMAT DYNAMIC, INSERT_METHOD FIRST, RENAME t0;
ALTER TABLE t0 INSERT_METHOD LAST, COMPRESSION 'LZ4', ALGORITHM COPY, CHECKSUM 1, ENABLE KEYS, STATS_AUTO_RECALC 0;
INSERT LOW_PRIORITY INTO t2(c0) VALUES('2019569793');
select TABLE_NAME, ENGINE from information_schema.TABLES where table_schema = 'database6';
INSERT IGNORE INTO t2(c0) VALUES(504469380);
select TABLE_NAME, ENGINE from information_schema.TABLES where table_schema = 'database6';
SET SESSION max_sp_recursion_depth = 123;
SET SESSION range_alloc_block_size = 5292594332624413083;
select TABLE_NAME, ENGINE from information_schema.TABLES where table_schema = 'database6';
REPLACE LOW_PRIORITY INTO t0(c0) VALUES("");
REPLACE LOW_PRIORITY INTO t0(c0) VALUES(-1597759408), ('rh'), ("?");
INSERT IGNORE INTO t0(c0) VALUES("-1880600606");
REPLACE DELAYED INTO t1(c0) VALUES("?HNl?yi3");
REPLACE INTO t1(c0) VALUES(-1034290982);
INSERT IGNORE INTO t1(c0) VALUES(1297710902);
select TABLE_NAME, ENGINE from information_schema.TABLES where table_schema = 'database6';
select TABLE_NAME, ENGINE from information_schema.TABLES where table_schema = 'database6';
SET SESSION max_heap_table_size = 4978701506122102271;
SET SESSION bulk_insert_buffer_size = 3460160486703474523;
REPLACE LOW_PRIORITY INTO t2(c0) VALUES(1626631757);
INSERT DELAYED INTO t2(c0) VALUES('');
REPLACE INTO t2(c0) VALUES(NULL);
REPLACE LOW_PRIORITY INTO t1(c0) VALUES(NULL);
REPLACE INTO t2(c0) VALUES(NULL);
DELETE LOW_PRIORITY IGNORE FROM t1 WHERE CAST(t1.c0 AS SIGNED);
REPLACE DELAYED INTO t0(c0) VALUES(810866030);
DELETE LOW_PRIORITY FROM t0;
select TABLE_NAME, ENGINE from information_schema.TABLES where table_schema = 'database6';
INSERT IGNORE INTO t0(c0) VALUES("");
select TABLE_NAME, ENGINE from information_schema.TABLES where table_schema = 'database6';
SELECT * FROM (SELECT DISTINCTROW SQL_NO_CACHE t1.c0 AS ref0, t0.c0 AS ref1 FROM t1, t0 WHERE (! ((t0.c0) > (((NULL) && (t1.c0)) IS TRUE))) GROUP BY t1.c0, t0.c0 ORDER BY COALESCE(("36974346") && (t0.c0),  EXISTS (SELECT 1), (+ (633662341)), (t1.c0) IS NOT UNKNOWN,  EXISTS (SELECT 1 wHERE FALSE), t1.c0) LIMIT 2147483647) as result WHERE result.ref0 IS NULL AND result.ref1 = 0;
