--java.lang.AssertionError: SELECT * FROM (SELECT DISTINCTROW STRAIGHT_JOIN SQL_NO_CACHE SQL_BIG_RESULT SQL_SMALL_RESULT t1.c0 AS ref0, t0.c0 AS ref1 FROM t1, t0 WHERE (NOT (((('4^') IS FALSE) IN ((t1.c0) IS FALSE)) >= (t0.c0))) ORDER BY t0.c0 ASC, IFNULL("z*a)",  EXISTS (SELECT 1 wHERE FALSE)),  EXISTS (SELECT 1 wHERE FALSE) DESC LIMIT 2147483647) as result WHERE result.ref0 = 787037024 AND result.ref1 = 1016385711;
--	at sqlancer.common.query.SQLQueryAdapter.checkException(SQLQueryAdapter.java:111)
--	at sqlancer.common.query.SQLQueryAdapter.executeAndGet(SQLQueryAdapter.java:141)
--	at sqlancer.common.oracle.PivotedQuerySynthesisBase.containsRows(PivotedQuerySynthesisBase.java:67)
--	at sqlancer.common.oracle.PivotedQuerySynthesisBase.check(PivotedQuerySynthesisBase.java:49)
--	at sqlancer.ProviderAdapter.generateAndTestDatabase(ProviderAdapter.java:61)
--	at sqlancer.Main$DBMSExecutor.run(Main.java:364)
--	at sqlancer.Main$2.run(Main.java:559)
--	at sqlancer.Main$2.runThread(Main.java:541)
--	at sqlancer.Main$2.run(Main.java:532)
--	at java.base/java.util.concurrent.ThreadPoolExecutor.runWorker(ThreadPoolExecutor.java:1128)
--	at java.base/java.util.concurrent.ThreadPoolExecutor$Worker.run(ThreadPoolExecutor.java:628)
--	at java.base/java.lang.Thread.run(Thread.java:829)
--Caused by: java.sql.SQLException: Memory capacity exceeded (capacity 8388608 bytes)
--	at com.mysql.cj.jdbc.exceptions.SQLError.createSQLException(SQLError.java:129)
--	at com.mysql.cj.jdbc.exceptions.SQLExceptionsMapping.translateException(SQLExceptionsMapping.java:122)
--	at com.mysql.cj.jdbc.StatementImpl.executeQuery(StatementImpl.java:1200)
--	at sqlancer.common.query.SQLQueryAdapter.executeAndGet(SQLQueryAdapter.java:131)
--	... 10 more
---- Time: 2023/06/01 16:53:31
-- Database: database1
-- Database version: 8.0.33
-- seed value: 1685617329523
DROP DATABASE IF EXISTS database1;
CREATE DATABASE database1;
USE database1;
CREATE TABLE t0(c0 INT(74)  PRIMARY KEY COLUMN_FORMAT DEFAULT NOT NULL) KEY_BLOCK_SIZE = 10855, ENGINE = HEAP;
CREATE TABLE IF NOT EXISTS t1 LIKE t0;
REPLACE LOW_PRIORITY INTO t1(c0) VALUES(-1501385119), (-387324313), (1854101209);
INSERT IGNORE INTO t0(c0) VALUES(NULL);
REPLACE LOW_PRIORITY INTO t1(c0) VALUES(NULL), (431107750), (1792489135);
REPLACE DELAYED INTO t1(c0) VALUES(-1717170950), (326491459), (1031744727);
select TABLE_NAME, ENGINE from information_schema.TABLES where table_schema = 'database1';
REPLACE INTO t1(c0) VALUES('[!tHRm*');
REPLACE LOW_PRIORITY INTO t0(c0) VALUES(518793036);
DELETE LOW_PRIORITY FROM t1;
REPLACE INTO t0(c0) VALUES(NULL), ("'T0"), ('cEj]?2');
REPLACE INTO t1(c0) VALUES(-337504520);
DELETE QUICK FROM t0 WHERE  EXISTS (SELECT 1 wHERE FALSE);
DELETE LOW_PRIORITY QUICK FROM t1;
REPLACE DELAYED INTO t0(c0) VALUES(NULL);
REPLACE INTO t0(c0) VALUES('<');
REPLACE DELAYED INTO t1(c0) VALUES('A');
REPLACE DELAYED INTO t1(c0) VALUES(NULL);
INSERT DELAYED IGNORE INTO t0(c0) VALUES(NULL);
ALTER TABLE t0 STATS_AUTO_RECALC 1, PACK_KEYS 1, CHECKSUM 0, DELAY_KEY_WRITE 0, ROW_FORMAT DEFAULT;
select TABLE_NAME, ENGINE from information_schema.TABLES where table_schema = 'database1';
CREATE INDEX i0 ON t0(c0) VISIBLE ALGORITHM DEFAULT;
INSERT HIGH_PRIORITY INTO t0(c0) VALUES(NULL);
REPLACE DELAYED INTO t1(c0) VALUES(NULL), ('^F4?h'), (-1574578319);
INSERT INTO t1(c0) VALUES(NULL);
REPLACE INTO t1(c0) VALUES("_tfpa?7%");
INSERT LOW_PRIORITY IGNORE INTO t1(c0) VALUES(NULL);
INSERT DELAYED INTO t1(c0) VALUES('j\rz,0LF');
REPLACE INTO t0(c0) VALUES(-435443389), (NULL), (NULL);
SET SESSION range_alloc_block_size = 2342221819311441824;
REPLACE LOW_PRIORITY INTO t0(c0) VALUES(1505778021), ("?d*"), (418463298), (NULL), (-984079466);
INSERT LOW_PRIORITY INTO t1(c0) VALUES(-1697027258);
DELETE LOW_PRIORITY FROM t0 WHERE CAST((CAST(-721030419 AS SIGNED)) && (CAST(NULL AS SIGNED)) AS SIGNED);
CREATE UNIQUE INDEX i1 ON t1(c0 ASC) VISIBLE ALGORITHM= DEFAULT;
INSERT INTO t0(c0) VALUES(833240621);
INSERT DELAYED INTO t1(c0) VALUES(NULL), ('T^{}&n0'), ("9%?}ph");
INSERT INTO t0(c0) VALUES(1885265713);
DROP INDEX `PRIMARY` ON t0 LOCK=NONE;
DROP INDEX i0 ON t0;
REPLACE INTO t0(c0) VALUES('XjZh');
INSERT INTO t0(c0) VALUES(-911576332);
CHECKSUM TABLE t1, t0 QUICK;
CREATE UNIQUE INDEX i2 ON t0(c0);
INSERT LOW_PRIORITY INTO t0(c0) VALUES("p");
REPLACE LOW_PRIORITY INTO t0(c0) VALUES(NULL);
REPLACE INTO t1(c0) VALUES(509594183);
TRUNCATE TABLE t0;
INSERT HIGH_PRIORITY INTO t0(c0) VALUES(1864340905);
REPLACE INTO t0(c0) VALUES('*');
REPLACE INTO t1(c0) VALUES('KI');
REPLACE LOW_PRIORITY INTO t1(c0) VALUES(NULL);
INSERT INTO t1(c0) VALUES(NULL), (NULL), (NULL);
REPLACE INTO t0(c0) VALUES(NULL);
REPLACE DELAYED INTO t1(c0) VALUES(-1904400317);
INSERT HIGH_PRIORITY INTO t1(c0) VALUES("0	37");
INSERT HIGH_PRIORITY INTO t1(c0) VALUES(NULL), ('TRUE'), (-856479018);
REPLACE LOW_PRIORITY INTO t1(c0) VALUES(787037024);
INSERT HIGH_PRIORITY IGNORE INTO t0(c0) VALUES("Cw");
DELETE IGNORE FROM t0;
REPLACE INTO t0(c0) VALUES("1016385711");
INSERT INTO t0(c0) VALUES(NULL), (NULL), (-1237989589);
REPLACE DELAYED INTO t1(c0) VALUES(-1435067990);
select TABLE_NAME, ENGINE from information_schema.TABLES where table_schema = 'database1';
REPLACE DELAYED INTO t0(c0) VALUES('r&h+|%qg');
INSERT INTO t1(c0) VALUES(2013372623);
INSERT LOW_PRIORITY IGNORE INTO t0(c0) VALUES(NULL);
REPLACE INTO t0(c0) VALUES("-1957447744");
REPLACE INTO t1(c0) VALUES(1093886484);
INSERT IGNORE INTO t1(c0) VALUES(-62417445);
DELETE FROM t1 WHERE (! (CAST((t1.c0) >= (t1.c0) AS SIGNED)));
CREATE INDEX i0 USING HASH ON t1(c0 DESC) ALGORITHM= INPLACE;
CREATE INDEX i0 USING BTREE ON t1(c0 ASC) ALGORITHM INPLACE;
CREATE UNIQUE INDEX i0 USING BTREE ON t1(c0) ALGORITHM COPY;
REPLACE INTO t1(c0) VALUES('Cve	a');
REPLACE INTO t0(c0) VALUES('Tu''W>'), (''), ("/Hje");
REPLACE INTO t0(c0) VALUES("");
INSERT INTO t0(c0) VALUES(NULL);
INSERT IGNORE INTO t0(c0) VALUES('sgIMi');
DELETE FROM t0 WHERE ("92") IS NULL;
INSERT INTO t1(c0) VALUES(NULL);
REPLACE INTO t1(c0) VALUES(-1216996429);
INSERT LOW_PRIORITY IGNORE INTO t1(c0) VALUES(NULL), ("vNplJ"), (-1050738866);
select TABLE_NAME, ENGINE from information_schema.TABLES where table_schema = 'database1';
INSERT INTO t1(c0) VALUES("M?~Jm^m[");
REPLACE DELAYED INTO t1(c0) VALUES(NULL);
REPLACE INTO t1(c0) VALUES(658785944);
SELECT * FROM (SELECT DISTINCTROW STRAIGHT_JOIN SQL_NO_CACHE SQL_BIG_RESULT SQL_SMALL_RESULT t1.c0 AS ref0, t0.c0 AS ref1 FROM t1, t0 WHERE (NOT (((('4^') IS FALSE) IN ((t1.c0) IS FALSE)) >= (t0.c0))) ORDER BY t0.c0 ASC, IFNULL("z*a)",  EXISTS (SELECT 1 wHERE FALSE)),  EXISTS (SELECT 1 wHERE FALSE) DESC LIMIT 2147483647) as result WHERE result.ref0 = 787037024 AND result.ref1 = 1016385711;
