DROP DATABASE IF EXISTS database8;
CREATE DATABASE database8;
USE database8;
CREATE TABLE t0(c0 MEDIUMINT  COLUMN_FORMAT DEFAULT UNIQUE KEY) ;
CREATE TABLE IF NOT EXISTS t1(c0 BIGINT(148)  UNIQUE KEY STORAGE MEMORY, c1 VARCHAR(500)  STORAGE DISK ) ;
CREATE TABLE t2(c0 TINYINT   COLUMN_FORMAT DYNAMIC NULL UNIQUE COMMENT 'asdf'  STORAGE MEMORY) ;
CHECK TABLE t2, t1, t0 FAST CHANGED EXTENDED QUICK;
CREATE UNIQUE INDEX i0 ON t2((t2.c0)) INVISIBLE ALGORITHM= INPLACE;
CREATE UNIQUE INDEX i0 ON t0(c0);
select TABLE_NAME, ENGINE from information_schema.TABLES where table_schema = 'database8';
REPLACE INTO t2(c0) VALUES('c?s+');
REPLACE DELAYED INTO t2(c0) VALUES(NULL), (NULL), ('<?&<');
REPLACE LOW_PRIORITY INTO t0(c0) VALUES(NULL);
TRUNCATE TABLE t2;
select TABLE_NAME, ENGINE from information_schema.TABLES where table_schema = 'database8';
ALTER TABLE t2 DELAY_KEY_WRITE 1;
INSERT IGNORE INTO t2(c0) VALUES(NULL);
SET SESSION foreign_key_checks = 0;
REPLACE LOW_PRIORITY INTO t2(c0) VALUES("-1190581274");
INSERT DELAYED IGNORE INTO t0(c0) VALUES(29365240);
select TABLE_NAME, ENGINE from information_schema.TABLES where table_schema = 'database8';
DELETE QUICK IGNORE FROM t1 WHERE CAST(CAST( EXISTS (SELECT 1 wHERE FALSE) AS SIGNED) AS SIGNED);
DELETE FROM t2 WHERE ((NOT (CAST(t2.c0 AS SIGNED)))) XOR ( EXISTS (SELECT 1));
REPLACE INTO t2(c0) VALUES(1395284644);
REPLACE LOW_PRIORITY INTO t0(c0) VALUES('CX');
INSERT LOW_PRIORITY IGNORE INTO t2(c0) VALUES(2114525491);
REPLACE INTO t1(c0) VALUES(-944359415);
select TABLE_NAME, ENGINE from information_schema.TABLES where table_schema = 'database8';
CREATE INDEX i1 USING BTREE ON t1(c0, c1 ASC) VISIBLE;
ALTER TABLE t0 PACK_KEYS 0, STATS_PERSISTENT 1, RENAME AS t2, CHECKSUM 0, STATS_AUTO_RECALC DEFAULT, INSERT_METHOD NO, DELAY_KEY_WRITE 0, DISABLE KEYS, COMPRESSION 'ZLIB', ROW_FORMAT DEFAULT;
ALTER TABLE t0 FORCE, COMPRESSION 'ZLIB', RENAME AS t0;
REPLACE INTO t2(c0) VALUES(191757613);
REPLACE LOW_PRIORITY INTO t2(c0) VALUES(NULL), (-1058728400), (NULL);
INSERT IGNORE INTO t2(c0) VALUES(1310244496);
CREATE UNIQUE INDEX i2 ON t2(c0);
INSERT HIGH_PRIORITY INTO t2(c0) VALUES(-1912062074);
REPLACE INTO t1(c0) VALUES(NULL);
ALTER TABLE t0 ;
ANALYZE NO_WRITE_TO_BINLOG TABLE t0 DROP HISTOGRAM ON c0;
select TABLE_NAME, ENGINE from information_schema.TABLES where table_schema = 'database8';
INSERT HIGH_PRIORITY INTO t2(c0) VALUES(NULL);
SET SESSION range_alloc_block_size = 6879181411634794193;
DELETE FROM t0 WHERE  EXISTS (SELECT 1);
REPLACE DELAYED INTO t2(c0) VALUES(NULL);
CREATE INDEX i3 USING HASH ON t2(c0);
REPLACE INTO t2(c0) VALUES('');
REPLACE DELAYED INTO t1(c1, c0) VALUES(-1724135817, 577858316);
CHECKSUM TABLE t2, t1 EXTENDED;
INSERT LOW_PRIORITY IGNORE INTO t1(c1, c0) VALUES("q)", 1655667464);
INSERT DELAYED INTO t1(c0) VALUES("-618564219");
DROP INDEX i1 ON t1;
DELETE LOW_PRIORITY QUICK FROM t0;
INSERT HIGH_PRIORITY IGNORE INTO t0(c0) VALUES("??0"), ("?vHD"), ("o}");
REPLACE LOW_PRIORITY INTO t1(c0) VALUES("");
REPLACE DELAYED INTO t2(c0) VALUES("a\rL"), ('-1778036757'), (878290470);
INSERT INTO t2(c0) VALUES(NULL);
DELETE LOW_PRIORITY IGNORE FROM t0;
select TABLE_NAME, ENGINE from information_schema.TABLES where table_schema = 'database8';
REPLACE INTO t0(c0) VALUES(NULL);
REPLACE DELAYED INTO t0(c0) VALUES(NULL);
REPLACE LOW_PRIORITY INTO t2(c0) VALUES(NULL);
REPLACE DELAYED INTO t0(c0) VALUES('');
REPLACE INTO t0(c0) VALUES(-427889047);
INSERT IGNORE INTO t0(c0) VALUES('A2pz');
SELECT * FROM (SELECT DISTINCT SQL_NO_CACHE t2.c0 AS ref0, t0.c0 AS ref1, t1.c0 AS ref2, t1.c1 AS ref3 FROM t2, t0, t1 WHERE (NOT ((( EXISTS (SELECT 1)) IN ((t1.c0) IS NOT FALSE)) <= (t0.c0))) ORDER BY COALESCE(CAST(-2030878910 AS SIGNED), CAST(NULL AS SIGNED)) DESC LIMIT 2147483647 OFFSET 0) as result WHERE result.ref0 IS NULL AND result.ref1 = 0 AND result.ref2 = 1655667464 AND result.ref3 = "q)";
