--java.lang.AssertionError: ALTER TABLE t2 CHECKSUM 0, RENAME t2, PACK_KEYS DEFAULT, INSERT_METHOD FIRST, ROW_FORMAT COMPRESSED, STATS_AUTO_RECALC DEFAULT, ALGORITHM INSTANT, STATS_PERSISTENT 1;
--	at sqlancer.common.query.SQLQueryAdapter.checkException(SQLQueryAdapter.java:111)
--	at sqlancer.common.query.SQLQueryAdapter.execute(SQLQueryAdapter.java:93)
--	at sqlancer.Main$QueryManager.execute(Main.java:265)
--	at sqlancer.GlobalState.executeStatement(GlobalState.java:108)
--	at sqlancer.StatementExecutor.executeStatements(StatementExecutor.java:70)
--	at sqlancer.mysql.MySQLProvider.generateDatabase(MySQLProvider.java:152)
--	at sqlancer.mysql.MySQLProvider.generateDatabase(MySQLProvider.java:1)
--	at sqlancer.ProviderAdapter.generateAndTestDatabase(ProviderAdapter.java:52)
--	at sqlancer.Main$DBMSExecutor.run(Main.java:364)
--	at sqlancer.Main$2.run(Main.java:559)
--	at sqlancer.Main$2.runThread(Main.java:541)
--	at sqlancer.Main$2.run(Main.java:532)
--	at java.base/java.util.concurrent.ThreadPoolExecutor.runWorker(ThreadPoolExecutor.java:1128)
--	at java.base/java.util.concurrent.ThreadPoolExecutor$Worker.run(ThreadPoolExecutor.java:628)
--	at java.base/java.lang.Thread.run(Thread.java:829)
--Caused by: java.sql.SQLException: Unknown ALGORITHM 'INSTANT'
--	at com.mysql.cj.jdbc.exceptions.SQLError.createSQLException(SQLError.java:129)
--	at com.mysql.cj.jdbc.exceptions.SQLExceptionsMapping.translateException(SQLExceptionsMapping.java:122)
--	at com.mysql.cj.jdbc.StatementImpl.executeInternal(StatementImpl.java:763)
--	at com.mysql.cj.jdbc.StatementImpl.execute(StatementImpl.java:648)
--	at sqlancer.common.query.SQLQueryAdapter.execute(SQLQueryAdapter.java:87)
--	... 13 more
---- Time: 2023/06/03 17:49:20
-- Database: database12
-- Database version: 8.0.11
-- seed value: 1685807359551
DROP DATABASE IF EXISTS database12;
CREATE DATABASE database12;
USE database12;
CREATE TABLE IF NOT EXISTS t0(c0 MEDIUMTEXT  COMMENT 'asdf'  COLUMN_FORMAT DEFAULT) ;
INSERT LOW_PRIORITY IGNORE INTO t0(c0) VALUES(NULL);
DELETE IGNORE FROM t0;
select TABLE_NAME, ENGINE from information_schema.TABLES where table_schema = 'database12';
INSERT INTO t0(c0) VALUES(-864651892);
REPLACE LOW_PRIORITY INTO t0(c0) VALUES('');
CHECKSUM TABLE t0;
select TABLE_NAME, ENGINE from information_schema.TABLES where table_schema = 'database12';
INSERT DELAYED INTO t0(c0) VALUES(-864651892), ('-864651892'), (NULL);
REPLACE LOW_PRIORITY INTO t0(c0) VALUES('-864651892');
DELETE LOW_PRIORITY QUICK FROM t0 WHERE (((NULL) NOT IN (NULL)) IS TRUE) NOT IN (NULL, CAST(t0.c0 AS SIGNED));
DELETE LOW_PRIORITY IGNORE FROM t0;
SET SESSION myisam_sort_buffer_size = 6576539973561097985;
INSERT IGNORE INTO t0(c0) VALUES(-864651892);
REPLACE DELAYED INTO t0(c0) VALUES("-864651892");
INSERT INTO t0(c0) VALUES(NULL);
INSERT INTO t0(c0) VALUES(-701808322);
REPLACE INTO t0(c0) VALUES(345469842);
ANALYZE  TABLE t0 DROP HISTOGRAM ON c0;
SET SESSION parser_max_mem_size = 4032693735105223595;
ALTER TABLE t0 ;
CHECK TABLE t0 FOR UPGRADE QUICK CHANGED;
REPLACE LOW_PRIORITY INTO t0(c0) VALUES(NULL);
INSERT INTO t0(c0) VALUES(1450038032);
REPLACE DELAYED INTO t0(c0) VALUES(-1381963281);
SET SESSION show_old_temporals = ON;
REPLACE INTO t0(c0) VALUES(NULL);
SET SESSION sql_log_off = OFF;
select TABLE_NAME, ENGINE from information_schema.TABLES where table_schema = 'database12';
ALTER TABLE t0 ROW_FORMAT COMPACT, PACK_KEYS DEFAULT, FORCE, CHECKSUM 1, INSERT_METHOD NO, STATS_AUTO_RECALC DEFAULT, RENAME TO t4, ALGORITHM INPLACE, ENABLE KEYS;
ALTER TABLE t0 CHECKSUM 0, ALGORITHM DEFAULT, DELAY_KEY_WRITE 0, ROW_FORMAT COMPACT, COMPRESSION 'LZ4', STATS_AUTO_RECALC 1, INSERT_METHOD NO, RENAME t2, FORCE, DISABLE KEYS;
INSERT DELAYED IGNORE INTO t2(c0) VALUES("");
INSERT INTO t2(c0) VALUES('');
REPLACE INTO t2(c0) VALUES(NULL);
REPLACE DELAYED INTO t2(c0) VALUES("");
REPLACE INTO t2(c0) VALUES(-980954007);
select TABLE_NAME, ENGINE from information_schema.TABLES where table_schema = 'database12';
DELETE QUICK FROM t2;
REPLACE DELAYED INTO t2(c0) VALUES(0);
select TABLE_NAME, ENGINE from information_schema.TABLES where table_schema = 'database12';
INSERT HIGH_PRIORITY IGNORE INTO t2(c0) VALUES(NULL);
INSERT HIGH_PRIORITY INTO t2(c0) VALUES("");
