--java.lang.AssertionError: CREATE UNIQUE INDEX i0 ON t0((COALESCE(-288383628, (t0.c0) IS NOT UNKNOWN))) INVISIBLE;
--	at sqlancer.common.query.SQLQueryAdapter.checkException(SQLQueryAdapter.java:111)
--	at sqlancer.common.query.SQLQueryAdapter.execute(SQLQueryAdapter.java:93)
--	at sqlancer.Main$QueryManager.execute(Main.java:265)
--	at sqlancer.GlobalState.executeStatement(GlobalState.java:108)
--	at sqlancer.StatementExecutor.executeStatements(StatementExecutor.java:70)
--	at sqlancer.mysql.MySQLProvider.generateDatabase(MySQLProvider.java:152)
--	at sqlancer.mysql.MySQLProvider.generateDatabase(MySQLProvider.java:1)
--	at sqlancer.ProviderAdapter.generateAndTestDatabase(ProviderAdapter.java:52)
--	at sqlancer.Main$DBMSExecutor.run(Main.java:364)
--	at sqlancer.Main$2.run(Main.java:559)
--	at sqlancer.Main$2.runThread(Main.java:541)
--	at sqlancer.Main$2.run(Main.java:532)
--	at java.base/java.util.concurrent.ThreadPoolExecutor.runWorker(ThreadPoolExecutor.java:1128)
--	at java.base/java.util.concurrent.ThreadPoolExecutor$Worker.run(ThreadPoolExecutor.java:628)
--	at java.base/java.lang.Thread.run(Thread.java:829)
--Caused by: java.sql.SQLSyntaxErrorException: You have an error in your SQL syntax; check the manual that corresponds to your MySQL server version for the right syntax to use near '(COALESCE(-288383628, (t0.c0) IS NOT UNKNOWN))) INVISIBLE' at line 1
--	at com.mysql.cj.jdbc.exceptions.SQLError.createSQLException(SQLError.java:120)
--	at com.mysql.cj.jdbc.exceptions.SQLExceptionsMapping.translateException(SQLExceptionsMapping.java:122)
--	at com.mysql.cj.jdbc.StatementImpl.executeInternal(StatementImpl.java:763)
--	at com.mysql.cj.jdbc.StatementImpl.execute(StatementImpl.java:648)
--	at sqlancer.common.query.SQLQueryAdapter.execute(SQLQueryAdapter.java:87)
--	... 13 more
---- Time: 2023/06/03 17:49:20
-- Database: database10
-- Database version: 8.0.11
-- seed value: 1685807359549
DROP DATABASE IF EXISTS database10;
CREATE DATABASE database10;
USE database10;
CREATE TABLE t0(c0 SMALLINT , c1 TINYTEXT  COMMENT 'asdf'  COLUMN_FORMAT DYNAMIC NULL STORAGE DISK) ;
CREATE TABLE t1 LIKE t0;
INSERT HIGH_PRIORITY IGNORE INTO t0(c0) VALUES("");
REPLACE LOW_PRIORITY INTO t0(c0, c1) VALUES(NULL, -1882629623);
select TABLE_NAME, ENGINE from information_schema.TABLES where table_schema = 'database10';
select TABLE_NAME, ENGINE from information_schema.TABLES where table_schema = 'database10';
DELETE LOW_PRIORITY QUICK FROM t0 WHERE (NULL) IS NOT FALSE;
INSERT INTO t0(c1) VALUES(-1882629623);
INSERT HIGH_PRIORITY INTO t0(c1) VALUES(""), (NULL), (-288383628);
SET SESSION foreign_key_checks = 1;
