-- Time: 2023/06/03 17:50:37
-- Database: database72
-- Database version: 8.0.11
-- seed value: 1685807359619
DROP DATABASE IF EXISTS database72;
CREATE DATABASE database72;
USE database72;
CREATE TABLE t0(c0 INT ) ; -- 39ms;
INSERT INTO t0(c0) VALUES(-1184553464); -- 8ms;
DELETE LOW_PRIORITY QUICK FROM t0; -- 5ms;
SET SESSION max_length_for_sort_data = 7172414; -- 1ms;
INSERT INTO t0(c0) VALUES(NULL); -- 5ms;
DELETE QUICK FROM t0; -- 4ms;
TRUNCATE TABLE t0; -- 38ms;
REPLACE INTO t0(c0) VALUES('-1184553464'); -- 6ms;
REPLACE INTO t0(c0) VALUES(-2139515440); -- 6ms;
ALTER TABLE t0 CHECKSUM 0, FORCE; -- 196ms;
ALTER TABLE t0 CHECKSUM 1, DELAY_KEY_WRITE 0, PACK_KEYS DEFAULT, INSERT_METHOD LAST, ALGORITHM INPLACE, STATS_AUTO_RECALC DEFAULT; -- 19ms;
INSERT HIGH_PRIORITY INTO t0(c0) VALUES(NULL); -- 10ms;
REPLACE INTO t0(c0) VALUES(NULL), (-2137210056), (NULL); -- 9ms;
SET SESSION histogram_generation_max_mem_size = 7013026512664614997; -- 0ms;
INSERT LOW_PRIORITY INTO t0(c0) VALUES(""); -- 1ms;
INSERT HIGH_PRIORITY INTO t0(c0) VALUES(-2139515440); -- 8ms;
CREATE UNIQUE INDEX i0 USING BTREE ON t0(c0 DESC) VISIBLE ALGORITHM COPY; -- 56ms;
CREATE UNIQUE INDEX i0 ON t0(((! (t0.c0)))) ALGORITHM= INPLACE;