--java.lang.AssertionError: ALTER TABLE t0 CHECKSUM 1, ALGORITHM INSTANT, STATS_AUTO_RECALC DEFAULT, FORCE, DROP c0, ENABLE KEYS, ROW_FORMAT DEFAULT, PACK_KEYS 1, RENAME t0, DELAY_KEY_WRITE 1, STATS_PERSISTENT 1;
--	at sqlancer.common.query.SQLQueryAdapter.checkException(SQLQueryAdapter.java:111)
--	at sqlancer.common.query.SQLQueryAdapter.execute(SQLQueryAdapter.java:93)
--	at sqlancer.Main$QueryManager.execute(Main.java:265)
--	at sqlancer.GlobalState.executeStatement(GlobalState.java:108)
--	at sqlancer.StatementExecutor.executeStatements(StatementExecutor.java:70)
--	at sqlancer.mysql.MySQLProvider.generateDatabase(MySQLProvider.java:152)
--	at sqlancer.mysql.MySQLProvider.generateDatabase(MySQLProvider.java:1)
--	at sqlancer.ProviderAdapter.generateAndTestDatabase(ProviderAdapter.java:52)
--	at sqlancer.Main$DBMSExecutor.run(Main.java:364)
--	at sqlancer.Main$2.run(Main.java:559)
--	at sqlancer.Main$2.runThread(Main.java:541)
--	at sqlancer.Main$2.run(Main.java:532)
--	at java.base/java.util.concurrent.ThreadPoolExecutor.runWorker(ThreadPoolExecutor.java:1128)
--	at java.base/java.util.concurrent.ThreadPoolExecutor$Worker.run(ThreadPoolExecutor.java:628)
--	at java.base/java.lang.Thread.run(Thread.java:829)
--Caused by: java.sql.SQLException: Unknown ALGORITHM 'INSTANT'
--	at com.mysql.cj.jdbc.exceptions.SQLError.createSQLException(SQLError.java:129)
--	at com.mysql.cj.jdbc.exceptions.SQLExceptionsMapping.translateException(SQLExceptionsMapping.java:122)
--	at com.mysql.cj.jdbc.StatementImpl.executeInternal(StatementImpl.java:763)
--	at com.mysql.cj.jdbc.StatementImpl.execute(StatementImpl.java:648)
--	at sqlancer.common.query.SQLQueryAdapter.execute(SQLQueryAdapter.java:87)
--	... 13 more
---- Time: 2023/06/03 17:50:37
-- Database: database31
-- Database version: 8.0.11
-- seed value: 1685807359578
DROP DATABASE IF EXISTS database31;
CREATE DATABASE database31;
USE database31;
CREATE TABLE IF NOT EXISTS t0(c0 BIGINT  COMMENT 'asdf'  UNIQUE COLUMN_FORMAT DEFAULT STORAGE DISK  , c1 BIGINT(106)  COMMENT 'asdf'  NULL STORAGE MEMORY  UNIQUE COLUMN_FORMAT FIXED) ;
select TABLE_NAME, ENGINE from information_schema.TABLES where table_schema = 'database31';
INSERT IGNORE INTO t0(c0, c1) VALUES(NULL, "PK"), (NULL, NULL), (-1957132489, NULL);
DELETE QUICK FROM t0;
INSERT DELAYED IGNORE INTO t0(c0) VALUES(NULL);
select TABLE_NAME, ENGINE from information_schema.TABLES where table_schema = 'database31';
select TABLE_NAME, ENGINE from information_schema.TABLES where table_schema = 'database31';
REPLACE DELAYED INTO t0(c1, c0) VALUES(817242914, 1162841089);
DELETE IGNORE FROM t0;
ALTER TABLE t0 ROW_FORMAT DEFAULT;
select TABLE_NAME, ENGINE from information_schema.TABLES where table_schema = 'database31';
REPLACE INTO t0(c0, c1) VALUES("?,", "nfmz9h"), ("!l", 'Md[,5e	^,'), (-1968535720, NULL);
REPLACE LOW_PRIORITY INTO t0(c1) VALUES(2144541906);
select TABLE_NAME, ENGINE from information_schema.TABLES where table_schema = 'database31';
SET SESSION sql_log_off = OFF;
DELETE IGNORE FROM t0;
REPLACE DELAYED INTO t0(c0, c1) VALUES(-2143283202, NULL);
CHECKSUM TABLE t0;
DELETE QUICK IGNORE FROM t0 WHERE t0.c0;
SET SESSION autocommit = 1;
INSERT INTO t0(c0, c1) VALUES('xduo', -1881120321);
REPLACE LOW_PRIORITY INTO t0(c0, c1) VALUES(NULL, 369535236);
select TABLE_NAME, ENGINE from information_schema.TABLES where table_schema = 'database31';
INSERT INTO t0(c0) VALUES("");
INSERT INTO t0(c0) VALUES(''), (NULL), (-708178835);
REPLACE INTO t0(c0, c1) VALUES(NULL, "qjx");
INSERT HIGH_PRIORITY IGNORE INTO t0(c1) VALUES(317535744);
REPLACE LOW_PRIORITY INTO t0(c1, c0) VALUES(7673053, '<|');
INSERT IGNORE INTO t0(c0, c1) VALUES('782611993', -92342568);
DELETE LOW_PRIORITY QUICK IGNORE FROM t0;
select TABLE_NAME, ENGINE from information_schema.TABLES where table_schema = 'database31';
SET SESSION parser_max_mem_size = 6056697690793561134;
REPLACE DELAYED INTO t0(c1) VALUES(NULL);
select TABLE_NAME, ENGINE from information_schema.TABLES where table_schema = 'database31';
REPLACE DELAYED INTO t0(c1, c0) VALUES(NULL, NULL), (NULL, ""), (473887970, '');
REPLACE LOW_PRIORITY INTO t0(c1) VALUES("");
INSERT LOW_PRIORITY IGNORE INTO t0(c0) VALUES('1685595834'), (-2075232028), (-416895958);
DROP INDEX c0 ON t0;
