--java.lang.AssertionError: ALTER TABLE t0 ROW_FORMAT REDUNDANT, ALGORITHM INSTANT;
--	at sqlancer.common.query.SQLQueryAdapter.checkException(SQLQueryAdapter.java:111)
--	at sqlancer.common.query.SQLQueryAdapter.execute(SQLQueryAdapter.java:93)
--	at sqlancer.Main$QueryManager.execute(Main.java:265)
--	at sqlancer.GlobalState.executeStatement(GlobalState.java:108)
--	at sqlancer.StatementExecutor.executeStatements(StatementExecutor.java:70)
--	at sqlancer.mysql.MySQLProvider.generateDatabase(MySQLProvider.java:152)
--	at sqlancer.mysql.MySQLProvider.generateDatabase(MySQLProvider.java:1)
--	at sqlancer.ProviderAdapter.generateAndTestDatabase(ProviderAdapter.java:52)
--	at sqlancer.Main$DBMSExecutor.run(Main.java:364)
--	at sqlancer.Main$2.run(Main.java:559)
--	at sqlancer.Main$2.runThread(Main.java:541)
--	at sqlancer.Main$2.run(Main.java:532)
--	at java.base/java.util.concurrent.ThreadPoolExecutor.runWorker(ThreadPoolExecutor.java:1128)
--	at java.base/java.util.concurrent.ThreadPoolExecutor$Worker.run(ThreadPoolExecutor.java:628)
--	at java.base/java.lang.Thread.run(Thread.java:829)
--Caused by: java.sql.SQLException: Unknown ALGORITHM 'INSTANT'
--	at com.mysql.cj.jdbc.exceptions.SQLError.createSQLException(SQLError.java:129)
--	at com.mysql.cj.jdbc.exceptions.SQLExceptionsMapping.translateException(SQLExceptionsMapping.java:122)
--	at com.mysql.cj.jdbc.StatementImpl.executeInternal(StatementImpl.java:763)
--	at com.mysql.cj.jdbc.StatementImpl.execute(StatementImpl.java:648)
--	at sqlancer.common.query.SQLQueryAdapter.execute(SQLQueryAdapter.java:87)
--	... 13 more
---- Time: 2023/06/03 17:51:47
-- Database: database82
-- Database version: 8.0.11
-- seed value: 1685807359629
DROP DATABASE IF EXISTS database82;
CREATE DATABASE database82;
USE database82;
CREATE TABLE IF NOT EXISTS t0(c0 TINYINT(120)  UNIQUE KEY STORAGE DISK NULL COMMENT 'asdf' ) ;
INSERT DELAYED INTO t0(c0) VALUES("");
INSERT LOW_PRIORITY INTO t0(c0) VALUES("");
INSERT LOW_PRIORITY INTO t0(c0) VALUES(NULL);
select TABLE_NAME, ENGINE from information_schema.TABLES where table_schema = 'database82';
REPLACE INTO t0(c0) VALUES(616882969);
INSERT HIGH_PRIORITY INTO t0(c0) VALUES(616882969);
REPLACE INTO t0(c0) VALUES(NULL);
DELETE LOW_PRIORITY FROM t0 WHERE ( EXISTS (SELECT 1 wHERE FALSE)) NOT IN (CAST(GREATEST(t0.c0, NULL, 616882969, t0.c0) AS SIGNED));
select TABLE_NAME, ENGINE from information_schema.TABLES where table_schema = 'database82';
DELETE LOW_PRIORITY IGNORE FROM t0 WHERE (CAST(848818638 AS SIGNED)) NOT IN ((t0.c0) IN ( EXISTS (SELECT 1)));
select TABLE_NAME, ENGINE from information_schema.TABLES where table_schema = 'database82';
REPLACE DELAYED INTO t0(c0) VALUES(848818638);
REPLACE INTO t0(c0) VALUES(744418898), (-76991208), (473314653);
INSERT DELAYED INTO t0(c0) VALUES(616882969);
INSERT DELAYED IGNORE INTO t0(c0) VALUES(-1788652587);
select TABLE_NAME, ENGINE from information_schema.TABLES where table_schema = 'database82';
select TABLE_NAME, ENGINE from information_schema.TABLES where table_schema = 'database82';
DELETE LOW_PRIORITY QUICK FROM t0;
INSERT DELAYED IGNORE INTO t0(c0) VALUES(NULL), (848818638), ('');
REPLACE INTO t0(c0) VALUES(NULL);
