--java.lang.AssertionError: CREATE INDEX i0 ON t0(( EXISTS (SELECT 1)));
--	at sqlancer.common.query.SQLQueryAdapter.checkException(SQLQueryAdapter.java:111)
--	at sqlancer.common.query.SQLQueryAdapter.execute(SQLQueryAdapter.java:93)
--	at sqlancer.Main$QueryManager.execute(Main.java:265)
--	at sqlancer.GlobalState.executeStatement(GlobalState.java:108)
--	at sqlancer.StatementExecutor.executeStatements(StatementExecutor.java:70)
--	at sqlancer.mysql.MySQLProvider.generateDatabase(MySQLProvider.java:152)
--	at sqlancer.mysql.MySQLProvider.generateDatabase(MySQLProvider.java:1)
--	at sqlancer.ProviderAdapter.generateAndTestDatabase(ProviderAdapter.java:52)
--	at sqlancer.Main$DBMSExecutor.run(Main.java:364)
--	at sqlancer.Main$2.run(Main.java:559)
--	at sqlancer.Main$2.runThread(Main.java:541)
--	at sqlancer.Main$2.run(Main.java:532)
--	at java.base/java.util.concurrent.ThreadPoolExecutor.runWorker(ThreadPoolExecutor.java:1128)
--	at java.base/java.util.concurrent.ThreadPoolExecutor$Worker.run(ThreadPoolExecutor.java:628)
--	at java.base/java.lang.Thread.run(Thread.java:829)
--Caused by: java.sql.SQLSyntaxErrorException: You have an error in your SQL syntax; check the manual that corresponds to your MySQL server version for the right syntax to use near '( EXISTS (SELECT 1)))' at line 1
--	at com.mysql.cj.jdbc.exceptions.SQLError.createSQLException(SQLError.java:120)
--	at com.mysql.cj.jdbc.exceptions.SQLExceptionsMapping.translateException(SQLExceptionsMapping.java:122)
--	at com.mysql.cj.jdbc.StatementImpl.executeInternal(StatementImpl.java:763)
--	at com.mysql.cj.jdbc.StatementImpl.execute(StatementImpl.java:648)
--	at sqlancer.common.query.SQLQueryAdapter.execute(SQLQueryAdapter.java:87)
--	... 13 more
---- Time: 2023/06/03 17:49:26
-- Database: database54
-- Database version: 8.0.11
-- seed value: 1685807359601
DROP DATABASE IF EXISTS database54;
CREATE DATABASE database54;
USE database54;
CREATE TABLE IF NOT EXISTS t0(c0 VARCHAR(500)  COMMENT 'asdf'  COLUMN_FORMAT FIXED) ;
CREATE TABLE IF NOT EXISTS t1 LIKE t0;
REPLACE DELAYED INTO t1(c0) VALUES(138595857), ('7>6U'), (1798756722);
INSERT DELAYED INTO t1(c0) VALUES(NULL);
INSERT DELAYED INTO t0(c0) VALUES(NULL);
REPLACE INTO t1(c0) VALUES(NULL), (2119762643), (NULL);
ALTER TABLE t0 ;
INSERT INTO t1(c0) VALUES(1798756722);
INSERT DELAYED IGNORE INTO t1(c0) VALUES(-1815991958);
INSERT INTO t1(c0) VALUES(-1815991958);
CHECK TABLE t1, t0 MEDIUM FOR UPGRADE CHANGED EXTENDED;
REPLACE DELAYED INTO t1(c0) VALUES(NULL);
