-- Time: 2023/06/03 17:49:23
-- Database: database41
-- Database version: 8.0.11
-- seed value: 1685807359588
DROP DATABASE IF EXISTS database41;
CREATE DATABASE database41;
USE database41;
CREATE TABLE IF NOT EXISTS t0(c0 SMALLINT , c1 INT(68)  COLUMN_FORMAT FIXED STORAGE DISK COMMENT 'asdf'  UNIQUE NULL) ; -- 69ms;
CREATE TABLE IF NOT EXISTS t1(c0 TINYTEXT  NULL STORAGE MEMORY COMMENT 'asdf'  COLUMN_FORMAT DYNAMIC, c1 TINYTEXT  COLUMN_FORMAT DEFAULT STORAGE MEMORY , c2 MEDIUMINT  PRIMARY KEY) COMPRESSION = 'NONE', AVG_ROW_LENGTH = 506498778; -- 184ms;
select TABLE_NAME, ENGINE from information_schema.TABLES where table_schema = 'database41'; -- 12ms;
REPLACE INTO t0(c0) VALUES(""); -- 28ms;
REPLACE INTO t0(c0, c1) VALUES(-793222228, NULL); -- 0ms;
REPLACE DELAYED INTO t1(c2) VALUES(NULL), (NULL), (-793222228); -- 2ms;
INSERT INTO t1(c2) VALUES(1104405996); -- 0ms;
INSERT LOW_PRIORITY INTO t0(c0, c1) VALUES(123117596, 1104405996), (-566874305, "{u[_*oRg3"), ('123117596', NULL); -- 0ms;
REPLACE DELAYED INTO t1(c2, c0) VALUES(NULL, 420570607); -- 1ms;
INSERT IGNORE INTO t0(c1) VALUES(-1795026870), (NULL), (-88134979); -- 16ms;
CREATE UNIQUE INDEX i28 ON t0(c0 DESC) ALGORITHM= COPY; -- 287ms;
SET SESSION optimizer_prune_level = 0; -- 0ms;
DELETE IGNORE FROM t0; -- 9ms;
DELETE LOW_PRIORITY QUICK IGNORE FROM t1; -- 0ms;
ANALYZE  TABLE t1 DROP HISTOGRAM ON c2, c1; -- 6ms;
CREATE UNIQUE INDEX i0 ON t1(c0, c2); -- 1ms;
CREATE INDEX i0 USING HASH ON t1(((CAST( EXISTS (SELECT 1) AS SIGNED)) = (((t1.c1) IS NOT TRUE) IS NOT TRUE)));