-- Time: 2023/06/03 17:49:23
-- Database: database43
-- Database version: 8.0.11
-- seed value: 1685807359590
DROP DATABASE IF EXISTS database43;
CREATE DATABASE database43;
USE database43;
CREATE TABLE t0(c0 TINYTEXT ) AUTO_INCREMENT = 7373355991022062434, DELAY_KEY_WRITE = 1; -- 206ms;
CREATE TABLE IF NOT EXISTS t1 LIKE t0; -- 89ms;
REPLACE DELAYED INTO t1(c0) VALUES(NULL); -- 13ms;
select TABLE_NAME, ENGINE from information_schema.TABLES where table_schema = 'database43'; -- 5ms;
REPLACE LOW_PRIORITY INTO t1(c0) VALUES(-1777919193); -- 6ms;
ANALYZE NO_WRITE_TO_BINLOG TABLE t1 DROP HISTOGRAM ON c0; -- 1ms;
DELETE IGNORE FROM t0; -- 0ms;
REPLACE INTO t1(c0) VALUES(""); -- 32ms;
select TABLE_NAME, ENGINE from information_schema.TABLES where table_schema = 'database43'; -- 1ms;
INSERT HIGH_PRIORITY INTO t1(c0) VALUES(-1856630179); -- 5ms;
INSERT IGNORE INTO t1(c0) VALUES(-198783778); -- 6ms;
REPLACE DELAYED INTO t1(c0) VALUES(NULL); -- 15ms;
REPLACE INTO t0(c0) VALUES(NULL); -- 5ms;
ALTER TABLE t0 DELAY_KEY_WRITE 1, ALGORITHM INSTANT, RENAME TO t0, COMPRESSION 'LZ4';