--java.lang.AssertionError: ALTER TABLE t0 CHECKSUM 0, ALGORITHM INSTANT, DROP COLUMN c0, STATS_AUTO_RECALC 0;
--	at sqlancer.common.query.SQLQueryAdapter.checkException(SQLQueryAdapter.java:111)
--	at sqlancer.common.query.SQLQueryAdapter.execute(SQLQueryAdapter.java:93)
--	at sqlancer.Main$QueryManager.execute(Main.java:265)
--	at sqlancer.GlobalState.executeStatement(GlobalState.java:108)
--	at sqlancer.StatementExecutor.executeStatements(StatementExecutor.java:70)
--	at sqlancer.mysql.MySQLProvider.generateDatabase(MySQLProvider.java:152)
--	at sqlancer.mysql.MySQLProvider.generateDatabase(MySQLProvider.java:1)
--	at sqlancer.ProviderAdapter.generateAndTestDatabase(ProviderAdapter.java:52)
--	at sqlancer.Main$DBMSExecutor.run(Main.java:364)
--	at sqlancer.Main$2.run(Main.java:559)
--	at sqlancer.Main$2.runThread(Main.java:541)
--	at sqlancer.Main$2.run(Main.java:532)
--	at java.base/java.util.concurrent.ThreadPoolExecutor.runWorker(ThreadPoolExecutor.java:1128)
--	at java.base/java.util.concurrent.ThreadPoolExecutor$Worker.run(ThreadPoolExecutor.java:628)
--	at java.base/java.lang.Thread.run(Thread.java:829)
--Caused by: java.sql.SQLException: Unknown ALGORITHM 'INSTANT'
--	at com.mysql.cj.jdbc.exceptions.SQLError.createSQLException(SQLError.java:129)
--	at com.mysql.cj.jdbc.exceptions.SQLExceptionsMapping.translateException(SQLExceptionsMapping.java:122)
--	at com.mysql.cj.jdbc.StatementImpl.executeInternal(StatementImpl.java:763)
--	at com.mysql.cj.jdbc.StatementImpl.execute(StatementImpl.java:648)
--	at sqlancer.common.query.SQLQueryAdapter.execute(SQLQueryAdapter.java:87)
--	... 13 more
---- Time: 2023/06/03 17:53:04
-- Database: database83
-- Database version: 8.0.11
-- seed value: 1685807359630
DROP DATABASE IF EXISTS database83;
CREATE DATABASE database83;
USE database83;
CREATE TABLE t0(c0 MEDIUMTEXT , c1 VARCHAR(500) ) STATS_AUTO_RECALC = 0, STATS_SAMPLE_PAGES = 15197, KEY_BLOCK_SIZE = 16402, MIN_ROWS = 8583845010342332569, DELAY_KEY_WRITE = 1, ENGINE = MEMORY, AVG_ROW_LENGTH = 110532590;
CREATE TABLE t0(c0 INT  STORAGE DISK COMMENT 'asdf'   UNIQUE , c1 LONGTEXT ) ;
REPLACE LOW_PRIORITY INTO t0(c0, c1) VALUES("X6P", -482812465);
REPLACE DELAYED INTO t0(c1) VALUES(-147485261);
select TABLE_NAME, ENGINE from information_schema.TABLES where table_schema = 'database83';
ALTER TABLE t0 ENABLE KEYS, DELAY_KEY_WRITE 0, STATS_AUTO_RECALC DEFAULT, CHECKSUM 0, PACK_KEYS 1, ROW_FORMAT DEFAULT, INSERT_METHOD NO, FORCE, ALGORITHM INPLACE;
