--java.lang.AssertionError: CREATE UNIQUE INDEX i0 ON t0((NULL));
--	at sqlancer.common.query.SQLQueryAdapter.checkException(SQLQueryAdapter.java:111)
--	at sqlancer.common.query.SQLQueryAdapter.execute(SQLQueryAdapter.java:93)
--	at sqlancer.Main$QueryManager.execute(Main.java:265)
--	at sqlancer.GlobalState.executeStatement(GlobalState.java:108)
--	at sqlancer.StatementExecutor.executeStatements(StatementExecutor.java:70)
--	at sqlancer.mysql.MySQLProvider.generateDatabase(MySQLProvider.java:152)
--	at sqlancer.mysql.MySQLProvider.generateDatabase(MySQLProvider.java:1)
--	at sqlancer.ProviderAdapter.generateAndTestDatabase(ProviderAdapter.java:52)
--	at sqlancer.Main$DBMSExecutor.run(Main.java:364)
--	at sqlancer.Main$2.run(Main.java:559)
--	at sqlancer.Main$2.runThread(Main.java:541)
--	at sqlancer.Main$2.run(Main.java:532)
--	at java.base/java.util.concurrent.ThreadPoolExecutor.runWorker(ThreadPoolExecutor.java:1128)
--	at java.base/java.util.concurrent.ThreadPoolExecutor$Worker.run(ThreadPoolExecutor.java:628)
--	at java.base/java.lang.Thread.run(Thread.java:829)
--Caused by: java.sql.SQLSyntaxErrorException: You have an error in your SQL syntax; check the manual that corresponds to your MySQL server version for the right syntax to use near '(NULL))' at line 1
--	at com.mysql.cj.jdbc.exceptions.SQLError.createSQLException(SQLError.java:120)
--	at com.mysql.cj.jdbc.exceptions.SQLExceptionsMapping.translateException(SQLExceptionsMapping.java:122)
--	at com.mysql.cj.jdbc.StatementImpl.executeInternal(StatementImpl.java:763)
--	at com.mysql.cj.jdbc.StatementImpl.execute(StatementImpl.java:648)
--	at sqlancer.common.query.SQLQueryAdapter.execute(SQLQueryAdapter.java:87)
--	... 13 more
---- Time: 2023/06/03 17:50:32
-- Database: database67
-- Database version: 8.0.11
-- seed value: 1685807359614
DROP DATABASE IF EXISTS database67;
CREATE DATABASE database67;
USE database67;
CREATE TABLE IF NOT EXISTS t0(c0 TINYINT ) ;
SET SESSION internal_tmp_mem_storage_engine = MEMORY;
select TABLE_NAME, ENGINE from information_schema.TABLES where table_schema = 'database67';
SET SESSION read_buffer_size = 94684478;
REPLACE LOW_PRIORITY INTO t0(c0) VALUES(2085899760);
INSERT DELAYED IGNORE INTO t0(c0) VALUES(NULL);
DELETE LOW_PRIORITY IGNORE FROM t0;
REPLACE LOW_PRIORITY INTO t0(c0) VALUES(360295866), (NULL), (NULL);
REPLACE LOW_PRIORITY INTO t0(c0) VALUES(NULL);
SET SESSION myisam_sort_buffer_size = 5860737026091477977;
