--java.lang.AssertionError: ALTER TABLE t0 DELAY_KEY_WRITE 1, ALGORITHM INSTANT, RENAME TO t0, COMPRESSION 'LZ4';
--	at sqlancer.common.query.SQLQueryAdapter.checkException(SQLQueryAdapter.java:111)
--	at sqlancer.common.query.SQLQueryAdapter.execute(SQLQueryAdapter.java:93)
--	at sqlancer.Main$QueryManager.execute(Main.java:265)
--	at sqlancer.GlobalState.executeStatement(GlobalState.java:108)
--	at sqlancer.StatementExecutor.executeStatements(StatementExecutor.java:70)
--	at sqlancer.mysql.MySQLProvider.generateDatabase(MySQLProvider.java:152)
--	at sqlancer.mysql.MySQLProvider.generateDatabase(MySQLProvider.java:1)
--	at sqlancer.ProviderAdapter.generateAndTestDatabase(ProviderAdapter.java:52)
--	at sqlancer.Main$DBMSExecutor.run(Main.java:364)
--	at sqlancer.Main$2.run(Main.java:559)
--	at sqlancer.Main$2.runThread(Main.java:541)
--	at sqlancer.Main$2.run(Main.java:532)
--	at java.base/java.util.concurrent.ThreadPoolExecutor.runWorker(ThreadPoolExecutor.java:1128)
--	at java.base/java.util.concurrent.ThreadPoolExecutor$Worker.run(ThreadPoolExecutor.java:628)
--	at java.base/java.lang.Thread.run(Thread.java:829)
--Caused by: java.sql.SQLException: Unknown ALGORITHM 'INSTANT'
--	at com.mysql.cj.jdbc.exceptions.SQLError.createSQLException(SQLError.java:129)
--	at com.mysql.cj.jdbc.exceptions.SQLExceptionsMapping.translateException(SQLExceptionsMapping.java:122)
--	at com.mysql.cj.jdbc.StatementImpl.executeInternal(StatementImpl.java:763)
--	at com.mysql.cj.jdbc.StatementImpl.execute(StatementImpl.java:648)
--	at sqlancer.common.query.SQLQueryAdapter.execute(SQLQueryAdapter.java:87)
--	... 13 more
---- Time: 2023/06/03 17:49:23
-- Database: database43
-- Database version: 8.0.11
-- seed value: 1685807359590
DROP DATABASE IF EXISTS database43;
CREATE DATABASE database43;
USE database43;
CREATE TABLE t0(c0 TINYTEXT ) AUTO_INCREMENT = 7373355991022062434, DELAY_KEY_WRITE = 1;
CREATE TABLE IF NOT EXISTS t1 LIKE t0;
REPLACE DELAYED INTO t1(c0) VALUES(NULL);
select TABLE_NAME, ENGINE from information_schema.TABLES where table_schema = 'database43';
REPLACE LOW_PRIORITY INTO t1(c0) VALUES(-1777919193);
ANALYZE NO_WRITE_TO_BINLOG TABLE t1 DROP HISTOGRAM ON c0;
DELETE IGNORE FROM t0;
REPLACE INTO t1(c0) VALUES("");
select TABLE_NAME, ENGINE from information_schema.TABLES where table_schema = 'database43';
INSERT HIGH_PRIORITY INTO t1(c0) VALUES(-1856630179);
INSERT IGNORE INTO t1(c0) VALUES(-198783778);
REPLACE DELAYED INTO t1(c0) VALUES(NULL);
REPLACE INTO t0(c0) VALUES(NULL);
