--java.lang.AssertionError: ALTER TABLE t0 INSERT_METHOD FIRST, FORCE, DISABLE KEYS, ALGORITHM INSTANT, CHECKSUM 1, PACK_KEYS 1;
--	at sqlancer.common.query.SQLQueryAdapter.checkException(SQLQueryAdapter.java:111)
--	at sqlancer.common.query.SQLQueryAdapter.execute(SQLQueryAdapter.java:93)
--	at sqlancer.Main$QueryManager.execute(Main.java:265)
--	at sqlancer.GlobalState.executeStatement(GlobalState.java:108)
--	at sqlancer.StatementExecutor.executeStatements(StatementExecutor.java:70)
--	at sqlancer.mysql.MySQLProvider.generateDatabase(MySQLProvider.java:152)
--	at sqlancer.mysql.MySQLProvider.generateDatabase(MySQLProvider.java:1)
--	at sqlancer.ProviderAdapter.generateAndTestDatabase(ProviderAdapter.java:52)
--	at sqlancer.Main$DBMSExecutor.run(Main.java:364)
--	at sqlancer.Main$2.run(Main.java:559)
--	at sqlancer.Main$2.runThread(Main.java:541)
--	at sqlancer.Main$2.run(Main.java:532)
--	at java.base/java.util.concurrent.ThreadPoolExecutor.runWorker(ThreadPoolExecutor.java:1128)
--	at java.base/java.util.concurrent.ThreadPoolExecutor$Worker.run(ThreadPoolExecutor.java:628)
--	at java.base/java.lang.Thread.run(Thread.java:829)
--Caused by: java.sql.SQLException: Unknown ALGORITHM 'INSTANT'
--	at com.mysql.cj.jdbc.exceptions.SQLError.createSQLException(SQLError.java:129)
--	at com.mysql.cj.jdbc.exceptions.SQLExceptionsMapping.translateException(SQLExceptionsMapping.java:122)
--	at com.mysql.cj.jdbc.StatementImpl.executeInternal(StatementImpl.java:763)
--	at com.mysql.cj.jdbc.StatementImpl.execute(StatementImpl.java:648)
--	at sqlancer.common.query.SQLQueryAdapter.execute(SQLQueryAdapter.java:87)
--	... 13 more
---- Time: 2023/06/03 17:50:31
-- Database: database50
-- Database version: 8.0.11
-- seed value: 1685807359597
DROP DATABASE IF EXISTS database50;
CREATE DATABASE database50;
USE database50;
CREATE TABLE IF NOT EXISTS t0(c0 MEDIUMINT(109)  NULL STORAGE DISK UNIQUE COLUMN_FORMAT DEFAULT, c1 TINYINT(13) ) ;
CHECKSUM TABLE t0;
REPLACE INTO t0(c1, c0) VALUES(-651552874, 746345874);
REPLACE INTO t0(c0, c1) VALUES(NULL, "?E");
INSERT IGNORE INTO t0(c0, c1) VALUES(NULL, 1380314419);
REPLACE INTO t0(c1, c0) VALUES(-483071756, 2003461208);
REPLACE LOW_PRIORITY INTO t0(c1, c0) VALUES(NULL, NULL);
CREATE INDEX i0 USING BTREE ON t0(c1 ASC) ALGORITHM= INPLACE;
REPLACE DELAYED INTO t0(c1, c0) VALUES(168745224, ""), (NULL, 'k<r4?'), ("HBS1?n#-M", NULL);
REPLACE INTO t0(c0, c1) VALUES('', NULL);
REPLACE INTO t0(c1) VALUES(2041039470);
INSERT IGNORE INTO t0(c0, c1) VALUES(2119874712, -1650212984);
REPLACE INTO t0(c1) VALUES(NULL);
select TABLE_NAME, ENGINE from information_schema.TABLES where table_schema = 'database50';
ALTER TABLE t0 STATS_AUTO_RECALC 1, INSERT_METHOD LAST, DROP c0, COMPRESSION 'ZLIB', DELAY_KEY_WRITE 1, CHECKSUM 1, DISABLE KEYS, PACK_KEYS DEFAULT, RENAME AS t4, ROW_FORMAT REDUNDANT, FORCE, ALGORITHM INPLACE, STATS_PERSISTENT 0;
ALTER TABLE t0 DELAY_KEY_WRITE 1, STATS_PERSISTENT 0, ALGORITHM COPY, STATS_AUTO_RECALC DEFAULT, INSERT_METHOD FIRST, CHECKSUM 0, PACK_KEYS 0, RENAME t2, FORCE, ENABLE KEYS, ROW_FORMAT FIXED;
