--java.lang.AssertionError: CREATE INDEX i0 ON t0((GREATEST(("p1") IN ('HjT'), (t0.c0) < (t0.c0)))) VISIBLE ALGORITHM= DEFAULT;
--	at sqlancer.common.query.SQLQueryAdapter.checkException(SQLQueryAdapter.java:111)
--	at sqlancer.common.query.SQLQueryAdapter.execute(SQLQueryAdapter.java:93)
--	at sqlancer.Main$QueryManager.execute(Main.java:265)
--	at sqlancer.GlobalState.executeStatement(GlobalState.java:108)
--	at sqlancer.StatementExecutor.executeStatements(StatementExecutor.java:70)
--	at sqlancer.mysql.MySQLProvider.generateDatabase(MySQLProvider.java:152)
--	at sqlancer.mysql.MySQLProvider.generateDatabase(MySQLProvider.java:1)
--	at sqlancer.ProviderAdapter.generateAndTestDatabase(ProviderAdapter.java:52)
--	at sqlancer.Main$DBMSExecutor.run(Main.java:364)
--	at sqlancer.Main$2.run(Main.java:559)
--	at sqlancer.Main$2.runThread(Main.java:541)
--	at sqlancer.Main$2.run(Main.java:532)
--	at java.base/java.util.concurrent.ThreadPoolExecutor.runWorker(ThreadPoolExecutor.java:1128)
--	at java.base/java.util.concurrent.ThreadPoolExecutor$Worker.run(ThreadPoolExecutor.java:628)
--	at java.base/java.lang.Thread.run(Thread.java:829)
--Caused by: java.sql.SQLSyntaxErrorException: You have an error in your SQL syntax; check the manual that corresponds to your MySQL server version for the right syntax to use near '(GREATEST(("p1") IN ('HjT'), (t0.c0) < (t0.c0)))) VISIBLE ALGORITHM= DEFAULT' at line 1
--	at com.mysql.cj.jdbc.exceptions.SQLError.createSQLException(SQLError.java:120)
--	at com.mysql.cj.jdbc.exceptions.SQLExceptionsMapping.translateException(SQLExceptionsMapping.java:122)
--	at com.mysql.cj.jdbc.StatementImpl.executeInternal(StatementImpl.java:763)
--	at com.mysql.cj.jdbc.StatementImpl.execute(StatementImpl.java:648)
--	at sqlancer.common.query.SQLQueryAdapter.execute(SQLQueryAdapter.java:87)
--	... 13 more
---- Time: 2023/06/03 17:51:47
-- Database: database69
-- Database version: 8.0.11
-- seed value: 1685807359616
DROP DATABASE IF EXISTS database69;
CREATE DATABASE database69;
USE database69;
CREATE TABLE t0(c0 VARCHAR(500) ) ;
ALTER TABLE t0 ;
ALTER TABLE t0 ALGORITHM INPLACE, DELAY_KEY_WRITE 1, RENAME AS t2, CHECKSUM 0, ENABLE KEYS, INSERT_METHOD FIRST, FORCE, PACK_KEYS DEFAULT;
ALTER TABLE t0 INSERT_METHOD FIRST, ROW_FORMAT FIXED, FORCE, COMPRESSION 'ZLIB', STATS_AUTO_RECALC 1, RENAME TO t0, CHECKSUM 0;
ALTER TABLE t0 CHECKSUM 0, STATS_AUTO_RECALC DEFAULT, DELAY_KEY_WRITE 0, ENABLE KEYS, FORCE;
REPLACE LOW_PRIORITY INTO t0(c0) VALUES(-1553499535);
