-- Time: 2023/06/03 17:50:31
-- Database: database50
-- Database version: 8.0.11
-- seed value: 1685807359597
DROP DATABASE IF EXISTS database50;
CREATE DATABASE database50;
USE database50;
CREATE TABLE IF NOT EXISTS t0(c0 MEDIUMINT(109)  NULL STORAGE DISK UNIQUE COLUMN_FORMAT DEFAULT, c1 TINYINT(13) ) ; -- 46ms;
CHECKSUM TABLE t0; -- 2ms;
REPLACE INTO t0(c1, c0) VALUES(-651552874, 746345874); -- 0ms;
REPLACE INTO t0(c0, c1) VALUES(NULL, "?E"); -- 1ms;
INSERT IGNORE INTO t0(c0, c1) VALUES(NULL, 1380314419); -- 6ms;
REPLACE INTO t0(c1, c0) VALUES(-483071756, 2003461208); -- 1ms;
REPLACE LOW_PRIORITY INTO t0(c1, c0) VALUES(NULL, NULL); -- 10ms;
CREATE INDEX i0 USING BTREE ON t0(c1 ASC) ALGORITHM= INPLACE; -- 61ms;
REPLACE DELAYED INTO t0(c1, c0) VALUES(168745224, ""), (NULL, 'k<r4?'), ("HBS1?n#-M", NULL); -- 1ms;
REPLACE INTO t0(c0, c1) VALUES('', NULL); -- 1ms;
REPLACE INTO t0(c1) VALUES(2041039470); -- 0ms;
INSERT IGNORE INTO t0(c0, c1) VALUES(2119874712, -1650212984); -- 8ms;
REPLACE INTO t0(c1) VALUES(NULL); -- 8ms;
select TABLE_NAME, ENGINE from information_schema.TABLES where table_schema = 'database50'; -- 1ms;
ALTER TABLE t0 STATS_AUTO_RECALC 1, INSERT_METHOD LAST, DROP c0, COMPRESSION 'ZLIB', DELAY_KEY_WRITE 1, CHECKSUM 1, DISABLE KEYS, PACK_KEYS DEFAULT, RENAME AS t4, ROW_FORMAT REDUNDANT, FORCE, ALGORITHM INPLACE, STATS_PERSISTENT 0; -- 1ms;
ALTER TABLE t0 DELAY_KEY_WRITE 1, STATS_PERSISTENT 0, ALGORITHM COPY, STATS_AUTO_RECALC DEFAULT, INSERT_METHOD FIRST, CHECKSUM 0, PACK_KEYS 0, RENAME t2, FORCE, ENABLE KEYS, ROW_FORMAT FIXED; -- 5ms;
ALTER TABLE t0 INSERT_METHOD FIRST, FORCE, DISABLE KEYS, ALGORITHM INSTANT, CHECKSUM 1, PACK_KEYS 1;