-- Time: 2023/06/03 17:49:19
-- Database: database9
-- Database version: 8.0.11
-- seed value: 1685807359547
DROP DATABASE IF EXISTS database9;
CREATE DATABASE database9;
USE database9;
CREATE TABLE IF NOT EXISTS t0(c0 MEDIUMTEXT  COLUMN_FORMAT FIXED ) ; -- 66ms;
select TABLE_NAME, ENGINE from information_schema.TABLES where table_schema = 'database9'; -- 2ms;
INSERT INTO t0(c0) VALUES('?a'); -- 9ms;
REPLACE LOW_PRIORITY INTO t0(c0) VALUES("FALSE"); -- 6ms;
REPLACE LOW_PRIORITY INTO t0(c0) VALUES('?i'); -- 9ms;
CREATE INDEX i90 ON t0(c0); -- 2ms;
CREATE INDEX i0 ON t0(c0); -- 1ms;
CREATE INDEX i15 USING HASH ON t0(c0(2) DESC) ALGORITHM INPLACE; -- 1ms;
CREATE INDEX i87 ON t0(c0) ALGORITHM= DEFAULT; -- 1ms;
SET SESSION myisam_sort_buffer_size = 986477146711229900; -- 0ms;
select TABLE_NAME, ENGINE from information_schema.TABLES where table_schema = 'database9'; -- 2ms;
REPLACE LOW_PRIORITY INTO t0(c0) VALUES(809553161); -- 7ms;
INSERT DELAYED IGNORE INTO t0(c0) VALUES(NULL); -- 9ms;
CREATE INDEX i0 USING BTREE ON t0(c0(4) ASC) ALGORITHM DEFAULT; -- 279ms;
REPLACE DELAYED INTO t0(c0) VALUES(NULL); -- 11ms;
ALTER TABLE t0 RENAME TO t0, STATS_PERSISTENT 0, ROW_FORMAT FIXED, PACK_KEYS 0, COMPRESSION 'NONE', CHECKSUM 1, ENABLE KEYS; -- 1ms;
ALTER TABLE t0 STATS_PERSISTENT 1, RENAME TO t2, PACK_KEYS 0, CHECKSUM 1, STATS_AUTO_RECALC 1, INSERT_METHOD FIRST, COMPRESSION 'NONE', ALGORITHM INSTANT, DELAY_KEY_WRITE 0;