--java.lang.AssertionError: CREATE INDEX i1 ON t0((NULL)) INVISIBLE;
--	at sqlancer.common.query.SQLQueryAdapter.checkException(SQLQueryAdapter.java:111)
--	at sqlancer.common.query.SQLQueryAdapter.execute(SQLQueryAdapter.java:93)
--	at sqlancer.Main$QueryManager.execute(Main.java:265)
--	at sqlancer.GlobalState.executeStatement(GlobalState.java:108)
--	at sqlancer.StatementExecutor.executeStatements(StatementExecutor.java:70)
--	at sqlancer.mysql.MySQLProvider.generateDatabase(MySQLProvider.java:152)
--	at sqlancer.mysql.MySQLProvider.generateDatabase(MySQLProvider.java:1)
--	at sqlancer.ProviderAdapter.generateAndTestDatabase(ProviderAdapter.java:52)
--	at sqlancer.Main$DBMSExecutor.run(Main.java:364)
--	at sqlancer.Main$2.run(Main.java:559)
--	at sqlancer.Main$2.runThread(Main.java:541)
--	at sqlancer.Main$2.run(Main.java:532)
--	at java.base/java.util.concurrent.ThreadPoolExecutor.runWorker(ThreadPoolExecutor.java:1128)
--	at java.base/java.util.concurrent.ThreadPoolExecutor$Worker.run(ThreadPoolExecutor.java:628)
--	at java.base/java.lang.Thread.run(Thread.java:829)
--Caused by: java.sql.SQLSyntaxErrorException: You have an error in your SQL syntax; check the manual that corresponds to your MySQL server version for the right syntax to use near '(NULL)) INVISIBLE' at line 1
--	at com.mysql.cj.jdbc.exceptions.SQLError.createSQLException(SQLError.java:120)
--	at com.mysql.cj.jdbc.exceptions.SQLExceptionsMapping.translateException(SQLExceptionsMapping.java:122)
--	at com.mysql.cj.jdbc.StatementImpl.executeInternal(StatementImpl.java:763)
--	at com.mysql.cj.jdbc.StatementImpl.execute(StatementImpl.java:648)
--	at sqlancer.common.query.SQLQueryAdapter.execute(SQLQueryAdapter.java:87)
--	... 13 more
---- Time: 2023/06/03 17:50:38
-- Database: database33
-- Database version: 8.0.11
-- seed value: 1685807359580
DROP DATABASE IF EXISTS database33;
CREATE DATABASE database33;
USE database33;
CREATE TABLE t0(c0 TINYTEXT , c1 TINYTEXT  STORAGE MEMORY COMMENT 'asdf'  COLUMN_FORMAT DEFAULT, c2 MEDIUMINT  COMMENT 'asdf'  UNIQUE COLUMN_FORMAT DEFAULT  STORAGE DISK ) AUTO_INCREMENT = 4837883884182632831, AVG_ROW_LENGTH = 971995734;
select TABLE_NAME, ENGINE from information_schema.TABLES where table_schema = 'database33';
TRUNCATE TABLE t0;
ANALYZE  TABLE t0 DROP HISTOGRAM ON c2, c0;
ALTER TABLE t0 STATS_AUTO_RECALC 0, COMPRESSION 'LZ4';
INSERT INTO t0(c2, c0, c1) VALUES(NULL, 852944581, '-1574831684');
REPLACE DELAYED INTO t0(c2) VALUES(NULL);
INSERT INTO t0(c1) VALUES(-412408525);
select TABLE_NAME, ENGINE from information_schema.TABLES where table_schema = 'database33';
INSERT IGNORE INTO t0(c1, c0, c2) VALUES(NULL, NULL, NULL), ('qM', NULL, NULL), ('', -908831458, 1640441267), ("fDO", NULL, "?H6?A"), ('kY1?c', '', NULL);
CHECKSUM TABLE t0 EXTENDED;
INSERT DELAYED IGNORE INTO t0(c0) VALUES("9!\r?	P\r?<");
select TABLE_NAME, ENGINE from information_schema.TABLES where table_schema = 'database33';
INSERT IGNORE INTO t0(c1, c2) VALUES("1jQ", -523650079), ("*.C", 1770868537), (NULL, NULL), ('[?O}', "234063039"), (158445030, "O\r2#");
REPLACE DELAYED INTO t0(c1, c2, c0) VALUES(-274164675, 1001998274, NULL), (655819923, -1229160317, NULL), ("d0", "1679868928", '');
INSERT IGNORE INTO t0(c1, c0, c2) VALUES(NULL, NULL, NULL);
CREATE UNIQUE INDEX i0 ON t0(c1(3)) VISIBLE ALGORITHM COPY;
INSERT INTO t0(c2) VALUES(NULL), ('\rui'), (NULL);
REPLACE INTO t0(c1, c2) VALUES(-568473076, NULL);
DELETE LOW_PRIORITY QUICK FROM t0;
SET SESSION max_length_for_sort_data = 5677811;
INSERT DELAYED INTO t0(c2, c0) VALUES(NULL, 418060515), ("??", NULL), (NULL, NULL);
REPLACE INTO t0(c0, c1) VALUES("k5g", NULL);
INSERT IGNORE INTO t0(c0, c2) VALUES(NULL, '6{kPo))');
select TABLE_NAME, ENGINE from information_schema.TABLES where table_schema = 'database33';
REPLACE INTO t0(c0, c1, c2) VALUES(1055056441, -1183384897, NULL);
INSERT DELAYED IGNORE INTO t0(c0, c1) VALUES('', NULL);
CHECK TABLE t0 ;
INSERT DELAYED INTO t0(c0, c2, c1) VALUES(NULL, NULL, -360456470);
INSERT INTO t0(c1, c0, c2) VALUES("?,Ee", -523650079, 596825677);
INSERT IGNORE INTO t0(c1, c0) VALUES(133202657, NULL);
DELETE LOW_PRIORITY FROM t0;
ALTER TABLE t0 DELAY_KEY_WRITE 0, FORCE, PACK_KEYS 0, COMPRESSION 'ZLIB', RENAME AS t4, INSERT_METHOD LAST, CHECKSUM 1, ALGORITHM INPLACE, STATS_PERSISTENT 1;
REPLACE INTO t4(c0, c2) VALUES(1135381679, 487759935);
INSERT IGNORE INTO t4(c1, c2, c0) VALUES("|6(jJ?", NULL, "g");
REPLACE INTO t4(c1, c2, c0) VALUES(NULL, NULL, "1949390965");
ALTER TABLE t4 DELAY_KEY_WRITE 0, FORCE, COMPRESSION 'ZLIB', RENAME t0, STATS_PERSISTENT 0, CHECKSUM 0, ROW_FORMAT COMPACT, DROP c2, PACK_KEYS 0, ALGORITHM DEFAULT;
REPLACE DELAYED INTO t0(c1) VALUES(NULL);
INSERT IGNORE INTO t0(c1) VALUES(NULL);
REPLACE DELAYED INTO t0(c1, c0) VALUES(NULL, "e");
INSERT INTO t0(c0) VALUES(43636645);
REPLACE DELAYED INTO t0(c0) VALUES("xe>-"), (NULL), (NULL);
CREATE INDEX i1 USING HASH ON t0(c0, c1(4));
CREATE INDEX i1 USING HASH ON t0(c0 ASC);
