--java.lang.AssertionError: CREATE UNIQUE INDEX i0 ON t0(((! (t0.c0)))) ALGORITHM= INPLACE;
--	at sqlancer.common.query.SQLQueryAdapter.checkException(SQLQueryAdapter.java:111)
--	at sqlancer.common.query.SQLQueryAdapter.execute(SQLQueryAdapter.java:93)
--	at sqlancer.Main$QueryManager.execute(Main.java:265)
--	at sqlancer.GlobalState.executeStatement(GlobalState.java:108)
--	at sqlancer.StatementExecutor.executeStatements(StatementExecutor.java:70)
--	at sqlancer.mysql.MySQLProvider.generateDatabase(MySQLProvider.java:152)
--	at sqlancer.mysql.MySQLProvider.generateDatabase(MySQLProvider.java:1)
--	at sqlancer.ProviderAdapter.generateAndTestDatabase(ProviderAdapter.java:52)
--	at sqlancer.Main$DBMSExecutor.run(Main.java:364)
--	at sqlancer.Main$2.run(Main.java:559)
--	at sqlancer.Main$2.runThread(Main.java:541)
--	at sqlancer.Main$2.run(Main.java:532)
--	at java.base/java.util.concurrent.ThreadPoolExecutor.runWorker(ThreadPoolExecutor.java:1128)
--	at java.base/java.util.concurrent.ThreadPoolExecutor$Worker.run(ThreadPoolExecutor.java:628)
--	at java.base/java.lang.Thread.run(Thread.java:829)
--Caused by: java.sql.SQLSyntaxErrorException: You have an error in your SQL syntax; check the manual that corresponds to your MySQL server version for the right syntax to use near '((! (t0.c0)))) ALGORITHM= INPLACE' at line 1
--	at com.mysql.cj.jdbc.exceptions.SQLError.createSQLException(SQLError.java:120)
--	at com.mysql.cj.jdbc.exceptions.SQLExceptionsMapping.translateException(SQLExceptionsMapping.java:122)
--	at com.mysql.cj.jdbc.StatementImpl.executeInternal(StatementImpl.java:763)
--	at com.mysql.cj.jdbc.StatementImpl.execute(StatementImpl.java:648)
--	at sqlancer.common.query.SQLQueryAdapter.execute(SQLQueryAdapter.java:87)
--	... 13 more
---- Time: 2023/06/03 17:50:38
-- Database: database72
-- Database version: 8.0.11
-- seed value: 1685807359619
DROP DATABASE IF EXISTS database72;
CREATE DATABASE database72;
USE database72;
CREATE TABLE t0(c0 INT ) ;
INSERT INTO t0(c0) VALUES(-1184553464);
DELETE LOW_PRIORITY QUICK FROM t0;
SET SESSION max_length_for_sort_data = 7172414;
INSERT INTO t0(c0) VALUES(NULL);
DELETE QUICK FROM t0;
TRUNCATE TABLE t0;
REPLACE INTO t0(c0) VALUES('-1184553464');
REPLACE INTO t0(c0) VALUES(-2139515440);
ALTER TABLE t0 CHECKSUM 0, FORCE;
ALTER TABLE t0 CHECKSUM 1, DELAY_KEY_WRITE 0, PACK_KEYS DEFAULT, INSERT_METHOD LAST, ALGORITHM INPLACE, STATS_AUTO_RECALC DEFAULT;
INSERT HIGH_PRIORITY INTO t0(c0) VALUES(NULL);
REPLACE INTO t0(c0) VALUES(NULL), (-2137210056), (NULL);
SET SESSION histogram_generation_max_mem_size = 7013026512664614997;
INSERT LOW_PRIORITY INTO t0(c0) VALUES("");
INSERT HIGH_PRIORITY INTO t0(c0) VALUES(-2139515440);
CREATE UNIQUE INDEX i0 USING BTREE ON t0(c0 DESC) VISIBLE ALGORITHM COPY;
