--java.lang.AssertionError: SELECT * FROM (SELECT DISTINCTROW SQL_SMALL_RESULT STRAIGHT_JOIN SQL_BIG_RESULT t0.c0 AS ref0, t0.c1 AS ref1 FROM t0 WHERE t0.c0 GROUP BY t0.c0, t0.c1 ORDER BY  EXISTS (SELECT 1 wHERE FALSE) LIMIT 2147483647) as result WHERE result.ref0 = '1154473585' AND result.ref1 IS NULL;
--	at sqlancer.common.query.SQLQueryAdapter.checkException(SQLQueryAdapter.java:111)
--	at sqlancer.common.query.SQLQueryAdapter.executeAndGet(SQLQueryAdapter.java:141)
--	at sqlancer.common.oracle.PivotedQuerySynthesisBase.containsRows(PivotedQuerySynthesisBase.java:67)
--	at sqlancer.common.oracle.PivotedQuerySynthesisBase.check(PivotedQuerySynthesisBase.java:49)
--	at sqlancer.ProviderAdapter.generateAndTestDatabase(ProviderAdapter.java:61)
--	at sqlancer.Main$DBMSExecutor.run(Main.java:364)
--	at sqlancer.Main$2.run(Main.java:559)
--	at sqlancer.Main$2.runThread(Main.java:541)
--	at sqlancer.Main$2.run(Main.java:532)
--	at java.base/java.util.concurrent.ThreadPoolExecutor.runWorker(ThreadPoolExecutor.java:1128)
--	at java.base/java.util.concurrent.ThreadPoolExecutor$Worker.run(ThreadPoolExecutor.java:628)
--	at java.base/java.lang.Thread.run(Thread.java:829)
--Caused by: java.sql.SQLException: Out of sort memory, consider increasing server sort buffer size
--	at com.mysql.cj.jdbc.exceptions.SQLError.createSQLException(SQLError.java:129)
--	at com.mysql.cj.jdbc.exceptions.SQLExceptionsMapping.translateException(SQLExceptionsMapping.java:122)
--	at com.mysql.cj.jdbc.StatementImpl.executeQuery(StatementImpl.java:1200)
--	at sqlancer.common.query.SQLQueryAdapter.executeAndGet(SQLQueryAdapter.java:131)
--	... 10 more
---- Time: 2023/06/03 17:50:34
-- Database: database70
-- Database version: 8.0.11
-- seed value: 1685807359617
DROP DATABASE IF EXISTS database70;
CREATE DATABASE database70;
USE database70;
CREATE TABLE IF NOT EXISTS t0(c0 MEDIUMTEXT  STORAGE MEMORY COMMENT 'asdf'  COLUMN_FORMAT FIXED NULL, c1 SMALLINT  COMMENT 'asdf'   COLUMN_FORMAT DEFAULT UNIQUE KEY) ;
DELETE QUICK FROM t0;
REPLACE INTO t0(c0, c1) VALUES("8?QY146", 1774410922);
REPLACE DELAYED INTO t0(c0, c1) VALUES(1774410922, NULL);
select TABLE_NAME, ENGINE from information_schema.TABLES where table_schema = 'database70';
INSERT IGNORE INTO t0(c0, c1) VALUES('', NULL);
INSERT IGNORE INTO t0(c1, c0) VALUES(NULL, '');
INSERT LOW_PRIORITY IGNORE INTO t0(c0) VALUES(-309664577);
CREATE UNIQUE INDEX i0 USING BTREE ON t0(c0(4) ASC, c1);
select TABLE_NAME, ENGINE from information_schema.TABLES where table_schema = 'database70';
INSERT IGNORE INTO t0(c1) VALUES("");
SET SESSION max_sort_length = 6125957;
INSERT INTO t0(c1, c0) VALUES("?S|S)", -125615289), ("_T", 2122638928), (1154473585, NULL);
INSERT LOW_PRIORITY IGNORE INTO t0(c0, c1) VALUES("<\rXLu_", ',y');
select TABLE_NAME, ENGINE from information_schema.TABLES where table_schema = 'database70';
INSERT IGNORE INTO t0(c0) VALUES(NULL);
select TABLE_NAME, ENGINE from information_schema.TABLES where table_schema = 'database70';
INSERT HIGH_PRIORITY IGNORE INTO t0(c1, c0) VALUES(NULL, 1774410922);
ALTER TABLE t0 DELAY_KEY_WRITE 0, CHECKSUM 1, STATS_PERSISTENT 1, PACK_KEYS DEFAULT, FORCE;
ANALYZE LOCAL TABLE t0;
INSERT INTO t0(c1, c0) VALUES(43285677, -1532361714);
REPLACE INTO t0(c1, c0) VALUES(1154473585, "-1550831427");
REPLACE INTO t0(c0) VALUES(1774410922);
TRUNCATE TABLE t0;
INSERT INTO t0(c1) VALUES(-309664577);
INSERT LOW_PRIORITY INTO t0(c0) VALUES(NULL);
CHECK TABLE t0 CHANGED MEDIUM QUICK EXTENDED FOR UPGRADE;
select TABLE_NAME, ENGINE from information_schema.TABLES where table_schema = 'database70';
DELETE FROM t0;
select TABLE_NAME, ENGINE from information_schema.TABLES where table_schema = 'database70';
INSERT HIGH_PRIORITY IGNORE INTO t0(c0, c1) VALUES(NULL, -1679990965);
select TABLE_NAME, ENGINE from information_schema.TABLES where table_schema = 'database70';
ALTER TABLE t0 ;
DELETE LOW_PRIORITY IGNORE FROM t0 WHERE -591806951;
INSERT INTO t0(c1) VALUES(NULL), ("W'j5*z8"), (380275827);
INSERT LOW_PRIORITY INTO t0(c0, c1) VALUES(-1234284256, '');
INSERT IGNORE INTO t0(c0) VALUES(NULL);
SET SESSION max_sp_recursion_depth = 218;
DELETE QUICK FROM t0;
CHECKSUM TABLE t0;
ALTER TABLE t0 ;
DROP INDEX i0 ON t0;
ALTER TABLE t0 ROW_FORMAT REDUNDANT;
SET SESSION max_sp_recursion_depth = 182;
select TABLE_NAME, ENGINE from information_schema.TABLES where table_schema = 'database70';
DELETE LOW_PRIORITY IGNORE FROM t0;
REPLACE INTO t0(c0, c1) VALUES(-459612877, '3?4J');
REPLACE DELAYED INTO t0(c1) VALUES(NULL), (2122638928), ("43285677");
REPLACE DELAYED INTO t0(c0) VALUES(NULL), (1154473585), (-1712406247);
DELETE LOW_PRIORITY QUICK IGNORE FROM t0 WHERE COALESCE((t0.c1) IS TRUE, LEAST(t0.c1, NULL));
INSERT IGNORE INTO t0(c1) VALUES('?N');
SELECT * FROM (SELECT DISTINCTROW SQL_SMALL_RESULT STRAIGHT_JOIN SQL_BIG_RESULT t0.c0 AS ref0, t0.c1 AS ref1 FROM t0 WHERE t0.c0 GROUP BY t0.c0, t0.c1 ORDER BY  EXISTS (SELECT 1 wHERE FALSE) LIMIT 2147483647) as result WHERE result.ref0 = '1154473585' AND result.ref1 IS NULL;
