--java.lang.AssertionError: ALTER TABLE t0 DROP COLUMN c1, FORCE, ROW_FORMAT FIXED, PACK_KEYS 0, DELAY_KEY_WRITE 1, INSERT_METHOD FIRST, STATS_PERSISTENT 0, ENABLE KEYS, STATS_AUTO_RECALC 0, COMPRESSION 'ZLIB', ALGORITHM INSTANT;
--	at sqlancer.common.query.SQLQueryAdapter.checkException(SQLQueryAdapter.java:111)
--	at sqlancer.common.query.SQLQueryAdapter.execute(SQLQueryAdapter.java:93)
--	at sqlancer.Main$QueryManager.execute(Main.java:265)
--	at sqlancer.GlobalState.executeStatement(GlobalState.java:108)
--	at sqlancer.StatementExecutor.executeStatements(StatementExecutor.java:70)
--	at sqlancer.mysql.MySQLProvider.generateDatabase(MySQLProvider.java:152)
--	at sqlancer.mysql.MySQLProvider.generateDatabase(MySQLProvider.java:1)
--	at sqlancer.ProviderAdapter.generateAndTestDatabase(ProviderAdapter.java:52)
--	at sqlancer.Main$DBMSExecutor.run(Main.java:364)
--	at sqlancer.Main$2.run(Main.java:559)
--	at sqlancer.Main$2.runThread(Main.java:541)
--	at sqlancer.Main$2.run(Main.java:532)
--	at java.base/java.util.concurrent.ThreadPoolExecutor.runWorker(ThreadPoolExecutor.java:1128)
--	at java.base/java.util.concurrent.ThreadPoolExecutor$Worker.run(ThreadPoolExecutor.java:628)
--	at java.base/java.lang.Thread.run(Thread.java:829)
--Caused by: java.sql.SQLException: Unknown ALGORITHM 'INSTANT'
--	at com.mysql.cj.jdbc.exceptions.SQLError.createSQLException(SQLError.java:129)
--	at com.mysql.cj.jdbc.exceptions.SQLExceptionsMapping.translateException(SQLExceptionsMapping.java:122)
--	at com.mysql.cj.jdbc.StatementImpl.executeInternal(StatementImpl.java:763)
--	at com.mysql.cj.jdbc.StatementImpl.execute(StatementImpl.java:648)
--	at sqlancer.common.query.SQLQueryAdapter.execute(SQLQueryAdapter.java:87)
--	... 13 more
---- Time: 2023/06/03 17:54:03
-- Database: database26
-- Database version: 8.0.11
-- seed value: 1685807359572
DROP DATABASE IF EXISTS database26;
CREATE DATABASE database26;
USE database26;
CREATE TABLE IF NOT EXISTS t0(c0 TEXT  COMMENT 'asdf'  STORAGE MEMORY , c1 LONGTEXT  NULL COLUMN_FORMAT FIXED) ;
select TABLE_NAME, ENGINE from information_schema.TABLES where table_schema = 'database26';
INSERT IGNORE INTO t0(c0) VALUES('1239254095');
REPLACE INTO t0(c0, c1) VALUES('GE3lq]', NULL);
REPLACE INTO t0(c1) VALUES(NULL), (NULL), (-1105798163);
REPLACE LOW_PRIORITY INTO t0(c1) VALUES('WMD?4{)zu'), ("BL{_}["), (NULL);
CREATE INDEX i0 USING HASH ON t0(c0(3) DESC, c1(3) ASC) VISIBLE;
ANALYZE NO_WRITE_TO_BINLOG TABLE t0 DROP HISTOGRAM ON c0;
REPLACE INTO t0(c1) VALUES(1008306014);
REPLACE DELAYED INTO t0(c0, c1) VALUES("1978106459", "-132108240");
INSERT DELAYED INTO t0(c0, c1) VALUES(756857705, NULL);
