-- Time: 2023/06/03 17:50:30
-- Database: database59
-- Database version: 8.0.11
-- seed value: 1685807359606
DROP DATABASE IF EXISTS database59;
CREATE DATABASE database59;
USE database59;
CREATE TABLE IF NOT EXISTS t0(c0 VARCHAR(500) ) ; -- 54ms;
REPLACE INTO t0(c0) VALUES(NULL), (""), (-832178780); -- 6ms;
CHECKSUM TABLE t0 QUICK; -- 0ms;
REPLACE DELAYED INTO t0(c0) VALUES(NULL); -- 7ms;
INSERT INTO t0(c0) VALUES(-1911323531); -- 4ms;
INSERT HIGH_PRIORITY IGNORE INTO t0(c0) VALUES(NULL); -- 13ms;
REPLACE DELAYED INTO t0(c0) VALUES(''); -- 118ms;
DELETE LOW_PRIORITY QUICK FROM t0; -- 10ms;
REPLACE INTO t0(c0) VALUES(1964003837); -- 5ms;
REPLACE INTO t0(c0) VALUES(-1586431738); -- 8ms;
CREATE UNIQUE INDEX i0 USING HASH ON t0(c0(3)) VISIBLE; -- 43ms;
REPLACE LOW_PRIORITY INTO t0(c0) VALUES(NULL); -- 4ms;
REPLACE INTO t0(c0) VALUES(NULL); -- 15ms;
CREATE INDEX i1 ON t0(( EXISTS (SELECT 1))) VISIBLE;