--java.lang.AssertionError: CREATE INDEX i68 ON t0(((+ (((t0.c0) != (2060699647)) >= (BIT_COUNT(1552121257))))));
--	at sqlancer.common.query.SQLQueryAdapter.checkException(SQLQueryAdapter.java:111)
--	at sqlancer.common.query.SQLQueryAdapter.execute(SQLQueryAdapter.java:93)
--	at sqlancer.Main$QueryManager.execute(Main.java:265)
--	at sqlancer.GlobalState.executeStatement(GlobalState.java:108)
--	at sqlancer.StatementExecutor.executeStatements(StatementExecutor.java:70)
--	at sqlancer.mysql.MySQLProvider.generateDatabase(MySQLProvider.java:152)
--	at sqlancer.mysql.MySQLProvider.generateDatabase(MySQLProvider.java:1)
--	at sqlancer.ProviderAdapter.generateAndTestDatabase(ProviderAdapter.java:52)
--	at sqlancer.Main$DBMSExecutor.run(Main.java:364)
--	at sqlancer.Main$2.run(Main.java:559)
--	at sqlancer.Main$2.runThread(Main.java:541)
--	at sqlancer.Main$2.run(Main.java:532)
--	at java.base/java.util.concurrent.ThreadPoolExecutor.runWorker(ThreadPoolExecutor.java:1128)
--	at java.base/java.util.concurrent.ThreadPoolExecutor$Worker.run(ThreadPoolExecutor.java:628)
--	at java.base/java.lang.Thread.run(Thread.java:829)
--Caused by: java.sql.SQLSyntaxErrorException: You have an error in your SQL syntax; check the manual that corresponds to your MySQL server version for the right syntax to use near '((+ (((t0.c0) != (2060699647)) >= (BIT_COUNT(1552121257))))))' at line 1
--	at com.mysql.cj.jdbc.exceptions.SQLError.createSQLException(SQLError.java:120)
--	at com.mysql.cj.jdbc.exceptions.SQLExceptionsMapping.translateException(SQLExceptionsMapping.java:122)
--	at com.mysql.cj.jdbc.StatementImpl.executeInternal(StatementImpl.java:763)
--	at com.mysql.cj.jdbc.StatementImpl.execute(StatementImpl.java:648)
--	at sqlancer.common.query.SQLQueryAdapter.execute(SQLQueryAdapter.java:87)
--	... 13 more
---- Time: 2023/06/03 17:55:03
-- Database: database64
-- Database version: 8.0.11
-- seed value: 1685807359611
DROP DATABASE IF EXISTS database64;
CREATE DATABASE database64;
USE database64;
CREATE TABLE IF NOT EXISTS t0(c0 MEDIUMINT   UNIQUE KEY COMMENT 'asdf'   COLUMN_FORMAT DEFAULT STORAGE MEMORY, c1 SMALLINT(72)  COLUMN_FORMAT FIXED, c2 INT(177)  NULL STORAGE DISK  COLUMN_FORMAT FIXED) ;
select TABLE_NAME, ENGINE from information_schema.TABLES where table_schema = 'database64';
INSERT LOW_PRIORITY IGNORE INTO t0(c1, c0) VALUES("", NULL), ("", 1265313860), (NULL, -883649804);
INSERT INTO t0(c2) VALUES("un");
INSERT HIGH_PRIORITY IGNORE INTO t0(c0, c1, c2) VALUES('IQc', -270369392, 334862109);
SET SESSION sql_auto_is_null = OFF;
REPLACE DELAYED INTO t0(c0, c1, c2) VALUES(NULL, '', "}a");
INSERT INTO t0(c2) VALUES(-553047059);
INSERT IGNORE INTO t0(c2) VALUES(1415271074);
REPLACE LOW_PRIORITY INTO t0(c1) VALUES(NULL);
REPLACE INTO t0(c2, c1) VALUES(NULL, NULL);
ALTER TABLE t0 DROP c2;
INSERT LOW_PRIORITY INTO t0(c0, c1) VALUES(NULL, NULL), (NULL, -1943325452), ('', 515241549);
REPLACE INTO t0(c0, c1) VALUES(1871980271, NULL);
REPLACE INTO t0(c1) VALUES('Zu');
REPLACE DELAYED INTO t0(c1) VALUES(1902686651);
REPLACE LOW_PRIORITY INTO t0(c1, c0) VALUES("!V", "");
INSERT LOW_PRIORITY IGNORE INTO t0(c0) VALUES(-1605932165);
