--java.lang.AssertionError: CREATE INDEX i0 USING BTREE ON t0((("uw1_u") XOR (t0.c0))) INVISIBLE ALGORITHM= DEFAULT;
--	at sqlancer.common.query.SQLQueryAdapter.checkException(SQLQueryAdapter.java:111)
--	at sqlancer.common.query.SQLQueryAdapter.execute(SQLQueryAdapter.java:93)
--	at sqlancer.Main$QueryManager.execute(Main.java:265)
--	at sqlancer.GlobalState.executeStatement(GlobalState.java:108)
--	at sqlancer.StatementExecutor.executeStatements(StatementExecutor.java:70)
--	at sqlancer.mysql.MySQLProvider.generateDatabase(MySQLProvider.java:152)
--	at sqlancer.mysql.MySQLProvider.generateDatabase(MySQLProvider.java:1)
--	at sqlancer.ProviderAdapter.generateAndTestDatabase(ProviderAdapter.java:52)
--	at sqlancer.Main$DBMSExecutor.run(Main.java:364)
--	at sqlancer.Main$2.run(Main.java:559)
--	at sqlancer.Main$2.runThread(Main.java:541)
--	at sqlancer.Main$2.run(Main.java:532)
--	at java.base/java.util.concurrent.ThreadPoolExecutor.runWorker(ThreadPoolExecutor.java:1128)
--	at java.base/java.util.concurrent.ThreadPoolExecutor$Worker.run(ThreadPoolExecutor.java:628)
--	at java.base/java.lang.Thread.run(Thread.java:829)
--Caused by: java.sql.SQLSyntaxErrorException: You have an error in your SQL syntax; check the manual that corresponds to your MySQL server version for the right syntax to use near '(("uw1_u") XOR (t0.c0))) INVISIBLE ALGORITHM= DEFAULT' at line 1
--	at com.mysql.cj.jdbc.exceptions.SQLError.createSQLException(SQLError.java:120)
--	at com.mysql.cj.jdbc.exceptions.SQLExceptionsMapping.translateException(SQLExceptionsMapping.java:122)
--	at com.mysql.cj.jdbc.StatementImpl.executeInternal(StatementImpl.java:763)
--	at com.mysql.cj.jdbc.StatementImpl.execute(StatementImpl.java:648)
--	at sqlancer.common.query.SQLQueryAdapter.execute(SQLQueryAdapter.java:87)
--	... 13 more
---- Time: 2023/06/03 17:55:01
-- Database: database92
-- Database version: 8.0.11
-- seed value: 1685807359639
DROP DATABASE IF EXISTS database92;
CREATE DATABASE database92;
USE database92;
CREATE TABLE t0(c0 TINYTEXT  NULL COMMENT 'asdf'  STORAGE MEMORY, c1 TEXT   COMMENT 'asdf' ) ;
CREATE TABLE IF NOT EXISTS t1(c0 TEXT   STORAGE MEMORY) STATS_AUTO_RECALC = DEFAULT, KEY_BLOCK_SIZE = 59238, CHECKSUM = 1, COMPRESSION = 'NONE';
ALTER TABLE t0 CHECKSUM 1, FORCE, ENABLE KEYS, DROP COLUMN c1;
SET SESSION max_heap_table_size = 2076430068754172101;
REPLACE LOW_PRIORITY INTO t0(c0) VALUES(NULL);
