--java.lang.AssertionError: CREATE INDEX i1 USING HASH ON t0((t0.c0)) VISIBLE;
--	at sqlancer.common.query.SQLQueryAdapter.checkException(SQLQueryAdapter.java:111)
--	at sqlancer.common.query.SQLQueryAdapter.execute(SQLQueryAdapter.java:93)
--	at sqlancer.Main$QueryManager.execute(Main.java:265)
--	at sqlancer.GlobalState.executeStatement(GlobalState.java:108)
--	at sqlancer.StatementExecutor.executeStatements(StatementExecutor.java:70)
--	at sqlancer.mysql.MySQLProvider.generateDatabase(MySQLProvider.java:152)
--	at sqlancer.mysql.MySQLProvider.generateDatabase(MySQLProvider.java:1)
--	at sqlancer.ProviderAdapter.generateAndTestDatabase(ProviderAdapter.java:52)
--	at sqlancer.Main$DBMSExecutor.run(Main.java:364)
--	at sqlancer.Main$2.run(Main.java:559)
--	at sqlancer.Main$2.runThread(Main.java:541)
--	at sqlancer.Main$2.run(Main.java:532)
--	at java.base/java.util.concurrent.ThreadPoolExecutor.runWorker(ThreadPoolExecutor.java:1128)
--	at java.base/java.util.concurrent.ThreadPoolExecutor$Worker.run(ThreadPoolExecutor.java:628)
--	at java.base/java.lang.Thread.run(Thread.java:829)
--Caused by: java.sql.SQLSyntaxErrorException: You have an error in your SQL syntax; check the manual that corresponds to your MySQL server version for the right syntax to use near '(t0.c0)) VISIBLE' at line 1
--	at com.mysql.cj.jdbc.exceptions.SQLError.createSQLException(SQLError.java:120)
--	at com.mysql.cj.jdbc.exceptions.SQLExceptionsMapping.translateException(SQLExceptionsMapping.java:122)
--	at com.mysql.cj.jdbc.StatementImpl.executeInternal(StatementImpl.java:763)
--	at com.mysql.cj.jdbc.StatementImpl.execute(StatementImpl.java:648)
--	at sqlancer.common.query.SQLQueryAdapter.execute(SQLQueryAdapter.java:87)
--	... 13 more
---- Time: 2023/06/03 17:49:21
-- Database: database15
-- Database version: 8.0.11
-- seed value: 1685807359561
DROP DATABASE IF EXISTS database15;
CREATE DATABASE database15;
USE database15;
CREATE TABLE t0(c0 MEDIUMTEXT  COMMENT 'asdf' ) ;
CREATE INDEX i0 USING BTREE ON t0(c0) ALGORITHM DEFAULT;
CREATE INDEX i0 USING HASH ON t0(c0(4)) INVISIBLE ALGORITHM COPY;
select TABLE_NAME, ENGINE from information_schema.TABLES where table_schema = 'database15';
select TABLE_NAME, ENGINE from information_schema.TABLES where table_schema = 'database15';
select TABLE_NAME, ENGINE from information_schema.TABLES where table_schema = 'database15';
select TABLE_NAME, ENGINE from information_schema.TABLES where table_schema = 'database15';
DELETE LOW_PRIORITY QUICK IGNORE FROM t0 WHERE t0.c0;
ALTER TABLE t0 ;
DELETE FROM t0 WHERE  EXISTS (SELECT 1 wHERE FALSE);
DELETE QUICK IGNORE FROM t0;
REPLACE INTO t0(c0) VALUES('o%'), (612779548), (631451111);
INSERT HIGH_PRIORITY INTO t0(c0) VALUES(NULL);
select TABLE_NAME, ENGINE from information_schema.TABLES where table_schema = 'database15';
SET SESSION query_alloc_block_size = 929661471;
INSERT INTO t0(c0) VALUES(NULL), ("612779548"), (NULL);
ALTER TABLE t0 RENAME TO t0;
CHECK TABLE t0 ;
DELETE LOW_PRIORITY QUICK FROM t0 WHERE CAST( EXISTS (SELECT 1) AS SIGNED);
ALTER TABLE t0 ALGORITHM COPY, RENAME t0, INSERT_METHOD FIRST, DELAY_KEY_WRITE 1;
select TABLE_NAME, ENGINE from information_schema.TABLES where table_schema = 'database15';
DELETE LOW_PRIORITY IGNORE FROM t0 WHERE  EXISTS (SELECT 1);
