--java.lang.AssertionError: CREATE INDEX i1 ON t0((((CAST(NULL AS SIGNED)) IN (CAST(t0.c0 AS SIGNED))) NOT IN (t0.c0))) ALGORITHM= INPLACE;
--	at sqlancer.common.query.SQLQueryAdapter.checkException(SQLQueryAdapter.java:111)
--	at sqlancer.common.query.SQLQueryAdapter.execute(SQLQueryAdapter.java:93)
--	at sqlancer.Main$QueryManager.execute(Main.java:265)
--	at sqlancer.GlobalState.executeStatement(GlobalState.java:108)
--	at sqlancer.StatementExecutor.executeStatements(StatementExecutor.java:70)
--	at sqlancer.mysql.MySQLProvider.generateDatabase(MySQLProvider.java:152)
--	at sqlancer.mysql.MySQLProvider.generateDatabase(MySQLProvider.java:1)
--	at sqlancer.ProviderAdapter.generateAndTestDatabase(ProviderAdapter.java:52)
--	at sqlancer.Main$DBMSExecutor.run(Main.java:364)
--	at sqlancer.Main$2.run(Main.java:559)
--	at sqlancer.Main$2.runThread(Main.java:541)
--	at sqlancer.Main$2.run(Main.java:532)
--	at java.base/java.util.concurrent.ThreadPoolExecutor.runWorker(ThreadPoolExecutor.java:1128)
--	at java.base/java.util.concurrent.ThreadPoolExecutor$Worker.run(ThreadPoolExecutor.java:628)
--	at java.base/java.lang.Thread.run(Thread.java:829)
--Caused by: java.sql.SQLSyntaxErrorException: You have an error in your SQL syntax; check the manual that corresponds to your MySQL server version for the right syntax to use near '(((CAST(NULL AS SIGNED)) IN (CAST(t0.c0 AS SIGNED))) NOT IN (t0.c0))) ALGORITHM=' at line 1
--	at com.mysql.cj.jdbc.exceptions.SQLError.createSQLException(SQLError.java:120)
--	at com.mysql.cj.jdbc.exceptions.SQLExceptionsMapping.translateException(SQLExceptionsMapping.java:122)
--	at com.mysql.cj.jdbc.StatementImpl.executeInternal(StatementImpl.java:763)
--	at com.mysql.cj.jdbc.StatementImpl.execute(StatementImpl.java:648)
--	at sqlancer.common.query.SQLQueryAdapter.execute(SQLQueryAdapter.java:87)
--	... 13 more
---- Time: 2023/06/03 17:53:40
-- Database: database30
-- Database version: 8.0.11
-- seed value: 1685807359577
DROP DATABASE IF EXISTS database30;
CREATE DATABASE database30;
USE database30;
CREATE TABLE IF NOT EXISTS t0(c0 BIGINT(115)  COLUMN_FORMAT FIXED STORAGE MEMORY, c1 TINYINT(15) , c2 INT(134)  ) ;
INSERT INTO t0(c0, c2) VALUES(-1542519901, -1413078918), (-1053795511, ""), (1777905025, NULL);
REPLACE INTO t0(c1) VALUES('-G<J');
INSERT INTO t0(c1, c2) VALUES(NULL, NULL);
REPLACE INTO t0(c1, c0) VALUES("ldtGTNqQ", "TYaM*p");
INSERT INTO t0(c0, c1, c2) VALUES("mC'pE?t", NULL, "p");
REPLACE INTO t0(c2, c0) VALUES(NULL, NULL);
REPLACE LOW_PRIORITY INTO t0(c2, c1, c0) VALUES(-1533319615, "-573245805", -573245805), (NULL, 1849943077, 1099359025), ("", "", 1030527524);
REPLACE LOW_PRIORITY INTO t0(c2) VALUES("?)");
REPLACE INTO t0(c2, c1) VALUES('', 'M');
REPLACE INTO t0(c2) VALUES(-2052533357), (-1563759803), (263957450);
REPLACE LOW_PRIORITY INTO t0(c2, c0, c1) VALUES(" Y()", "", -1935148210);
REPLACE INTO t0(c2, c0) VALUES(NULL, NULL);
REPLACE DELAYED INTO t0(c0, c2, c1) VALUES(NULL, NULL, "");
REPLACE LOW_PRIORITY INTO t0(c1, c0) VALUES('^^#c7?~K#', 'gJ');
REPLACE LOW_PRIORITY INTO t0(c0, c1) VALUES(NULL, "usw|");
INSERT IGNORE INTO t0(c2) VALUES(NULL);
ALTER TABLE t0 FORCE, PACK_KEYS 0;
REPLACE INTO t0(c0) VALUES('');
INSERT IGNORE INTO t0(c0) VALUES('');
INSERT INTO t0(c2, c1) VALUES(-245123596, '');
INSERT IGNORE INTO t0(c0) VALUES(NULL);
INSERT HIGH_PRIORITY IGNORE INTO t0(c1, c0) VALUES('-810109155', 1389336061);
REPLACE DELAYED INTO t0(c1, c2, c0) VALUES("", "", NULL);
INSERT LOW_PRIORITY INTO t0(c0, c2, c1) VALUES(NULL, NULL, 851743291);
INSERT LOW_PRIORITY INTO t0(c0, c1) VALUES(NULL, -1650851982);
REPLACE DELAYED INTO t0(c0) VALUES(NULL);
INSERT IGNORE INTO t0(c1, c2) VALUES("", "");
REPLACE INTO t0(c0, c1, c2) VALUES("q", 1371865166, '*\rp+\r');
REPLACE INTO t0(c1, c0, c2) VALUES("~+Biy", NULL, "wy");
INSERT LOW_PRIORITY INTO t0(c0, c1, c2) VALUES(706224384, NULL, NULL);
CREATE UNIQUE INDEX i0 ON t0(c1 DESC, c0);
INSERT LOW_PRIORITY IGNORE INTO t0(c2, c0, c1) VALUES(NULL, " y.Bz*B", 'q*w_}Y');
DELETE QUICK FROM t0;
INSERT DELAYED IGNORE INTO t0(c1) VALUES(NULL);
INSERT DELAYED IGNORE INTO t0(c2) VALUES(NULL);
REPLACE LOW_PRIORITY INTO t0(c2, c1, c0) VALUES(NULL, 851743291, 1879381038), ('{Zs4Wq?', NULL, 2000806355), ("-527491404", "-385117852", 201460778);
REPLACE INTO t0(c0) VALUES(1086143843);
REPLACE DELAYED INTO t0(c0) VALUES(1639033011);
ANALYZE LOCAL TABLE t0 UPDATE HISTOGRAM ON c2, c1 WITH 922 BUCKETS;
INSERT IGNORE INTO t0(c1) VALUES(-1469461524);
INSERT DELAYED IGNORE INTO t0(c2) VALUES(592603356);
INSERT HIGH_PRIORITY INTO t0(c2, c1) VALUES(NULL, "");
REPLACE LOW_PRIORITY INTO t0(c0, c1) VALUES(NULL, 'V&v?aR<D'), ('k?	^6', NULL), ('_m[Z', 'tW?&');
INSERT LOW_PRIORITY IGNORE INTO t0(c1, c0, c2) VALUES(NULL, -1089058235, 1);
INSERT IGNORE INTO t0(c2) VALUES('oY?(vtn#S'), (-1584669309), (NULL);
REPLACE INTO t0(c1, c2, c0) VALUES("[?P]s>", 'q', 1977749448);
INSERT LOW_PRIORITY INTO t0(c2) VALUES(-954495472), (1971945440), (NULL), (706224384), (747232201);
REPLACE DELAYED INTO t0(c0, c2) VALUES(-969034802, NULL);
INSERT LOW_PRIORITY INTO t0(c0, c1) VALUES(1768063372, NULL);
REPLACE LOW_PRIORITY INTO t0(c2, c1) VALUES('', NULL);
REPLACE INTO t0(c2) VALUES("WkTp?S?");
INSERT INTO t0(c0, c2) VALUES("? 0d", NULL);
REPLACE INTO t0(c0) VALUES(997379971);
REPLACE INTO t0(c1, c0, c2) VALUES(-53626125, NULL, "2?");
REPLACE LOW_PRIORITY INTO t0(c0) VALUES('Ehk#	xj*');
REPLACE LOW_PRIORITY INTO t0(c2) VALUES(NULL), ("n"), (-1449208676);
REPLACE DELAYED INTO t0(c1) VALUES(-385117852);
REPLACE DELAYED INTO t0(c0, c2) VALUES(-1363577825, -1995994292);
INSERT LOW_PRIORITY IGNORE INTO t0(c2, c0, c1) VALUES(NULL, NULL, 689663528);
