-- Time: 2023/06/03 17:50:33
-- Database: database70
-- Database version: 8.0.11
-- seed value: 1685807359617
DROP DATABASE IF EXISTS database70;
CREATE DATABASE database70;
USE database70;
CREATE TABLE IF NOT EXISTS t0(c0 MEDIUMTEXT  STORAGE MEMORY COMMENT 'asdf'  COLUMN_FORMAT FIXED NULL, c1 SMALLINT  COMMENT 'asdf'   COLUMN_FORMAT DEFAULT UNIQUE KEY) ; -- 35ms;
DELETE QUICK FROM t0; -- 3ms;
REPLACE INTO t0(c0, c1) VALUES("8?QY146", 1774410922); -- 3ms;
REPLACE DELAYED INTO t0(c0, c1) VALUES(1774410922, NULL); -- 9ms;
select TABLE_NAME, ENGINE from information_schema.TABLES where table_schema = 'database70'; -- 1ms;
INSERT IGNORE INTO t0(c0, c1) VALUES('', NULL); -- 8ms;
INSERT IGNORE INTO t0(c1, c0) VALUES(NULL, ''); -- 5ms;
INSERT LOW_PRIORITY IGNORE INTO t0(c0) VALUES(-309664577); -- 4ms;
CREATE UNIQUE INDEX i0 USING BTREE ON t0(c0(4) ASC, c1); -- 45ms;
select TABLE_NAME, ENGINE from information_schema.TABLES where table_schema = 'database70'; -- 6ms;
INSERT IGNORE INTO t0(c1) VALUES(""); -- 9ms;
SET SESSION max_sort_length = 6125957; -- 1ms;
INSERT INTO t0(c1, c0) VALUES("?S|S)", -125615289), ("_T", 2122638928), (1154473585, NULL); -- 0ms;
INSERT LOW_PRIORITY IGNORE INTO t0(c0, c1) VALUES("<\rXLu_", ',y'); -- 4ms;
select TABLE_NAME, ENGINE from information_schema.TABLES where table_schema = 'database70'; -- 7ms;
INSERT IGNORE INTO t0(c0) VALUES(NULL); -- 5ms;
select TABLE_NAME, ENGINE from information_schema.TABLES where table_schema = 'database70'; -- 3ms;
INSERT HIGH_PRIORITY IGNORE INTO t0(c1, c0) VALUES(NULL, 1774410922); -- 5ms;
ALTER TABLE t0 DELAY_KEY_WRITE 0, CHECKSUM 1, STATS_PERSISTENT 1, PACK_KEYS DEFAULT, FORCE; -- 298ms;
ANALYZE LOCAL TABLE t0; -- 24ms;
INSERT INTO t0(c1, c0) VALUES(43285677, -1532361714); -- 1ms;
REPLACE INTO t0(c1, c0) VALUES(1154473585, "-1550831427"); -- 1ms;
REPLACE INTO t0(c0) VALUES(1774410922); -- 14ms;
TRUNCATE TABLE t0; -- 71ms;
INSERT INTO t0(c1) VALUES(-309664577); -- 4ms;
INSERT LOW_PRIORITY INTO t0(c0) VALUES(NULL); -- 4ms;
CHECK TABLE t0 CHANGED MEDIUM QUICK EXTENDED FOR UPGRADE; -- 1ms;
select TABLE_NAME, ENGINE from information_schema.TABLES where table_schema = 'database70'; -- 2ms;
DELETE FROM t0; -- 5ms;
select TABLE_NAME, ENGINE from information_schema.TABLES where table_schema = 'database70'; -- 2ms;
INSERT HIGH_PRIORITY IGNORE INTO t0(c0, c1) VALUES(NULL, -1679990965); -- 7ms;
select TABLE_NAME, ENGINE from information_schema.TABLES where table_schema = 'database70'; -- 2ms;
ALTER TABLE t0 ; -- 5ms;
DELETE LOW_PRIORITY IGNORE FROM t0 WHERE -591806951; -- 5ms;
INSERT INTO t0(c1) VALUES(NULL), ("W'j5*z8"), (380275827); -- 3ms;
INSERT LOW_PRIORITY INTO t0(c0, c1) VALUES(-1234284256, ''); -- 0ms;
INSERT IGNORE INTO t0(c0) VALUES(NULL); -- 4ms;
SET SESSION max_sp_recursion_depth = 218; -- 1ms;
DELETE QUICK FROM t0; -- 4ms;
CHECKSUM TABLE t0; -- 1ms;
ALTER TABLE t0 ; -- 4ms;
DROP INDEX i0 ON t0; -- 20ms;
ALTER TABLE t0 ROW_FORMAT REDUNDANT; -- 84ms;
SET SESSION max_sp_recursion_depth = 182; -- 1ms;
select TABLE_NAME, ENGINE from information_schema.TABLES where table_schema = 'database70'; -- 2ms;
DELETE LOW_PRIORITY IGNORE FROM t0; -- 0ms;
REPLACE INTO t0(c0, c1) VALUES(-459612877, '3?4J'); -- 0ms;
REPLACE DELAYED INTO t0(c1) VALUES(NULL), (2122638928), ("43285677"); -- 6ms;
REPLACE DELAYED INTO t0(c0) VALUES(NULL), (1154473585), (-1712406247); -- 6ms;
DELETE LOW_PRIORITY QUICK IGNORE FROM t0 WHERE COALESCE((t0.c1) IS TRUE, LEAST(t0.c1, NULL)); -- 0ms;
INSERT IGNORE INTO t0(c1) VALUES('?N'); -- 7ms;
SELECT ALL SQL_NO_CACHE t0.c0 AS ref0, t0.c1 AS ref1 FROM t0 WHERE (! ( EXISTS (SELECT 1 wHERE FALSE))) GROUP BY t0.c0, t0.c1 ORDER BY CAST((IF('-1712406247', NULL, 'je''')) IS NOT TRUE AS SIGNED) DESC LIMIT 2147483647;
SELECT * FROM (SELECT ALL SQL_NO_CACHE t0.c0 AS ref0, t0.c1 AS ref1 FROM t0 WHERE (! ( EXISTS (SELECT 1 wHERE FALSE))) GROUP BY t0.c0, t0.c1 ORDER BY CAST((IF('-1712406247', NULL, 'je''')) IS NOT TRUE AS SIGNED) DESC LIMIT 2147483647) as result WHERE result.ref0 IS NULL AND result.ref1 IS NULL;
SELECT DISTINCTROW t0.c0 AS ref0, t0.c1 AS ref1 FROM t0 WHERE  EXISTS (SELECT 1) ORDER BY ((t0.c1) XOR (CAST(NULL AS SIGNED))) IS NOT NULL ASC LIMIT 2147483647;
SELECT * FROM (SELECT DISTINCTROW t0.c0 AS ref0, t0.c1 AS ref1 FROM t0 WHERE  EXISTS (SELECT 1) ORDER BY ((t0.c1) XOR (CAST(NULL AS SIGNED))) IS NOT NULL ASC LIMIT 2147483647) as result WHERE result.ref0 = "1154473585" AND result.ref1 IS NULL;
SELECT DISTINCTROW SQL_SMALL_RESULT STRAIGHT_JOIN SQL_BIG_RESULT t0.c0 AS ref0, t0.c1 AS ref1 FROM t0 WHERE t0.c0 GROUP BY t0.c0, t0.c1 ORDER BY  EXISTS (SELECT 1 wHERE FALSE) LIMIT 2147483647;
SELECT * FROM (SELECT DISTINCTROW SQL_SMALL_RESULT STRAIGHT_JOIN SQL_BIG_RESULT t0.c0 AS ref0, t0.c1 AS ref1 FROM t0 WHERE t0.c0 GROUP BY t0.c0, t0.c1 ORDER BY  EXISTS (SELECT 1 wHERE FALSE) LIMIT 2147483647) as result WHERE result.ref0 = '1154473585' AND result.ref1 IS NULL;
