--java.lang.AssertionError: ALTER TABLE t0 ROW_FORMAT COMPACT, STATS_PERSISTENT 0, STATS_AUTO_RECALC DEFAULT, FORCE, INSERT_METHOD NO, RENAME t0, COMPRESSION 'NONE', ALGORITHM INSTANT, CHECKSUM 1, DELAY_KEY_WRITE 0, ENABLE KEYS;
--	at sqlancer.common.query.SQLQueryAdapter.checkException(SQLQueryAdapter.java:111)
--	at sqlancer.common.query.SQLQueryAdapter.execute(SQLQueryAdapter.java:93)
--	at sqlancer.Main$QueryManager.execute(Main.java:265)
--	at sqlancer.GlobalState.executeStatement(GlobalState.java:108)
--	at sqlancer.StatementExecutor.executeStatements(StatementExecutor.java:70)
--	at sqlancer.mysql.MySQLProvider.generateDatabase(MySQLProvider.java:152)
--	at sqlancer.mysql.MySQLProvider.generateDatabase(MySQLProvider.java:1)
--	at sqlancer.ProviderAdapter.generateAndTestDatabase(ProviderAdapter.java:52)
--	at sqlancer.Main$DBMSExecutor.run(Main.java:364)
--	at sqlancer.Main$2.run(Main.java:559)
--	at sqlancer.Main$2.runThread(Main.java:541)
--	at sqlancer.Main$2.run(Main.java:532)
--	at java.base/java.util.concurrent.ThreadPoolExecutor.runWorker(ThreadPoolExecutor.java:1128)
--	at java.base/java.util.concurrent.ThreadPoolExecutor$Worker.run(ThreadPoolExecutor.java:628)
--	at java.base/java.lang.Thread.run(Thread.java:829)
--Caused by: java.sql.SQLException: Unknown ALGORITHM 'INSTANT'
--	at com.mysql.cj.jdbc.exceptions.SQLError.createSQLException(SQLError.java:129)
--	at com.mysql.cj.jdbc.exceptions.SQLExceptionsMapping.translateException(SQLExceptionsMapping.java:122)
--	at com.mysql.cj.jdbc.StatementImpl.executeInternal(StatementImpl.java:763)
--	at com.mysql.cj.jdbc.StatementImpl.execute(StatementImpl.java:648)
--	at sqlancer.common.query.SQLQueryAdapter.execute(SQLQueryAdapter.java:87)
--	... 13 more
---- Time: 2023/06/03 17:54:41
-- Database: database91
-- Database version: 8.0.11
-- seed value: 1685807359638
DROP DATABASE IF EXISTS database91;
CREATE DATABASE database91;
USE database91;
CREATE TABLE IF NOT EXISTS t0(c0 TINYTEXT  COLUMN_FORMAT DEFAULT STORAGE DISK NULL, c1 MEDIUMTEXT ) ;
DELETE QUICK IGNORE FROM t0 WHERE  EXISTS (SELECT 1 wHERE FALSE);
INSERT IGNORE INTO t0(c1) VALUES(NULL), ('d??\r'), (NULL);
DELETE LOW_PRIORITY QUICK IGNORE FROM t0;
REPLACE INTO t0(c1, c0) VALUES(-2087511075, NULL), (NULL, NULL), (NULL, -1250946574);
REPLACE INTO t0(c1, c0) VALUES('TG', '467615872'), (NULL, 1048873773), (NULL, '1682445215');
REPLACE INTO t0(c1, c0) VALUES("", -1309529440);
REPLACE LOW_PRIORITY INTO t0(c1, c0) VALUES(-1539238303, NULL);
REPLACE DELAYED INTO t0(c0) VALUES(NULL);
ANALYZE  TABLE t0 UPDATE HISTOGRAM ON c0, c1;
DELETE LOW_PRIORITY IGNORE FROM t0;
ALTER TABLE t0 RENAME t2, ENABLE KEYS, COMPRESSION 'ZLIB', DROP c1, INSERT_METHOD LAST, ROW_FORMAT COMPACT, ALGORITHM DEFAULT, FORCE, STATS_PERSISTENT DEFAULT;
DELETE QUICK FROM t2;
ALTER TABLE t2 INSERT_METHOD NO, DISABLE KEYS, ALGORITHM DEFAULT, CHECKSUM 0, RENAME AS t0, DELAY_KEY_WRITE 0;
CHECKSUM TABLE t0 QUICK;
select TABLE_NAME, ENGINE from information_schema.TABLES where table_schema = 'database91';
INSERT IGNORE INTO t0(c0) VALUES(-1032735888);
REPLACE INTO t0(c0) VALUES("157237605");
DELETE LOW_PRIORITY FROM t0;
INSERT INTO t0(c0) VALUES('</De4');
REPLACE INTO t0(c0) VALUES(NULL), (-844051875), (NULL);
INSERT INTO t0(c0) VALUES(701388323);
INSERT INTO t0(c0) VALUES("P?");
TRUNCATE TABLE t0;
REPLACE LOW_PRIORITY INTO t0(c0) VALUES(NULL);
select TABLE_NAME, ENGINE from information_schema.TABLES where table_schema = 'database91';
