--java.lang.AssertionError: ALTER TABLE t0 COMPRESSION 'ZLIB', INSERT_METHOD LAST, RENAME t0, ALGORITHM INSTANT, STATS_AUTO_RECALC DEFAULT, ROW_FORMAT FIXED, DELAY_KEY_WRITE 0, FORCE, PACK_KEYS 1, CHECKSUM 1, STATS_PERSISTENT DEFAULT;
--	at sqlancer.common.query.SQLQueryAdapter.checkException(SQLQueryAdapter.java:111)
--	at sqlancer.common.query.SQLQueryAdapter.execute(SQLQueryAdapter.java:93)
--	at sqlancer.Main$QueryManager.execute(Main.java:265)
--	at sqlancer.GlobalState.executeStatement(GlobalState.java:108)
--	at sqlancer.StatementExecutor.executeStatements(StatementExecutor.java:70)
--	at sqlancer.mysql.MySQLProvider.generateDatabase(MySQLProvider.java:152)
--	at sqlancer.mysql.MySQLProvider.generateDatabase(MySQLProvider.java:1)
--	at sqlancer.ProviderAdapter.generateAndTestDatabase(ProviderAdapter.java:52)
--	at sqlancer.Main$DBMSExecutor.run(Main.java:364)
--	at sqlancer.Main$2.run(Main.java:559)
--	at sqlancer.Main$2.runThread(Main.java:541)
--	at sqlancer.Main$2.run(Main.java:532)
--	at java.base/java.util.concurrent.ThreadPoolExecutor.runWorker(ThreadPoolExecutor.java:1128)
--	at java.base/java.util.concurrent.ThreadPoolExecutor$Worker.run(ThreadPoolExecutor.java:628)
--	at java.base/java.lang.Thread.run(Thread.java:829)
--Caused by: java.sql.SQLException: Unknown ALGORITHM 'INSTANT'
--	at com.mysql.cj.jdbc.exceptions.SQLError.createSQLException(SQLError.java:129)
--	at com.mysql.cj.jdbc.exceptions.SQLExceptionsMapping.translateException(SQLExceptionsMapping.java:122)
--	at com.mysql.cj.jdbc.StatementImpl.executeInternal(StatementImpl.java:763)
--	at com.mysql.cj.jdbc.StatementImpl.execute(StatementImpl.java:648)
--	at sqlancer.common.query.SQLQueryAdapter.execute(SQLQueryAdapter.java:87)
--	... 13 more
---- Time: 2023/06/03 17:54:31
-- Database: database90
-- Database version: 8.0.11
-- seed value: 1685807359637
DROP DATABASE IF EXISTS database90;
CREATE DATABASE database90;
USE database90;
CREATE TABLE t0(c0 TINYINT(250)  COLUMN_FORMAT FIXED  COMMENT 'asdf' , c1 MEDIUMINT   UNIQUE KEY STORAGE DISK) ;
DELETE IGNORE FROM t0 WHERE "?R?J?XC2";
ALTER TABLE t0 FORCE;
select TABLE_NAME, ENGINE from information_schema.TABLES where table_schema = 'database90';
DELETE FROM t0 WHERE ((LEAST(t0.c0, t0.c1)) NOT IN (t0.c1)) IS NOT TRUE;
