--java.lang.AssertionError: ALTER TABLE t2 RENAME TO t0, DELAY_KEY_WRITE 0, ROW_FORMAT REDUNDANT, DISABLE KEYS, PACK_KEYS DEFAULT, ALGORITHM INSTANT, FORCE;
--	at sqlancer.common.query.SQLQueryAdapter.checkException(SQLQueryAdapter.java:111)
--	at sqlancer.common.query.SQLQueryAdapter.execute(SQLQueryAdapter.java:93)
--	at sqlancer.Main$QueryManager.execute(Main.java:265)
--	at sqlancer.GlobalState.executeStatement(GlobalState.java:108)
--	at sqlancer.StatementExecutor.executeStatements(StatementExecutor.java:70)
--	at sqlancer.mysql.MySQLProvider.generateDatabase(MySQLProvider.java:152)
--	at sqlancer.mysql.MySQLProvider.generateDatabase(MySQLProvider.java:1)
--	at sqlancer.ProviderAdapter.generateAndTestDatabase(ProviderAdapter.java:52)
--	at sqlancer.Main$DBMSExecutor.run(Main.java:364)
--	at sqlancer.Main$2.run(Main.java:559)
--	at sqlancer.Main$2.runThread(Main.java:541)
--	at sqlancer.Main$2.run(Main.java:532)
--	at java.base/java.util.concurrent.ThreadPoolExecutor.runWorker(ThreadPoolExecutor.java:1128)
--	at java.base/java.util.concurrent.ThreadPoolExecutor$Worker.run(ThreadPoolExecutor.java:628)
--	at java.base/java.lang.Thread.run(Thread.java:829)
--Caused by: java.sql.SQLException: Unknown ALGORITHM 'INSTANT'
--	at com.mysql.cj.jdbc.exceptions.SQLError.createSQLException(SQLError.java:129)
--	at com.mysql.cj.jdbc.exceptions.SQLExceptionsMapping.translateException(SQLExceptionsMapping.java:122)
--	at com.mysql.cj.jdbc.StatementImpl.executeInternal(StatementImpl.java:763)
--	at com.mysql.cj.jdbc.StatementImpl.execute(StatementImpl.java:648)
--	at sqlancer.common.query.SQLQueryAdapter.execute(SQLQueryAdapter.java:87)
--	... 13 more
---- Time: 2023/06/03 17:49:21
-- Database: database25
-- Database version: 8.0.11
-- seed value: 1685807359571
DROP DATABASE IF EXISTS database25;
CREATE DATABASE database25;
USE database25;
CREATE TABLE t0(c0 LONGTEXT  STORAGE DISK COLUMN_FORMAT FIXED) DELAY_KEY_WRITE = 1, AUTO_INCREMENT = 6167145448361987686;
CREATE TABLE IF NOT EXISTS t1(c0 INT(193)  COMMENT 'asdf' ) ;
CREATE TABLE IF NOT EXISTS t2(c0 INT ) AVG_ROW_LENGTH = 4192205583, KEY_BLOCK_SIZE = 3370, AUTO_INCREMENT = 3105148823896963014, CHECKSUM = 1;
CREATE TABLE t2 LIKE t0;
ALTER TABLE t2 COMPRESSION 'NONE', PACK_KEYS 1, RENAME TO t0, STATS_PERSISTENT DEFAULT, DELAY_KEY_WRITE 0, INSERT_METHOD NO, STATS_AUTO_RECALC 0, DISABLE KEYS;
