--java.lang.AssertionError: CREATE UNIQUE INDEX i46 USING BTREE ON t0((((t0.c0) OR ((NOT ("_9")))) = ("-122068148"))) INVISIBLE;
--	at sqlancer.common.query.SQLQueryAdapter.checkException(SQLQueryAdapter.java:111)
--	at sqlancer.common.query.SQLQueryAdapter.execute(SQLQueryAdapter.java:93)
--	at sqlancer.Main$QueryManager.execute(Main.java:265)
--	at sqlancer.GlobalState.executeStatement(GlobalState.java:108)
--	at sqlancer.StatementExecutor.executeStatements(StatementExecutor.java:70)
--	at sqlancer.mysql.MySQLProvider.generateDatabase(MySQLProvider.java:152)
--	at sqlancer.mysql.MySQLProvider.generateDatabase(MySQLProvider.java:1)
--	at sqlancer.ProviderAdapter.generateAndTestDatabase(ProviderAdapter.java:52)
--	at sqlancer.Main$DBMSExecutor.run(Main.java:364)
--	at sqlancer.Main$2.run(Main.java:559)
--	at sqlancer.Main$2.runThread(Main.java:541)
--	at sqlancer.Main$2.run(Main.java:532)
--	at java.base/java.util.concurrent.ThreadPoolExecutor.runWorker(ThreadPoolExecutor.java:1128)
--	at java.base/java.util.concurrent.ThreadPoolExecutor$Worker.run(ThreadPoolExecutor.java:628)
--	at java.base/java.lang.Thread.run(Thread.java:829)
--Caused by: java.sql.SQLSyntaxErrorException: You have an error in your SQL syntax; check the manual that corresponds to your MySQL server version for the right syntax to use near '(((t0.c0) OR ((NOT ("_9")))) = ("-122068148"))) INVISIBLE' at line 1
--	at com.mysql.cj.jdbc.exceptions.SQLError.createSQLException(SQLError.java:120)
--	at com.mysql.cj.jdbc.exceptions.SQLExceptionsMapping.translateException(SQLExceptionsMapping.java:122)
--	at com.mysql.cj.jdbc.StatementImpl.executeInternal(StatementImpl.java:763)
--	at com.mysql.cj.jdbc.StatementImpl.execute(StatementImpl.java:648)
--	at sqlancer.common.query.SQLQueryAdapter.execute(SQLQueryAdapter.java:87)
--	... 13 more
---- Time: 2023/06/03 17:49:20
-- Database: database21
-- Database version: 8.0.11
-- seed value: 1685807359567
DROP DATABASE IF EXISTS database21;
CREATE DATABASE database21;
USE database21;
CREATE TABLE IF NOT EXISTS t0(c0 TINYINT(28)  COMMENT 'asdf'  ) ;
ALTER TABLE t0 STATS_PERSISTENT 0, STATS_AUTO_RECALC DEFAULT, RENAME TO t0, ROW_FORMAT DEFAULT, DISABLE KEYS, COMPRESSION 'LZ4', FORCE, ALGORITHM INPLACE;
ALTER TABLE t0 ;
REPLACE DELAYED INTO t0(c0) VALUES("w");
INSERT HIGH_PRIORITY IGNORE INTO t0(c0) VALUES(NULL);
select TABLE_NAME, ENGINE from information_schema.TABLES where table_schema = 'database21';
INSERT LOW_PRIORITY INTO t0(c0) VALUES(NULL);
INSERT HIGH_PRIORITY IGNORE INTO t0(c0) VALUES(NULL);
REPLACE INTO t0(c0) VALUES('');
REPLACE LOW_PRIORITY INTO t0(c0) VALUES("");
REPLACE DELAYED INTO t0(c0) VALUES(-122068148), (NULL), (NULL);
REPLACE DELAYED INTO t0(c0) VALUES("TRUE");
INSERT IGNORE INTO t0(c0) VALUES(-122068148);
REPLACE INTO t0(c0) VALUES(-122068148);
INSERT LOW_PRIORITY INTO t0(c0) VALUES(NULL);
INSERT DELAYED IGNORE INTO t0(c0) VALUES(NULL), ("w"), (-122068148);
DELETE LOW_PRIORITY QUICK IGNORE FROM t0;
REPLACE INTO t0(c0) VALUES(-122068148);
INSERT LOW_PRIORITY INTO t0(c0) VALUES(-122068148), (608940856), (NULL), ("_9"), ('67cT');
INSERT IGNORE INTO t0(c0) VALUES(-122068148), (''), (NULL);
select TABLE_NAME, ENGINE from information_schema.TABLES where table_schema = 'database21';
CREATE UNIQUE INDEX i83 USING HASH ON t0(c0 ASC) ALGORITHM= COPY;
