--java.lang.AssertionError: CREATE UNIQUE INDEX i97 USING HASH ON t2((CAST(GREATEST(t2.c0, t2.c0) AS SIGNED))) INVISIBLE ALGORITHM DEFAULT;
--	at sqlancer.common.query.SQLQueryAdapter.checkException(SQLQueryAdapter.java:111)
--	at sqlancer.common.query.SQLQueryAdapter.execute(SQLQueryAdapter.java:93)
--	at sqlancer.Main$QueryManager.execute(Main.java:265)
--	at sqlancer.GlobalState.executeStatement(GlobalState.java:108)
--	at sqlancer.StatementExecutor.executeStatements(StatementExecutor.java:70)
--	at sqlancer.mysql.MySQLProvider.generateDatabase(MySQLProvider.java:152)
--	at sqlancer.mysql.MySQLProvider.generateDatabase(MySQLProvider.java:1)
--	at sqlancer.ProviderAdapter.generateAndTestDatabase(ProviderAdapter.java:52)
--	at sqlancer.Main$DBMSExecutor.run(Main.java:364)
--	at sqlancer.Main$2.run(Main.java:559)
--	at sqlancer.Main$2.runThread(Main.java:541)
--	at sqlancer.Main$2.run(Main.java:532)
--	at java.base/java.util.concurrent.ThreadPoolExecutor.runWorker(ThreadPoolExecutor.java:1128)
--	at java.base/java.util.concurrent.ThreadPoolExecutor$Worker.run(ThreadPoolExecutor.java:628)
--	at java.base/java.lang.Thread.run(Thread.java:829)
--Caused by: java.sql.SQLSyntaxErrorException: You have an error in your SQL syntax; check the manual that corresponds to your MySQL server version for the right syntax to use near '(CAST(GREATEST(t2.c0, t2.c0) AS SIGNED))) INVISIBLE ALGORITHM DEFAULT' at line 1
--	at com.mysql.cj.jdbc.exceptions.SQLError.createSQLException(SQLError.java:120)
--	at com.mysql.cj.jdbc.exceptions.SQLExceptionsMapping.translateException(SQLExceptionsMapping.java:122)
--	at com.mysql.cj.jdbc.StatementImpl.executeInternal(StatementImpl.java:763)
--	at com.mysql.cj.jdbc.StatementImpl.execute(StatementImpl.java:648)
--	at sqlancer.common.query.SQLQueryAdapter.execute(SQLQueryAdapter.java:87)
--	... 13 more
---- Time: 2023/06/03 17:49:27
-- Database: database55
-- Database version: 8.0.11
-- seed value: 1685807359602
DROP DATABASE IF EXISTS database55;
CREATE DATABASE database55;
USE database55;
CREATE TABLE IF NOT EXISTS t0(c0 VARCHAR(500)  NULL, c1 SMALLINT(136)  STORAGE DISK) ;
INSERT IGNORE INTO t0(c0) VALUES("");
INSERT DELAYED IGNORE INTO t0(c0, c1) VALUES(NULL, ''), (-31075880, "zd"), (NULL, 1627234621);
REPLACE INTO t0(c1) VALUES(NULL);
INSERT IGNORE INTO t0(c0, c1) VALUES("%p", 1742079307);
REPLACE LOW_PRIORITY INTO t0(c1) VALUES(NULL);
select TABLE_NAME, ENGINE from information_schema.TABLES where table_schema = 'database55';
SET SESSION sql_log_off = ON;
INSERT HIGH_PRIORITY IGNORE INTO t0(c0) VALUES(NULL);
INSERT DELAYED INTO t0(c0) VALUES(NULL);
REPLACE LOW_PRIORITY INTO t0(c1) VALUES(NULL);
INSERT IGNORE INTO t0(c1, c0) VALUES(NULL, 'ylX4R,T');
REPLACE INTO t0(c1) VALUES(NULL);
SET SESSION bulk_insert_buffer_size = 810382549621629334;
REPLACE DELAYED INTO t0(c0) VALUES('');
REPLACE LOW_PRIORITY INTO t0(c1) VALUES("");
INSERT HIGH_PRIORITY INTO t0(c1, c0) VALUES(1742079307, '1742079307');
INSERT LOW_PRIORITY INTO t0(c1, c0) VALUES('[]', NULL);
REPLACE DELAYED INTO t0(c0) VALUES(-392517820);
INSERT DELAYED IGNORE INTO t0(c1) VALUES(NULL);
REPLACE INTO t0(c1) VALUES(1627234621), (NULL), (-1599533533);
INSERT INTO t0(c0) VALUES('');
select TABLE_NAME, ENGINE from information_schema.TABLES where table_schema = 'database55';
ALTER TABLE t0 COMPRESSION 'LZ4', ROW_FORMAT COMPACT, FORCE, PACK_KEYS 0, ENABLE KEYS, ALGORITHM INPLACE, INSERT_METHOD FIRST, DELAY_KEY_WRITE 1;
ALTER TABLE t0 DELAY_KEY_WRITE 1, DROP COLUMN c1, ALGORITHM DEFAULT, STATS_PERSISTENT DEFAULT, PACK_KEYS 1;
INSERT IGNORE INTO t0(c0) VALUES(1627234621);
REPLACE LOW_PRIORITY INTO t0(c0) VALUES(1742079307);
select TABLE_NAME, ENGINE from information_schema.TABLES where table_schema = 'database55';
INSERT HIGH_PRIORITY INTO t0(c0) VALUES(NULL);
INSERT HIGH_PRIORITY IGNORE INTO t0(c0) VALUES(1188673502);
ALTER TABLE t0 FORCE, STATS_AUTO_RECALC 1, DELAY_KEY_WRITE 0, COMPRESSION 'NONE', ROW_FORMAT DYNAMIC, PACK_KEYS 1, ALGORITHM DEFAULT, ENABLE KEYS, INSERT_METHOD FIRST, RENAME TO t2, STATS_PERSISTENT 1;
INSERT LOW_PRIORITY IGNORE INTO t2(c0) VALUES('1627234621');
REPLACE INTO t2(c0) VALUES(' 0G&??D');
SET SESSION preload_buffer_size = 909944095;
