--java.lang.AssertionError: CREATE UNIQUE INDEX i0 USING BTREE ON t0((NULL)) VISIBLE;
--	at sqlancer.common.query.SQLQueryAdapter.checkException(SQLQueryAdapter.java:111)
--	at sqlancer.common.query.SQLQueryAdapter.execute(SQLQueryAdapter.java:93)
--	at sqlancer.Main$QueryManager.execute(Main.java:265)
--	at sqlancer.GlobalState.executeStatement(GlobalState.java:108)
--	at sqlancer.StatementExecutor.executeStatements(StatementExecutor.java:70)
--	at sqlancer.mysql.MySQLProvider.generateDatabase(MySQLProvider.java:152)
--	at sqlancer.mysql.MySQLProvider.generateDatabase(MySQLProvider.java:1)
--	at sqlancer.ProviderAdapter.generateAndTestDatabase(ProviderAdapter.java:52)
--	at sqlancer.Main$DBMSExecutor.run(Main.java:364)
--	at sqlancer.Main$2.run(Main.java:559)
--	at sqlancer.Main$2.runThread(Main.java:541)
--	at sqlancer.Main$2.run(Main.java:532)
--	at java.base/java.util.concurrent.ThreadPoolExecutor.runWorker(ThreadPoolExecutor.java:1128)
--	at java.base/java.util.concurrent.ThreadPoolExecutor$Worker.run(ThreadPoolExecutor.java:628)
--	at java.base/java.lang.Thread.run(Thread.java:829)
--Caused by: java.sql.SQLSyntaxErrorException: You have an error in your SQL syntax; check the manual that corresponds to your MySQL server version for the right syntax to use near '(NULL)) VISIBLE' at line 1
--	at com.mysql.cj.jdbc.exceptions.SQLError.createSQLException(SQLError.java:120)
--	at com.mysql.cj.jdbc.exceptions.SQLExceptionsMapping.translateException(SQLExceptionsMapping.java:122)
--	at com.mysql.cj.jdbc.StatementImpl.executeInternal(StatementImpl.java:763)
--	at com.mysql.cj.jdbc.StatementImpl.execute(StatementImpl.java:648)
--	at sqlancer.common.query.SQLQueryAdapter.execute(SQLQueryAdapter.java:87)
--	... 13 more
---- Time: 2023/06/03 17:49:23
-- Database: database40
-- Database version: 8.0.11
-- seed value: 1685807359587
DROP DATABASE IF EXISTS database40;
CREATE DATABASE database40;
USE database40;
CREATE TABLE t0(c0 TINYINT(200)  STORAGE MEMORY PRIMARY KEY) ;
REPLACE INTO t0(c0) VALUES(NULL);
REPLACE LOW_PRIORITY INTO t0(c0) VALUES(-999372371);
INSERT LOW_PRIORITY IGNORE INTO t0(c0) VALUES("-999372371"), (''), (NULL), (NULL), ('la%#');
REPLACE INTO t0(c0) VALUES(-999372371);
INSERT IGNORE INTO t0(c0) VALUES(NULL);
INSERT LOW_PRIORITY INTO t0(c0) VALUES(-1489448131);
REPLACE DELAYED INTO t0(c0) VALUES(-56557029);
REPLACE DELAYED INTO t0(c0) VALUES(NULL);
REPLACE LOW_PRIORITY INTO t0(c0) VALUES(""), ('-1489448131'), (NULL);
REPLACE INTO t0(c0) VALUES('mz[z');
INSERT DELAYED INTO t0(c0) VALUES(-1), (NULL), ("?opi/U?");
INSERT LOW_PRIORITY IGNORE INTO t0(c0) VALUES('');
INSERT INTO t0(c0) VALUES(NULL);
INSERT IGNORE INTO t0(c0) VALUES('mz[z');
ALTER TABLE t0 CHECKSUM 1, FORCE;
REPLACE LOW_PRIORITY INTO t0(c0) VALUES(NULL);
INSERT INTO t0(c0) VALUES('');
REPLACE DELAYED INTO t0(c0) VALUES(1722913433);
REPLACE DELAYED INTO t0(c0) VALUES(1722913433);
INSERT IGNORE INTO t0(c0) VALUES("");
INSERT IGNORE INTO t0(c0) VALUES(NULL);
INSERT INTO t0(c0) VALUES('uH');
REPLACE INTO t0(c0) VALUES(988331491);
INSERT HIGH_PRIORITY IGNORE INTO t0(c0) VALUES('');
select TABLE_NAME, ENGINE from information_schema.TABLES where table_schema = 'database40';
REPLACE LOW_PRIORITY INTO t0(c0) VALUES('G1<%2!P');
REPLACE INTO t0(c0) VALUES(560951375);
REPLACE INTO t0(c0) VALUES("c?Bq??3R");
INSERT LOW_PRIORITY IGNORE INTO t0(c0) VALUES(-1489448131);
INSERT LOW_PRIORITY IGNORE INTO t0(c0) VALUES(-897079668);
INSERT INTO t0(c0) VALUES('uH');
INSERT INTO t0(c0) VALUES("");
REPLACE DELAYED INTO t0(c0) VALUES("");
REPLACE INTO t0(c0) VALUES(-56557029);
INSERT DELAYED IGNORE INTO t0(c0) VALUES(-897079668);
select TABLE_NAME, ENGINE from information_schema.TABLES where table_schema = 'database40';
