--java.lang.AssertionError: CREATE UNIQUE INDEX i0 ON t2(( EXISTS (SELECT 1)));
--	at sqlancer.common.query.SQLQueryAdapter.checkException(SQLQueryAdapter.java:111)
--	at sqlancer.common.query.SQLQueryAdapter.execute(SQLQueryAdapter.java:93)
--	at sqlancer.Main$QueryManager.execute(Main.java:265)
--	at sqlancer.GlobalState.executeStatement(GlobalState.java:108)
--	at sqlancer.StatementExecutor.executeStatements(StatementExecutor.java:70)
--	at sqlancer.mysql.MySQLProvider.generateDatabase(MySQLProvider.java:152)
--	at sqlancer.mysql.MySQLProvider.generateDatabase(MySQLProvider.java:1)
--	at sqlancer.ProviderAdapter.generateAndTestDatabase(ProviderAdapter.java:52)
--	at sqlancer.Main$DBMSExecutor.run(Main.java:364)
--	at sqlancer.Main$2.run(Main.java:559)
--	at sqlancer.Main$2.runThread(Main.java:541)
--	at sqlancer.Main$2.run(Main.java:532)
--	at java.base/java.util.concurrent.ThreadPoolExecutor.runWorker(ThreadPoolExecutor.java:1128)
--	at java.base/java.util.concurrent.ThreadPoolExecutor$Worker.run(ThreadPoolExecutor.java:628)
--	at java.base/java.lang.Thread.run(Thread.java:829)
--Caused by: java.sql.SQLSyntaxErrorException: You have an error in your SQL syntax; check the manual that corresponds to your MySQL server version for the right syntax to use near '( EXISTS (SELECT 1)))' at line 1
--	at com.mysql.cj.jdbc.exceptions.SQLError.createSQLException(SQLError.java:120)
--	at com.mysql.cj.jdbc.exceptions.SQLExceptionsMapping.translateException(SQLExceptionsMapping.java:122)
--	at com.mysql.cj.jdbc.StatementImpl.executeInternal(StatementImpl.java:763)
--	at com.mysql.cj.jdbc.StatementImpl.execute(StatementImpl.java:648)
--	at sqlancer.common.query.SQLQueryAdapter.execute(SQLQueryAdapter.java:87)
--	... 13 more
---- Time: 2023/06/03 17:49:24
-- Database: database47
-- Database version: 8.0.11
-- seed value: 1685807359594
DROP DATABASE IF EXISTS database47;
CREATE DATABASE database47;
USE database47;
CREATE TABLE t0(c0 MEDIUMTEXT ) STATS_AUTO_RECALC = 1, AUTO_INCREMENT = 8079343597032744332;
CREATE TABLE t1(c0 MEDIUMINT(131)  STORAGE DISK PRIMARY KEY NOT NULL) ;
CREATE TABLE t2 LIKE t1;
select TABLE_NAME, ENGINE from information_schema.TABLES where table_schema = 'database47';
REPLACE INTO t0(c0) VALUES(-197368173);
DELETE LOW_PRIORITY QUICK IGNORE FROM t0;
select TABLE_NAME, ENGINE from information_schema.TABLES where table_schema = 'database47';
REPLACE LOW_PRIORITY INTO t0(c0) VALUES(""), (-1444694970), (412616084);
select TABLE_NAME, ENGINE from information_schema.TABLES where table_schema = 'database47';
INSERT IGNORE INTO t2(c0) VALUES(-9001588);
REPLACE INTO t0(c0) VALUES("-197368173");
REPLACE DELAYED INTO t2(c0) VALUES(341443868);
REPLACE INTO t0(c0) VALUES(NULL);
DELETE LOW_PRIORITY FROM t1 WHERE  EXISTS (SELECT 1);
REPLACE LOW_PRIORITY INTO t2(c0) VALUES(-503957452);
REPLACE INTO t0(c0) VALUES('WhJ0'), ("}2"), (412616084);
DELETE QUICK IGNORE FROM t1 WHERE CAST( EXISTS (SELECT 1 wHERE FALSE) AS SIGNED);
INSERT HIGH_PRIORITY IGNORE INTO t0(c0) VALUES(NULL);
DELETE QUICK FROM t1;
REPLACE INTO t2(c0) VALUES(-1444694970);
INSERT LOW_PRIORITY INTO t0(c0) VALUES(NULL), (NULL), ('se]');
DROP INDEX `PRIMARY` ON t1 LOCK=SHARED;
select TABLE_NAME, ENGINE from information_schema.TABLES where table_schema = 'database47';
CHECK TABLE t0, t1 EXTENDED;
