--java.lang.AssertionError: ALTER TABLE t0 ROW_FORMAT DYNAMIC, COMPRESSION 'LZ4', ALGORITHM INSTANT, DELAY_KEY_WRITE 0, DROP COLUMN c1;
--	at sqlancer.common.query.SQLQueryAdapter.checkException(SQLQueryAdapter.java:111)
--	at sqlancer.common.query.SQLQueryAdapter.execute(SQLQueryAdapter.java:93)
--	at sqlancer.Main$QueryManager.execute(Main.java:265)
--	at sqlancer.GlobalState.executeStatement(GlobalState.java:108)
--	at sqlancer.StatementExecutor.executeStatements(StatementExecutor.java:70)
--	at sqlancer.mysql.MySQLProvider.generateDatabase(MySQLProvider.java:152)
--	at sqlancer.mysql.MySQLProvider.generateDatabase(MySQLProvider.java:1)
--	at sqlancer.ProviderAdapter.generateAndTestDatabase(ProviderAdapter.java:52)
--	at sqlancer.Main$DBMSExecutor.run(Main.java:364)
--	at sqlancer.Main$2.run(Main.java:559)
--	at sqlancer.Main$2.runThread(Main.java:541)
--	at sqlancer.Main$2.run(Main.java:532)
--	at java.base/java.util.concurrent.ThreadPoolExecutor.runWorker(ThreadPoolExecutor.java:1128)
--	at java.base/java.util.concurrent.ThreadPoolExecutor$Worker.run(ThreadPoolExecutor.java:628)
--	at java.base/java.lang.Thread.run(Thread.java:829)
--Caused by: java.sql.SQLException: Unknown ALGORITHM 'INSTANT'
--	at com.mysql.cj.jdbc.exceptions.SQLError.createSQLException(SQLError.java:129)
--	at com.mysql.cj.jdbc.exceptions.SQLExceptionsMapping.translateException(SQLExceptionsMapping.java:122)
--	at com.mysql.cj.jdbc.StatementImpl.executeInternal(StatementImpl.java:763)
--	at com.mysql.cj.jdbc.StatementImpl.execute(StatementImpl.java:648)
--	at sqlancer.common.query.SQLQueryAdapter.execute(SQLQueryAdapter.java:87)
--	... 13 more
---- Time: 2023/06/03 17:55:59
-- Database: database48
-- Database version: 8.0.11
-- seed value: 1685807359595
DROP DATABASE IF EXISTS database48;
CREATE DATABASE database48;
USE database48;
CREATE TABLE IF NOT EXISTS t0(c0 BIGINT  UNIQUE KEY , c1 INT(12)  UNIQUE KEY COLUMN_FORMAT DEFAULT ) ;
CREATE TABLE t1 LIKE t0;
CREATE TABLE IF NOT EXISTS t2 LIKE t0;
INSERT INTO t0(c0) VALUES(NULL);
REPLACE DELAYED INTO t1(c0, c1) VALUES('i+', 1902575298);
INSERT INTO t0(c0, c1) VALUES(NULL, '707576088');
select TABLE_NAME, ENGINE from information_schema.TABLES where table_schema = 'database48';
DELETE LOW_PRIORITY IGNORE FROM t1;
INSERT HIGH_PRIORITY INTO t2(c0, c1) VALUES('', '?l'), ('', NULL), ('p', -497810177);
REPLACE INTO t2(c1, c0) VALUES(1094329767, "");
REPLACE INTO t0(c1) VALUES(NULL);
REPLACE INTO t2(c1) VALUES('1136919816');
REPLACE LOW_PRIORITY INTO t0(c0) VALUES(127794532);
ALTER TABLE t1 STATS_PERSISTENT 1, PACK_KEYS 0, ROW_FORMAT FIXED, STATS_AUTO_RECALC 1, RENAME TO t0, DROP c0, INSERT_METHOD FIRST, COMPRESSION 'LZ4', ENABLE KEYS, DELAY_KEY_WRITE 0;
