--java.lang.AssertionError: SET SESSION optimizer_switch = 'semijoin=on,block_nested_loop=off,use_invisible_indexes=off,index_merge_intersection=on,materialization=off,index_merge=off,loosescan=off,subquery_materialization_cost_based=off,derived_merge=on,condition_fanout_filter=off,batched_key_access=on,mrr=on,index_merge_sort_union=on,index_condition_pushdown=off,firstmatch=off,duplicateweedout=off,engine_condition_pushdown=off,skip_scan=on,mrr_cost_based=off';
--	at sqlancer.common.query.SQLQueryAdapter.checkException(SQLQueryAdapter.java:111)
--	at sqlancer.common.query.SQLQueryAdapter.execute(SQLQueryAdapter.java:93)
--	at sqlancer.Main$QueryManager.execute(Main.java:265)
--	at sqlancer.GlobalState.executeStatement(GlobalState.java:108)
--	at sqlancer.StatementExecutor.executeStatements(StatementExecutor.java:70)
--	at sqlancer.mysql.MySQLProvider.generateDatabase(MySQLProvider.java:152)
--	at sqlancer.mysql.MySQLProvider.generateDatabase(MySQLProvider.java:1)
--	at sqlancer.ProviderAdapter.generateAndTestDatabase(ProviderAdapter.java:52)
--	at sqlancer.Main$DBMSExecutor.run(Main.java:364)
--	at sqlancer.Main$2.run(Main.java:559)
--	at sqlancer.Main$2.runThread(Main.java:541)
--	at sqlancer.Main$2.run(Main.java:532)
--	at java.base/java.util.concurrent.ThreadPoolExecutor.runWorker(ThreadPoolExecutor.java:1128)
--	at java.base/java.util.concurrent.ThreadPoolExecutor$Worker.run(ThreadPoolExecutor.java:628)
--	at java.base/java.lang.Thread.run(Thread.java:829)
--Caused by: java.sql.SQLSyntaxErrorException: Variable 'optimizer_switch' can't be set to the value of 'skip_scan=on,mrr_cost_based=off'
--	at com.mysql.cj.jdbc.exceptions.SQLError.createSQLException(SQLError.java:120)
--	at com.mysql.cj.jdbc.exceptions.SQLExceptionsMapping.translateException(SQLExceptionsMapping.java:122)
--	at com.mysql.cj.jdbc.StatementImpl.executeInternal(StatementImpl.java:763)
--	at com.mysql.cj.jdbc.StatementImpl.execute(StatementImpl.java:648)
--	at sqlancer.common.query.SQLQueryAdapter.execute(SQLQueryAdapter.java:87)
--	... 13 more
---- Time: 2023/06/03 17:57:50
-- Database: database80
-- Database version: 8.0.11
-- seed value: 1685807359627
DROP DATABASE IF EXISTS database80;
CREATE DATABASE database80;
USE database80;
CREATE TABLE t0(c0 TINYINT(43)   COLUMN_FORMAT DYNAMIC  COMMENT 'asdf'  STORAGE DISK UNIQUE, c1 TINYINT  COLUMN_FORMAT DYNAMIC  UNIQUE KEY  STORAGE MEMORY) STATS_AUTO_RECALC = DEFAULT, PACK_KEYS = DEFAULT;
select TABLE_NAME, ENGINE from information_schema.TABLES where table_schema = 'database80';
TRUNCATE TABLE t0;
REPLACE DELAYED INTO t0(c0, c1) VALUES("-360457068", '');
REPLACE DELAYED INTO t0(c1, c0) VALUES(NULL, NULL);
REPLACE INTO t0(c1, c0) VALUES("-1004369250", NULL), (NULL, NULL), (NULL, NULL), (-448799405, 851709817), ('~ghR&b[ j', NULL);
INSERT IGNORE INTO t0(c0, c1) VALUES('''!', "-1592130621");
