-- Time: 2023/06/03 17:55:59
-- Database: database48
-- Database version: 8.0.11
-- seed value: 1685807359595
DROP DATABASE IF EXISTS database48;
CREATE DATABASE database48;
USE database48;
CREATE TABLE IF NOT EXISTS t0(c0 BIGINT  UNIQUE KEY , c1 INT(12)  UNIQUE KEY COLUMN_FORMAT DEFAULT ) ; -- 44ms;
CREATE TABLE t1 LIKE t0; -- 43ms;
CREATE TABLE IF NOT EXISTS t2 LIKE t0; -- 44ms;
INSERT INTO t0(c0) VALUES(NULL); -- 5ms;
REPLACE DELAYED INTO t1(c0, c1) VALUES('i+', 1902575298); -- 2ms;
INSERT INTO t0(c0, c1) VALUES(NULL, '707576088'); -- 8ms;
select TABLE_NAME, ENGINE from information_schema.TABLES where table_schema = 'database48'; -- 1ms;
DELETE LOW_PRIORITY IGNORE FROM t1; -- 1ms;
INSERT HIGH_PRIORITY INTO t2(c0, c1) VALUES('', '?l'), ('', NULL), ('p', -497810177); -- 2ms;
REPLACE INTO t2(c1, c0) VALUES(1094329767, ""); -- 0ms;
REPLACE INTO t0(c1) VALUES(NULL); -- 4ms;
REPLACE INTO t2(c1) VALUES('1136919816'); -- 5ms;
REPLACE LOW_PRIORITY INTO t0(c0) VALUES(127794532); -- 3ms;
ALTER TABLE t1 STATS_PERSISTENT 1, PACK_KEYS 0, ROW_FORMAT FIXED, STATS_AUTO_RECALC 1, RENAME TO t0, DROP c0, INSERT_METHOD FIRST, COMPRESSION 'LZ4', ENABLE KEYS, DELAY_KEY_WRITE 0; -- 1ms;
ALTER TABLE t0 ROW_FORMAT DYNAMIC, COMPRESSION 'LZ4', ALGORITHM INSTANT, DELAY_KEY_WRITE 0, DROP COLUMN c1;