--java.lang.AssertionError: CREATE INDEX i1 USING HASH ON t1((CAST(((-271569069) XOR (NULL)) != (NULL) AS SIGNED))) ALGORITHM= INPLACE;
--	at sqlancer.common.query.SQLQueryAdapter.checkException(SQLQueryAdapter.java:111)
--	at sqlancer.common.query.SQLQueryAdapter.execute(SQLQueryAdapter.java:93)
--	at sqlancer.Main$QueryManager.execute(Main.java:265)
--	at sqlancer.GlobalState.executeStatement(GlobalState.java:108)
--	at sqlancer.StatementExecutor.executeStatements(StatementExecutor.java:70)
--	at sqlancer.mysql.MySQLProvider.generateDatabase(MySQLProvider.java:152)
--	at sqlancer.mysql.MySQLProvider.generateDatabase(MySQLProvider.java:1)
--	at sqlancer.ProviderAdapter.generateAndTestDatabase(ProviderAdapter.java:52)
--	at sqlancer.Main$DBMSExecutor.run(Main.java:364)
--	at sqlancer.Main$2.run(Main.java:559)
--	at sqlancer.Main$2.runThread(Main.java:541)
--	at sqlancer.Main$2.run(Main.java:532)
--	at java.base/java.util.concurrent.ThreadPoolExecutor.runWorker(ThreadPoolExecutor.java:1128)
--	at java.base/java.util.concurrent.ThreadPoolExecutor$Worker.run(ThreadPoolExecutor.java:628)
--	at java.base/java.lang.Thread.run(Thread.java:829)
--Caused by: java.sql.SQLSyntaxErrorException: You have an error in your SQL syntax; check the manual that corresponds to your MySQL server version for the right syntax to use near '(CAST(((-271569069) XOR (NULL)) != (NULL) AS SIGNED))) ALGORITHM= INPLACE' at line 1
--	at com.mysql.cj.jdbc.exceptions.SQLError.createSQLException(SQLError.java:120)
--	at com.mysql.cj.jdbc.exceptions.SQLExceptionsMapping.translateException(SQLExceptionsMapping.java:122)
--	at com.mysql.cj.jdbc.StatementImpl.executeInternal(StatementImpl.java:763)
--	at com.mysql.cj.jdbc.StatementImpl.execute(StatementImpl.java:648)
--	at sqlancer.common.query.SQLQueryAdapter.execute(SQLQueryAdapter.java:87)
--	... 13 more
---- Time: 2023/06/03 17:49:20
-- Database: database11
-- Database version: 8.0.11
-- seed value: 1685807359550
DROP DATABASE IF EXISTS database11;
CREATE DATABASE database11;
USE database11;
CREATE TABLE t0(c0 INT(10)   NULL) ;
CREATE TABLE t1 LIKE t0;
ANALYZE  TABLE t1 UPDATE HISTOGRAM ON c0 WITH 500 BUCKETS;
SET SESSION range_optimizer_max_mem_size = 4788825285507973130;
CREATE UNIQUE INDEX i0 USING HASH ON t0(c0) VISIBLE ALGORITHM INPLACE;
REPLACE LOW_PRIORITY INTO t0(c0) VALUES(NULL);
ALTER TABLE t0 PACK_KEYS DEFAULT, COMPRESSION 'ZLIB', CHECKSUM 0, STATS_PERSISTENT 1, INSERT_METHOD FIRST, FORCE;
select TABLE_NAME, ENGINE from information_schema.TABLES where table_schema = 'database11';
INSERT HIGH_PRIORITY INTO t0(c0) VALUES("?S?6");
REPLACE INTO t0(c0) VALUES(56515179);
select TABLE_NAME, ENGINE from information_schema.TABLES where table_schema = 'database11';
select TABLE_NAME, ENGINE from information_schema.TABLES where table_schema = 'database11';
SET SESSION query_prealloc_size = 1545241418311707252;
select TABLE_NAME, ENGINE from information_schema.TABLES where table_schema = 'database11';
select TABLE_NAME, ENGINE from information_schema.TABLES where table_schema = 'database11';
SET SESSION unique_checks = OFF;
DELETE QUICK FROM t0 WHERE t0.c0;
select TABLE_NAME, ENGINE from information_schema.TABLES where table_schema = 'database11';
select TABLE_NAME, ENGINE from information_schema.TABLES where table_schema = 'database11';
CHECKSUM TABLE t0 QUICK;
CHECK TABLE t1, t0 CHANGED;
