-- Time: 2023/06/03 17:49:26
-- Database: database54
-- Database version: 8.0.11
-- seed value: 1685807359601
DROP DATABASE IF EXISTS database54;
CREATE DATABASE database54;
USE database54;
CREATE TABLE IF NOT EXISTS t0(c0 VARCHAR(500)  COMMENT 'asdf'  COLUMN_FORMAT FIXED) ; -- 33ms;
CREATE TABLE IF NOT EXISTS t1 LIKE t0; -- 49ms;
REPLACE DELAYED INTO t1(c0) VALUES(138595857), ('7>6U'), (1798756722); -- 13ms;
INSERT DELAYED INTO t1(c0) VALUES(NULL); -- 9ms;
INSERT DELAYED INTO t0(c0) VALUES(NULL); -- 8ms;
REPLACE INTO t1(c0) VALUES(NULL), (2119762643), (NULL); -- 4ms;
ALTER TABLE t0 ; -- 10ms;
INSERT INTO t1(c0) VALUES(1798756722); -- 9ms;
INSERT DELAYED IGNORE INTO t1(c0) VALUES(-1815991958); -- 16ms;
INSERT INTO t1(c0) VALUES(-1815991958); -- 5ms;
CHECK TABLE t1, t0 MEDIUM FOR UPGRADE CHANGED EXTENDED; -- 0ms;
REPLACE DELAYED INTO t1(c0) VALUES(NULL); -- 9ms;
CREATE INDEX i0 ON t0(( EXISTS (SELECT 1)));