-- Time: 2023/06/03 17:49:21
-- Database: database29
-- Database version: 8.0.11
-- seed value: 1685807359575
DROP DATABASE IF EXISTS database29;
CREATE DATABASE database29;
USE database29;
CREATE TABLE t0(c0 BIGINT  COLUMN_FORMAT DEFAULT PRIMARY KEY STORAGE MEMORY UNIQUE KEY NOT NULL) ; -- 134ms;
ALTER TABLE t0 DELAY_KEY_WRITE 0, STATS_AUTO_RECALC DEFAULT, STATS_PERSISTENT 0, CHECKSUM 0, FORCE, INSERT_METHOD NO; -- 315ms;
REPLACE INTO t0(c0) VALUES(-873242562), (NULL), (-873242562); -- 3ms;
REPLACE INTO t0(c0) VALUES(NULL); -- 0ms;
REPLACE LOW_PRIORITY INTO t0(c0) VALUES(NULL); -- 0ms;
INSERT INTO t0(c0) VALUES('y2c'), ("?"), (-1151369205); -- 1ms;
INSERT INTO t0(c0) VALUES(2072285667); -- 5ms;
INSERT INTO t0(c0) VALUES('??,Fsb+'); -- 1ms;
INSERT LOW_PRIORITY IGNORE INTO t0(c0) VALUES(">cO"); -- 7ms;
ALTER TABLE t0 INSERT_METHOD NO, PACK_KEYS 0, STATS_PERSISTENT 1, CHECKSUM 1, ROW_FORMAT FIXED, ALGORITHM DEFAULT; -- 5ms;
ALTER TABLE t0 STATS_PERSISTENT 1, PACK_KEYS DEFAULT, DELAY_KEY_WRITE 1, STATS_AUTO_RECALC 0, COMPRESSION 'LZ4', FORCE, INSERT_METHOD FIRST, ALGORITHM DEFAULT, DISABLE KEYS, RENAME t0; -- 540ms;
select TABLE_NAME, ENGINE from information_schema.TABLES where table_schema = 'database29'; -- 21ms;
CREATE UNIQUE INDEX i0 ON t0(((t0.c0) IS NOT FALSE)) VISIBLE ALGORITHM= DEFAULT;