-- Time: 2023/06/03 17:50:31
-- Database: database20
-- Database version: 8.0.11
-- seed value: 1685807359566
DROP DATABASE IF EXISTS database20;
CREATE DATABASE database20;
USE database20;
CREATE TABLE t0(c0 VARCHAR(500)  STORAGE MEMORY COMMENT 'asdf'  NULL) ; -- 37ms;
CREATE TABLE IF NOT EXISTS t1 LIKE t0; -- 69ms;
CREATE TABLE t2 LIKE t1; -- 56ms;
ALTER TABLE t2 DISABLE KEYS, STATS_PERSISTENT 1, PACK_KEYS 0; -- 136ms;
CHECK TABLE t1, t0 FAST MEDIUM EXTENDED CHANGED QUICK; -- 0ms;
REPLACE INTO t0(c0) VALUES(NULL), ("1422589330"), (NULL); -- 7ms;
INSERT INTO t1(c0) VALUES(-34800693), (-1040305387), (NULL); -- 11ms;
select TABLE_NAME, ENGINE from information_schema.TABLES where table_schema = 'database20'; -- 2ms;
select TABLE_NAME, ENGINE from information_schema.TABLES where table_schema = 'database20'; -- 2ms;
INSERT HIGH_PRIORITY IGNORE INTO t1(c0) VALUES(NULL); -- 11ms;
REPLACE INTO t2(c0) VALUES(NULL); -- 5ms;
INSERT LOW_PRIORITY IGNORE INTO t1(c0) VALUES(2013291120); -- 5ms;
INSERT HIGH_PRIORITY INTO t1(c0) VALUES(-1947831681); -- 7ms;
ALTER TABLE t2 ROW_FORMAT COMPACT, STATS_AUTO_RECALC DEFAULT, RENAME t6, COMPRESSION 'LZ4', ALGORITHM INSTANT, FORCE;