--java.lang.AssertionError: CREATE UNIQUE INDEX i2 USING BTREE ON t2(((-27904835) NOT IN (CAST((t2.c0) IS TRUE AS SIGNED)))) VISIBLE ALGORITHM= DEFAULT;
--	at sqlancer.common.query.SQLQueryAdapter.checkException(SQLQueryAdapter.java:111)
--	at sqlancer.common.query.SQLQueryAdapter.execute(SQLQueryAdapter.java:93)
--	at sqlancer.Main$QueryManager.execute(Main.java:265)
--	at sqlancer.GlobalState.executeStatement(GlobalState.java:108)
--	at sqlancer.StatementExecutor.executeStatements(StatementExecutor.java:70)
--	at sqlancer.mysql.MySQLProvider.generateDatabase(MySQLProvider.java:152)
--	at sqlancer.mysql.MySQLProvider.generateDatabase(MySQLProvider.java:1)
--	at sqlancer.ProviderAdapter.generateAndTestDatabase(ProviderAdapter.java:52)
--	at sqlancer.Main$DBMSExecutor.run(Main.java:364)
--	at sqlancer.Main$2.run(Main.java:559)
--	at sqlancer.Main$2.runThread(Main.java:541)
--	at sqlancer.Main$2.run(Main.java:532)
--	at java.base/java.util.concurrent.ThreadPoolExecutor.runWorker(ThreadPoolExecutor.java:1128)
--	at java.base/java.util.concurrent.ThreadPoolExecutor$Worker.run(ThreadPoolExecutor.java:628)
--	at java.base/java.lang.Thread.run(Thread.java:829)
--Caused by: java.sql.SQLSyntaxErrorException: You have an error in your SQL syntax; check the manual that corresponds to your MySQL server version for the right syntax to use near '((-27904835) NOT IN (CAST((t2.c0) IS TRUE AS SIGNED)))) VISIBLE ALGORITHM= DEFAU' at line 1
--	at com.mysql.cj.jdbc.exceptions.SQLError.createSQLException(SQLError.java:120)
--	at com.mysql.cj.jdbc.exceptions.SQLExceptionsMapping.translateException(SQLExceptionsMapping.java:122)
--	at com.mysql.cj.jdbc.StatementImpl.executeInternal(StatementImpl.java:763)
--	at com.mysql.cj.jdbc.StatementImpl.execute(StatementImpl.java:648)
--	at sqlancer.common.query.SQLQueryAdapter.execute(SQLQueryAdapter.java:87)
--	... 13 more
---- Time: 2023/06/03 17:54:32
-- Database: database75
-- Database version: 8.0.11
-- seed value: 1685807359622
DROP DATABASE IF EXISTS database75;
CREATE DATABASE database75;
USE database75;
CREATE TABLE IF NOT EXISTS t0(c0 BIGINT  COMMENT 'asdf'   COLUMN_FORMAT FIXED STORAGE MEMORY  UNIQUE) ;
REPLACE INTO t0(c0) VALUES(NULL);
select TABLE_NAME, ENGINE from information_schema.TABLES where table_schema = 'database75';
INSERT LOW_PRIORITY INTO t0(c0) VALUES(-1602840291);
DROP INDEX c0 ON t0 ALGORITHM=COPY;
CREATE INDEX i0 ON t0(c0) VISIBLE ALGORITHM= INPLACE;
select TABLE_NAME, ENGINE from information_schema.TABLES where table_schema = 'database75';
TRUNCATE TABLE t0;
SET SESSION rbr_exec_mode = STRICT;
INSERT LOW_PRIORITY INTO t0(c0) VALUES(1904335322);
SET SESSION max_points_in_geometry = 118804;
select TABLE_NAME, ENGINE from information_schema.TABLES where table_schema = 'database75';
select TABLE_NAME, ENGINE from information_schema.TABLES where table_schema = 'database75';
REPLACE LOW_PRIORITY INTO t0(c0) VALUES("mb");
INSERT IGNORE INTO t0(c0) VALUES(NULL);
INSERT INTO t0(c0) VALUES(398675295);
DELETE LOW_PRIORITY QUICK FROM t0;
select TABLE_NAME, ENGINE from information_schema.TABLES where table_schema = 'database75';
select TABLE_NAME, ENGINE from information_schema.TABLES where table_schema = 'database75';
ALTER TABLE t0 CHECKSUM 1, COMPRESSION 'ZLIB', INSERT_METHOD FIRST, RENAME AS t2, STATS_PERSISTENT 0;
CREATE UNIQUE INDEX i1 ON t2(c0 ASC);
ALTER TABLE t2 PACK_KEYS 0, COMPRESSION 'NONE', CHECKSUM 1, STATS_PERSISTENT DEFAULT;
select TABLE_NAME, ENGINE from information_schema.TABLES where table_schema = 'database75';
REPLACE DELAYED INTO t2(c0) VALUES(NULL);
INSERT LOW_PRIORITY IGNORE INTO t2(c0) VALUES(NULL);
select TABLE_NAME, ENGINE from information_schema.TABLES where table_schema = 'database75';
