--java.lang.AssertionError: CREATE INDEX i1 USING BTREE ON t0((((t0.c0) IS NOT TRUE) IS TRUE)) INVISIBLE;
--	at sqlancer.common.query.SQLQueryAdapter.checkException(SQLQueryAdapter.java:111)
--	at sqlancer.common.query.SQLQueryAdapter.execute(SQLQueryAdapter.java:93)
--	at sqlancer.Main$QueryManager.execute(Main.java:265)
--	at sqlancer.GlobalState.executeStatement(GlobalState.java:108)
--	at sqlancer.StatementExecutor.executeStatements(StatementExecutor.java:70)
--	at sqlancer.mysql.MySQLProvider.generateDatabase(MySQLProvider.java:152)
--	at sqlancer.mysql.MySQLProvider.generateDatabase(MySQLProvider.java:1)
--	at sqlancer.ProviderAdapter.generateAndTestDatabase(ProviderAdapter.java:52)
--	at sqlancer.Main$DBMSExecutor.run(Main.java:364)
--	at sqlancer.Main$2.run(Main.java:559)
--	at sqlancer.Main$2.runThread(Main.java:541)
--	at sqlancer.Main$2.run(Main.java:532)
--	at java.base/java.util.concurrent.ThreadPoolExecutor.runWorker(ThreadPoolExecutor.java:1128)
--	at java.base/java.util.concurrent.ThreadPoolExecutor$Worker.run(ThreadPoolExecutor.java:628)
--	at java.base/java.lang.Thread.run(Thread.java:829)
--Caused by: java.sql.SQLSyntaxErrorException: You have an error in your SQL syntax; check the manual that corresponds to your MySQL server version for the right syntax to use near '(((t0.c0) IS NOT TRUE) IS TRUE)) INVISIBLE' at line 1
--	at com.mysql.cj.jdbc.exceptions.SQLError.createSQLException(SQLError.java:120)
--	at com.mysql.cj.jdbc.exceptions.SQLExceptionsMapping.translateException(SQLExceptionsMapping.java:122)
--	at com.mysql.cj.jdbc.StatementImpl.executeInternal(StatementImpl.java:763)
--	at com.mysql.cj.jdbc.StatementImpl.execute(StatementImpl.java:648)
--	at sqlancer.common.query.SQLQueryAdapter.execute(SQLQueryAdapter.java:87)
--	... 13 more
---- Time: 2023/06/03 17:54:10
-- Database: database97
-- Database version: 8.0.11
-- seed value: 1685807359644
DROP DATABASE IF EXISTS database97;
CREATE DATABASE database97;
USE database97;
CREATE TABLE t0(c0 BIGINT  NULL COLUMN_FORMAT FIXED ) ;
DELETE FROM t0;
select TABLE_NAME, ENGINE from information_schema.TABLES where table_schema = 'database97';
TRUNCATE TABLE t0;
REPLACE INTO t0(c0) VALUES("1282750525");
select TABLE_NAME, ENGINE from information_schema.TABLES where table_schema = 'database97';
ALTER TABLE t0 CHECKSUM 0, ALGORITHM INPLACE;
INSERT HIGH_PRIORITY IGNORE INTO t0(c0) VALUES('4');
REPLACE INTO t0(c0) VALUES("!fT0T1Thu");
REPLACE LOW_PRIORITY INTO t0(c0) VALUES(NULL);
DELETE FROM t0;
CREATE UNIQUE INDEX i0 USING HASH ON t0(c0 ASC);
CREATE UNIQUE INDEX i0 USING HASH ON t0(c0 DESC) INVISIBLE ALGORITHM DEFAULT;
CREATE INDEX i0 ON t0(c0 ASC) ALGORITHM DEFAULT;
SET SESSION old_alter_table = OFF;
select TABLE_NAME, ENGINE from information_schema.TABLES where table_schema = 'database97';
INSERT INTO t0(c0) VALUES("");
INSERT HIGH_PRIORITY INTO t0(c0) VALUES("");
INSERT IGNORE INTO t0(c0) VALUES(-1352807569), (383474550), (-1497983535);
INSERT IGNORE INTO t0(c0) VALUES(NULL), (-180976108), ('HW6,');
select TABLE_NAME, ENGINE from information_schema.TABLES where table_schema = 'database97';
