--java.lang.AssertionError: CREATE UNIQUE INDEX i2 ON t0((CAST(CAST(CAST('8' AS SIGNED) AS SIGNED) AS SIGNED))) VISIBLE ALGORITHM= INPLACE;
--	at sqlancer.common.query.SQLQueryAdapter.checkException(SQLQueryAdapter.java:111)
--	at sqlancer.common.query.SQLQueryAdapter.execute(SQLQueryAdapter.java:93)
--	at sqlancer.Main$QueryManager.execute(Main.java:265)
--	at sqlancer.GlobalState.executeStatement(GlobalState.java:108)
--	at sqlancer.StatementExecutor.executeStatements(StatementExecutor.java:70)
--	at sqlancer.mysql.MySQLProvider.generateDatabase(MySQLProvider.java:152)
--	at sqlancer.mysql.MySQLProvider.generateDatabase(MySQLProvider.java:1)
--	at sqlancer.ProviderAdapter.generateAndTestDatabase(ProviderAdapter.java:52)
--	at sqlancer.Main$DBMSExecutor.run(Main.java:364)
--	at sqlancer.Main$2.run(Main.java:559)
--	at sqlancer.Main$2.runThread(Main.java:541)
--	at sqlancer.Main$2.run(Main.java:532)
--	at java.base/java.util.concurrent.ThreadPoolExecutor.runWorker(ThreadPoolExecutor.java:1128)
--	at java.base/java.util.concurrent.ThreadPoolExecutor$Worker.run(ThreadPoolExecutor.java:628)
--	at java.base/java.lang.Thread.run(Thread.java:829)
--Caused by: java.sql.SQLSyntaxErrorException: You have an error in your SQL syntax; check the manual that corresponds to your MySQL server version for the right syntax to use near '(CAST(CAST(CAST('8' AS SIGNED) AS SIGNED) AS SIGNED))) VISIBLE ALGORITHM= INPLAC' at line 1
--	at com.mysql.cj.jdbc.exceptions.SQLError.createSQLException(SQLError.java:120)
--	at com.mysql.cj.jdbc.exceptions.SQLExceptionsMapping.translateException(SQLExceptionsMapping.java:122)
--	at com.mysql.cj.jdbc.StatementImpl.executeInternal(StatementImpl.java:763)
--	at com.mysql.cj.jdbc.StatementImpl.execute(StatementImpl.java:648)
--	at sqlancer.common.query.SQLQueryAdapter.execute(SQLQueryAdapter.java:87)
--	... 13 more
---- Time: 2023/06/03 17:53:05
-- Database: database86
-- Database version: 8.0.11
-- seed value: 1685807359633
DROP DATABASE IF EXISTS database86;
CREATE DATABASE database86;
USE database86;
CREATE TABLE t0(c0 MEDIUMINT(109)  NULL, c1 LONGTEXT  COMMENT 'asdf'  COLUMN_FORMAT DYNAMIC STORAGE DISK NULL) ;
REPLACE DELAYED INTO t0(c1) VALUES("8");
REPLACE DELAYED INTO t0(c1, c0) VALUES("8", 1825499046);
REPLACE INTO t0(c0, c1) VALUES("1825499046", "");
REPLACE DELAYED INTO t0(c0, c1) VALUES("", -1553497428);
REPLACE LOW_PRIORITY INTO t0(c1) VALUES(-1553497428);
INSERT INTO t0(c0) VALUES(NULL);
SET SESSION unique_checks = OFF;
SET SESSION rbr_exec_mode = IDEMPOTENT;
REPLACE DELAYED INTO t0(c1, c0) VALUES('/''', -1149653891);
REPLACE DELAYED INTO t0(c1, c0) VALUES("-1149653891", NULL);
REPLACE INTO t0(c0) VALUES(1600422818);
INSERT LOW_PRIORITY IGNORE INTO t0(c0, c1) VALUES(NULL, 1600422818);
ALTER TABLE t0 STATS_PERSISTENT 1, DROP c1, DELAY_KEY_WRITE 1, STATS_AUTO_RECALC DEFAULT, CHECKSUM 1, RENAME AS t0, FORCE, COMPRESSION 'LZ4', DISABLE KEYS;
CREATE INDEX i0 ON t0(c0 DESC) ALGORITHM COPY;
INSERT IGNORE INTO t0(c0) VALUES(NULL);
CREATE UNIQUE INDEX i1 USING BTREE ON t0(c0 ASC) ALGORITHM INPLACE;
select TABLE_NAME, ENGINE from information_schema.TABLES where table_schema = 'database86';
DROP INDEX i1 ON t0;
REPLACE INTO t0(c0) VALUES(917061792);
INSERT LOW_PRIORITY IGNORE INTO t0(c0) VALUES(NULL);
