-- Time: 2023/06/03 17:50:32
-- Database: database56
-- Database version: 8.0.11
-- seed value: 1685807359603
DROP DATABASE IF EXISTS database56;
CREATE DATABASE database56;
USE database56;
CREATE TABLE IF NOT EXISTS t0(c0 SMALLINT(203)  STORAGE DISK PRIMARY KEY COLUMN_FORMAT DEFAULT) ; -- 63ms;
CREATE TABLE IF NOT EXISTS t1 LIKE t0; -- 71ms;
INSERT HIGH_PRIORITY IGNORE INTO t0(c0) VALUES(NULL); -- 12ms;
REPLACE DELAYED INTO t0(c0) VALUES(-1051789132); -- 0ms;
INSERT IGNORE INTO t0(c0) VALUES(-559070821); -- 10ms;
SET SESSION preload_buffer_size = 395743173; -- 0ms;
select TABLE_NAME, ENGINE from information_schema.TABLES where table_schema = 'database56'; -- 2ms;
ALTER TABLE t0 ROW_FORMAT FIXED, DELAY_KEY_WRITE 0, RENAME t2, COMPRESSION 'LZ4', STATS_PERSISTENT 1, FORCE, ENABLE KEYS, STATS_AUTO_RECALC 1, PACK_KEYS 1, INSERT_METHOD NO, ALGORITHM INPLACE; -- 1ms;
ALTER TABLE t1 ; -- 17ms;
INSERT INTO t0(c0) VALUES(NULL), (NULL), (-384031023); -- 1ms;
INSERT IGNORE INTO t1(c0) VALUES("	/b?js"); -- 14ms;
SET SESSION sql_quote_show_create = ON; -- 0ms;
INSERT IGNORE INTO t0(c0) VALUES(''), (-1168418025), (NULL), (-1718325817), (NULL); -- 1ms;
INSERT IGNORE INTO t0(c0) VALUES(2078960188); -- 5ms;
CREATE INDEX i0 USING BTREE ON t0((147670281), ((( EXISTS (SELECT 1)) XOR ((t0.c0) AND ("?,"))) != (((+ (561856238))) != (BIT_COUNT(t0.c0)))));