--java.lang.AssertionError: ALTER TABLE t0 PACK_KEYS 1, COMPRESSION 'LZ4', STATS_AUTO_RECALC 1, FORCE, STATS_PERSISTENT DEFAULT, RENAME AS t2, ALGORITHM INSTANT;
--	at sqlancer.common.query.SQLQueryAdapter.checkException(SQLQueryAdapter.java:111)
--	at sqlancer.common.query.SQLQueryAdapter.execute(SQLQueryAdapter.java:93)
--	at sqlancer.Main$QueryManager.execute(Main.java:265)
--	at sqlancer.GlobalState.executeStatement(GlobalState.java:108)
--	at sqlancer.StatementExecutor.executeStatements(StatementExecutor.java:70)
--	at sqlancer.mysql.MySQLProvider.generateDatabase(MySQLProvider.java:152)
--	at sqlancer.mysql.MySQLProvider.generateDatabase(MySQLProvider.java:1)
--	at sqlancer.ProviderAdapter.generateAndTestDatabase(ProviderAdapter.java:52)
--	at sqlancer.Main$DBMSExecutor.run(Main.java:364)
--	at sqlancer.Main$2.run(Main.java:559)
--	at sqlancer.Main$2.runThread(Main.java:541)
--	at sqlancer.Main$2.run(Main.java:532)
--	at java.base/java.util.concurrent.ThreadPoolExecutor.runWorker(ThreadPoolExecutor.java:1128)
--	at java.base/java.util.concurrent.ThreadPoolExecutor$Worker.run(ThreadPoolExecutor.java:628)
--	at java.base/java.lang.Thread.run(Thread.java:829)
--Caused by: java.sql.SQLException: Unknown ALGORITHM 'INSTANT'
--	at com.mysql.cj.jdbc.exceptions.SQLError.createSQLException(SQLError.java:129)
--	at com.mysql.cj.jdbc.exceptions.SQLExceptionsMapping.translateException(SQLExceptionsMapping.java:122)
--	at com.mysql.cj.jdbc.StatementImpl.executeInternal(StatementImpl.java:763)
--	at com.mysql.cj.jdbc.StatementImpl.execute(StatementImpl.java:648)
--	at sqlancer.common.query.SQLQueryAdapter.execute(SQLQueryAdapter.java:87)
--	... 13 more
---- Time: 2023/06/03 17:49:25
-- Database: database39
-- Database version: 8.0.11
-- seed value: 1685807359586
DROP DATABASE IF EXISTS database39;
CREATE DATABASE database39;
USE database39;
CREATE TABLE t0(c0 INT(32) ) ;
CREATE INDEX i0 ON t0(c0) VISIBLE ALGORITHM DEFAULT;
ALTER TABLE t0 DELAY_KEY_WRITE 1, STATS_PERSISTENT 0, COMPRESSION 'ZLIB', PACK_KEYS 0, FORCE, ROW_FORMAT COMPRESSED, CHECKSUM 0;
ALTER TABLE t0 STATS_AUTO_RECALC 1, INSERT_METHOD NO, DELAY_KEY_WRITE 1, CHECKSUM 1, ROW_FORMAT COMPACT, COMPRESSION 'ZLIB', FORCE, RENAME t0, ALGORITHM COPY, STATS_PERSISTENT 0;
select TABLE_NAME, ENGINE from information_schema.TABLES where table_schema = 'database39';
select TABLE_NAME, ENGINE from information_schema.TABLES where table_schema = 'database39';
select TABLE_NAME, ENGINE from information_schema.TABLES where table_schema = 'database39';
select TABLE_NAME, ENGINE from information_schema.TABLES where table_schema = 'database39';
REPLACE LOW_PRIORITY INTO t0(c0) VALUES("");
REPLACE LOW_PRIORITY INTO t0(c0) VALUES(-1375265151);
select TABLE_NAME, ENGINE from information_schema.TABLES where table_schema = 'database39';
TRUNCATE TABLE t0;
select TABLE_NAME, ENGINE from information_schema.TABLES where table_schema = 'database39';
CREATE INDEX i1 USING BTREE ON t0(c0) VISIBLE ALGORITHM= COPY;
INSERT IGNORE INTO t0(c0) VALUES(NULL);
