--java.lang.AssertionError: CREATE UNIQUE INDEX i0 ON t0(((! ( EXISTS (SELECT 1 wHERE FALSE)))));
--	at sqlancer.common.query.SQLQueryAdapter.checkException(SQLQueryAdapter.java:111)
--	at sqlancer.common.query.SQLQueryAdapter.execute(SQLQueryAdapter.java:93)
--	at sqlancer.Main$QueryManager.execute(Main.java:265)
--	at sqlancer.GlobalState.executeStatement(GlobalState.java:108)
--	at sqlancer.StatementExecutor.executeStatements(StatementExecutor.java:70)
--	at sqlancer.mysql.MySQLProvider.generateDatabase(MySQLProvider.java:152)
--	at sqlancer.mysql.MySQLProvider.generateDatabase(MySQLProvider.java:1)
--	at sqlancer.ProviderAdapter.generateAndTestDatabase(ProviderAdapter.java:52)
--	at sqlancer.Main$DBMSExecutor.run(Main.java:364)
--	at sqlancer.Main$2.run(Main.java:559)
--	at sqlancer.Main$2.runThread(Main.java:541)
--	at sqlancer.Main$2.run(Main.java:532)
--	at java.base/java.util.concurrent.ThreadPoolExecutor.runWorker(ThreadPoolExecutor.java:1128)
--	at java.base/java.util.concurrent.ThreadPoolExecutor$Worker.run(ThreadPoolExecutor.java:628)
--	at java.base/java.lang.Thread.run(Thread.java:829)
--Caused by: java.sql.SQLSyntaxErrorException: You have an error in your SQL syntax; check the manual that corresponds to your MySQL server version for the right syntax to use near '((! ( EXISTS (SELECT 1 wHERE FALSE)))))' at line 1
--	at com.mysql.cj.jdbc.exceptions.SQLError.createSQLException(SQLError.java:120)
--	at com.mysql.cj.jdbc.exceptions.SQLExceptionsMapping.translateException(SQLExceptionsMapping.java:122)
--	at com.mysql.cj.jdbc.StatementImpl.executeInternal(StatementImpl.java:763)
--	at com.mysql.cj.jdbc.StatementImpl.execute(StatementImpl.java:648)
--	at sqlancer.common.query.SQLQueryAdapter.execute(SQLQueryAdapter.java:87)
--	... 13 more
---- Time: 2023/06/03 17:50:32
-- Database: database66
-- Database version: 8.0.11
-- seed value: 1685807359613
DROP DATABASE IF EXISTS database66;
CREATE DATABASE database66;
USE database66;
CREATE TABLE IF NOT EXISTS t0(c0 MEDIUMTEXT  COMMENT 'asdf'  COLUMN_FORMAT FIXED) ;
REPLACE INTO t0(c0) VALUES(""), (1569566477), ("1569566477");
INSERT IGNORE INTO t0(c0) VALUES("");
REPLACE LOW_PRIORITY INTO t0(c0) VALUES("ln"), ("!}CaN\ri53"), (NULL);
INSERT INTO t0(c0) VALUES('%?');
SET SESSION unique_checks = OFF;
CHECK TABLE t0 FOR UPGRADE MEDIUM EXTENDED QUICK FAST CHANGED;
REPLACE INTO t0(c0) VALUES(1569566477);
ANALYZE  TABLE t0;
REPLACE LOW_PRIORITY INTO t0(c0) VALUES(1569566477);
DELETE IGNORE FROM t0;
select TABLE_NAME, ENGINE from information_schema.TABLES where table_schema = 'database66';
INSERT LOW_PRIORITY INTO t0(c0) VALUES('');
INSERT INTO t0(c0) VALUES(267668007);
REPLACE DELAYED INTO t0(c0) VALUES("ln");
TRUNCATE TABLE t0;
select TABLE_NAME, ENGINE from information_schema.TABLES where table_schema = 'database66';
CHECKSUM TABLE t0 QUICK;
INSERT INTO t0(c0) VALUES(NULL), ('????OA'), ("");
INSERT LOW_PRIORITY IGNORE INTO t0(c0) VALUES('uc');
REPLACE INTO t0(c0) VALUES('f'), (1569566477), (NULL);
select TABLE_NAME, ENGINE from information_schema.TABLES where table_schema = 'database66';
REPLACE INTO t0(c0) VALUES(986025511);
INSERT IGNORE INTO t0(c0) VALUES("Ln");
REPLACE INTO t0(c0) VALUES(-1362449867);
REPLACE INTO t0(c0) VALUES(753629362);
INSERT IGNORE INTO t0(c0) VALUES(1569566477);
INSERT INTO t0(c0) VALUES('C#[?<JT](');
REPLACE LOW_PRIORITY INTO t0(c0) VALUES(NULL);
