--java.lang.AssertionError: ALTER TABLE t1 INSERT_METHOD LAST, PACK_KEYS 0, ROW_FORMAT COMPRESSED, COMPRESSION 'LZ4', STATS_AUTO_RECALC 0, CHECKSUM 1, STATS_PERSISTENT 1, ALGORITHM INSTANT, ENABLE KEYS, FORCE;
--	at sqlancer.common.query.SQLQueryAdapter.checkException(SQLQueryAdapter.java:111)
--	at sqlancer.common.query.SQLQueryAdapter.execute(SQLQueryAdapter.java:93)
--	at sqlancer.Main$QueryManager.execute(Main.java:265)
--	at sqlancer.GlobalState.executeStatement(GlobalState.java:108)
--	at sqlancer.StatementExecutor.executeStatements(StatementExecutor.java:70)
--	at sqlancer.mysql.MySQLProvider.generateDatabase(MySQLProvider.java:152)
--	at sqlancer.mysql.MySQLProvider.generateDatabase(MySQLProvider.java:1)
--	at sqlancer.ProviderAdapter.generateAndTestDatabase(ProviderAdapter.java:52)
--	at sqlancer.Main$DBMSExecutor.run(Main.java:364)
--	at sqlancer.Main$2.run(Main.java:559)
--	at sqlancer.Main$2.runThread(Main.java:541)
--	at sqlancer.Main$2.run(Main.java:532)
--	at java.base/java.util.concurrent.ThreadPoolExecutor.runWorker(ThreadPoolExecutor.java:1128)
--	at java.base/java.util.concurrent.ThreadPoolExecutor$Worker.run(ThreadPoolExecutor.java:628)
--	at java.base/java.lang.Thread.run(Thread.java:829)
--Caused by: java.sql.SQLException: Unknown ALGORITHM 'INSTANT'
--	at com.mysql.cj.jdbc.exceptions.SQLError.createSQLException(SQLError.java:129)
--	at com.mysql.cj.jdbc.exceptions.SQLExceptionsMapping.translateException(SQLExceptionsMapping.java:122)
--	at com.mysql.cj.jdbc.StatementImpl.executeInternal(StatementImpl.java:763)
--	at com.mysql.cj.jdbc.StatementImpl.execute(StatementImpl.java:648)
--	at sqlancer.common.query.SQLQueryAdapter.execute(SQLQueryAdapter.java:87)
--	... 13 more
---- Time: 2023/06/03 17:53:04
-- Database: database84
-- Database version: 8.0.11
-- seed value: 1685807359631
DROP DATABASE IF EXISTS database84;
CREATE DATABASE database84;
USE database84;
CREATE TABLE t0(c0 MEDIUMTEXT  COLUMN_FORMAT DYNAMIC STORAGE MEMORY ) ;
CREATE TABLE t1(c0 TINYTEXT  STORAGE MEMORY , c1 MEDIUMTEXT , c2 TINYTEXT ) ;
INSERT DELAYED IGNORE INTO t1(c2, c1) VALUES("", NULL);
REPLACE INTO t0(c0) VALUES('');
CREATE UNIQUE INDEX i0 USING HASH ON t1(c0) ALGORITHM INPLACE;
INSERT INTO t1(c2, c0) VALUES('', 1007197203);
ALTER TABLE t1 STATS_AUTO_RECALC 1, STATS_PERSISTENT 1, PACK_KEYS DEFAULT, RENAME TO t0, DELAY_KEY_WRITE 0, ALGORITHM INPLACE, DROP COLUMN c0, INSERT_METHOD FIRST, DISABLE KEYS;
ALTER TABLE t0 ROW_FORMAT COMPACT, PACK_KEYS 0, FORCE, ALGORITHM INPLACE, ENABLE KEYS, INSERT_METHOD NO, STATS_PERSISTENT DEFAULT, CHECKSUM 1, RENAME t0, COMPRESSION 'NONE', STATS_AUTO_RECALC 0, DELAY_KEY_WRITE 0;
ALTER TABLE t1 ENABLE KEYS, CHECKSUM 1, FORCE, STATS_PERSISTENT DEFAULT, ALGORITHM DEFAULT, RENAME TO t0, COMPRESSION 'ZLIB', DELAY_KEY_WRITE 0, STATS_AUTO_RECALC DEFAULT, DROP c1;
ALTER TABLE t0 ;
select TABLE_NAME, ENGINE from information_schema.TABLES where table_schema = 'database84';
INSERT DELAYED INTO t1(c1, c0, c2) VALUES("1007197203", 1007197203, 1007197203);
INSERT INTO t0(c0) VALUES(NULL), (NULL), (1007197203);
