--java.lang.AssertionError: CREATE INDEX i44 ON t0((NULL));
--	at sqlancer.common.query.SQLQueryAdapter.checkException(SQLQueryAdapter.java:111)
--	at sqlancer.common.query.SQLQueryAdapter.execute(SQLQueryAdapter.java:93)
--	at sqlancer.Main$QueryManager.execute(Main.java:265)
--	at sqlancer.GlobalState.executeStatement(GlobalState.java:108)
--	at sqlancer.StatementExecutor.executeStatements(StatementExecutor.java:70)
--	at sqlancer.mysql.MySQLProvider.generateDatabase(MySQLProvider.java:152)
--	at sqlancer.mysql.MySQLProvider.generateDatabase(MySQLProvider.java:1)
--	at sqlancer.ProviderAdapter.generateAndTestDatabase(ProviderAdapter.java:52)
--	at sqlancer.Main$DBMSExecutor.run(Main.java:364)
--	at sqlancer.Main$2.run(Main.java:559)
--	at sqlancer.Main$2.runThread(Main.java:541)
--	at sqlancer.Main$2.run(Main.java:532)
--	at java.base/java.util.concurrent.ThreadPoolExecutor.runWorker(ThreadPoolExecutor.java:1128)
--	at java.base/java.util.concurrent.ThreadPoolExecutor$Worker.run(ThreadPoolExecutor.java:628)
--	at java.base/java.lang.Thread.run(Thread.java:829)
--Caused by: java.sql.SQLSyntaxErrorException: You have an error in your SQL syntax; check the manual that corresponds to your MySQL server version for the right syntax to use near '(NULL))' at line 1
--	at com.mysql.cj.jdbc.exceptions.SQLError.createSQLException(SQLError.java:120)
--	at com.mysql.cj.jdbc.exceptions.SQLExceptionsMapping.translateException(SQLExceptionsMapping.java:122)
--	at com.mysql.cj.jdbc.StatementImpl.executeInternal(StatementImpl.java:763)
--	at com.mysql.cj.jdbc.StatementImpl.execute(StatementImpl.java:648)
--	at sqlancer.common.query.SQLQueryAdapter.execute(SQLQueryAdapter.java:87)
--	... 13 more
---- Time: 2023/06/03 17:51:45
-- Database: database74
-- Database version: 8.0.11
-- seed value: 1685807359621
DROP DATABASE IF EXISTS database74;
CREATE DATABASE database74;
USE database74;
CREATE TABLE IF NOT EXISTS t0(c0 LONGTEXT  STORAGE MEMORY ) ;
CREATE TABLE IF NOT EXISTS t1 LIKE t0;
select TABLE_NAME, ENGINE from information_schema.TABLES where table_schema = 'database74';
DELETE LOW_PRIORITY FROM t0 WHERE (((t0.c0) NOT IN (t0.c0)) IN (NULL)) AND ( EXISTS (SELECT 1 wHERE FALSE));
select TABLE_NAME, ENGINE from information_schema.TABLES where table_schema = 'database74';
SET SESSION range_optimizer_max_mem_size = 563549909480834949;
SET SESSION show_create_table_verbosity = ON;
select TABLE_NAME, ENGINE from information_schema.TABLES where table_schema = 'database74';
CHECKSUM TABLE t1, t0;
ANALYZE  TABLE t1 UPDATE HISTOGRAM ON c0 WITH 471 BUCKETS;
select TABLE_NAME, ENGINE from information_schema.TABLES where table_schema = 'database74';
DELETE LOW_PRIORITY QUICK FROM t1 WHERE -1019583540;
select TABLE_NAME, ENGINE from information_schema.TABLES where table_schema = 'database74';
CREATE INDEX i0 USING HASH ON t1(c0);
SET SESSION max_heap_table_size = 7643785310841253928;
CHECK TABLE t0, t1 EXTENDED CHANGED QUICK FOR UPGRADE MEDIUM FAST;
CREATE UNIQUE INDEX i0 ON t0(c0 ASC) VISIBLE ALGORITHM= COPY;
