-- Time: 2023/06/03 17:53:04
-- Database: database84
-- Database version: 8.0.11
-- seed value: 1685807359631
DROP DATABASE IF EXISTS database84;
CREATE DATABASE database84;
USE database84;
CREATE TABLE t0(c0 MEDIUMTEXT  COLUMN_FORMAT DYNAMIC STORAGE MEMORY ) ; -- 26ms;
CREATE TABLE t1(c0 TINYTEXT  STORAGE MEMORY , c1 MEDIUMTEXT , c2 TINYTEXT ) ; -- 37ms;
INSERT DELAYED IGNORE INTO t1(c2, c1) VALUES("", NULL); -- 8ms;
REPLACE INTO t0(c0) VALUES(''); -- 6ms;
CREATE UNIQUE INDEX i0 USING HASH ON t1(c0) ALGORITHM INPLACE; -- 2ms;
INSERT INTO t1(c2, c0) VALUES('', 1007197203); -- 13ms;
ALTER TABLE t1 STATS_AUTO_RECALC 1, STATS_PERSISTENT 1, PACK_KEYS DEFAULT, RENAME TO t0, DELAY_KEY_WRITE 0, ALGORITHM INPLACE, DROP COLUMN c0, INSERT_METHOD FIRST, DISABLE KEYS; -- 1ms;
ALTER TABLE t0 ROW_FORMAT COMPACT, PACK_KEYS 0, FORCE, ALGORITHM INPLACE, ENABLE KEYS, INSERT_METHOD NO, STATS_PERSISTENT DEFAULT, CHECKSUM 1, RENAME t0, COMPRESSION 'NONE', STATS_AUTO_RECALC 0, DELAY_KEY_WRITE 0; -- 0ms;
ALTER TABLE t1 ENABLE KEYS, CHECKSUM 1, FORCE, STATS_PERSISTENT DEFAULT, ALGORITHM DEFAULT, RENAME TO t0, COMPRESSION 'ZLIB', DELAY_KEY_WRITE 0, STATS_AUTO_RECALC DEFAULT, DROP c1; -- 0ms;
ALTER TABLE t0 ; -- 2ms;
select TABLE_NAME, ENGINE from information_schema.TABLES where table_schema = 'database84'; -- 3ms;
INSERT DELAYED INTO t1(c1, c0, c2) VALUES("1007197203", 1007197203, 1007197203); -- 10ms;
INSERT INTO t0(c0) VALUES(NULL), (NULL), (1007197203); -- 12ms;
ALTER TABLE t1 INSERT_METHOD LAST, PACK_KEYS 0, ROW_FORMAT COMPRESSED, COMPRESSION 'LZ4', STATS_AUTO_RECALC 0, CHECKSUM 1, STATS_PERSISTENT 1, ALGORITHM INSTANT, ENABLE KEYS, FORCE;