--java.lang.AssertionError: CREATE UNIQUE INDEX i0 USING BTREE ON t0(( EXISTS (SELECT 1)), (IFNULL(CAST(857169340 AS SIGNED), '-1256257468')), (t0.c1));
--	at sqlancer.common.query.SQLQueryAdapter.checkException(SQLQueryAdapter.java:111)
--	at sqlancer.common.query.SQLQueryAdapter.execute(SQLQueryAdapter.java:93)
--	at sqlancer.Main$QueryManager.execute(Main.java:265)
--	at sqlancer.GlobalState.executeStatement(GlobalState.java:108)
--	at sqlancer.StatementExecutor.executeStatements(StatementExecutor.java:70)
--	at sqlancer.mysql.MySQLProvider.generateDatabase(MySQLProvider.java:152)
--	at sqlancer.mysql.MySQLProvider.generateDatabase(MySQLProvider.java:1)
--	at sqlancer.ProviderAdapter.generateAndTestDatabase(ProviderAdapter.java:52)
--	at sqlancer.Main$DBMSExecutor.run(Main.java:364)
--	at sqlancer.Main$2.run(Main.java:559)
--	at sqlancer.Main$2.runThread(Main.java:541)
--	at sqlancer.Main$2.run(Main.java:532)
--	at java.base/java.util.concurrent.ThreadPoolExecutor.runWorker(ThreadPoolExecutor.java:1128)
--	at java.base/java.util.concurrent.ThreadPoolExecutor$Worker.run(ThreadPoolExecutor.java:628)
--	at java.base/java.lang.Thread.run(Thread.java:829)
--Caused by: java.sql.SQLSyntaxErrorException: You have an error in your SQL syntax; check the manual that corresponds to your MySQL server version for the right syntax to use near '( EXISTS (SELECT 1)), (IFNULL(CAST(857169340 AS SIGNED), '-1256257468')), (t0.c1' at line 1
--	at com.mysql.cj.jdbc.exceptions.SQLError.createSQLException(SQLError.java:120)
--	at com.mysql.cj.jdbc.exceptions.SQLExceptionsMapping.translateException(SQLExceptionsMapping.java:122)
--	at com.mysql.cj.jdbc.StatementImpl.executeInternal(StatementImpl.java:763)
--	at com.mysql.cj.jdbc.StatementImpl.execute(StatementImpl.java:648)
--	at sqlancer.common.query.SQLQueryAdapter.execute(SQLQueryAdapter.java:87)
--	... 13 more
---- Time: 2023/06/03 17:57:18
-- Database: database1
-- Database version: 8.0.11
-- seed value: 1685807359535
DROP DATABASE IF EXISTS database1;
CREATE DATABASE database1;
USE database1;
CREATE TABLE IF NOT EXISTS t0(c0 MEDIUMTEXT  NULL STORAGE DISK, c1 TEXT  COLUMN_FORMAT DEFAULT) ;
CREATE TABLE t1 LIKE t0;
select TABLE_NAME, ENGINE from information_schema.TABLES where table_schema = 'database1';
select TABLE_NAME, ENGINE from information_schema.TABLES where table_schema = 'database1';
select TABLE_NAME, ENGINE from information_schema.TABLES where table_schema = 'database1';
REPLACE INTO t0(c0) VALUES(NULL), (107387886), (NULL);
DELETE LOW_PRIORITY QUICK IGNORE FROM t1;
REPLACE INTO t1(c0) VALUES(NULL);
INSERT IGNORE INTO t1(c1) VALUES("");
select TABLE_NAME, ENGINE from information_schema.TABLES where table_schema = 'database1';
ANALYZE  TABLE t0;
ALTER TABLE t0 COMPRESSION 'NONE', ENABLE KEYS, ROW_FORMAT REDUNDANT, DELAY_KEY_WRITE 0, RENAME t2, ALGORITHM DEFAULT, FORCE, CHECKSUM 0, DROP c1;
INSERT INTO t1(c1, c0) VALUES(-11376139, 1007639202), ("8E?!<7U", -1715117652), ("", NULL);
INSERT HIGH_PRIORITY INTO t1(c1, c0) VALUES(NULL, "-1833016969");
CHECKSUM TABLE t1;
ALTER TABLE t1 DISABLE KEYS, INSERT_METHOD FIRST, COMPRESSION 'LZ4', FORCE, STATS_AUTO_RECALC 1, ROW_FORMAT DYNAMIC, CHECKSUM 0, RENAME t0, PACK_KEYS DEFAULT, DROP COLUMN c1, STATS_PERSISTENT DEFAULT, DELAY_KEY_WRITE 0, ALGORITHM INPLACE;
ALTER TABLE t1 DROP c0, COMPRESSION 'ZLIB', STATS_AUTO_RECALC DEFAULT, RENAME AS t0, INSERT_METHOD LAST, FORCE, STATS_PERSISTENT DEFAULT, DELAY_KEY_WRITE 1, ENABLE KEYS;
DELETE LOW_PRIORITY QUICK IGNORE FROM t0;
TRUNCATE TABLE t0;
select TABLE_NAME, ENGINE from information_schema.TABLES where table_schema = 'database1';
select TABLE_NAME, ENGINE from information_schema.TABLES where table_schema = 'database1';
select TABLE_NAME, ENGINE from information_schema.TABLES where table_schema = 'database1';
DELETE LOW_PRIORITY IGNORE FROM t2;
CREATE UNIQUE INDEX i0 ON t0(c1) VISIBLE ALGORITHM= DEFAULT;
