-- Time: 2023/06/03 17:51:45
-- Database: database74
-- Database version: 8.0.11
-- seed value: 1685807359621
DROP DATABASE IF EXISTS database74;
CREATE DATABASE database74;
USE database74;
CREATE TABLE IF NOT EXISTS t0(c0 LONGTEXT  STORAGE MEMORY ) ; -- 40ms;
CREATE TABLE IF NOT EXISTS t1 LIKE t0; -- 56ms;
select TABLE_NAME, ENGINE from information_schema.TABLES where table_schema = 'database74'; -- 3ms;
DELETE LOW_PRIORITY FROM t0 WHERE (((t0.c0) NOT IN (t0.c0)) IN (NULL)) AND ( EXISTS (SELECT 1 wHERE FALSE)); -- 0ms;
select TABLE_NAME, ENGINE from information_schema.TABLES where table_schema = 'database74'; -- 1ms;
SET SESSION range_optimizer_max_mem_size = 563549909480834949; -- 0ms;
SET SESSION show_create_table_verbosity = ON; -- 1ms;
select TABLE_NAME, ENGINE from information_schema.TABLES where table_schema = 'database74'; -- 2ms;
CHECKSUM TABLE t1, t0; -- 1ms;
ANALYZE  TABLE t1 UPDATE HISTOGRAM ON c0 WITH 471 BUCKETS; -- 6ms;
select TABLE_NAME, ENGINE from information_schema.TABLES where table_schema = 'database74'; -- 18ms;
DELETE LOW_PRIORITY QUICK FROM t1 WHERE -1019583540; -- 1ms;
select TABLE_NAME, ENGINE from information_schema.TABLES where table_schema = 'database74'; -- 2ms;
CREATE INDEX i0 USING HASH ON t1(c0); -- 0ms;
SET SESSION max_heap_table_size = 7643785310841253928; -- 0ms;
CHECK TABLE t0, t1 EXTENDED CHANGED QUICK FOR UPGRADE MEDIUM FAST; -- 0ms;
CREATE UNIQUE INDEX i0 ON t0(c0 ASC) VISIBLE ALGORITHM= COPY; -- 0ms;
CREATE INDEX i44 ON t0((NULL));