-- Time: 2023/06/03 17:49:19
-- Database: database17
-- Database version: 8.0.11
-- seed value: 1685807359563
DROP DATABASE IF EXISTS database17;
CREATE DATABASE database17;
USE database17;
CREATE TABLE IF NOT EXISTS t0(c0 MEDIUMINT   NULL COMMENT 'asdf'  STORAGE MEMORY) ; -- 289ms;
INSERT DELAYED INTO t0(c0) VALUES(-592581241); -- 2ms;
REPLACE DELAYED INTO t0(c0) VALUES(')jpRb,?'); -- 1ms;
REPLACE INTO t0(c0) VALUES(-1542159166); -- 1ms;
REPLACE INTO t0(c0) VALUES("wu2c.#pSw"); -- 1ms;
REPLACE DELAYED INTO t0(c0) VALUES(714178324), (-1210190817), (-1572085832); -- 0ms;
REPLACE DELAYED INTO t0(c0) VALUES(NULL); -- 11ms;
REPLACE DELAYED INTO t0(c0) VALUES(NULL), (NULL), (1073347562); -- 14ms;
REPLACE INTO t0(c0) VALUES("-1572085832"); -- 0ms;
REPLACE INTO t0(c0) VALUES(NULL); -- 5ms;
INSERT HIGH_PRIORITY INTO t0(c0) VALUES(NULL), (NULL), (""); -- 5ms;
INSERT INTO t0(c0) VALUES(""), ('-1542159166'), (NULL); -- 0ms;
REPLACE INTO t0(c0) VALUES(NULL); -- 11ms;
CREATE UNIQUE INDEX i0 ON t0(( EXISTS (SELECT 1 wHERE FALSE))) INVISIBLE ALGORITHM INPLACE;