--java.lang.AssertionError: CREATE UNIQUE INDEX i2 USING HASH ON t0(( EXISTS (SELECT 1)), (t0.c0));
--	at sqlancer.common.query.SQLQueryAdapter.checkException(SQLQueryAdapter.java:111)
--	at sqlancer.common.query.SQLQueryAdapter.execute(SQLQueryAdapter.java:93)
--	at sqlancer.Main$QueryManager.execute(Main.java:265)
--	at sqlancer.GlobalState.executeStatement(GlobalState.java:108)
--	at sqlancer.StatementExecutor.executeStatements(StatementExecutor.java:70)
--	at sqlancer.mysql.MySQLProvider.generateDatabase(MySQLProvider.java:152)
--	at sqlancer.mysql.MySQLProvider.generateDatabase(MySQLProvider.java:1)
--	at sqlancer.ProviderAdapter.generateAndTestDatabase(ProviderAdapter.java:52)
--	at sqlancer.Main$DBMSExecutor.run(Main.java:364)
--	at sqlancer.Main$2.run(Main.java:559)
--	at sqlancer.Main$2.runThread(Main.java:541)
--	at sqlancer.Main$2.run(Main.java:532)
--	at java.base/java.util.concurrent.ThreadPoolExecutor.runWorker(ThreadPoolExecutor.java:1128)
--	at java.base/java.util.concurrent.ThreadPoolExecutor$Worker.run(ThreadPoolExecutor.java:628)
--	at java.base/java.lang.Thread.run(Thread.java:829)
--Caused by: java.sql.SQLSyntaxErrorException: You have an error in your SQL syntax; check the manual that corresponds to your MySQL server version for the right syntax to use near '( EXISTS (SELECT 1)), (t0.c0))' at line 1
--	at com.mysql.cj.jdbc.exceptions.SQLError.createSQLException(SQLError.java:120)
--	at com.mysql.cj.jdbc.exceptions.SQLExceptionsMapping.translateException(SQLExceptionsMapping.java:122)
--	at com.mysql.cj.jdbc.StatementImpl.executeInternal(StatementImpl.java:763)
--	at com.mysql.cj.jdbc.StatementImpl.execute(StatementImpl.java:648)
--	at sqlancer.common.query.SQLQueryAdapter.execute(SQLQueryAdapter.java:87)
--	... 13 more
---- Time: 2023/06/01 18:30:13
-- Database: database24
-- Database version: 8.0.11
-- seed value: 1685637011014
DROP DATABASE IF EXISTS database24;
CREATE DATABASE database24;
USE database24;
CREATE TABLE IF NOT EXISTS t0(c0 MEDIUMINT  NULL UNIQUE KEY COMMENT 'asdf'   COLUMN_FORMAT DYNAMIC, c1 TEXT  COMMENT 'asdf'  COLUMN_FORMAT FIXED STORAGE MEMORY ) ;
CREATE UNIQUE INDEX i0 USING BTREE ON t0(c1(4) DESC) INVISIBLE ALGORITHM COPY;
CREATE UNIQUE INDEX i1 USING HASH ON t0(c0 ASC) ALGORITHM= COPY;
CREATE UNIQUE INDEX i1 ON t0(c0, c1(2) DESC);
DELETE QUICK FROM t0;
INSERT HIGH_PRIORITY INTO t0(c1) VALUES(NULL);
SET SESSION optimizer_prune_level = 1;
select TABLE_NAME, ENGINE from information_schema.TABLES where table_schema = 'database24';
REPLACE LOW_PRIORITY INTO t0(c0, c1) VALUES("??", NULL);
REPLACE LOW_PRIORITY INTO t0(c0) VALUES(-1138495380);
INSERT INTO t0(c1, c0) VALUES('', 431661798);
REPLACE INTO t0(c1, c0) VALUES(-1207085395, 1516915991);
REPLACE LOW_PRIORITY INTO t0(c1, c0) VALUES('?.JJIgR>?', NULL);
CREATE UNIQUE INDEX i2 USING HASH ON t0(c0 ASC);
