-- Time: 2023/06/01 18:31:33
-- Database: database80
-- Database version: 8.0.11
-- seed value: 1685637011070
DROP DATABASE IF EXISTS database80;
CREATE DATABASE database80;
USE database80;
CREATE TABLE IF NOT EXISTS t0(c0 MEDIUMTEXT ) ; -- 45ms;
INSERT DELAYED INTO t0(c0) VALUES(NULL); -- 10ms;
select TABLE_NAME, ENGINE from information_schema.TABLES where table_schema = 'database80'; -- 4ms;
CHECKSUM TABLE t0; -- 0ms;
ALTER TABLE t0 CHECKSUM 1, FORCE, STATS_AUTO_RECALC 1, RENAME t0, DELAY_KEY_WRITE 1, ENABLE KEYS, ROW_FORMAT COMPACT, STATS_PERSISTENT DEFAULT, PACK_KEYS 0, ALGORITHM DEFAULT, INSERT_METHOD NO, COMPRESSION 'LZ4'; -- 93ms;
INSERT DELAYED IGNORE INTO t0(c0) VALUES(NULL); -- 11ms;
DELETE LOW_PRIORITY QUICK IGNORE FROM t0; -- 7ms;
ALTER TABLE t0 ROW_FORMAT DYNAMIC, INSERT_METHOD LAST, FORCE, STATS_AUTO_RECALC 1, CHECKSUM 1, DELAY_KEY_WRITE 0, PACK_KEYS 1, RENAME AS t2, DISABLE KEYS, STATS_PERSISTENT 1, COMPRESSION 'NONE', ALGORITHM COPY; -- 76ms;
INSERT INTO t2(c0) VALUES(-1826796886); -- 8ms;
INSERT INTO t2(c0) VALUES(NULL); -- 4ms;
REPLACE LOW_PRIORITY INTO t2(c0) VALUES(1676715450), (2085549029), (""); -- 5ms;
INSERT INTO t2(c0) VALUES(1676715450); -- 5ms;
INSERT LOW_PRIORITY INTO t2(c0) VALUES("VF"); -- 4ms;
REPLACE LOW_PRIORITY INTO t2(c0) VALUES('2085549029'); -- 4ms;
CREATE INDEX i0 USING BTREE ON t2(( EXISTS (SELECT 1)));