--java.lang.AssertionError: CREATE INDEX i0 USING HASH ON t0((NULL));
--	at sqlancer.common.query.SQLQueryAdapter.checkException(SQLQueryAdapter.java:111)
--	at sqlancer.common.query.SQLQueryAdapter.execute(SQLQueryAdapter.java:93)
--	at sqlancer.Main$QueryManager.execute(Main.java:265)
--	at sqlancer.GlobalState.executeStatement(GlobalState.java:108)
--	at sqlancer.StatementExecutor.executeStatements(StatementExecutor.java:70)
--	at sqlancer.mysql.MySQLProvider.generateDatabase(MySQLProvider.java:152)
--	at sqlancer.mysql.MySQLProvider.generateDatabase(MySQLProvider.java:1)
--	at sqlancer.ProviderAdapter.generateAndTestDatabase(ProviderAdapter.java:52)
--	at sqlancer.Main$DBMSExecutor.run(Main.java:364)
--	at sqlancer.Main$2.run(Main.java:559)
--	at sqlancer.Main$2.runThread(Main.java:541)
--	at sqlancer.Main$2.run(Main.java:532)
--	at java.base/java.util.concurrent.ThreadPoolExecutor.runWorker(ThreadPoolExecutor.java:1128)
--	at java.base/java.util.concurrent.ThreadPoolExecutor$Worker.run(ThreadPoolExecutor.java:628)
--	at java.base/java.lang.Thread.run(Thread.java:829)
--Caused by: java.sql.SQLSyntaxErrorException: You have an error in your SQL syntax; check the manual that corresponds to your MySQL server version for the right syntax to use near '(NULL))' at line 1
--	at com.mysql.cj.jdbc.exceptions.SQLError.createSQLException(SQLError.java:120)
--	at com.mysql.cj.jdbc.exceptions.SQLExceptionsMapping.translateException(SQLExceptionsMapping.java:122)
--	at com.mysql.cj.jdbc.StatementImpl.executeInternal(StatementImpl.java:763)
--	at com.mysql.cj.jdbc.StatementImpl.execute(StatementImpl.java:648)
--	at sqlancer.common.query.SQLQueryAdapter.execute(SQLQueryAdapter.java:87)
--	... 13 more
---- Time: 2023/06/01 18:38:32
-- Database: database56
-- Database version: 8.0.11
-- seed value: 1685637011046
DROP DATABASE IF EXISTS database56;
CREATE DATABASE database56;
USE database56;
CREATE TABLE t0(c0 MEDIUMINT  STORAGE MEMORY NULL COMMENT 'asdf'  COLUMN_FORMAT FIXED) ;
SET SESSION show_create_table_verbosity = ON;
select TABLE_NAME, ENGINE from information_schema.TABLES where table_schema = 'database56';
DELETE QUICK IGNORE FROM t0 WHERE ((+ ((+ (t0.c0))))) != ((NOT ("BMd5")));
REPLACE INTO t0(c0) VALUES(NULL);
REPLACE DELAYED INTO t0(c0) VALUES(NULL);
INSERT IGNORE INTO t0(c0) VALUES(NULL);
INSERT INTO t0(c0) VALUES(-547496754), (NULL), (NULL);
INSERT DELAYED INTO t0(c0) VALUES(")	w%}A");
REPLACE INTO t0(c0) VALUES("");
REPLACE LOW_PRIORITY INTO t0(c0) VALUES(NULL);
REPLACE DELAYED INTO t0(c0) VALUES(NULL);
INSERT DELAYED INTO t0(c0) VALUES(NULL);
REPLACE INTO t0(c0) VALUES(NULL);
REPLACE LOW_PRIORITY INTO t0(c0) VALUES(NULL);
ALTER TABLE t0 ROW_FORMAT COMPACT, FORCE, DISABLE KEYS;
SET SESSION max_seeks_for_key = 2562812046321432363;
REPLACE DELAYED INTO t0(c0) VALUES(NULL);
ALTER TABLE t0 RENAME t0, CHECKSUM 0, STATS_AUTO_RECALC DEFAULT, FORCE, PACK_KEYS DEFAULT, STATS_PERSISTENT 0, DELAY_KEY_WRITE 0, INSERT_METHOD NO, ENABLE KEYS, ALGORITHM DEFAULT;
REPLACE DELAYED INTO t0(c0) VALUES(NULL);
REPLACE INTO t0(c0) VALUES('2l?M|?pV');
INSERT INTO t0(c0) VALUES(-1527679794);
REPLACE DELAYED INTO t0(c0) VALUES(NULL);
INSERT LOW_PRIORITY IGNORE INTO t0(c0) VALUES(1859793221);
REPLACE LOW_PRIORITY INTO t0(c0) VALUES(NULL);
