--java.lang.AssertionError: CREATE UNIQUE INDEX i0 ON t0(((! (((NULL) < (t0.c0)) AND ( EXISTS (SELECT 1 wHERE FALSE)))))) INVISIBLE;
--	at sqlancer.common.query.SQLQueryAdapter.checkException(SQLQueryAdapter.java:111)
--	at sqlancer.common.query.SQLQueryAdapter.execute(SQLQueryAdapter.java:93)
--	at sqlancer.Main$QueryManager.execute(Main.java:265)
--	at sqlancer.GlobalState.executeStatement(GlobalState.java:108)
--	at sqlancer.StatementExecutor.executeStatements(StatementExecutor.java:70)
--	at sqlancer.mysql.MySQLProvider.generateDatabase(MySQLProvider.java:152)
--	at sqlancer.mysql.MySQLProvider.generateDatabase(MySQLProvider.java:1)
--	at sqlancer.ProviderAdapter.generateAndTestDatabase(ProviderAdapter.java:52)
--	at sqlancer.Main$DBMSExecutor.run(Main.java:364)
--	at sqlancer.Main$2.run(Main.java:559)
--	at sqlancer.Main$2.runThread(Main.java:541)
--	at sqlancer.Main$2.run(Main.java:532)
--	at java.base/java.util.concurrent.ThreadPoolExecutor.runWorker(ThreadPoolExecutor.java:1128)
--	at java.base/java.util.concurrent.ThreadPoolExecutor$Worker.run(ThreadPoolExecutor.java:628)
--	at java.base/java.lang.Thread.run(Thread.java:829)
--Caused by: java.sql.SQLSyntaxErrorException: You have an error in your SQL syntax; check the manual that corresponds to your MySQL server version for the right syntax to use near '((! (((NULL) < (t0.c0)) AND ( EXISTS (SELECT 1 wHERE FALSE)))))) INVISIBLE' at line 1
--	at com.mysql.cj.jdbc.exceptions.SQLError.createSQLException(SQLError.java:120)
--	at com.mysql.cj.jdbc.exceptions.SQLExceptionsMapping.translateException(SQLExceptionsMapping.java:122)
--	at com.mysql.cj.jdbc.StatementImpl.executeInternal(StatementImpl.java:763)
--	at com.mysql.cj.jdbc.StatementImpl.execute(StatementImpl.java:648)
--	at sqlancer.common.query.SQLQueryAdapter.execute(SQLQueryAdapter.java:87)
--	... 13 more
---- Time: 2023/06/01 18:31:34
-- Database: database83
-- Database version: 8.0.11
-- seed value: 1685637011073
DROP DATABASE IF EXISTS database83;
CREATE DATABASE database83;
USE database83;
CREATE TABLE t0(c0 SMALLINT(177) ) ;
INSERT IGNORE INTO t0(c0) VALUES(NULL);
INSERT INTO t0(c0) VALUES("");
INSERT INTO t0(c0) VALUES(2076441199);
REPLACE INTO t0(c0) VALUES(-288872033);
INSERT IGNORE INTO t0(c0) VALUES(-425231248);
REPLACE INTO t0(c0) VALUES(-288872033), (''), ('');
INSERT INTO t0(c0) VALUES('jwmx 9ua#'), (""), (NULL);
INSERT INTO t0(c0) VALUES(NULL);
INSERT LOW_PRIORITY INTO t0(c0) VALUES(NULL);
SET SESSION old_alter_table = ON;
REPLACE DELAYED INTO t0(c0) VALUES(NULL);
INSERT IGNORE INTO t0(c0) VALUES("");
INSERT IGNORE INTO t0(c0) VALUES(""), ('jwmx 9ua#'), ('jwmx 9ua#');
INSERT IGNORE INTO t0(c0) VALUES(NULL);
