-- Time: 2023/06/01 18:30:17
-- Database: database51
-- Database version: 8.0.11
-- seed value: 1685637011041
DROP DATABASE IF EXISTS database51;
CREATE DATABASE database51;
USE database51;
CREATE TABLE t0(c0 TINYINT ) ; -- 54ms;
INSERT INTO t0(c0) VALUES(NULL); -- 9ms;
select TABLE_NAME, ENGINE from information_schema.TABLES where table_schema = 'database51'; -- 5ms;
REPLACE LOW_PRIORITY INTO t0(c0) VALUES(1838591809); -- 1ms;
INSERT HIGH_PRIORITY INTO t0(c0) VALUES('1838591809'); -- 0ms;
REPLACE LOW_PRIORITY INTO t0(c0) VALUES(1838591809); -- 0ms;
INSERT DELAYED INTO t0(c0) VALUES("[b,c??"); -- 1ms;
REPLACE LOW_PRIORITY INTO t0(c0) VALUES(1838591809), (437802877), ("1838591809"); -- 0ms;
REPLACE LOW_PRIORITY INTO t0(c0) VALUES("]"); -- 0ms;
REPLACE LOW_PRIORITY INTO t0(c0) VALUES(NULL); -- 11ms;
CREATE UNIQUE INDEX i0 USING BTREE ON t0(c0 DESC) ALGORITHM INPLACE; -- 99ms;
REPLACE INTO t0(c0) VALUES("1838591809"); -- 2ms;
INSERT IGNORE INTO t0(c0) VALUES(437802877), (1071602357), (NULL); -- 34ms;
INSERT HIGH_PRIORITY IGNORE INTO t0(c0) VALUES(1838591809); -- 4ms;
CREATE UNIQUE INDEX i14 USING BTREE ON t0((IF((t0.c0) || (t0.c0), " ?Y?ax,?.",  EXISTS (SELECT 1)))) VISIBLE;