--java.lang.AssertionError: ALTER TABLE t1 STATS_PERSISTENT 0, DELAY_KEY_WRITE 0, ROW_FORMAT REDUNDANT, CHECKSUM 1, FORCE, RENAME AS t0, COMPRESSION 'LZ4', INSERT_METHOD FIRST, STATS_AUTO_RECALC 1, ALGORITHM INSTANT, ENABLE KEYS;
--	at sqlancer.common.query.SQLQueryAdapter.checkException(SQLQueryAdapter.java:111)
--	at sqlancer.common.query.SQLQueryAdapter.execute(SQLQueryAdapter.java:93)
--	at sqlancer.Main$QueryManager.execute(Main.java:265)
--	at sqlancer.GlobalState.executeStatement(GlobalState.java:108)
--	at sqlancer.StatementExecutor.executeStatements(StatementExecutor.java:70)
--	at sqlancer.mysql.MySQLProvider.generateDatabase(MySQLProvider.java:152)
--	at sqlancer.mysql.MySQLProvider.generateDatabase(MySQLProvider.java:1)
--	at sqlancer.ProviderAdapter.generateAndTestDatabase(ProviderAdapter.java:52)
--	at sqlancer.Main$DBMSExecutor.run(Main.java:364)
--	at sqlancer.Main$2.run(Main.java:559)
--	at sqlancer.Main$2.runThread(Main.java:541)
--	at sqlancer.Main$2.run(Main.java:532)
--	at java.base/java.util.concurrent.ThreadPoolExecutor.runWorker(ThreadPoolExecutor.java:1128)
--	at java.base/java.util.concurrent.ThreadPoolExecutor$Worker.run(ThreadPoolExecutor.java:628)
--	at java.base/java.lang.Thread.run(Thread.java:829)
--Caused by: java.sql.SQLException: Unknown ALGORITHM 'INSTANT'
--	at com.mysql.cj.jdbc.exceptions.SQLError.createSQLException(SQLError.java:129)
--	at com.mysql.cj.jdbc.exceptions.SQLExceptionsMapping.translateException(SQLExceptionsMapping.java:122)
--	at com.mysql.cj.jdbc.StatementImpl.executeInternal(StatementImpl.java:763)
--	at com.mysql.cj.jdbc.StatementImpl.execute(StatementImpl.java:648)
--	at sqlancer.common.query.SQLQueryAdapter.execute(SQLQueryAdapter.java:87)
--	... 13 more
---- Time: 2023/06/01 18:30:17
-- Database: database47
-- Database version: 8.0.11
-- seed value: 1685637011037
DROP DATABASE IF EXISTS database47;
CREATE DATABASE database47;
USE database47;
CREATE TABLE IF NOT EXISTS t0(c0 MEDIUMINT(157)  PRIMARY KEY STORAGE DISK COLUMN_FORMAT DYNAMIC) ;
CREATE TABLE IF NOT EXISTS t1 LIKE t0;
CREATE TABLE IF NOT EXISTS t2(c0 TINYINT(174)  UNIQUE KEY PRIMARY KEY) ;
REPLACE INTO t1(c0) VALUES(72500757);
INSERT HIGH_PRIORITY IGNORE INTO t1(c0) VALUES('');
INSERT HIGH_PRIORITY INTO t2(c0) VALUES(-2131664629);
INSERT INTO t2(c0) VALUES("eQwa");
INSERT INTO t1(c0) VALUES("YGAK");
INSERT DELAYED IGNORE INTO t1(c0) VALUES(-1895451510);
CHECKSUM TABLE t1, t0, t2 EXTENDED;
DELETE QUICK IGNORE FROM t1 WHERE CAST( EXISTS (SELECT 1) AS SIGNED);
INSERT IGNORE INTO t1(c0) VALUES(-1832914643);
REPLACE INTO t2(c0) VALUES('-2131664629');
INSERT HIGH_PRIORITY IGNORE INTO t0(c0) VALUES(-874763589), (-874763589), (NULL);
REPLACE DELAYED INTO t1(c0) VALUES("");
REPLACE INTO t2(c0) VALUES('72500757');
INSERT HIGH_PRIORITY IGNORE INTO t2(c0) VALUES('-1895451510'), (-160556294), ("");
select TABLE_NAME, ENGINE from information_schema.TABLES where table_schema = 'database47';
INSERT LOW_PRIORITY INTO t2(c0) VALUES(-625820476), (NULL), (NULL);
REPLACE DELAYED INTO t1(c0) VALUES(NULL);
INSERT LOW_PRIORITY INTO t2(c0) VALUES(-329748897);
INSERT LOW_PRIORITY INTO t1(c0) VALUES('IcaCW*zc?');
REPLACE INTO t0(c0) VALUES("IcaCW*zc?");
INSERT LOW_PRIORITY IGNORE INTO t1(c0) VALUES(NULL);
INSERT LOW_PRIORITY INTO t2(c0) VALUES(NULL);
REPLACE DELAYED INTO t1(c0) VALUES(1495208800);
INSERT LOW_PRIORITY IGNORE INTO t0(c0) VALUES(-533107151);
SET SESSION big_tables = ON;
REPLACE INTO t2(c0) VALUES(NULL);
REPLACE LOW_PRIORITY INTO t1(c0) VALUES("");
REPLACE LOW_PRIORITY INTO t1(c0) VALUES('');
REPLACE DELAYED INTO t0(c0) VALUES("-1832914643");
REPLACE LOW_PRIORITY INTO t2(c0) VALUES('4%');
INSERT INTO t1(c0) VALUES(NULL);
INSERT INTO t2(c0) VALUES(-1611520766);
REPLACE INTO t2(c0) VALUES(211047746), (621688358), (NULL), (NULL), (NULL);
INSERT HIGH_PRIORITY INTO t2(c0) VALUES(-208535864), (NULL), ("");
INSERT INTO t1(c0) VALUES(-1373205416);
REPLACE INTO t0(c0) VALUES("1312863513");
INSERT INTO t0(c0) VALUES(1495208800);
REPLACE INTO t2(c0) VALUES(621688358);
INSERT IGNORE INTO t1(c0) VALUES(-735503382);
INSERT IGNORE INTO t2(c0) VALUES(-533107151);
INSERT IGNORE INTO t2(c0) VALUES(-743373657);
select TABLE_NAME, ENGINE from information_schema.TABLES where table_schema = 'database47';
CREATE INDEX i0 USING BTREE ON t0(c0 DESC) ALGORITHM INPLACE;
DELETE QUICK FROM t0;
REPLACE LOW_PRIORITY INTO t2(c0) VALUES(-597081963);
INSERT LOW_PRIORITY INTO t0(c0) VALUES("");
INSERT IGNORE INTO t2(c0) VALUES(NULL);
INSERT IGNORE INTO t1(c0) VALUES('TRUE');
SET SESSION preload_buffer_size = 110615318;
select TABLE_NAME, ENGINE from information_schema.TABLES where table_schema = 'database47';
REPLACE DELAYED INTO t1(c0) VALUES('p|?,%wjp?');
INSERT INTO t1(c0) VALUES(NULL);
REPLACE LOW_PRIORITY INTO t1(c0) VALUES('');
INSERT INTO t2(c0) VALUES("-1832914643");
INSERT HIGH_PRIORITY IGNORE INTO t2(c0) VALUES(-597081963);
INSERT IGNORE INTO t0(c0) VALUES(NULL);
INSERT IGNORE INTO t2(c0) VALUES(",??RpFt^?");
INSERT LOW_PRIORITY IGNORE INTO t2(c0) VALUES(NULL);
SET SESSION max_sort_length = 2311054;
REPLACE INTO t1(c0) VALUES(NULL);
INSERT INTO t1(c0) VALUES(884884026);
REPLACE INTO t2(c0) VALUES(NULL);
REPLACE INTO t0(c0) VALUES("");
INSERT DELAYED INTO t1(c0) VALUES(-1914428978);
REPLACE DELAYED INTO t1(c0) VALUES('1312863513');
INSERT LOW_PRIORITY IGNORE INTO t1(c0) VALUES(-533107151);
REPLACE DELAYED INTO t2(c0) VALUES(-2131664629);
REPLACE INTO t2(c0) VALUES(-1817018491);
INSERT DELAYED INTO t0(c0) VALUES(NULL), (""), (NULL);
REPLACE INTO t2(c0) VALUES("v?O-uc75Q");
REPLACE INTO t0(c0) VALUES(-818055905);
REPLACE INTO t0(c0) VALUES(NULL), (-735503382), (-2029164671), ('-597081963'), ('G');
REPLACE INTO t2(c0) VALUES(284478655);
REPLACE LOW_PRIORITY INTO t0(c0) VALUES(-735503382);
INSERT INTO t2(c0) VALUES('211047746');
REPLACE INTO t1(c0) VALUES(-874763589);
INSERT INTO t1(c0) VALUES(""), (''), ('');
INSERT INTO t0(c0) VALUES(-923789456), (""), (NULL);
REPLACE INTO t2(c0) VALUES(NULL);
INSERT DELAYED IGNORE INTO t0(c0) VALUES(1954771700), (-1324121534), (NULL), (-329748897), ("6(?G)");
DELETE IGNORE FROM t0;
select TABLE_NAME, ENGINE from information_schema.TABLES where table_schema = 'database47';
REPLACE INTO t2(c0) VALUES(-533107151);
INSERT INTO t2(c0) VALUES("txo");
INSERT IGNORE INTO t2(c0) VALUES(NULL), (NULL), (1954771700);
INSERT IGNORE INTO t1(c0) VALUES("-2029164671");
INSERT IGNORE INTO t2(c0) VALUES('?c_O');
ALTER TABLE t2 FORCE, ROW_FORMAT FIXED;
