-- Time: 2023/06/01 18:30:11
-- Database: database13
-- Database version: 8.0.11
-- seed value: 1685637011001
DROP DATABASE IF EXISTS database13;
CREATE DATABASE database13;
USE database13;
CREATE TABLE IF NOT EXISTS t0(c0 MEDIUMTEXT ) ; -- 73ms;
INSERT INTO t0(c0) VALUES("?+"); -- 25ms;
REPLACE INTO t0(c0) VALUES(923625245); -- 33ms;
INSERT IGNORE INTO t0(c0) VALUES(NULL); -- 11ms;
REPLACE LOW_PRIORITY INTO t0(c0) VALUES(''); -- 6ms;
ALTER TABLE t0 INSERT_METHOD LAST, ALGORITHM DEFAULT, RENAME t0; -- 148ms;
REPLACE LOW_PRIORITY INTO t0(c0) VALUES(923625245); -- 8ms;
INSERT HIGH_PRIORITY IGNORE INTO t0(c0) VALUES(NULL), ('923625245'), (568877347); -- 9ms;
select TABLE_NAME, ENGINE from information_schema.TABLES where table_schema = 'database13'; -- 2ms;
INSERT IGNORE INTO t0(c0) VALUES('568877347'); -- 8ms;
INSERT DELAYED INTO t0(c0) VALUES(-567263743); -- 8ms;
SET SESSION read_rnd_buffer_size = 1457676763; -- 0ms;
REPLACE DELAYED INTO t0(c0) VALUES(NULL); -- 7ms;
INSERT HIGH_PRIORITY INTO t0(c0) VALUES(221737752); -- 12ms;
INSERT HIGH_PRIORITY INTO t0(c0) VALUES(""), (NULL), (NULL); -- 10ms;
SET SESSION sql_buffer_result = OFF; -- 0ms;
REPLACE DELAYED INTO t0(c0) VALUES('1621334253'); -- 11ms;
CREATE INDEX i0 ON t0((CAST(IFNULL(t0.c0, '?+') AS SIGNED))) INVISIBLE ALGORITHM COPY;