--java.lang.AssertionError: CREATE INDEX i0 ON t0((t0.c0));
--	at sqlancer.common.query.SQLQueryAdapter.checkException(SQLQueryAdapter.java:111)
--	at sqlancer.common.query.SQLQueryAdapter.execute(SQLQueryAdapter.java:93)
--	at sqlancer.Main$QueryManager.execute(Main.java:265)
--	at sqlancer.GlobalState.executeStatement(GlobalState.java:108)
--	at sqlancer.StatementExecutor.executeStatements(StatementExecutor.java:70)
--	at sqlancer.mysql.MySQLProvider.generateDatabase(MySQLProvider.java:152)
--	at sqlancer.mysql.MySQLProvider.generateDatabase(MySQLProvider.java:1)
--	at sqlancer.ProviderAdapter.generateAndTestDatabase(ProviderAdapter.java:52)
--	at sqlancer.Main$DBMSExecutor.run(Main.java:364)
--	at sqlancer.Main$2.run(Main.java:559)
--	at sqlancer.Main$2.runThread(Main.java:541)
--	at sqlancer.Main$2.run(Main.java:532)
--	at java.base/java.util.concurrent.ThreadPoolExecutor.runWorker(ThreadPoolExecutor.java:1128)
--	at java.base/java.util.concurrent.ThreadPoolExecutor$Worker.run(ThreadPoolExecutor.java:628)
--	at java.base/java.lang.Thread.run(Thread.java:829)
--Caused by: java.sql.SQLSyntaxErrorException: You have an error in your SQL syntax; check the manual that corresponds to your MySQL server version for the right syntax to use near '(t0.c0))' at line 1
--	at com.mysql.cj.jdbc.exceptions.SQLError.createSQLException(SQLError.java:120)
--	at com.mysql.cj.jdbc.exceptions.SQLExceptionsMapping.translateException(SQLExceptionsMapping.java:122)
--	at com.mysql.cj.jdbc.StatementImpl.executeInternal(StatementImpl.java:763)
--	at com.mysql.cj.jdbc.StatementImpl.execute(StatementImpl.java:648)
--	at sqlancer.common.query.SQLQueryAdapter.execute(SQLQueryAdapter.java:87)
--	... 13 more
---- Time: 2023/06/01 18:31:50
-- Database: database15
-- Database version: 8.0.11
-- seed value: 1685637011004
DROP DATABASE IF EXISTS database15;
CREATE DATABASE database15;
USE database15;
CREATE TABLE IF NOT EXISTS t0(c0 INT(81)  UNIQUE STORAGE DISK) ;
SET SESSION read_buffer_size = 1534088705;
DROP INDEX c0 ON t0;
SET SESSION optimizer_switch = 'engine_condition_pushdown=on,materialization=on,duplicateweedout=on,subquery_materialization_cost_based=off,semijoin=on,index_merge_union=off,derived_merge=on,index_merge=on,block_nested_loop=on,index_merge_intersection=off,firstmatch=on,batched_key_access=off,condition_fanout_filter=off,index_merge_sort_union=on,use_index_extensions=on,use_invisible_indexes=on';
INSERT IGNORE INTO t0(c0) VALUES(NULL), (660719978), (NULL);
INSERT DELAYED IGNORE INTO t0(c0) VALUES(2004305991);
DELETE FROM t0;
CHECKSUM TABLE t0 EXTENDED;
ANALYZE  TABLE t0;
CHECK TABLE t0 MEDIUM CHANGED;
