--java.lang.AssertionError: CREATE INDEX i0 USING HASH ON t0(((+ ((! ((+ (t0.c0)))))))) ALGORITHM= INPLACE;
--	at sqlancer.common.query.SQLQueryAdapter.checkException(SQLQueryAdapter.java:111)
--	at sqlancer.common.query.SQLQueryAdapter.execute(SQLQueryAdapter.java:93)
--	at sqlancer.Main$QueryManager.execute(Main.java:265)
--	at sqlancer.GlobalState.executeStatement(GlobalState.java:108)
--	at sqlancer.StatementExecutor.executeStatements(StatementExecutor.java:70)
--	at sqlancer.mysql.MySQLProvider.generateDatabase(MySQLProvider.java:152)
--	at sqlancer.mysql.MySQLProvider.generateDatabase(MySQLProvider.java:1)
--	at sqlancer.ProviderAdapter.generateAndTestDatabase(ProviderAdapter.java:52)
--	at sqlancer.Main$DBMSExecutor.run(Main.java:364)
--	at sqlancer.Main$2.run(Main.java:559)
--	at sqlancer.Main$2.runThread(Main.java:541)
--	at sqlancer.Main$2.run(Main.java:532)
--	at java.base/java.util.concurrent.ThreadPoolExecutor.runWorker(ThreadPoolExecutor.java:1128)
--	at java.base/java.util.concurrent.ThreadPoolExecutor$Worker.run(ThreadPoolExecutor.java:628)
--	at java.base/java.lang.Thread.run(Thread.java:829)
--Caused by: java.sql.SQLSyntaxErrorException: You have an error in your SQL syntax; check the manual that corresponds to your MySQL server version for the right syntax to use near '((+ ((! ((+ (t0.c0)))))))) ALGORITHM= INPLACE' at line 1
--	at com.mysql.cj.jdbc.exceptions.SQLError.createSQLException(SQLError.java:120)
--	at com.mysql.cj.jdbc.exceptions.SQLExceptionsMapping.translateException(SQLExceptionsMapping.java:122)
--	at com.mysql.cj.jdbc.StatementImpl.executeInternal(StatementImpl.java:763)
--	at com.mysql.cj.jdbc.StatementImpl.execute(StatementImpl.java:648)
--	at sqlancer.common.query.SQLQueryAdapter.execute(SQLQueryAdapter.java:87)
--	... 13 more
---- Time: 2023/06/01 18:30:11
-- Database: database1
-- Database version: 8.0.11
-- seed value: 1685637010974
DROP DATABASE IF EXISTS database1;
CREATE DATABASE database1;
USE database1;
CREATE TABLE t0(c0 VARCHAR(500) ) CHECKSUM = 1, AVG_ROW_LENGTH = 1932204278, AUTO_INCREMENT = 819476575666978553, MAX_ROWS = 4450366855759199253;
CREATE TABLE t1 LIKE t0;
select TABLE_NAME, ENGINE from information_schema.TABLES where table_schema = 'database1';
REPLACE INTO t1(c0) VALUES('819476575666978553');
INSERT INTO t0(c0) VALUES(NULL), (NULL), (838048922), (''), (NULL);
REPLACE INTO t1(c0) VALUES(838048922);
DELETE LOW_PRIORITY FROM t0;
DELETE LOW_PRIORITY FROM t0;
REPLACE LOW_PRIORITY INTO t1(c0) VALUES(NULL);
INSERT HIGH_PRIORITY INTO t0(c0) VALUES(NULL);
SET SESSION big_tables = ON;
INSERT INTO t0(c0) VALUES(156620991), (NULL), ("zw}");
INSERT IGNORE INTO t0(c0) VALUES(NULL), ('819476575666978553'), (183708250);
INSERT DELAYED INTO t1(c0) VALUES('');
select TABLE_NAME, ENGINE from information_schema.TABLES where table_schema = 'database1';
select TABLE_NAME, ENGINE from information_schema.TABLES where table_schema = 'database1';
