--java.lang.AssertionError: CREATE INDEX i1 USING HASH ON t0(( EXISTS (SELECT 1)));
--	at sqlancer.common.query.SQLQueryAdapter.checkException(SQLQueryAdapter.java:111)
--	at sqlancer.common.query.SQLQueryAdapter.execute(SQLQueryAdapter.java:93)
--	at sqlancer.Main$QueryManager.execute(Main.java:265)
--	at sqlancer.GlobalState.executeStatement(GlobalState.java:108)
--	at sqlancer.StatementExecutor.executeStatements(StatementExecutor.java:70)
--	at sqlancer.mysql.MySQLProvider.generateDatabase(MySQLProvider.java:152)
--	at sqlancer.mysql.MySQLProvider.generateDatabase(MySQLProvider.java:1)
--	at sqlancer.ProviderAdapter.generateAndTestDatabase(ProviderAdapter.java:52)
--	at sqlancer.Main$DBMSExecutor.run(Main.java:364)
--	at sqlancer.Main$2.run(Main.java:559)
--	at sqlancer.Main$2.runThread(Main.java:541)
--	at sqlancer.Main$2.run(Main.java:532)
--	at java.base/java.util.concurrent.ThreadPoolExecutor.runWorker(ThreadPoolExecutor.java:1128)
--	at java.base/java.util.concurrent.ThreadPoolExecutor$Worker.run(ThreadPoolExecutor.java:628)
--	at java.base/java.lang.Thread.run(Thread.java:829)
--Caused by: java.sql.SQLSyntaxErrorException: You have an error in your SQL syntax; check the manual that corresponds to your MySQL server version for the right syntax to use near '( EXISTS (SELECT 1)))' at line 1
--	at com.mysql.cj.jdbc.exceptions.SQLError.createSQLException(SQLError.java:120)
--	at com.mysql.cj.jdbc.exceptions.SQLExceptionsMapping.translateException(SQLExceptionsMapping.java:122)
--	at com.mysql.cj.jdbc.StatementImpl.executeInternal(StatementImpl.java:763)
--	at com.mysql.cj.jdbc.StatementImpl.execute(StatementImpl.java:648)
--	at sqlancer.common.query.SQLQueryAdapter.execute(SQLQueryAdapter.java:87)
--	... 13 more
---- Time: 2023/06/01 18:31:31
-- Database: database78
-- Database version: 8.0.11
-- seed value: 1685637011068
DROP DATABASE IF EXISTS database78;
CREATE DATABASE database78;
USE database78;
CREATE TABLE t0(c0 MEDIUMINT  NULL) ;
CHECKSUM TABLE t0 EXTENDED;
INSERT LOW_PRIORITY IGNORE INTO t0(c0) VALUES("%'?Y?vo");
INSERT HIGH_PRIORITY IGNORE INTO t0(c0) VALUES(NULL);
select TABLE_NAME, ENGINE from information_schema.TABLES where table_schema = 'database78';
DELETE LOW_PRIORITY IGNORE FROM t0 WHERE IFNULL( EXISTS (SELECT 1),  EXISTS (SELECT 1 wHERE FALSE));
DELETE QUICK FROM t0;
DELETE FROM t0 WHERE NULL;
SET SESSION max_length_for_sort_data = 4382901;
REPLACE DELAYED INTO t0(c0) VALUES(NULL), ("%'?y?vo"), (-1);
INSERT HIGH_PRIORITY IGNORE INTO t0(c0) VALUES('%''?Y?vo');
CREATE INDEX i0 ON t0(c0 ASC);
ANALYZE  TABLE t0;
INSERT HIGH_PRIORITY INTO t0(c0) VALUES(NULL);
DELETE IGNORE FROM t0 WHERE CAST(COALESCE(t0.c0, t0.c0, "", t0.c0, t0.c0, t0.c0) AS SIGNED);
DELETE QUICK IGNORE FROM t0 WHERE CAST(t0.c0 AS SIGNED);
DELETE IGNORE FROM t0 WHERE CAST((("-1125199422") OR (NULL)) = (IFNULL(t0.c0, -1173216920)) AS SIGNED);
INSERT HIGH_PRIORITY INTO t0(c0) VALUES(NULL);
CREATE INDEX i1 USING HASH ON t0(c0 ASC);
