-- Time: 2023/06/01 18:30:11
-- Database: database1
-- Database version: 8.0.11
-- seed value: 1685637010974
DROP DATABASE IF EXISTS database1;
CREATE DATABASE database1;
USE database1;
CREATE TABLE t0(c0 VARCHAR(500) ) CHECKSUM = 1, AVG_ROW_LENGTH = 1932204278, AUTO_INCREMENT = 819476575666978553, MAX_ROWS = 4450366855759199253; -- 90ms;
CREATE TABLE t1 LIKE t0; -- 57ms;
select TABLE_NAME, ENGINE from information_schema.TABLES where table_schema = 'database1'; -- 4ms;
REPLACE INTO t1(c0) VALUES('819476575666978553'); -- 6ms;
INSERT INTO t0(c0) VALUES(NULL), (NULL), (838048922), (''), (NULL); -- 10ms;
REPLACE INTO t1(c0) VALUES(838048922); -- 11ms;
DELETE LOW_PRIORITY FROM t0; -- 11ms;
DELETE LOW_PRIORITY FROM t0; -- 0ms;
REPLACE LOW_PRIORITY INTO t1(c0) VALUES(NULL); -- 9ms;
INSERT HIGH_PRIORITY INTO t0(c0) VALUES(NULL); -- 8ms;
SET SESSION big_tables = ON; -- 1ms;
INSERT INTO t0(c0) VALUES(156620991), (NULL), ("zw}"); -- 9ms;
INSERT IGNORE INTO t0(c0) VALUES(NULL), ('819476575666978553'), (183708250); -- 8ms;
INSERT DELAYED INTO t1(c0) VALUES(''); -- 6ms;
select TABLE_NAME, ENGINE from information_schema.TABLES where table_schema = 'database1'; -- 2ms;
select TABLE_NAME, ENGINE from information_schema.TABLES where table_schema = 'database1'; -- 2ms;
CREATE INDEX i0 USING HASH ON t0(((+ ((! ((+ (t0.c0)))))))) ALGORITHM= INPLACE;