--java.lang.AssertionError: CREATE UNIQUE INDEX i0 ON t0((IFNULL(NULL, (t0.c1) || (NULL)))) ALGORITHM= COPY;
--	at sqlancer.common.query.SQLQueryAdapter.checkException(SQLQueryAdapter.java:111)
--	at sqlancer.common.query.SQLQueryAdapter.execute(SQLQueryAdapter.java:93)
--	at sqlancer.Main$QueryManager.execute(Main.java:265)
--	at sqlancer.GlobalState.executeStatement(GlobalState.java:108)
--	at sqlancer.StatementExecutor.executeStatements(StatementExecutor.java:70)
--	at sqlancer.mysql.MySQLProvider.generateDatabase(MySQLProvider.java:152)
--	at sqlancer.mysql.MySQLProvider.generateDatabase(MySQLProvider.java:1)
--	at sqlancer.ProviderAdapter.generateAndTestDatabase(ProviderAdapter.java:52)
--	at sqlancer.Main$DBMSExecutor.run(Main.java:364)
--	at sqlancer.Main$2.run(Main.java:559)
--	at sqlancer.Main$2.runThread(Main.java:541)
--	at sqlancer.Main$2.run(Main.java:532)
--	at java.base/java.util.concurrent.ThreadPoolExecutor.runWorker(ThreadPoolExecutor.java:1128)
--	at java.base/java.util.concurrent.ThreadPoolExecutor$Worker.run(ThreadPoolExecutor.java:628)
--	at java.base/java.lang.Thread.run(Thread.java:829)
--Caused by: java.sql.SQLSyntaxErrorException: You have an error in your SQL syntax; check the manual that corresponds to your MySQL server version for the right syntax to use near '(IFNULL(NULL, (t0.c1) || (NULL)))) ALGORITHM= COPY' at line 1
--	at com.mysql.cj.jdbc.exceptions.SQLError.createSQLException(SQLError.java:120)
--	at com.mysql.cj.jdbc.exceptions.SQLExceptionsMapping.translateException(SQLExceptionsMapping.java:122)
--	at com.mysql.cj.jdbc.StatementImpl.executeInternal(StatementImpl.java:763)
--	at com.mysql.cj.jdbc.StatementImpl.execute(StatementImpl.java:648)
--	at sqlancer.common.query.SQLQueryAdapter.execute(SQLQueryAdapter.java:87)
--	... 13 more
---- Time: 2023/06/01 18:37:12
-- Database: database89
-- Database version: 8.0.11
-- seed value: 1685637011079
DROP DATABASE IF EXISTS database89;
CREATE DATABASE database89;
USE database89;
CREATE TABLE t0(c0 MEDIUMTEXT  COLUMN_FORMAT DEFAULT STORAGE DISK NULL COMMENT 'asdf' , c1 TINYTEXT  COLUMN_FORMAT FIXED) STATS_PERSISTENT = DEFAULT, AUTO_INCREMENT = 220796330557906984;
REPLACE DELAYED INTO t0(c1, c0) VALUES(1753325452, "");
INSERT HIGH_PRIORITY INTO t0(c0, c1) VALUES(1408676329, NULL);
INSERT DELAYED IGNORE INTO t0(c0, c1) VALUES(NULL, -1406782422);
SET SESSION sql_log_off = ON;
select TABLE_NAME, ENGINE from information_schema.TABLES where table_schema = 'database89';
INSERT LOW_PRIORITY INTO t0(c0) VALUES(1682116898);
