--java.lang.AssertionError: CREATE UNIQUE INDEX i0 USING HASH ON t0((NULL)) ALGORITHM= DEFAULT;
--	at sqlancer.common.query.SQLQueryAdapter.checkException(SQLQueryAdapter.java:111)
--	at sqlancer.common.query.SQLQueryAdapter.execute(SQLQueryAdapter.java:93)
--	at sqlancer.Main$QueryManager.execute(Main.java:265)
--	at sqlancer.GlobalState.executeStatement(GlobalState.java:108)
--	at sqlancer.StatementExecutor.executeStatements(StatementExecutor.java:70)
--	at sqlancer.mysql.MySQLProvider.generateDatabase(MySQLProvider.java:152)
--	at sqlancer.mysql.MySQLProvider.generateDatabase(MySQLProvider.java:1)
--	at sqlancer.ProviderAdapter.generateAndTestDatabase(ProviderAdapter.java:52)
--	at sqlancer.Main$DBMSExecutor.run(Main.java:364)
--	at sqlancer.Main$2.run(Main.java:559)
--	at sqlancer.Main$2.runThread(Main.java:541)
--	at sqlancer.Main$2.run(Main.java:532)
--	at java.base/java.util.concurrent.ThreadPoolExecutor.runWorker(ThreadPoolExecutor.java:1128)
--	at java.base/java.util.concurrent.ThreadPoolExecutor$Worker.run(ThreadPoolExecutor.java:628)
--	at java.base/java.lang.Thread.run(Thread.java:829)
--Caused by: java.sql.SQLSyntaxErrorException: You have an error in your SQL syntax; check the manual that corresponds to your MySQL server version for the right syntax to use near '(NULL)) ALGORITHM= DEFAULT' at line 1
--	at com.mysql.cj.jdbc.exceptions.SQLError.createSQLException(SQLError.java:120)
--	at com.mysql.cj.jdbc.exceptions.SQLExceptionsMapping.translateException(SQLExceptionsMapping.java:122)
--	at com.mysql.cj.jdbc.StatementImpl.executeInternal(StatementImpl.java:763)
--	at com.mysql.cj.jdbc.StatementImpl.execute(StatementImpl.java:648)
--	at sqlancer.common.query.SQLQueryAdapter.execute(SQLQueryAdapter.java:87)
--	... 13 more
---- Time: 2023/06/01 18:30:15
-- Database: database43
-- Database version: 8.0.11
-- seed value: 1685637011033
DROP DATABASE IF EXISTS database43;
CREATE DATABASE database43;
USE database43;
CREATE TABLE IF NOT EXISTS t0(c0 INT  STORAGE MEMORY NULL, c1 MEDIUMINT(191)  COMMENT 'asdf' , c2 MEDIUMINT(254)   COMMENT 'asdf'  STORAGE MEMORY  COLUMN_FORMAT DYNAMIC) KEY_BLOCK_SIZE = 49958, DELAY_KEY_WRITE = 0;
CREATE TABLE IF NOT EXISTS t0(c0 INT(91)  NULL STORAGE DISK  COLUMN_FORMAT DYNAMIC UNIQUE KEY) ;
INSERT IGNORE INTO t0(c0) VALUES("n1g-,tx/");
INSERT INTO t0(c0) VALUES("n1g-,tx/");
REPLACE INTO t0(c0) VALUES("n1g-,tx/");
INSERT INTO t0(c0) VALUES(94862301);
