--java.lang.AssertionError: ALTER TABLE t1 DELAY_KEY_WRITE 0, INSERT_METHOD FIRST, ALGORITHM INSTANT, STATS_AUTO_RECALC DEFAULT;
--	at sqlancer.common.query.SQLQueryAdapter.checkException(SQLQueryAdapter.java:111)
--	at sqlancer.common.query.SQLQueryAdapter.execute(SQLQueryAdapter.java:93)
--	at sqlancer.Main$QueryManager.execute(Main.java:265)
--	at sqlancer.GlobalState.executeStatement(GlobalState.java:108)
--	at sqlancer.StatementExecutor.executeStatements(StatementExecutor.java:70)
--	at sqlancer.mysql.MySQLProvider.generateDatabase(MySQLProvider.java:152)
--	at sqlancer.mysql.MySQLProvider.generateDatabase(MySQLProvider.java:1)
--	at sqlancer.ProviderAdapter.generateAndTestDatabase(ProviderAdapter.java:52)
--	at sqlancer.Main$DBMSExecutor.run(Main.java:364)
--	at sqlancer.Main$2.run(Main.java:559)
--	at sqlancer.Main$2.runThread(Main.java:541)
--	at sqlancer.Main$2.run(Main.java:532)
--	at java.base/java.util.concurrent.ThreadPoolExecutor.runWorker(ThreadPoolExecutor.java:1128)
--	at java.base/java.util.concurrent.ThreadPoolExecutor$Worker.run(ThreadPoolExecutor.java:628)
--	at java.base/java.lang.Thread.run(Thread.java:829)
--Caused by: java.sql.SQLException: Unknown ALGORITHM 'INSTANT'
--	at com.mysql.cj.jdbc.exceptions.SQLError.createSQLException(SQLError.java:129)
--	at com.mysql.cj.jdbc.exceptions.SQLExceptionsMapping.translateException(SQLExceptionsMapping.java:122)
--	at com.mysql.cj.jdbc.StatementImpl.executeInternal(StatementImpl.java:763)
--	at com.mysql.cj.jdbc.StatementImpl.execute(StatementImpl.java:648)
--	at sqlancer.common.query.SQLQueryAdapter.execute(SQLQueryAdapter.java:87)
--	... 13 more
---- Time: 2023/06/01 18:31:39
-- Database: database23
-- Database version: 8.0.11
-- seed value: 1685637011013
DROP DATABASE IF EXISTS database23;
CREATE DATABASE database23;
USE database23;
CREATE TABLE IF NOT EXISTS t0(c0 VARCHAR(500)  COMMENT 'asdf'  COLUMN_FORMAT DYNAMIC) ;
CREATE TABLE t1 LIKE t0;
CREATE TABLE IF NOT EXISTS t2(c0 TEXT  NULL COMMENT 'asdf'  COLUMN_FORMAT DYNAMIC STORAGE DISK) ;
select TABLE_NAME, ENGINE from information_schema.TABLES where table_schema = 'database23';
SET SESSION sql_log_off = ON;
TRUNCATE TABLE t1;
DELETE LOW_PRIORITY FROM t2;
DELETE IGNORE FROM t0;
