--java.lang.AssertionError: CREATE UNIQUE INDEX i0 ON t0(((IFNULL(t0.c0, "??HO?vJ")) IS FALSE)) ALGORITHM= DEFAULT;
--	at sqlancer.common.query.SQLQueryAdapter.checkException(SQLQueryAdapter.java:111)
--	at sqlancer.common.query.SQLQueryAdapter.execute(SQLQueryAdapter.java:93)
--	at sqlancer.Main$QueryManager.execute(Main.java:265)
--	at sqlancer.GlobalState.executeStatement(GlobalState.java:108)
--	at sqlancer.StatementExecutor.executeStatements(StatementExecutor.java:70)
--	at sqlancer.mysql.MySQLProvider.generateDatabase(MySQLProvider.java:152)
--	at sqlancer.mysql.MySQLProvider.generateDatabase(MySQLProvider.java:1)
--	at sqlancer.ProviderAdapter.generateAndTestDatabase(ProviderAdapter.java:52)
--	at sqlancer.Main$DBMSExecutor.run(Main.java:364)
--	at sqlancer.Main$2.run(Main.java:559)
--	at sqlancer.Main$2.runThread(Main.java:541)
--	at sqlancer.Main$2.run(Main.java:532)
--	at java.base/java.util.concurrent.ThreadPoolExecutor.runWorker(ThreadPoolExecutor.java:1128)
--	at java.base/java.util.concurrent.ThreadPoolExecutor$Worker.run(ThreadPoolExecutor.java:628)
--	at java.base/java.lang.Thread.run(Thread.java:829)
--Caused by: java.sql.SQLSyntaxErrorException: You have an error in your SQL syntax; check the manual that corresponds to your MySQL server version for the right syntax to use near '((IFNULL(t0.c0, "??HO?vJ")) IS FALSE)) ALGORITHM= DEFAULT' at line 1
--	at com.mysql.cj.jdbc.exceptions.SQLError.createSQLException(SQLError.java:120)
--	at com.mysql.cj.jdbc.exceptions.SQLExceptionsMapping.translateException(SQLExceptionsMapping.java:122)
--	at com.mysql.cj.jdbc.StatementImpl.executeInternal(StatementImpl.java:763)
--	at com.mysql.cj.jdbc.StatementImpl.execute(StatementImpl.java:648)
--	at sqlancer.common.query.SQLQueryAdapter.execute(SQLQueryAdapter.java:87)
--	... 13 more
---- Time: 2023/06/01 18:31:21
-- Database: database67
-- Database version: 8.0.11
-- seed value: 1685637011057
DROP DATABASE IF EXISTS database67;
CREATE DATABASE database67;
USE database67;
CREATE TABLE t0(c0 INT(201)  COMMENT 'asdf'  NULL STORAGE MEMORY) ;
REPLACE DELAYED INTO t0(c0) VALUES(1667696111);
DELETE IGNORE FROM t0;
INSERT INTO t0(c0) VALUES(27794053);
REPLACE INTO t0(c0) VALUES(NULL);
DELETE QUICK FROM t0;
DELETE QUICK IGNORE FROM t0;
REPLACE LOW_PRIORITY INTO t0(c0) VALUES(201358447);
REPLACE INTO t0(c0) VALUES('	a'), ("*?iRe"), ("");
INSERT INTO t0(c0) VALUES(-255508535);
select TABLE_NAME, ENGINE from information_schema.TABLES where table_schema = 'database67';
ALTER TABLE t0 DELAY_KEY_WRITE 1, FORCE, ALGORITHM DEFAULT, STATS_AUTO_RECALC DEFAULT, ROW_FORMAT COMPRESSED, STATS_PERSISTENT DEFAULT, ENABLE KEYS, INSERT_METHOD FIRST;
INSERT IGNORE INTO t0(c0) VALUES(NULL);
INSERT DELAYED INTO t0(c0) VALUES(NULL);
REPLACE LOW_PRIORITY INTO t0(c0) VALUES(1382004056), ('1667696111'), (NULL), (201358447), ("	a");
REPLACE INTO t0(c0) VALUES('%iC');
INSERT HIGH_PRIORITY IGNORE INTO t0(c0) VALUES(201358447);
REPLACE DELAYED INTO t0(c0) VALUES(1389874069), (NULL), ("U/?GJ^");
REPLACE INTO t0(c0) VALUES('');
REPLACE LOW_PRIORITY INTO t0(c0) VALUES('W|[L[}^');
REPLACE INTO t0(c0) VALUES('w4');
INSERT IGNORE INTO t0(c0) VALUES(717395656);
INSERT HIGH_PRIORITY IGNORE INTO t0(c0) VALUES('U/?GJ^'), ("q6"), (NULL);
REPLACE INTO t0(c0) VALUES(27794053);
REPLACE INTO t0(c0) VALUES("'*UYu");
REPLACE INTO t0(c0) VALUES(0);
