--java.lang.AssertionError: CREATE INDEX i0 ON t0((CAST(IFNULL(t0.c0, '?+') AS SIGNED))) INVISIBLE ALGORITHM COPY;
--	at sqlancer.common.query.SQLQueryAdapter.checkException(SQLQueryAdapter.java:111)
--	at sqlancer.common.query.SQLQueryAdapter.execute(SQLQueryAdapter.java:93)
--	at sqlancer.Main$QueryManager.execute(Main.java:265)
--	at sqlancer.GlobalState.executeStatement(GlobalState.java:108)
--	at sqlancer.StatementExecutor.executeStatements(StatementExecutor.java:70)
--	at sqlancer.mysql.MySQLProvider.generateDatabase(MySQLProvider.java:152)
--	at sqlancer.mysql.MySQLProvider.generateDatabase(MySQLProvider.java:1)
--	at sqlancer.ProviderAdapter.generateAndTestDatabase(ProviderAdapter.java:52)
--	at sqlancer.Main$DBMSExecutor.run(Main.java:364)
--	at sqlancer.Main$2.run(Main.java:559)
--	at sqlancer.Main$2.runThread(Main.java:541)
--	at sqlancer.Main$2.run(Main.java:532)
--	at java.base/java.util.concurrent.ThreadPoolExecutor.runWorker(ThreadPoolExecutor.java:1128)
--	at java.base/java.util.concurrent.ThreadPoolExecutor$Worker.run(ThreadPoolExecutor.java:628)
--	at java.base/java.lang.Thread.run(Thread.java:829)
--Caused by: java.sql.SQLSyntaxErrorException: You have an error in your SQL syntax; check the manual that corresponds to your MySQL server version for the right syntax to use near '(CAST(IFNULL(t0.c0, '?+') AS SIGNED))) INVISIBLE ALGORITHM COPY' at line 1
--	at com.mysql.cj.jdbc.exceptions.SQLError.createSQLException(SQLError.java:120)
--	at com.mysql.cj.jdbc.exceptions.SQLExceptionsMapping.translateException(SQLExceptionsMapping.java:122)
--	at com.mysql.cj.jdbc.StatementImpl.executeInternal(StatementImpl.java:763)
--	at com.mysql.cj.jdbc.StatementImpl.execute(StatementImpl.java:648)
--	at sqlancer.common.query.SQLQueryAdapter.execute(SQLQueryAdapter.java:87)
--	... 13 more
---- Time: 2023/06/01 18:30:11
-- Database: database13
-- Database version: 8.0.11
-- seed value: 1685637011001
DROP DATABASE IF EXISTS database13;
CREATE DATABASE database13;
USE database13;
CREATE TABLE IF NOT EXISTS t0(c0 MEDIUMTEXT ) ;
INSERT INTO t0(c0) VALUES("?+");
REPLACE INTO t0(c0) VALUES(923625245);
INSERT IGNORE INTO t0(c0) VALUES(NULL);
REPLACE LOW_PRIORITY INTO t0(c0) VALUES('');
ALTER TABLE t0 INSERT_METHOD LAST, ALGORITHM DEFAULT, RENAME t0;
REPLACE LOW_PRIORITY INTO t0(c0) VALUES(923625245);
INSERT HIGH_PRIORITY IGNORE INTO t0(c0) VALUES(NULL), ('923625245'), (568877347);
select TABLE_NAME, ENGINE from information_schema.TABLES where table_schema = 'database13';
INSERT IGNORE INTO t0(c0) VALUES('568877347');
INSERT DELAYED INTO t0(c0) VALUES(-567263743);
SET SESSION read_rnd_buffer_size = 1457676763;
REPLACE DELAYED INTO t0(c0) VALUES(NULL);
INSERT HIGH_PRIORITY INTO t0(c0) VALUES(221737752);
INSERT HIGH_PRIORITY INTO t0(c0) VALUES(""), (NULL), (NULL);
SET SESSION sql_buffer_result = OFF;
REPLACE DELAYED INTO t0(c0) VALUES('1621334253');
