--java.lang.AssertionError: CREATE INDEX i0 ON t0(( EXISTS (SELECT 1 wHERE FALSE))) INVISIBLE;
--	at sqlancer.common.query.SQLQueryAdapter.checkException(SQLQueryAdapter.java:111)
--	at sqlancer.common.query.SQLQueryAdapter.execute(SQLQueryAdapter.java:93)
--	at sqlancer.Main$QueryManager.execute(Main.java:265)
--	at sqlancer.GlobalState.executeStatement(GlobalState.java:108)
--	at sqlancer.StatementExecutor.executeStatements(StatementExecutor.java:70)
--	at sqlancer.mysql.MySQLProvider.generateDatabase(MySQLProvider.java:152)
--	at sqlancer.mysql.MySQLProvider.generateDatabase(MySQLProvider.java:1)
--	at sqlancer.ProviderAdapter.generateAndTestDatabase(ProviderAdapter.java:52)
--	at sqlancer.Main$DBMSExecutor.run(Main.java:364)
--	at sqlancer.Main$2.run(Main.java:559)
--	at sqlancer.Main$2.runThread(Main.java:541)
--	at sqlancer.Main$2.run(Main.java:532)
--	at java.base/java.util.concurrent.ThreadPoolExecutor.runWorker(ThreadPoolExecutor.java:1128)
--	at java.base/java.util.concurrent.ThreadPoolExecutor$Worker.run(ThreadPoolExecutor.java:628)
--	at java.base/java.lang.Thread.run(Thread.java:829)
--Caused by: java.sql.SQLSyntaxErrorException: You have an error in your SQL syntax; check the manual that corresponds to your MySQL server version for the right syntax to use near '( EXISTS (SELECT 1 wHERE FALSE))) INVISIBLE' at line 1
--	at com.mysql.cj.jdbc.exceptions.SQLError.createSQLException(SQLError.java:120)
--	at com.mysql.cj.jdbc.exceptions.SQLExceptionsMapping.translateException(SQLExceptionsMapping.java:122)
--	at com.mysql.cj.jdbc.StatementImpl.executeInternal(StatementImpl.java:763)
--	at com.mysql.cj.jdbc.StatementImpl.execute(StatementImpl.java:648)
--	at sqlancer.common.query.SQLQueryAdapter.execute(SQLQueryAdapter.java:87)
--	... 13 more
---- Time: 2023/06/01 18:31:35
-- Database: database84
-- Database version: 8.0.11
-- seed value: 1685637011074
DROP DATABASE IF EXISTS database84;
CREATE DATABASE database84;
USE database84;
CREATE TABLE IF NOT EXISTS t0(c0 MEDIUMTEXT  NULL STORAGE DISK) ;
INSERT IGNORE INTO t0(c0) VALUES(""), (1167199594), (1167199594), ('1167199594'), (-1889671689);
INSERT IGNORE INTO t0(c0) VALUES("");
select TABLE_NAME, ENGINE from information_schema.TABLES where table_schema = 'database84';
INSERT IGNORE INTO t0(c0) VALUES(NULL);
INSERT LOW_PRIORITY IGNORE INTO t0(c0) VALUES("dsn?*?.-q");
INSERT INTO t0(c0) VALUES(NULL), ('w,.\rL'), (NULL);
INSERT DELAYED INTO t0(c0) VALUES(NULL);
REPLACE INTO t0(c0) VALUES(NULL);
ALTER TABLE t0 STATS_PERSISTENT 1, ROW_FORMAT COMPACT, INSERT_METHOD LAST, STATS_AUTO_RECALC 1, RENAME t0, ENABLE KEYS, COMPRESSION 'LZ4';
INSERT DELAYED INTO t0(c0) VALUES(NULL);
DELETE LOW_PRIORITY QUICK FROM t0;
DELETE IGNORE FROM t0 WHERE (((t0.c0) IS NOT TRUE) IS TRUE) IS NOT FALSE;
select TABLE_NAME, ENGINE from information_schema.TABLES where table_schema = 'database84';
ALTER TABLE t0 DISABLE KEYS, DELAY_KEY_WRITE 0;
select TABLE_NAME, ENGINE from information_schema.TABLES where table_schema = 'database84';
ALTER TABLE t0 INSERT_METHOD LAST, PACK_KEYS 1, STATS_AUTO_RECALC 1, CHECKSUM 1, ALGORITHM DEFAULT;
select TABLE_NAME, ENGINE from information_schema.TABLES where table_schema = 'database84';
INSERT HIGH_PRIORITY INTO t0(c0) VALUES(2023516055), (''), ('dsn?*?.-q');
INSERT INTO t0(c0) VALUES(NULL);
ANALYZE  TABLE t0 DROP HISTOGRAM ON c0;
REPLACE INTO t0(c0) VALUES(-1332553704);
DELETE LOW_PRIORITY QUICK IGNORE FROM t0;
select TABLE_NAME, ENGINE from information_schema.TABLES where table_schema = 'database84';
REPLACE INTO t0(c0) VALUES(NULL);
REPLACE LOW_PRIORITY INTO t0(c0) VALUES('');
REPLACE INTO t0(c0) VALUES(NULL);
REPLACE DELAYED INTO t0(c0) VALUES(2138124956);
SET SESSION bulk_insert_buffer_size = 2414302581243146934;
select TABLE_NAME, ENGINE from information_schema.TABLES where table_schema = 'database84';
REPLACE INTO t0(c0) VALUES(2138124956), (49414506), (-126802750);
CREATE UNIQUE INDEX i0 ON t0(c0) INVISIBLE ALGORITHM= DEFAULT;
