--java.lang.AssertionError: CREATE UNIQUE INDEX i0 USING BTREE ON t0(( EXISTS (SELECT 1)), ( EXISTS (SELECT 1)), (BIT_COUNT(IFNULL(t0.c0, 'CPB-4l0?]')))) INVISIBLE;
--	at sqlancer.common.query.SQLQueryAdapter.checkException(SQLQueryAdapter.java:111)
--	at sqlancer.common.query.SQLQueryAdapter.execute(SQLQueryAdapter.java:93)
--	at sqlancer.Main$QueryManager.execute(Main.java:265)
--	at sqlancer.GlobalState.executeStatement(GlobalState.java:108)
--	at sqlancer.StatementExecutor.executeStatements(StatementExecutor.java:70)
--	at sqlancer.mysql.MySQLProvider.generateDatabase(MySQLProvider.java:152)
--	at sqlancer.mysql.MySQLProvider.generateDatabase(MySQLProvider.java:1)
--	at sqlancer.ProviderAdapter.generateAndTestDatabase(ProviderAdapter.java:52)
--	at sqlancer.Main$DBMSExecutor.run(Main.java:364)
--	at sqlancer.Main$2.run(Main.java:559)
--	at sqlancer.Main$2.runThread(Main.java:541)
--	at sqlancer.Main$2.run(Main.java:532)
--	at java.base/java.util.concurrent.ThreadPoolExecutor.runWorker(ThreadPoolExecutor.java:1128)
--	at java.base/java.util.concurrent.ThreadPoolExecutor$Worker.run(ThreadPoolExecutor.java:628)
--	at java.base/java.lang.Thread.run(Thread.java:829)
--Caused by: java.sql.SQLSyntaxErrorException: You have an error in your SQL syntax; check the manual that corresponds to your MySQL server version for the right syntax to use near '( EXISTS (SELECT 1)), ( EXISTS (SELECT 1)), (BIT_COUNT(IFNULL(t0.c0, 'CPB-4l0?' at line 1
--	at com.mysql.cj.jdbc.exceptions.SQLError.createSQLException(SQLError.java:120)
--	at com.mysql.cj.jdbc.exceptions.SQLExceptionsMapping.translateException(SQLExceptionsMapping.java:122)
--	at com.mysql.cj.jdbc.StatementImpl.executeInternal(StatementImpl.java:763)
--	at com.mysql.cj.jdbc.StatementImpl.execute(StatementImpl.java:648)
--	at sqlancer.common.query.SQLQueryAdapter.execute(SQLQueryAdapter.java:87)
--	... 13 more
---- Time: 2023/06/01 18:31:50
-- Database: database96
-- Database version: 8.0.11
-- seed value: 1685637011086
DROP DATABASE IF EXISTS database96;
CREATE DATABASE database96;
USE database96;
CREATE TABLE IF NOT EXISTS t0(c0 BIGINT(107)  PRIMARY KEY) AUTO_INCREMENT = 2258340356186032729, STATS_SAMPLE_PAGES = 10027;
DELETE IGNORE FROM t0 WHERE (IFNULL(t0.c0, t0.c0)) IS NOT NULL;
REPLACE INTO t0(c0) VALUES('???');
REPLACE INTO t0(c0) VALUES(-1201288615), (31880039), (NULL);
REPLACE INTO t0(c0) VALUES(NULL);
INSERT IGNORE INTO t0(c0) VALUES(NULL);
select TABLE_NAME, ENGINE from information_schema.TABLES where table_schema = 'database96';
SET SESSION max_points_in_geometry = 895663;
select TABLE_NAME, ENGINE from information_schema.TABLES where table_schema = 'database96';
select TABLE_NAME, ENGINE from information_schema.TABLES where table_schema = 'database96';
select TABLE_NAME, ENGINE from information_schema.TABLES where table_schema = 'database96';
CHECKSUM TABLE t0 EXTENDED;
select TABLE_NAME, ENGINE from information_schema.TABLES where table_schema = 'database96';
SET SESSION foreign_key_checks = 0;
select TABLE_NAME, ENGINE from information_schema.TABLES where table_schema = 'database96';
ANALYZE  TABLE t0 UPDATE HISTOGRAM ON c0;
select TABLE_NAME, ENGINE from information_schema.TABLES where table_schema = 'database96';
