-- Time: 2023/06/01 18:31:35
-- Database: database90
-- Database version: 8.0.11
-- seed value: 1685637011080
DROP DATABASE IF EXISTS database90;
CREATE DATABASE database90;
USE database90;
CREATE TABLE t0(c0 MEDIUMTEXT  COLUMN_FORMAT DEFAULT COMMENT 'asdf'  NULL) ; -- 36ms;
CREATE TABLE IF NOT EXISTS t1 LIKE t0; -- 37ms;
CREATE TABLE IF NOT EXISTS t2(c0 SMALLINT  UNIQUE KEY COLUMN_FORMAT DYNAMIC COMMENT 'asdf'  STORAGE DISK) ; -- 43ms;
INSERT INTO t1(c0) VALUES(''); -- 12ms;
INSERT DELAYED INTO t2(c0) VALUES(NULL), (529432704), (NULL), (''), (NULL); -- 9ms;
INSERT LOW_PRIORITY IGNORE INTO t1(c0) VALUES(NULL); -- 10ms;
REPLACE DELAYED INTO t0(c0) VALUES('to'); -- 8ms;
INSERT INTO t2(c0) VALUES(-216219613); -- 0ms;
INSERT DELAYED IGNORE INTO t1(c0) VALUES(''); -- 6ms;
INSERT DELAYED INTO t2(c0) VALUES(' ?'); -- 0ms;
REPLACE INTO t0(c0) VALUES(-453004484); -- 6ms;
TRUNCATE TABLE t1; -- 95ms;
select TABLE_NAME, ENGINE from information_schema.TABLES where table_schema = 'database90'; -- 2ms;
DELETE LOW_PRIORITY FROM t2; -- 0ms;
select TABLE_NAME, ENGINE from information_schema.TABLES where table_schema = 'database90'; -- 2ms;
INSERT DELAYED IGNORE INTO t0(c0) VALUES(-216219613); -- 10ms;
INSERT IGNORE INTO t2(c0) VALUES(-1780266509); -- 9ms;
INSERT LOW_PRIORITY INTO t0(c0) VALUES('-216219613'); -- 11ms;
select TABLE_NAME, ENGINE from information_schema.TABLES where table_schema = 'database90'; -- 2ms;
ALTER TABLE t0 ENABLE KEYS, DELAY_KEY_WRITE 1; -- 156ms;
INSERT INTO t1(c0) VALUES(-201225424); -- 11ms;
REPLACE DELAYED INTO t1(c0) VALUES("to"); -- 9ms;
REPLACE DELAYED INTO t2(c0) VALUES(1478473940); -- 1ms;
REPLACE INTO t2(c0) VALUES(NULL); -- 11ms;
INSERT IGNORE INTO t0(c0) VALUES(NULL), (""), (NULL); -- 6ms;
select TABLE_NAME, ENGINE from information_schema.TABLES where table_schema = 'database90'; -- 2ms;
INSERT DELAYED IGNORE INTO t2(c0) VALUES(-2067346125); -- 4ms;
INSERT HIGH_PRIORITY IGNORE INTO t2(c0) VALUES(NULL); -- 7ms;
select TABLE_NAME, ENGINE from information_schema.TABLES where table_schema = 'database90'; -- 2ms;
DELETE LOW_PRIORITY IGNORE FROM t1; -- 7ms;
INSERT LOW_PRIORITY IGNORE INTO t0(c0) VALUES(-2067346125); -- 10ms;
CREATE UNIQUE INDEX i0 ON t2(c0) INVISIBLE; -- 60ms;
INSERT DELAYED IGNORE INTO t0(c0) VALUES(-201225424); -- 14ms;
INSERT LOW_PRIORITY IGNORE INTO t0(c0) VALUES(NULL); -- 13ms;
INSERT DELAYED IGNORE INTO t1(c0) VALUES(-453004484), (NULL), (" B"), (NULL), (1775551530), (-344092415), (1478473940); -- 6ms;
CHECKSUM TABLE t0, t2, t1 EXTENDED; -- 1ms;
CHECK TABLE t2 FAST MEDIUM QUICK FOR UPGRADE; -- 0ms;
ANALYZE NO_WRITE_TO_BINLOG TABLE t1 DROP HISTOGRAM ON c0; -- 0ms;
REPLACE DELAYED INTO t1(c0) VALUES(NULL); -- 5ms;
SET SESSION myisam_stats_method = nulls_ignored; -- 0ms;
REPLACE LOW_PRIORITY INTO t2(c0) VALUES(1740790264); -- 1ms;
REPLACE INTO t2(c0) VALUES(NULL); -- 5ms;
CREATE INDEX i1 USING BTREE ON t2(c0) ALGORITHM DEFAULT; -- 55ms;
SET SESSION range_alloc_block_size = 3280536937315542643; -- 1ms;
select TABLE_NAME, ENGINE from information_schema.TABLES where table_schema = 'database90'; -- 4ms;
INSERT DELAYED IGNORE INTO t2(c0) VALUES(1244011857); -- 11ms;
select TABLE_NAME, ENGINE from information_schema.TABLES where table_schema = 'database90'; -- 9ms;
INSERT IGNORE INTO t2(c0) VALUES(NULL); -- 5ms;
SET SESSION max_sort_length = 5935630; -- 0ms;
DELETE LOW_PRIORITY IGNORE FROM t1 WHERE -216219613; -- 7ms;
INSERT IGNORE INTO t1(c0) VALUES(-216219613); -- 4ms;
INSERT INTO t0(c0) VALUES("'"); -- 6ms;
select TABLE_NAME, ENGINE from information_schema.TABLES where table_schema = 'database90'; -- 2ms;
select TABLE_NAME, ENGINE from information_schema.TABLES where table_schema = 'database90'; -- 2ms;
INSERT IGNORE INTO t1(c0) VALUES(830166023); -- 4ms;
DELETE FROM t2; -- 5ms;
REPLACE INTO t0(c0) VALUES(-496022633), (NULL), (-1300233685); -- 4ms;
REPLACE DELAYED INTO t1(c0) VALUES(NULL); -- 5ms;
REPLACE DELAYED INTO t2(c0) VALUES('to'); -- 0ms;
REPLACE INTO t2(c0) VALUES(NULL); -- 4ms;
SET SESSION query_prealloc_size = 4713137106905882883; -- 0ms;
SELECT DISTINCT SQL_NO_CACHE SQL_SMALL_RESULT SQL_BIG_RESULT t2.c0 AS ref0 FROM t2 WHERE (t2.c0) IS NULL GROUP BY t2.c0 ORDER BY (! ( EXISTS (SELECT 1))) ASC;
SELECT * FROM (SELECT DISTINCT SQL_NO_CACHE SQL_SMALL_RESULT SQL_BIG_RESULT t2.c0 AS ref0 FROM t2 WHERE (t2.c0) IS NULL GROUP BY t2.c0 ORDER BY (! ( EXISTS (SELECT 1))) ASC) as result WHERE result.ref0 IS NULL;
SELECT DISTINCT SQL_SMALL_RESULT SQL_BIG_RESULT SQL_NO_CACHE STRAIGHT_JOIN t1.c0 AS ref0, t0.c0 AS ref1 FROM t1, t0 WHERE t0.c0 ORDER BY ((+ (t1.c0))) IS NOT FALSE DESC;
SELECT * FROM (SELECT DISTINCT SQL_SMALL_RESULT SQL_BIG_RESULT SQL_NO_CACHE STRAIGHT_JOIN t1.c0 AS ref0, t0.c0 AS ref1 FROM t1, t0 WHERE t0.c0 ORDER BY ((+ (t1.c0))) IS NOT FALSE DESC) as result WHERE result.ref0 IS NULL AND result.ref1 = '-216219613';
SELECT DISTINCTROW t1.c0 AS ref0, t2.c0 AS ref1 FROM t1, t2 WHERE (CAST(t1.c0 AS SIGNED)) IS UNKNOWN ORDER BY CAST(CAST(' ?' AS SIGNED) AS SIGNED) ASC;
SELECT * FROM (SELECT DISTINCTROW t1.c0 AS ref0, t2.c0 AS ref1 FROM t1, t2 WHERE (CAST(t1.c0 AS SIGNED)) IS UNKNOWN ORDER BY CAST(CAST(' ?' AS SIGNED) AS SIGNED) ASC) as result WHERE result.ref0 IS NULL AND result.ref1 IS NULL;
SELECT ALL t0.c0 AS ref0 FROM t0 WHERE IFNULL((t0.c0) IS NOT NULL,  EXISTS (SELECT 1)) ORDER BY (+ ((NOT (NULL))));
SELECT * FROM (SELECT ALL t0.c0 AS ref0 FROM t0 WHERE IFNULL((t0.c0) IS NOT NULL,  EXISTS (SELECT 1)) ORDER BY (+ ((NOT (NULL))))) as result WHERE result.ref0 = "to";
SELECT ALL t1.c0 AS ref0 FROM t1 WHERE -496022633 GROUP BY t1.c0 ORDER BY ( EXISTS (SELECT 1 wHERE FALSE)) NOT IN (CAST( EXISTS (SELECT 1) AS SIGNED), ((t1.c0) NOT IN (NULL)) = (('') < (t1.c0))) DESC, (CAST(t1.c0 AS SIGNED)) LIKE (-12969753), (CAST(COALESCE(t1.c0, -1966515961) AS SIGNED)) LIKE (( EXISTS (SELECT 1 wHERE FALSE)) IS TRUE) DESC;
SELECT * FROM (SELECT ALL t1.c0 AS ref0 FROM t1 WHERE -496022633 GROUP BY t1.c0 ORDER BY ( EXISTS (SELECT 1 wHERE FALSE)) NOT IN (CAST( EXISTS (SELECT 1) AS SIGNED), ((t1.c0) NOT IN (NULL)) = (('') < (t1.c0))) DESC, (CAST(t1.c0 AS SIGNED)) LIKE (-12969753), (CAST(COALESCE(t1.c0, -1966515961) AS SIGNED)) LIKE (( EXISTS (SELECT 1 wHERE FALSE)) IS TRUE) DESC) as result WHERE result.ref0 = '-216219613';
SELECT DISTINCTROW t2.c0 AS ref0, t0.c0 AS ref1 FROM t2, t0 WHERE (NOT ("")) GROUP BY t2.c0, t0.c0 ORDER BY t0.c0;
SELECT * FROM (SELECT DISTINCTROW t2.c0 AS ref0, t0.c0 AS ref1 FROM t2, t0 WHERE (NOT ("")) GROUP BY t2.c0, t0.c0 ORDER BY t0.c0) as result WHERE result.ref0 IS NULL AND result.ref1 IS NULL;
