--java.lang.AssertionError: CREATE INDEX i0 USING BTREE ON t2(( EXISTS (SELECT 1)), (NULL)) VISIBLE;
--	at sqlancer.common.query.SQLQueryAdapter.checkException(SQLQueryAdapter.java:111)
--	at sqlancer.common.query.SQLQueryAdapter.execute(SQLQueryAdapter.java:93)
--	at sqlancer.Main$QueryManager.execute(Main.java:265)
--	at sqlancer.GlobalState.executeStatement(GlobalState.java:108)
--	at sqlancer.StatementExecutor.executeStatements(StatementExecutor.java:70)
--	at sqlancer.mysql.MySQLProvider.generateDatabase(MySQLProvider.java:152)
--	at sqlancer.mysql.MySQLProvider.generateDatabase(MySQLProvider.java:1)
--	at sqlancer.ProviderAdapter.generateAndTestDatabase(ProviderAdapter.java:52)
--	at sqlancer.Main$DBMSExecutor.run(Main.java:364)
--	at sqlancer.Main$2.run(Main.java:559)
--	at sqlancer.Main$2.runThread(Main.java:541)
--	at sqlancer.Main$2.run(Main.java:532)
--	at java.base/java.util.concurrent.ThreadPoolExecutor.runWorker(ThreadPoolExecutor.java:1128)
--	at java.base/java.util.concurrent.ThreadPoolExecutor$Worker.run(ThreadPoolExecutor.java:628)
--	at java.base/java.lang.Thread.run(Thread.java:829)
--Caused by: java.sql.SQLSyntaxErrorException: You have an error in your SQL syntax; check the manual that corresponds to your MySQL server version for the right syntax to use near '( EXISTS (SELECT 1)), (NULL)) VISIBLE' at line 1
--	at com.mysql.cj.jdbc.exceptions.SQLError.createSQLException(SQLError.java:120)
--	at com.mysql.cj.jdbc.exceptions.SQLExceptionsMapping.translateException(SQLExceptionsMapping.java:122)
--	at com.mysql.cj.jdbc.StatementImpl.executeInternal(StatementImpl.java:763)
--	at com.mysql.cj.jdbc.StatementImpl.execute(StatementImpl.java:648)
--	at sqlancer.common.query.SQLQueryAdapter.execute(SQLQueryAdapter.java:87)
--	... 13 more
---- Time: 2023/06/01 18:31:30
-- Database: database75
-- Database version: 8.0.11
-- seed value: 1685637011065
DROP DATABASE IF EXISTS database75;
CREATE DATABASE database75;
USE database75;
CREATE TABLE t0(c0 MEDIUMTEXT ) AVG_ROW_LENGTH = 2732786227, MIN_ROWS = 8110224726619144904, AUTO_INCREMENT = 6192423540119743963, STATS_AUTO_RECALC = 0;
select TABLE_NAME, ENGINE from information_schema.TABLES where table_schema = 'database75';
DELETE LOW_PRIORITY FROM t0;
REPLACE INTO t0(c0) VALUES(NULL);
ALTER TABLE t0 COMPRESSION 'NONE', FORCE, ROW_FORMAT FIXED, STATS_PERSISTENT 1, CHECKSUM 0, ENABLE KEYS, PACK_KEYS 1, STATS_AUTO_RECALC 0, INSERT_METHOD LAST, ALGORITHM INPLACE;
ALTER TABLE t0 ;
select TABLE_NAME, ENGINE from information_schema.TABLES where table_schema = 'database75';
INSERT INTO t0(c0) VALUES(NULL);
DELETE FROM t0 WHERE  EXISTS (SELECT 1 wHERE FALSE);
INSERT HIGH_PRIORITY INTO t0(c0) VALUES('');
DELETE LOW_PRIORITY QUICK IGNORE FROM t0;
ALTER TABLE t0 ;
ALTER TABLE t0 STATS_PERSISTENT 1, STATS_AUTO_RECALC 0, COMPRESSION 'ZLIB', CHECKSUM 1, DELAY_KEY_WRITE 1, RENAME t0, DISABLE KEYS, FORCE, INSERT_METHOD FIRST, ALGORITHM INPLACE;
ALTER TABLE t0 ALGORITHM DEFAULT, COMPRESSION 'ZLIB', CHECKSUM 0, ROW_FORMAT COMPACT, RENAME AS t2, INSERT_METHOD LAST, STATS_AUTO_RECALC 1, STATS_PERSISTENT 0, DELAY_KEY_WRITE 1, FORCE, ENABLE KEYS;
REPLACE DELAYED INTO t2(c0) VALUES(NULL), ("dV?2j"), ('');
TRUNCATE TABLE t2;
select TABLE_NAME, ENGINE from information_schema.TABLES where table_schema = 'database75';
DELETE LOW_PRIORITY QUICK FROM t2;
ANALYZE  TABLE t2 UPDATE HISTOGRAM ON c0 WITH 822 BUCKETS;
REPLACE DELAYED INTO t2(c0) VALUES(2105167680);
select TABLE_NAME, ENGINE from information_schema.TABLES where table_schema = 'database75';
REPLACE INTO t2(c0) VALUES("K?5\r*^x");
INSERT IGNORE INTO t2(c0) VALUES('?y_*'), ("\retWB)>"), ('6192423540119743963');
INSERT INTO t2(c0) VALUES(-1647742591);
REPLACE DELAYED INTO t2(c0) VALUES(NULL), (NULL), (')N');
INSERT DELAYED INTO t2(c0) VALUES(-786026959);
select TABLE_NAME, ENGINE from information_schema.TABLES where table_schema = 'database75';
