--java.lang.AssertionError: CREATE UNIQUE INDEX i0 ON t0((( EXISTS (SELECT 1 wHERE FALSE)) IN (CAST(463033517 AS SIGNED), CAST((t0.c0) IS TRUE AS SIGNED)))) VISIBLE ALGORITHM COPY;
--	at sqlancer.common.query.SQLQueryAdapter.checkException(SQLQueryAdapter.java:111)
--	at sqlancer.common.query.SQLQueryAdapter.execute(SQLQueryAdapter.java:93)
--	at sqlancer.Main$QueryManager.execute(Main.java:265)
--	at sqlancer.GlobalState.executeStatement(GlobalState.java:108)
--	at sqlancer.StatementExecutor.executeStatements(StatementExecutor.java:70)
--	at sqlancer.mysql.MySQLProvider.generateDatabase(MySQLProvider.java:152)
--	at sqlancer.mysql.MySQLProvider.generateDatabase(MySQLProvider.java:1)
--	at sqlancer.ProviderAdapter.generateAndTestDatabase(ProviderAdapter.java:52)
--	at sqlancer.Main$DBMSExecutor.run(Main.java:364)
--	at sqlancer.Main$2.run(Main.java:559)
--	at sqlancer.Main$2.runThread(Main.java:541)
--	at sqlancer.Main$2.run(Main.java:532)
--	at java.base/java.util.concurrent.ThreadPoolExecutor.runWorker(ThreadPoolExecutor.java:1128)
--	at java.base/java.util.concurrent.ThreadPoolExecutor$Worker.run(ThreadPoolExecutor.java:628)
--	at java.base/java.lang.Thread.run(Thread.java:829)
--Caused by: java.sql.SQLSyntaxErrorException: You have an error in your SQL syntax; check the manual that corresponds to your MySQL server version for the right syntax to use near '(( EXISTS (SELECT 1 wHERE FALSE)) IN (CAST(463033517 AS SIGNED), CAST((t0.c0) IS' at line 1
--	at com.mysql.cj.jdbc.exceptions.SQLError.createSQLException(SQLError.java:120)
--	at com.mysql.cj.jdbc.exceptions.SQLExceptionsMapping.translateException(SQLExceptionsMapping.java:122)
--	at com.mysql.cj.jdbc.StatementImpl.executeInternal(StatementImpl.java:763)
--	at com.mysql.cj.jdbc.StatementImpl.execute(StatementImpl.java:648)
--	at sqlancer.common.query.SQLQueryAdapter.execute(SQLQueryAdapter.java:87)
--	... 13 more
---- Time: 2023/06/01 18:31:20
-- Database: database20
-- Database version: 8.0.11
-- seed value: 1685637011010
DROP DATABASE IF EXISTS database20;
CREATE DATABASE database20;
USE database20;
CREATE TABLE t0(c0 TEXT  COLUMN_FORMAT FIXED  COMMENT 'asdf'  STORAGE MEMORY) STATS_PERSISTENT = 0, KEY_BLOCK_SIZE = 34158;
CREATE TABLE IF NOT EXISTS t0(c0 TEXT  COMMENT 'asdf' ) ;
select TABLE_NAME, ENGINE from information_schema.TABLES where table_schema = 'database20';
