-- Time: 2023/06/01 18:30:12
-- Database: database21
-- Database version: 8.0.11
-- seed value: 1685637011011
DROP DATABASE IF EXISTS database21;
CREATE DATABASE database21;
USE database21;
CREATE TABLE t0(c0 MEDIUMINT(244) , c1 LONGTEXT  COMMENT 'asdf'  COLUMN_FORMAT DYNAMIC STORAGE MEMORY, c2 LONGTEXT   COLUMN_FORMAT DEFAULT) ; -- 68ms;
SET SESSION foreign_key_checks = 0; -- 0ms;
DELETE LOW_PRIORITY FROM t0; -- 4ms;
SET SESSION sql_buffer_result = OFF; -- 1ms;
DELETE LOW_PRIORITY QUICK IGNORE FROM t0; -- 1ms;
INSERT DELAYED IGNORE INTO t0(c1) VALUES('w5A~W,^7'), (NULL), (-1183660036); -- 18ms;
INSERT INTO t0(c2) VALUES(807793537); -- 9ms;
INSERT HIGH_PRIORITY IGNORE INTO t0(c0, c1, c2) VALUES(807793537, NULL, 'w5A~W,^7'); -- 8ms;
CREATE UNIQUE INDEX i0 USING BTREE ON t0(c2 DESC, c1, c0) ALGORITHM INPLACE; -- 1ms;
CREATE UNIQUE INDEX i0 USING HASH ON t0(c0, c2(3)); -- 253ms;
ALTER TABLE t0 FORCE, INSERT_METHOD FIRST, COMPRESSION 'NONE', DISABLE KEYS, CHECKSUM 0, DROP COLUMN c1; -- 393ms;
DELETE FROM t0; -- 16ms;
REPLACE INTO t0(c2) VALUES('-1183660036'); -- 20ms;
DELETE QUICK IGNORE FROM t0; -- 11ms;
CREATE INDEX i1 ON t0(( EXISTS (SELECT 1 wHERE FALSE))) INVISIBLE ALGORITHM DEFAULT;