--java.lang.AssertionError: CREATE INDEX i4 ON t0((CAST(((! (1322336203))) IN ("x-c") AS SIGNED))) INVISIBLE;
--	at sqlancer.common.query.SQLQueryAdapter.checkException(SQLQueryAdapter.java:111)
--	at sqlancer.common.query.SQLQueryAdapter.execute(SQLQueryAdapter.java:93)
--	at sqlancer.Main$QueryManager.execute(Main.java:265)
--	at sqlancer.GlobalState.executeStatement(GlobalState.java:108)
--	at sqlancer.StatementExecutor.executeStatements(StatementExecutor.java:70)
--	at sqlancer.mysql.MySQLProvider.generateDatabase(MySQLProvider.java:152)
--	at sqlancer.mysql.MySQLProvider.generateDatabase(MySQLProvider.java:1)
--	at sqlancer.ProviderAdapter.generateAndTestDatabase(ProviderAdapter.java:52)
--	at sqlancer.Main$DBMSExecutor.run(Main.java:364)
--	at sqlancer.Main$2.run(Main.java:559)
--	at sqlancer.Main$2.runThread(Main.java:541)
--	at sqlancer.Main$2.run(Main.java:532)
--	at java.base/java.util.concurrent.ThreadPoolExecutor.runWorker(ThreadPoolExecutor.java:1128)
--	at java.base/java.util.concurrent.ThreadPoolExecutor$Worker.run(ThreadPoolExecutor.java:628)
--	at java.base/java.lang.Thread.run(Thread.java:829)
--Caused by: java.sql.SQLSyntaxErrorException: You have an error in your SQL syntax; check the manual that corresponds to your MySQL server version for the right syntax to use near '(CAST(((! (1322336203))) IN ("x-c") AS SIGNED))) INVISIBLE' at line 1
--	at com.mysql.cj.jdbc.exceptions.SQLError.createSQLException(SQLError.java:120)
--	at com.mysql.cj.jdbc.exceptions.SQLExceptionsMapping.translateException(SQLExceptionsMapping.java:122)
--	at com.mysql.cj.jdbc.StatementImpl.executeInternal(StatementImpl.java:763)
--	at com.mysql.cj.jdbc.StatementImpl.execute(StatementImpl.java:648)
--	at sqlancer.common.query.SQLQueryAdapter.execute(SQLQueryAdapter.java:87)
--	... 13 more
---- Time: 2023/06/01 18:33:32
-- Database: database99
-- Database version: 8.0.11
-- seed value: 1685637011089
DROP DATABASE IF EXISTS database99;
CREATE DATABASE database99;
USE database99;
CREATE TABLE IF NOT EXISTS t0(c0 MEDIUMINT(108) , c1 TINYINT   COMMENT 'asdf'  STORAGE DISK COLUMN_FORMAT DEFAULT, c2 MEDIUMTEXT  COLUMN_FORMAT DYNAMIC STORAGE DISK) ;
INSERT LOW_PRIORITY IGNORE INTO t0(c0) VALUES("");
INSERT INTO t0(c2) VALUES(768717257);
INSERT INTO t0(c2, c1, c0) VALUES(NULL, -1182355729, -1722128747), ("A[?WO", 1691448727, "?iysu"), (-1285866292, 1599947270, NULL);
INSERT IGNORE INTO t0(c0) VALUES(-17768911);
DELETE IGNORE FROM t0;
INSERT IGNORE INTO t0(c1) VALUES("NA*a?gd&~");
ALTER TABLE t0 DROP c0, DELAY_KEY_WRITE 0, FORCE, INSERT_METHOD NO, COMPRESSION 'LZ4', STATS_AUTO_RECALC DEFAULT, CHECKSUM 1;
DELETE IGNORE FROM t0;
DELETE IGNORE FROM t0;
REPLACE INTO t0(c2) VALUES("1998893582"), ('??2'), ("[]");
DELETE LOW_PRIORITY FROM t0;
select TABLE_NAME, ENGINE from information_schema.TABLES where table_schema = 'database99';
REPLACE INTO t0(c1) VALUES(' P2');
INSERT IGNORE INTO t0(c1, c2) VALUES(NULL, '-1442964236'), (-1912261911, NULL), (NULL, 767586033);
DELETE LOW_PRIORITY QUICK IGNORE FROM t0 WHERE CAST((CAST(NULL AS SIGNED)) NOT IN (("?V)(*G") IS NOT TRUE, t0.c1) AS SIGNED);
select TABLE_NAME, ENGINE from information_schema.TABLES where table_schema = 'database99';
INSERT HIGH_PRIORITY IGNORE INTO t0(c2, c1) VALUES("x+", NULL);
DELETE FROM t0;
