-- Time: 2023/06/01 18:31:34
-- Database: database85
-- Database version: 8.0.11
-- seed value: 1685637011075
DROP DATABASE IF EXISTS database85;
CREATE DATABASE database85;
USE database85;
CREATE TABLE IF NOT EXISTS t0(c0 MEDIUMTEXT  COMMENT 'asdf'  STORAGE DISK COLUMN_FORMAT DYNAMIC) ; -- 73ms;
CHECKSUM TABLE t0 QUICK; -- 6ms;
INSERT LOW_PRIORITY IGNORE INTO t0(c0) VALUES(-1529028017), (-863758858), (1680553713), ('?\r?>'), (''); -- 7ms;
REPLACE DELAYED INTO t0(c0) VALUES(NULL); -- 4ms;
SET SESSION myisam_sort_buffer_size = 137887096552868854; -- 0ms;
REPLACE LOW_PRIORITY INTO t0(c0) VALUES('?\r?>'); -- 10ms;
ANALYZE LOCAL TABLE t0 DROP HISTOGRAM ON c0; -- 0ms;
REPLACE LOW_PRIORITY INTO t0(c0) VALUES(NULL), (NULL), (-291493002); -- 10ms;
REPLACE LOW_PRIORITY INTO t0(c0) VALUES(-440766201); -- 6ms;
INSERT HIGH_PRIORITY INTO t0(c0) VALUES(NULL); -- 8ms;
REPLACE INTO t0(c0) VALUES("-875562304"); -- 9ms;
REPLACE LOW_PRIORITY INTO t0(c0) VALUES(-582435156); -- 4ms;
REPLACE LOW_PRIORITY INTO t0(c0) VALUES(NULL); -- 4ms;
REPLACE INTO t0(c0) VALUES(NULL); -- 19ms;
INSERT DELAYED IGNORE INTO t0(c0) VALUES(-1193600472), (1680553713), ("dr{qXiE}D"); -- 5ms;
ALTER TABLE t0 INSERT_METHOD NO, ROW_FORMAT FIXED, CHECKSUM 0, COMPRESSION 'NONE', ENABLE KEYS; -- 1ms;
ALTER TABLE t0 RENAME TO t0, STATS_PERSISTENT 0, ROW_FORMAT DYNAMIC, INSERT_METHOD FIRST, STATS_AUTO_RECALC 0, CHECKSUM 1, ALGORITHM INSTANT;