--java.lang.AssertionError: CREATE UNIQUE INDEX i2 USING BTREE ON t0((t0.c0)) VISIBLE ALGORITHM= INPLACE;
--	at sqlancer.common.query.SQLQueryAdapter.checkException(SQLQueryAdapter.java:111)
--	at sqlancer.common.query.SQLQueryAdapter.execute(SQLQueryAdapter.java:93)
--	at sqlancer.Main$QueryManager.execute(Main.java:265)
--	at sqlancer.GlobalState.executeStatement(GlobalState.java:108)
--	at sqlancer.StatementExecutor.executeStatements(StatementExecutor.java:70)
--	at sqlancer.mysql.MySQLProvider.generateDatabase(MySQLProvider.java:152)
--	at sqlancer.mysql.MySQLProvider.generateDatabase(MySQLProvider.java:1)
--	at sqlancer.ProviderAdapter.generateAndTestDatabase(ProviderAdapter.java:52)
--	at sqlancer.Main$DBMSExecutor.run(Main.java:364)
--	at sqlancer.Main$2.run(Main.java:559)
--	at sqlancer.Main$2.runThread(Main.java:541)
--	at sqlancer.Main$2.run(Main.java:532)
--	at java.base/java.util.concurrent.ThreadPoolExecutor.runWorker(ThreadPoolExecutor.java:1128)
--	at java.base/java.util.concurrent.ThreadPoolExecutor$Worker.run(ThreadPoolExecutor.java:628)
--	at java.base/java.lang.Thread.run(Thread.java:829)
--Caused by: java.sql.SQLSyntaxErrorException: You have an error in your SQL syntax; check the manual that corresponds to your MySQL server version for the right syntax to use near '(t0.c0)) VISIBLE ALGORITHM= INPLACE' at line 1
--	at com.mysql.cj.jdbc.exceptions.SQLError.createSQLException(SQLError.java:120)
--	at com.mysql.cj.jdbc.exceptions.SQLExceptionsMapping.translateException(SQLExceptionsMapping.java:122)
--	at com.mysql.cj.jdbc.StatementImpl.executeInternal(StatementImpl.java:763)
--	at com.mysql.cj.jdbc.StatementImpl.execute(StatementImpl.java:648)
--	at sqlancer.common.query.SQLQueryAdapter.execute(SQLQueryAdapter.java:87)
--	... 13 more
---- Time: 2023/06/01 18:30:12
-- Database: database6
-- Database version: 8.0.11
-- seed value: 1685637010987
DROP DATABASE IF EXISTS database6;
CREATE DATABASE database6;
USE database6;
CREATE TABLE t0(c0 SMALLINT(183)  STORAGE MEMORY) ;
REPLACE INTO t0(c0) VALUES(1085882475);
REPLACE INTO t0(c0) VALUES(-2141863074);
REPLACE LOW_PRIORITY INTO t0(c0) VALUES('crnxF5/');
REPLACE INTO t0(c0) VALUES(926040603), (''), (392718145);
INSERT IGNORE INTO t0(c0) VALUES(NULL);
ALTER TABLE t0 STATS_PERSISTENT DEFAULT, RENAME TO t0, FORCE, ROW_FORMAT COMPRESSED, ALGORITHM COPY, COMPRESSION 'LZ4', ENABLE KEYS, STATS_AUTO_RECALC DEFAULT;
ALTER TABLE t0 CHECKSUM 1, RENAME TO t0, DISABLE KEYS, INSERT_METHOD NO, ROW_FORMAT COMPACT, DELAY_KEY_WRITE 1;
select TABLE_NAME, ENGINE from information_schema.TABLES where table_schema = 'database6';
REPLACE INTO t0(c0) VALUES(NULL);
REPLACE INTO t0(c0) VALUES(NULL);
REPLACE LOW_PRIORITY INTO t0(c0) VALUES("");
REPLACE INTO t0(c0) VALUES(1085882475);
INSERT INTO t0(c0) VALUES(NULL);
REPLACE LOW_PRIORITY INTO t0(c0) VALUES(NULL);
REPLACE INTO t0(c0) VALUES(NULL);
select TABLE_NAME, ENGINE from information_schema.TABLES where table_schema = 'database6';
SET SESSION preload_buffer_size = 380276017;
CREATE INDEX i0 USING HASH ON t0(c0);
select TABLE_NAME, ENGINE from information_schema.TABLES where table_schema = 'database6';
REPLACE INTO t0(c0) VALUES(903530284);
REPLACE INTO t0(c0) VALUES(712333488);
REPLACE DELAYED INTO t0(c0) VALUES(-2141863074);
REPLACE DELAYED INTO t0(c0) VALUES(926040603);
INSERT HIGH_PRIORITY INTO t0(c0) VALUES(926040603);
REPLACE LOW_PRIORITY INTO t0(c0) VALUES(-2115052794);
INSERT IGNORE INTO t0(c0) VALUES("");
INSERT INTO t0(c0) VALUES(NULL);
INSERT IGNORE INTO t0(c0) VALUES('');
INSERT LOW_PRIORITY IGNORE INTO t0(c0) VALUES("xy~U");
REPLACE LOW_PRIORITY INTO t0(c0) VALUES(NULL);
REPLACE DELAYED INTO t0(c0) VALUES(903530284);
REPLACE LOW_PRIORITY INTO t0(c0) VALUES(NULL), ('\r'''), (NULL);
INSERT LOW_PRIORITY IGNORE INTO t0(c0) VALUES(-1063260531);
ANALYZE LOCAL TABLE t0 DROP HISTOGRAM ON c0;
CREATE INDEX i1 ON t0(c0 ASC) VISIBLE;
select TABLE_NAME, ENGINE from information_schema.TABLES where table_schema = 'database6';
