--java.lang.AssertionError: ALTER TABLE t1 ALGORITHM INSTANT, PACK_KEYS 0, ROW_FORMAT COMPACT, STATS_AUTO_RECALC DEFAULT, DROP COLUMN c1, INSERT_METHOD NO, ENABLE KEYS, RENAME AS t0;
--	at sqlancer.common.query.SQLQueryAdapter.checkException(SQLQueryAdapter.java:111)
--	at sqlancer.common.query.SQLQueryAdapter.execute(SQLQueryAdapter.java:93)
--	at sqlancer.Main$QueryManager.execute(Main.java:265)
--	at sqlancer.GlobalState.executeStatement(GlobalState.java:108)
--	at sqlancer.StatementExecutor.executeStatements(StatementExecutor.java:70)
--	at sqlancer.mysql.MySQLProvider.generateDatabase(MySQLProvider.java:152)
--	at sqlancer.mysql.MySQLProvider.generateDatabase(MySQLProvider.java:1)
--	at sqlancer.ProviderAdapter.generateAndTestDatabase(ProviderAdapter.java:52)
--	at sqlancer.Main$DBMSExecutor.run(Main.java:364)
--	at sqlancer.Main$2.run(Main.java:559)
--	at sqlancer.Main$2.runThread(Main.java:541)
--	at sqlancer.Main$2.run(Main.java:532)
--	at java.base/java.util.concurrent.ThreadPoolExecutor.runWorker(ThreadPoolExecutor.java:1128)
--	at java.base/java.util.concurrent.ThreadPoolExecutor$Worker.run(ThreadPoolExecutor.java:628)
--	at java.base/java.lang.Thread.run(Thread.java:829)
--Caused by: java.sql.SQLException: Unknown ALGORITHM 'INSTANT'
--	at com.mysql.cj.jdbc.exceptions.SQLError.createSQLException(SQLError.java:129)
--	at com.mysql.cj.jdbc.exceptions.SQLExceptionsMapping.translateException(SQLExceptionsMapping.java:122)
--	at com.mysql.cj.jdbc.StatementImpl.executeInternal(StatementImpl.java:763)
--	at com.mysql.cj.jdbc.StatementImpl.execute(StatementImpl.java:648)
--	at sqlancer.common.query.SQLQueryAdapter.execute(SQLQueryAdapter.java:87)
--	... 13 more
---- Time: 2023/06/01 18:38:36
-- Database: database19
-- Database version: 8.0.11
-- seed value: 1685637011008
DROP DATABASE IF EXISTS database19;
CREATE DATABASE database19;
USE database19;
CREATE TABLE t0(c0 MEDIUMTEXT  COMMENT 'asdf'  NULL, c1 VARCHAR(500) ) ;
CREATE TABLE IF NOT EXISTS t1 LIKE t0;
ALTER TABLE t1 INSERT_METHOD LAST, FORCE, CHECKSUM 1, ALGORITHM COPY, DROP c1, RENAME t0;
ALTER TABLE t0 ROW_FORMAT COMPACT, COMPRESSION 'NONE', STATS_AUTO_RECALC 1, DISABLE KEYS, RENAME t0;
DELETE QUICK IGNORE FROM t0;
select TABLE_NAME, ENGINE from information_schema.TABLES where table_schema = 'database19';
CREATE INDEX i0 USING HASH ON t1(c0 ASC, c1 DESC);
CREATE UNIQUE INDEX i0 ON t1(c1, c0) VISIBLE ALGORITHM= COPY;
CREATE UNIQUE INDEX i0 USING HASH ON t1(c1 DESC) VISIBLE ALGORITHM INPLACE;
select TABLE_NAME, ENGINE from information_schema.TABLES where table_schema = 'database19';
