--java.lang.AssertionError: CREATE UNIQUE INDEX i64 USING BTREE ON t0((CAST(t0.c0 AS SIGNED))) INVISIBLE ALGORITHM DEFAULT;
--	at sqlancer.common.query.SQLQueryAdapter.checkException(SQLQueryAdapter.java:111)
--	at sqlancer.common.query.SQLQueryAdapter.execute(SQLQueryAdapter.java:93)
--	at sqlancer.Main$QueryManager.execute(Main.java:265)
--	at sqlancer.GlobalState.executeStatement(GlobalState.java:108)
--	at sqlancer.StatementExecutor.executeStatements(StatementExecutor.java:70)
--	at sqlancer.mysql.MySQLProvider.generateDatabase(MySQLProvider.java:152)
--	at sqlancer.mysql.MySQLProvider.generateDatabase(MySQLProvider.java:1)
--	at sqlancer.ProviderAdapter.generateAndTestDatabase(ProviderAdapter.java:52)
--	at sqlancer.Main$DBMSExecutor.run(Main.java:364)
--	at sqlancer.Main$2.run(Main.java:559)
--	at sqlancer.Main$2.runThread(Main.java:541)
--	at sqlancer.Main$2.run(Main.java:532)
--	at java.base/java.util.concurrent.ThreadPoolExecutor.runWorker(ThreadPoolExecutor.java:1128)
--	at java.base/java.util.concurrent.ThreadPoolExecutor$Worker.run(ThreadPoolExecutor.java:628)
--	at java.base/java.lang.Thread.run(Thread.java:829)
--Caused by: java.sql.SQLSyntaxErrorException: You have an error in your SQL syntax; check the manual that corresponds to your MySQL server version for the right syntax to use near '(CAST(t0.c0 AS SIGNED))) INVISIBLE ALGORITHM DEFAULT' at line 1
--	at com.mysql.cj.jdbc.exceptions.SQLError.createSQLException(SQLError.java:120)
--	at com.mysql.cj.jdbc.exceptions.SQLExceptionsMapping.translateException(SQLExceptionsMapping.java:122)
--	at com.mysql.cj.jdbc.StatementImpl.executeInternal(StatementImpl.java:763)
--	at com.mysql.cj.jdbc.StatementImpl.execute(StatementImpl.java:648)
--	at sqlancer.common.query.SQLQueryAdapter.execute(SQLQueryAdapter.java:87)
--	... 13 more
---- Time: 2023/06/01 18:30:13
-- Database: database29
-- Database version: 8.0.11
-- seed value: 1685637011019
DROP DATABASE IF EXISTS database29;
CREATE DATABASE database29;
USE database29;
CREATE TABLE IF NOT EXISTS t0(c0 MEDIUMINT(157)  COMMENT 'asdf'  UNIQUE NULL COLUMN_FORMAT DYNAMIC STORAGE DISK , c1 SMALLINT  NULL STORAGE MEMORY) ;
REPLACE LOW_PRIORITY INTO t0(c0) VALUES(NULL);
REPLACE LOW_PRIORITY INTO t0(c0, c1) VALUES(-1970363369, -1381520226);
REPLACE INTO t0(c1, c0) VALUES('', NULL);
REPLACE INTO t0(c0, c1) VALUES('442287951', NULL);
REPLACE INTO t0(c1, c0) VALUES("/9yH6N5", NULL);
INSERT DELAYED IGNORE INTO t0(c0) VALUES(-86137393);
select TABLE_NAME, ENGINE from information_schema.TABLES where table_schema = 'database29';
