-- Time: 2023/06/01 18:30:11
-- Database: database8
-- Database version: 8.0.11
-- seed value: 1685637010989
DROP DATABASE IF EXISTS database8;
CREATE DATABASE database8;
USE database8;
CREATE TABLE t0(c0 VARCHAR(500)  COLUMN_FORMAT DEFAULT) ; -- 266ms;
INSERT IGNORE INTO t0(c0) VALUES(NULL); -- 9ms;
REPLACE LOW_PRIORITY INTO t0(c0) VALUES(-755171686); -- 24ms;
REPLACE LOW_PRIORITY INTO t0(c0) VALUES(NULL), ("*K"), (-1469340096); -- 19ms;
INSERT IGNORE INTO t0(c0) VALUES(-1469340096), (907458852), (-755171686); -- 7ms;
select TABLE_NAME, ENGINE from information_schema.TABLES where table_schema = 'database8'; -- 2ms;
REPLACE DELAYED INTO t0(c0) VALUES(NULL); -- 8ms;
REPLACE INTO t0(c0) VALUES(""); -- 5ms;
REPLACE INTO t0(c0) VALUES(735117091); -- 10ms;
REPLACE LOW_PRIORITY INTO t0(c0) VALUES("?g"); -- 11ms;
INSERT HIGH_PRIORITY IGNORE INTO t0(c0) VALUES(NULL); -- 10ms;
select TABLE_NAME, ENGINE from information_schema.TABLES where table_schema = 'database8'; -- 2ms;
INSERT IGNORE INTO t0(c0) VALUES('-1469340096'); -- 7ms;
CREATE UNIQUE INDEX i0 USING BTREE ON t0((t0.c0)) ALGORITHM= COPY;