--java.lang.AssertionError: CREATE INDEX i0 USING HASH ON t1(((t1.c0) NOT IN (((t1.c1) NOT IN (NULL)) < (CAST(1654812084 AS SIGNED))))) ALGORITHM= COPY;
--	at sqlancer.common.query.SQLQueryAdapter.checkException(SQLQueryAdapter.java:111)
--	at sqlancer.common.query.SQLQueryAdapter.execute(SQLQueryAdapter.java:93)
--	at sqlancer.Main$QueryManager.execute(Main.java:265)
--	at sqlancer.GlobalState.executeStatement(GlobalState.java:108)
--	at sqlancer.StatementExecutor.executeStatements(StatementExecutor.java:70)
--	at sqlancer.mysql.MySQLProvider.generateDatabase(MySQLProvider.java:152)
--	at sqlancer.mysql.MySQLProvider.generateDatabase(MySQLProvider.java:1)
--	at sqlancer.ProviderAdapter.generateAndTestDatabase(ProviderAdapter.java:52)
--	at sqlancer.Main$DBMSExecutor.run(Main.java:364)
--	at sqlancer.Main$2.run(Main.java:559)
--	at sqlancer.Main$2.runThread(Main.java:541)
--	at sqlancer.Main$2.run(Main.java:532)
--	at java.base/java.util.concurrent.ThreadPoolExecutor.runWorker(ThreadPoolExecutor.java:1128)
--	at java.base/java.util.concurrent.ThreadPoolExecutor$Worker.run(ThreadPoolExecutor.java:628)
--	at java.base/java.lang.Thread.run(Thread.java:829)
--Caused by: java.sql.SQLSyntaxErrorException: You have an error in your SQL syntax; check the manual that corresponds to your MySQL server version for the right syntax to use near '((t1.c0) NOT IN (((t1.c1) NOT IN (NULL)) < (CAST(1654812084 AS SIGNED))))) ALGOR' at line 1
--	at com.mysql.cj.jdbc.exceptions.SQLError.createSQLException(SQLError.java:120)
--	at com.mysql.cj.jdbc.exceptions.SQLExceptionsMapping.translateException(SQLExceptionsMapping.java:122)
--	at com.mysql.cj.jdbc.StatementImpl.executeInternal(StatementImpl.java:763)
--	at com.mysql.cj.jdbc.StatementImpl.execute(StatementImpl.java:648)
--	at sqlancer.common.query.SQLQueryAdapter.execute(SQLQueryAdapter.java:87)
--	... 13 more
---- Time: 2023/06/01 18:30:18
-- Database: database58
-- Database version: 8.0.11
-- seed value: 1685637011048
DROP DATABASE IF EXISTS database58;
CREATE DATABASE database58;
USE database58;
CREATE TABLE IF NOT EXISTS t0(c0 MEDIUMINT  NULL STORAGE MEMORY UNIQUE KEY  COMMENT 'asdf' , c1 TEXT  COMMENT 'asdf'  STORAGE MEMORY COLUMN_FORMAT DYNAMIC) ;
CREATE TABLE t1(c0 LONGTEXT  COMMENT 'asdf' , c1 TINYTEXT   COMMENT 'asdf'  COLUMN_FORMAT DYNAMIC STORAGE MEMORY) ;
SET SESSION bulk_insert_buffer_size = 2867971908567966900;
INSERT IGNORE INTO t0(c1, c0) VALUES(NULL, 931764597);
select TABLE_NAME, ENGINE from information_schema.TABLES where table_schema = 'database58';
select TABLE_NAME, ENGINE from information_schema.TABLES where table_schema = 'database58';
INSERT HIGH_PRIORITY IGNORE INTO t0(c1) VALUES(NULL);
INSERT DELAYED IGNORE INTO t1(c1) VALUES(-1537262719);
INSERT HIGH_PRIORITY INTO t1(c0) VALUES(931764597);
select TABLE_NAME, ENGINE from information_schema.TABLES where table_schema = 'database58';
REPLACE DELAYED INTO t1(c1, c0) VALUES(-298545989, NULL);
SET SESSION max_seeks_for_key = 7375501501671554525;
