-- Time: 2023/06/01 18:31:34
-- Database: database82
-- Database version: 8.0.11
-- seed value: 1685637011072
DROP DATABASE IF EXISTS database82;
CREATE DATABASE database82;
USE database82;
CREATE TABLE t0(c0 BIGINT(213)  STORAGE DISK, c1 MEDIUMINT(75)  NULL  COLUMN_FORMAT DYNAMIC STORAGE MEMORY UNIQUE KEY COMMENT 'asdf' ) ; -- 37ms;
CREATE TABLE t1 LIKE t0; -- 50ms;
REPLACE INTO t0(c0) VALUES(-1979778467); -- 9ms;
INSERT DELAYED INTO t1(c1, c0) VALUES(950694597, "950694597"); -- 2ms;
INSERT IGNORE INTO t1(c0, c1) VALUES("950694597", NULL); -- 3ms;
ALTER TABLE t1 ; -- 5ms;
INSERT HIGH_PRIORITY INTO t1(c1) VALUES(355073776); -- 0ms;
REPLACE INTO t0(c0, c1) VALUES(NULL, NULL); -- 7ms;
REPLACE LOW_PRIORITY INTO t1(c0, c1) VALUES(-1979778467, NULL); -- 6ms;
DELETE LOW_PRIORITY QUICK IGNORE FROM t1 WHERE ( EXISTS (SELECT 1)) IS NOT FALSE; -- 6ms;
DELETE FROM t1; -- 0ms;
REPLACE DELAYED INTO t1(c1, c0) VALUES(NULL, -2015267989); -- 5ms;
INSERT DELAYED INTO t1(c0, c1) VALUES('-2015267989', '355073776'); -- 0ms;
REPLACE LOW_PRIORITY INTO t1(c1) VALUES(950694597); -- 1ms;
REPLACE INTO t0(c1) VALUES(NULL); -- 6ms;
INSERT LOW_PRIORITY INTO t1(c0) VALUES(NULL); -- 5ms;
CREATE INDEX i0 USING HASH ON t1((( EXISTS (SELECT 1 wHERE FALSE)) && (("HO") IN ((1619420730) IN (NULL)))), (NULL), (((CAST('<b~#w' AS SIGNED)) IN (NULL)) OR (t1.c0))) INVISIBLE;