--java.lang.AssertionError: CREATE INDEX i0 ON t0((536108727));
--	at sqlancer.common.query.SQLQueryAdapter.checkException(SQLQueryAdapter.java:111)
--	at sqlancer.common.query.SQLQueryAdapter.execute(SQLQueryAdapter.java:93)
--	at sqlancer.Main$QueryManager.execute(Main.java:265)
--	at sqlancer.GlobalState.executeStatement(GlobalState.java:108)
--	at sqlancer.StatementExecutor.executeStatements(StatementExecutor.java:70)
--	at sqlancer.mysql.MySQLProvider.generateDatabase(MySQLProvider.java:152)
--	at sqlancer.mysql.MySQLProvider.generateDatabase(MySQLProvider.java:1)
--	at sqlancer.ProviderAdapter.generateAndTestDatabase(ProviderAdapter.java:52)
--	at sqlancer.Main$DBMSExecutor.run(Main.java:364)
--	at sqlancer.Main$2.run(Main.java:559)
--	at sqlancer.Main$2.runThread(Main.java:541)
--	at sqlancer.Main$2.run(Main.java:532)
--	at java.base/java.util.concurrent.ThreadPoolExecutor.runWorker(ThreadPoolExecutor.java:1128)
--	at java.base/java.util.concurrent.ThreadPoolExecutor$Worker.run(ThreadPoolExecutor.java:628)
--	at java.base/java.lang.Thread.run(Thread.java:829)
--Caused by: java.sql.SQLSyntaxErrorException: You have an error in your SQL syntax; check the manual that corresponds to your MySQL server version for the right syntax to use near '(536108727))' at line 1
--	at com.mysql.cj.jdbc.exceptions.SQLError.createSQLException(SQLError.java:120)
--	at com.mysql.cj.jdbc.exceptions.SQLExceptionsMapping.translateException(SQLExceptionsMapping.java:122)
--	at com.mysql.cj.jdbc.StatementImpl.executeInternal(StatementImpl.java:763)
--	at com.mysql.cj.jdbc.StatementImpl.execute(StatementImpl.java:648)
--	at sqlancer.common.query.SQLQueryAdapter.execute(SQLQueryAdapter.java:87)
--	... 13 more
---- Time: 2023/06/01 18:31:20
-- Database: database66
-- Database version: 8.0.11
-- seed value: 1685637011056
DROP DATABASE IF EXISTS database66;
CREATE DATABASE database66;
USE database66;
CREATE TABLE IF NOT EXISTS t0(c0 MEDIUMTEXT  COMMENT 'asdf'  COLUMN_FORMAT DEFAULT  STORAGE MEMORY) ;
REPLACE LOW_PRIORITY INTO t0(c0) VALUES(57904397), (1160683779), (NULL);
SET SESSION myisam_stats_method = nulls_ignored;
REPLACE INTO t0(c0) VALUES("?");
REPLACE LOW_PRIORITY INTO t0(c0) VALUES('');
INSERT INTO t0(c0) VALUES(-1511069700), (525605831), ("");
DELETE QUICK IGNORE FROM t0 WHERE  EXISTS (SELECT 1 wHERE FALSE);
INSERT DELAYED INTO t0(c0) VALUES(1106329666), (NULL), (NULL);
select TABLE_NAME, ENGINE from information_schema.TABLES where table_schema = 'database66';
select TABLE_NAME, ENGINE from information_schema.TABLES where table_schema = 'database66';
INSERT LOW_PRIORITY INTO t0(c0) VALUES(NULL);
