--java.lang.AssertionError: CREATE INDEX i1 USING HASH ON t0((((CAST(t0.c0 AS SIGNED)) && (NULL)) < ((("w%pKA") > (NULL)) IS FALSE)));
--	at sqlancer.common.query.SQLQueryAdapter.checkException(SQLQueryAdapter.java:111)
--	at sqlancer.common.query.SQLQueryAdapter.execute(SQLQueryAdapter.java:93)
--	at sqlancer.Main$QueryManager.execute(Main.java:265)
--	at sqlancer.GlobalState.executeStatement(GlobalState.java:108)
--	at sqlancer.StatementExecutor.executeStatements(StatementExecutor.java:70)
--	at sqlancer.mysql.MySQLProvider.generateDatabase(MySQLProvider.java:152)
--	at sqlancer.mysql.MySQLProvider.generateDatabase(MySQLProvider.java:1)
--	at sqlancer.ProviderAdapter.generateAndTestDatabase(ProviderAdapter.java:52)
--	at sqlancer.Main$DBMSExecutor.run(Main.java:364)
--	at sqlancer.Main$2.run(Main.java:559)
--	at sqlancer.Main$2.runThread(Main.java:541)
--	at sqlancer.Main$2.run(Main.java:532)
--	at java.base/java.util.concurrent.ThreadPoolExecutor.runWorker(ThreadPoolExecutor.java:1128)
--	at java.base/java.util.concurrent.ThreadPoolExecutor$Worker.run(ThreadPoolExecutor.java:628)
--	at java.base/java.lang.Thread.run(Thread.java:829)
--Caused by: java.sql.SQLSyntaxErrorException: You have an error in your SQL syntax; check the manual that corresponds to your MySQL server version for the right syntax to use near '(((CAST(t0.c0 AS SIGNED)) && (NULL)) < ((("w%pKA") > (NULL)) IS FALSE)))' at line 1
--	at com.mysql.cj.jdbc.exceptions.SQLError.createSQLException(SQLError.java:120)
--	at com.mysql.cj.jdbc.exceptions.SQLExceptionsMapping.translateException(SQLExceptionsMapping.java:122)
--	at com.mysql.cj.jdbc.StatementImpl.executeInternal(StatementImpl.java:763)
--	at com.mysql.cj.jdbc.StatementImpl.execute(StatementImpl.java:648)
--	at sqlancer.common.query.SQLQueryAdapter.execute(SQLQueryAdapter.java:87)
--	... 13 more
---- Time: 2023/06/01 18:30:15
-- Database: database39
-- Database version: 8.0.11
-- seed value: 1685637011029
DROP DATABASE IF EXISTS database39;
CREATE DATABASE database39;
USE database39;
CREATE TABLE t0(c0 LONGTEXT , c1 MEDIUMINT(69)   UNIQUE) MIN_ROWS = 205036306304418431, KEY_BLOCK_SIZE = 25282;
CREATE TABLE IF NOT EXISTS t0(c0 MEDIUMTEXT  STORAGE MEMORY COMMENT 'asdf'  COLUMN_FORMAT DEFAULT) ;
CREATE UNIQUE INDEX i0 ON t0(c0(3) ASC) ALGORITHM= INPLACE;
select TABLE_NAME, ENGINE from information_schema.TABLES where table_schema = 'database39';
DELETE LOW_PRIORITY QUICK IGNORE FROM t0 WHERE 1119912197;
INSERT IGNORE INTO t0(c0) VALUES(NULL);
CHECKSUM TABLE t0 EXTENDED;
INSERT LOW_PRIORITY IGNORE INTO t0(c0) VALUES("J");
INSERT LOW_PRIORITY IGNORE INTO t0(c0) VALUES(1119912197);
ALTER TABLE t0 ;
REPLACE DELAYED INTO t0(c0) VALUES(NULL);
REPLACE LOW_PRIORITY INTO t0(c0) VALUES(-2112509051);
REPLACE INTO t0(c0) VALUES(127532984), (NULL), (NULL);
INSERT INTO t0(c0) VALUES(NULL);
REPLACE DELAYED INTO t0(c0) VALUES(-813087615);
REPLACE DELAYED INTO t0(c0) VALUES(1260061157);
select TABLE_NAME, ENGINE from information_schema.TABLES where table_schema = 'database39';
REPLACE DELAYED INTO t0(c0) VALUES(NULL);
DELETE IGNORE FROM t0;
