--java.lang.AssertionError: ALTER TABLE t0 STATS_AUTO_RECALC DEFAULT, ROW_FORMAT REDUNDANT, RENAME t2, ALGORITHM INSTANT, CHECKSUM 1, INSERT_METHOD FIRST, DELAY_KEY_WRITE 1, PACK_KEYS 0, COMPRESSION 'LZ4', FORCE, STATS_PERSISTENT 0, ENABLE KEYS;
--	at sqlancer.common.query.SQLQueryAdapter.checkException(SQLQueryAdapter.java:111)
--	at sqlancer.common.query.SQLQueryAdapter.execute(SQLQueryAdapter.java:93)
--	at sqlancer.Main$QueryManager.execute(Main.java:265)
--	at sqlancer.GlobalState.executeStatement(GlobalState.java:108)
--	at sqlancer.StatementExecutor.executeStatements(StatementExecutor.java:70)
--	at sqlancer.mysql.MySQLProvider.generateDatabase(MySQLProvider.java:152)
--	at sqlancer.mysql.MySQLProvider.generateDatabase(MySQLProvider.java:1)
--	at sqlancer.ProviderAdapter.generateAndTestDatabase(ProviderAdapter.java:52)
--	at sqlancer.Main$DBMSExecutor.run(Main.java:364)
--	at sqlancer.Main$2.run(Main.java:559)
--	at sqlancer.Main$2.runThread(Main.java:541)
--	at sqlancer.Main$2.run(Main.java:532)
--	at java.base/java.util.concurrent.ThreadPoolExecutor.runWorker(ThreadPoolExecutor.java:1128)
--	at java.base/java.util.concurrent.ThreadPoolExecutor$Worker.run(ThreadPoolExecutor.java:628)
--	at java.base/java.lang.Thread.run(Thread.java:829)
--Caused by: java.sql.SQLException: Unknown ALGORITHM 'INSTANT'
--	at com.mysql.cj.jdbc.exceptions.SQLError.createSQLException(SQLError.java:129)
--	at com.mysql.cj.jdbc.exceptions.SQLExceptionsMapping.translateException(SQLExceptionsMapping.java:122)
--	at com.mysql.cj.jdbc.StatementImpl.executeInternal(StatementImpl.java:763)
--	at com.mysql.cj.jdbc.StatementImpl.execute(StatementImpl.java:648)
--	at sqlancer.common.query.SQLQueryAdapter.execute(SQLQueryAdapter.java:87)
--	... 13 more
---- Time: 2023/06/01 18:30:15
-- Database: database37
-- Database version: 8.0.11
-- seed value: 1685637011027
DROP DATABASE IF EXISTS database37;
CREATE DATABASE database37;
USE database37;
CREATE TABLE IF NOT EXISTS t0(c0 MEDIUMINT  STORAGE MEMORY COLUMN_FORMAT DEFAULT PRIMARY KEY UNIQUE COMMENT 'asdf'  NOT NULL) ;
CREATE TABLE t1(c0 TINYTEXT  STORAGE DISK, c1 MEDIUMTEXT ) ;
select TABLE_NAME, ENGINE from information_schema.TABLES where table_schema = 'database37';
ALTER TABLE t0 STATS_PERSISTENT 1, ENABLE KEYS, DELAY_KEY_WRITE 1, ROW_FORMAT COMPACT, ALGORITHM COPY, FORCE, CHECKSUM 0, INSERT_METHOD LAST, PACK_KEYS DEFAULT, STATS_AUTO_RECALC DEFAULT;
REPLACE DELAYED INTO t1(c0) VALUES('m?KT');
TRUNCATE TABLE t1;
select TABLE_NAME, ENGINE from information_schema.TABLES where table_schema = 'database37';
