--java.lang.AssertionError: CREATE UNIQUE INDEX i0 USING BTREE ON t0((( EXISTS (SELECT 1 wHERE FALSE)) IS NULL)) ALGORITHM INPLACE;
--	at sqlancer.common.query.SQLQueryAdapter.checkException(SQLQueryAdapter.java:111)
--	at sqlancer.common.query.SQLQueryAdapter.execute(SQLQueryAdapter.java:93)
--	at sqlancer.Main$QueryManager.execute(Main.java:265)
--	at sqlancer.GlobalState.executeStatement(GlobalState.java:108)
--	at sqlancer.StatementExecutor.executeStatements(StatementExecutor.java:70)
--	at sqlancer.mysql.MySQLProvider.generateDatabase(MySQLProvider.java:152)
--	at sqlancer.mysql.MySQLProvider.generateDatabase(MySQLProvider.java:1)
--	at sqlancer.ProviderAdapter.generateAndTestDatabase(ProviderAdapter.java:52)
--	at sqlancer.Main$DBMSExecutor.run(Main.java:364)
--	at sqlancer.Main$2.run(Main.java:559)
--	at sqlancer.Main$2.runThread(Main.java:541)
--	at sqlancer.Main$2.run(Main.java:532)
--	at java.base/java.util.concurrent.ThreadPoolExecutor.runWorker(ThreadPoolExecutor.java:1128)
--	at java.base/java.util.concurrent.ThreadPoolExecutor$Worker.run(ThreadPoolExecutor.java:628)
--	at java.base/java.lang.Thread.run(Thread.java:829)
--Caused by: java.sql.SQLSyntaxErrorException: You have an error in your SQL syntax; check the manual that corresponds to your MySQL server version for the right syntax to use near '(( EXISTS (SELECT 1 wHERE FALSE)) IS NULL)) ALGORITHM INPLACE' at line 1
--	at com.mysql.cj.jdbc.exceptions.SQLError.createSQLException(SQLError.java:120)
--	at com.mysql.cj.jdbc.exceptions.SQLExceptionsMapping.translateException(SQLExceptionsMapping.java:122)
--	at com.mysql.cj.jdbc.StatementImpl.executeInternal(StatementImpl.java:763)
--	at com.mysql.cj.jdbc.StatementImpl.execute(StatementImpl.java:648)
--	at sqlancer.common.query.SQLQueryAdapter.execute(SQLQueryAdapter.java:87)
--	... 13 more
---- Time: 2023/06/01 18:35:27
-- Database: database97
-- Database version: 8.0.11
-- seed value: 1685637011087
DROP DATABASE IF EXISTS database97;
CREATE DATABASE database97;
USE database97;
CREATE TABLE IF NOT EXISTS t0(c0 TEXT , c1 INT(27)  COLUMN_FORMAT FIXED STORAGE DISK, c2 TINYTEXT  COLUMN_FORMAT DYNAMIC COMMENT 'asdf'  STORAGE MEMORY) ;
CREATE TABLE t1 LIKE t0;
REPLACE INTO t0(c1, c2) VALUES(1588299442, '');
select TABLE_NAME, ENGINE from information_schema.TABLES where table_schema = 'database97';
REPLACE INTO t1(c1) VALUES(491166922), ("^(!g*75Ib"), (NULL);
REPLACE DELAYED INTO t1(c2, c1) VALUES(-1659636643, -1260796032);
