--java.lang.AssertionError: CREATE INDEX i0 USING HASH ON t0((CAST(NULL AS SIGNED)));
--	at sqlancer.common.query.SQLQueryAdapter.checkException(SQLQueryAdapter.java:111)
--	at sqlancer.common.query.SQLQueryAdapter.execute(SQLQueryAdapter.java:93)
--	at sqlancer.Main$QueryManager.execute(Main.java:265)
--	at sqlancer.GlobalState.executeStatement(GlobalState.java:108)
--	at sqlancer.StatementExecutor.executeStatements(StatementExecutor.java:70)
--	at sqlancer.mysql.MySQLProvider.generateDatabase(MySQLProvider.java:152)
--	at sqlancer.mysql.MySQLProvider.generateDatabase(MySQLProvider.java:1)
--	at sqlancer.ProviderAdapter.generateAndTestDatabase(ProviderAdapter.java:52)
--	at sqlancer.Main$DBMSExecutor.run(Main.java:364)
--	at sqlancer.Main$2.run(Main.java:559)
--	at sqlancer.Main$2.runThread(Main.java:541)
--	at sqlancer.Main$2.run(Main.java:532)
--	at java.base/java.util.concurrent.ThreadPoolExecutor.runWorker(ThreadPoolExecutor.java:1128)
--	at java.base/java.util.concurrent.ThreadPoolExecutor$Worker.run(ThreadPoolExecutor.java:628)
--	at java.base/java.lang.Thread.run(Thread.java:829)
--Caused by: java.sql.SQLSyntaxErrorException: You have an error in your SQL syntax; check the manual that corresponds to your MySQL server version for the right syntax to use near '(CAST(NULL AS SIGNED)))' at line 1
--	at com.mysql.cj.jdbc.exceptions.SQLError.createSQLException(SQLError.java:120)
--	at com.mysql.cj.jdbc.exceptions.SQLExceptionsMapping.translateException(SQLExceptionsMapping.java:122)
--	at com.mysql.cj.jdbc.StatementImpl.executeInternal(StatementImpl.java:763)
--	at com.mysql.cj.jdbc.StatementImpl.execute(StatementImpl.java:648)
--	at sqlancer.common.query.SQLQueryAdapter.execute(SQLQueryAdapter.java:87)
--	... 13 more
---- Time: 2023/06/01 18:30:12
-- Database: database16
-- Database version: 8.0.11
-- seed value: 1685637011005
DROP DATABASE IF EXISTS database16;
CREATE DATABASE database16;
USE database16;
CREATE TABLE IF NOT EXISTS t0(c0 LONGTEXT  COLUMN_FORMAT DYNAMIC) ;
DELETE FROM t0;
select TABLE_NAME, ENGINE from information_schema.TABLES where table_schema = 'database16';
select TABLE_NAME, ENGINE from information_schema.TABLES where table_schema = 'database16';
CHECKSUM TABLE t0 EXTENDED;
ANALYZE LOCAL TABLE t0;
ALTER TABLE t0 RENAME t0, PACK_KEYS 0, COMPRESSION 'NONE', CHECKSUM 1;
REPLACE INTO t0(c0) VALUES(1359623044);
SET SESSION optimizer_search_depth = 39;
ALTER TABLE t0 INSERT_METHOD NO, DISABLE KEYS, CHECKSUM 0;
CREATE INDEX i0 USING HASH ON t0(c0 DESC) ALGORITHM= DEFAULT;
