--java.lang.AssertionError: ALTER TABLE t0 RENAME t0, PACK_KEYS 0, DELAY_KEY_WRITE 0, ALGORITHM INSTANT;
--	at sqlancer.common.query.SQLQueryAdapter.checkException(SQLQueryAdapter.java:111)
--	at sqlancer.common.query.SQLQueryAdapter.execute(SQLQueryAdapter.java:93)
--	at sqlancer.Main$QueryManager.execute(Main.java:265)
--	at sqlancer.GlobalState.executeStatement(GlobalState.java:108)
--	at sqlancer.StatementExecutor.executeStatements(StatementExecutor.java:70)
--	at sqlancer.mysql.MySQLProvider.generateDatabase(MySQLProvider.java:152)
--	at sqlancer.mysql.MySQLProvider.generateDatabase(MySQLProvider.java:1)
--	at sqlancer.ProviderAdapter.generateAndTestDatabase(ProviderAdapter.java:52)
--	at sqlancer.Main$DBMSExecutor.run(Main.java:364)
--	at sqlancer.Main$2.run(Main.java:559)
--	at sqlancer.Main$2.runThread(Main.java:541)
--	at sqlancer.Main$2.run(Main.java:532)
--	at java.base/java.util.concurrent.ThreadPoolExecutor.runWorker(ThreadPoolExecutor.java:1128)
--	at java.base/java.util.concurrent.ThreadPoolExecutor$Worker.run(ThreadPoolExecutor.java:628)
--	at java.base/java.lang.Thread.run(Thread.java:829)
--Caused by: java.sql.SQLException: Unknown ALGORITHM 'INSTANT'
--	at com.mysql.cj.jdbc.exceptions.SQLError.createSQLException(SQLError.java:129)
--	at com.mysql.cj.jdbc.exceptions.SQLExceptionsMapping.translateException(SQLExceptionsMapping.java:122)
--	at com.mysql.cj.jdbc.StatementImpl.executeInternal(StatementImpl.java:763)
--	at com.mysql.cj.jdbc.StatementImpl.execute(StatementImpl.java:648)
--	at sqlancer.common.query.SQLQueryAdapter.execute(SQLQueryAdapter.java:87)
--	... 13 more
---- Time: 2023/06/01 18:30:13
-- Database: database28
-- Database version: 8.0.11
-- seed value: 1685637011018
DROP DATABASE IF EXISTS database28;
CREATE DATABASE database28;
USE database28;
CREATE TABLE t0(c0 MEDIUMTEXT  COMMENT 'asdf'  COLUMN_FORMAT DEFAULT STORAGE DISK NULL, c1 MEDIUMINT  UNIQUE KEY COLUMN_FORMAT FIXED COMMENT 'asdf'  STORAGE DISK ) ;
select TABLE_NAME, ENGINE from information_schema.TABLES where table_schema = 'database28';
CHECKSUM TABLE t0;
REPLACE INTO t0(c0, c1) VALUES(NULL, NULL), (1492239498, 1492239498), ("?l?FJDts#", NULL);
INSERT IGNORE INTO t0(c1, c0) VALUES(NULL, NULL);
select TABLE_NAME, ENGINE from information_schema.TABLES where table_schema = 'database28';
SET SESSION internal_tmp_mem_storage_engine = MEMORY;
