-- Time: 2023/06/01 18:30:12
-- Database: database24
-- Database version: 8.0.11
-- seed value: 1685637011014
DROP DATABASE IF EXISTS database24;
CREATE DATABASE database24;
USE database24;
CREATE TABLE IF NOT EXISTS t0(c0 MEDIUMINT  NULL UNIQUE KEY COMMENT 'asdf'   COLUMN_FORMAT DYNAMIC, c1 TEXT  COMMENT 'asdf'  COLUMN_FORMAT FIXED STORAGE MEMORY ) ; -- 218ms;
CREATE UNIQUE INDEX i0 USING BTREE ON t0(c1(4) DESC) INVISIBLE ALGORITHM COPY; -- 796ms;
CREATE UNIQUE INDEX i1 USING HASH ON t0(c0 ASC) ALGORITHM= COPY; -- 1ms;
CREATE UNIQUE INDEX i1 ON t0(c0, c1(2) DESC); -- 111ms;
DELETE QUICK FROM t0; -- 2ms;
INSERT HIGH_PRIORITY INTO t0(c1) VALUES(NULL); -- 7ms;
SET SESSION optimizer_prune_level = 1; -- 0ms;
select TABLE_NAME, ENGINE from information_schema.TABLES where table_schema = 'database24'; -- 2ms;
REPLACE LOW_PRIORITY INTO t0(c0, c1) VALUES("??", NULL); -- 1ms;
REPLACE LOW_PRIORITY INTO t0(c0) VALUES(-1138495380); -- 0ms;
INSERT INTO t0(c1, c0) VALUES('', 431661798); -- 0ms;
REPLACE INTO t0(c1, c0) VALUES(-1207085395, 1516915991); -- 1ms;
REPLACE LOW_PRIORITY INTO t0(c1, c0) VALUES('?.JJIgR>?', NULL); -- 19ms;
CREATE UNIQUE INDEX i2 USING HASH ON t0(c0 ASC); -- 1ms;
CREATE UNIQUE INDEX i2 USING HASH ON t0(( EXISTS (SELECT 1)), (t0.c0));