--java.lang.AssertionError: CREATE UNIQUE INDEX i2 ON t0(((! (BIT_COUNT(-1506693626)))), (NULL)) ALGORITHM INPLACE;
--	at sqlancer.common.query.SQLQueryAdapter.checkException(SQLQueryAdapter.java:111)
--	at sqlancer.common.query.SQLQueryAdapter.execute(SQLQueryAdapter.java:93)
--	at sqlancer.Main$QueryManager.execute(Main.java:265)
--	at sqlancer.GlobalState.executeStatement(GlobalState.java:108)
--	at sqlancer.StatementExecutor.executeStatements(StatementExecutor.java:70)
--	at sqlancer.mysql.MySQLProvider.generateDatabase(MySQLProvider.java:152)
--	at sqlancer.mysql.MySQLProvider.generateDatabase(MySQLProvider.java:1)
--	at sqlancer.ProviderAdapter.generateAndTestDatabase(ProviderAdapter.java:52)
--	at sqlancer.Main$DBMSExecutor.run(Main.java:364)
--	at sqlancer.Main$2.run(Main.java:559)
--	at sqlancer.Main$2.runThread(Main.java:541)
--	at sqlancer.Main$2.run(Main.java:532)
--	at java.base/java.util.concurrent.ThreadPoolExecutor.runWorker(ThreadPoolExecutor.java:1128)
--	at java.base/java.util.concurrent.ThreadPoolExecutor$Worker.run(ThreadPoolExecutor.java:628)
--	at java.base/java.lang.Thread.run(Thread.java:829)
--Caused by: java.sql.SQLSyntaxErrorException: You have an error in your SQL syntax; check the manual that corresponds to your MySQL server version for the right syntax to use near '((! (BIT_COUNT(-1506693626)))), (NULL)) ALGORITHM INPLACE' at line 1
--	at com.mysql.cj.jdbc.exceptions.SQLError.createSQLException(SQLError.java:120)
--	at com.mysql.cj.jdbc.exceptions.SQLExceptionsMapping.translateException(SQLExceptionsMapping.java:122)
--	at com.mysql.cj.jdbc.StatementImpl.executeInternal(StatementImpl.java:763)
--	at com.mysql.cj.jdbc.StatementImpl.execute(StatementImpl.java:648)
--	at sqlancer.common.query.SQLQueryAdapter.execute(SQLQueryAdapter.java:87)
--	... 13 more
---- Time: 2023/06/01 18:31:20
-- Database: database64
-- Database version: 8.0.11
-- seed value: 1685637011054
DROP DATABASE IF EXISTS database64;
CREATE DATABASE database64;
USE database64;
CREATE TABLE IF NOT EXISTS t0(c0 SMALLINT  COLUMN_FORMAT FIXED UNIQUE KEY  COMMENT 'asdf'  STORAGE DISK , c1 BIGINT(47)  ) ;
REPLACE INTO t0(c0, c1) VALUES('', 'J?');
INSERT HIGH_PRIORITY IGNORE INTO t0(c1, c0) VALUES('OayhX*-+', NULL);
REPLACE DELAYED INTO t0(c0) VALUES('j?'), (NULL), (125676863);
REPLACE INTO t0(c0) VALUES(-1242853678);
INSERT HIGH_PRIORITY INTO t0(c0) VALUES(1193775632);
INSERT DELAYED IGNORE INTO t0(c0, c1) VALUES(NULL, -1507306136);
CREATE UNIQUE INDEX i0 USING BTREE ON t0(c0) INVISIBLE ALGORITHM INPLACE;
INSERT IGNORE INTO t0(c1) VALUES(NULL), (NULL), (NULL);
DELETE IGNORE FROM t0;
REPLACE DELAYED INTO t0(c0) VALUES(1542741197);
REPLACE DELAYED INTO t0(c1, c0) VALUES(NULL, 1508690638);
REPLACE DELAYED INTO t0(c0) VALUES(-1);
CHECK TABLE t0 CHANGED EXTENDED FOR UPGRADE FAST QUICK MEDIUM;
REPLACE INTO t0(c1, c0) VALUES(NULL, -1229436284);
REPLACE LOW_PRIORITY INTO t0(c0, c1) VALUES(122664876, 927966308);
REPLACE INTO t0(c0, c1) VALUES("?g|<~}D", 1991824942);
INSERT IGNORE INTO t0(c0) VALUES("");
REPLACE INTO t0(c1, c0) VALUES(125676863, NULL);
REPLACE LOW_PRIORITY INTO t0(c0, c1) VALUES(NULL, "r1");
REPLACE DELAYED INTO t0(c1, c0) VALUES('u', NULL);
INSERT HIGH_PRIORITY INTO t0(c0) VALUES(NULL);
REPLACE INTO t0(c0) VALUES(-1721872136);
INSERT IGNORE INTO t0(c1) VALUES(NULL);
DELETE LOW_PRIORITY IGNORE FROM t0 WHERE t0.c1;
INSERT IGNORE INTO t0(c1, c0) VALUES(NULL, "u");
CREATE INDEX i1 USING BTREE ON t0(c1 DESC, c0) INVISIBLE;
REPLACE DELAYED INTO t0(c0) VALUES("pZ");
REPLACE INTO t0(c1, c0) VALUES('?c-J)UF?', NULL);
INSERT HIGH_PRIORITY IGNORE INTO t0(c0, c1) VALUES('K*?Dls?.', NULL);
REPLACE INTO t0(c0) VALUES(1993528751);
REPLACE INTO t0(c1, c0) VALUES(NULL, -340087016);
INSERT INTO t0(c1, c0) VALUES(NULL, 'rD');
INSERT IGNORE INTO t0(c1, c0) VALUES(NULL, "122664876");
INSERT INTO t0(c0) VALUES(122664876);
INSERT HIGH_PRIORITY INTO t0(c0, c1) VALUES(422217223, NULL);
INSERT LOW_PRIORITY INTO t0(c1) VALUES(1708171759);
REPLACE DELAYED INTO t0(c1) VALUES("zE|K");
REPLACE INTO t0(c1, c0) VALUES(NULL, 'Mqa9?	Wz'), (NULL, NULL), (1993528751, "oayhx*-+");
INSERT DELAYED INTO t0(c0, c1) VALUES(-1450952755, 1345937649);
INSERT DELAYED IGNORE INTO t0(c0, c1) VALUES(NULL, NULL), (1527472991, NULL), (92911336, -1218550469);
REPLACE INTO t0(c1, c0) VALUES('927966308', '');
INSERT IGNORE INTO t0(c0) VALUES(1231470877);
DELETE LOW_PRIORITY FROM t0;
INSERT IGNORE INTO t0(c0, c1) VALUES(-706358610, NULL);
REPLACE INTO t0(c0) VALUES("3aO?"), (1891475668), (NULL);
REPLACE DELAYED INTO t0(c1, c0) VALUES(878397268, NULL), ('', '1542741197'), (1193775632, 927966308), (1737891149, "9N"), ('-I)', NULL);
INSERT DELAYED IGNORE INTO t0(c1, c0) VALUES(NULL, NULL);
INSERT DELAYED INTO t0(c0, c1) VALUES(-1218550469, NULL);
INSERT HIGH_PRIORITY INTO t0(c1, c0) VALUES('', 130105458);
INSERT IGNORE INTO t0(c1, c0) VALUES(NULL, NULL), (1954343441, 1132533610), ("?C-J)UF?", NULL), (1144303217, 1737891149), (460641469, NULL);
SET SESSION query_alloc_block_size = 2144876780;
INSERT LOW_PRIORITY IGNORE INTO t0(c0) VALUES(NULL);
REPLACE LOW_PRIORITY INTO t0(c1, c0) VALUES(460641469, NULL), (-706358610, -1886937678), (NULL, -1779339177);
REPLACE LOW_PRIORITY INTO t0(c0) VALUES(-1758127713), (',x\rso'), ('HOe3b?');
REPLACE INTO t0(c1, c0) VALUES(NULL, 1581469704), (NULL, -1499254465), (345717168, NULL);
REPLACE LOW_PRIORITY INTO t0(c0) VALUES(NULL), (-1911307859), (NULL);
REPLACE LOW_PRIORITY INTO t0(c0) VALUES('1991824942');
REPLACE INTO t0(c1, c0) VALUES('-1779339177', '0CQ 	');
REPLACE LOW_PRIORITY INTO t0(c1, c0) VALUES(NULL, 92911336);
REPLACE INTO t0(c1) VALUES(NULL);
INSERT HIGH_PRIORITY INTO t0(c0) VALUES("1132533610"), (NULL), (NULL);
REPLACE LOW_PRIORITY INTO t0(c0) VALUES(167287665);
INSERT IGNORE INTO t0(c0) VALUES('-1450952755');
INSERT LOW_PRIORITY INTO t0(c0, c1) VALUES('', 125676863);
REPLACE INTO t0(c0) VALUES(-1329317110);
INSERT IGNORE INTO t0(c1, c0) VALUES(1647204715, 1991726179);
REPLACE LOW_PRIORITY INTO t0(c1) VALUES(1510307166);
REPLACE INTO t0(c1) VALUES(1467770603);
REPLACE INTO t0(c0, c1) VALUES(NULL, "1991824942"), (-1033326402, NULL), (-1525336193, NULL);
REPLACE LOW_PRIORITY INTO t0(c1, c0) VALUES(1759730792, 422217223);
INSERT IGNORE INTO t0(c1, c0) VALUES("K*?Dls?.", 1467770603);
REPLACE LOW_PRIORITY INTO t0(c0) VALUES(''), (NULL), ("");
REPLACE INTO t0(c1) VALUES(-1373800003), (122086119), (NULL);
SET SESSION autocommit = 1;
INSERT INTO t0(c1) VALUES(NULL);
DELETE LOW_PRIORITY QUICK FROM t0 WHERE CAST(GREATEST(t0.c1, NULL, t0.c0, t0.c1) AS SIGNED);
