--java.lang.AssertionError: ALTER TABLE t0 FORCE, ROW_FORMAT REDUNDANT, PACK_KEYS 0, CHECKSUM 0, STATS_AUTO_RECALC DEFAULT, ALGORITHM INSTANT;
--	at sqlancer.common.query.SQLQueryAdapter.checkException(SQLQueryAdapter.java:111)
--	at sqlancer.common.query.SQLQueryAdapter.execute(SQLQueryAdapter.java:93)
--	at sqlancer.Main$QueryManager.execute(Main.java:265)
--	at sqlancer.GlobalState.executeStatement(GlobalState.java:108)
--	at sqlancer.StatementExecutor.executeStatements(StatementExecutor.java:70)
--	at sqlancer.mysql.MySQLProvider.generateDatabase(MySQLProvider.java:152)
--	at sqlancer.mysql.MySQLProvider.generateDatabase(MySQLProvider.java:1)
--	at sqlancer.ProviderAdapter.generateAndTestDatabase(ProviderAdapter.java:52)
--	at sqlancer.Main$DBMSExecutor.run(Main.java:364)
--	at sqlancer.Main$2.run(Main.java:559)
--	at sqlancer.Main$2.runThread(Main.java:541)
--	at sqlancer.Main$2.run(Main.java:532)
--	at java.base/java.util.concurrent.ThreadPoolExecutor.runWorker(ThreadPoolExecutor.java:1128)
--	at java.base/java.util.concurrent.ThreadPoolExecutor$Worker.run(ThreadPoolExecutor.java:628)
--	at java.base/java.lang.Thread.run(Thread.java:829)
--Caused by: java.sql.SQLException: Unknown ALGORITHM 'INSTANT'
--	at com.mysql.cj.jdbc.exceptions.SQLError.createSQLException(SQLError.java:129)
--	at com.mysql.cj.jdbc.exceptions.SQLExceptionsMapping.translateException(SQLExceptionsMapping.java:122)
--	at com.mysql.cj.jdbc.StatementImpl.executeInternal(StatementImpl.java:763)
--	at com.mysql.cj.jdbc.StatementImpl.execute(StatementImpl.java:648)
--	at sqlancer.common.query.SQLQueryAdapter.execute(SQLQueryAdapter.java:87)
--	... 13 more
---- Time: 2023/06/01 18:30:16
-- Database: database45
-- Database version: 8.0.11
-- seed value: 1685637011035
DROP DATABASE IF EXISTS database45;
CREATE DATABASE database45;
USE database45;
CREATE TABLE IF NOT EXISTS t0(c0 VARCHAR(500)  COMMENT 'asdf' , c1 MEDIUMTEXT ) ;
INSERT INTO t0(c1) VALUES(-378767746);
DELETE LOW_PRIORITY QUICK FROM t0 WHERE t0.c1;
INSERT HIGH_PRIORITY INTO t0(c0, c1) VALUES(NULL, NULL);
DELETE IGNORE FROM t0;
INSERT DELAYED INTO t0(c1, c0) VALUES(-378767746, -44094134);
REPLACE LOW_PRIORITY INTO t0(c1, c0) VALUES(']+p', NULL);
ALTER TABLE t0 CHECKSUM 1, ROW_FORMAT DYNAMIC, ENABLE KEYS, ALGORITHM INPLACE, COMPRESSION 'LZ4', INSERT_METHOD NO, FORCE, STATS_AUTO_RECALC 0, STATS_PERSISTENT 0, DROP c0, DELAY_KEY_WRITE 0, PACK_KEYS 1;
