-- Time: 2023/06/01 18:30:17
-- Database: database53
-- Database version: 8.0.11
-- seed value: 1685637011043
DROP DATABASE IF EXISTS database53;
CREATE DATABASE database53;
USE database53;
CREATE TABLE IF NOT EXISTS t0(c0 MEDIUMTEXT  NULL) ; -- 152ms;
CREATE TABLE IF NOT EXISTS t1 LIKE t0; -- 101ms;
REPLACE LOW_PRIORITY INTO t1(c0) VALUES(NULL); -- 24ms;
DELETE QUICK FROM t1 WHERE t1.c0; -- 1ms;
INSERT INTO t0(c0) VALUES(38290873); -- 7ms;
DELETE QUICK IGNORE FROM t0; -- 15ms;
REPLACE LOW_PRIORITY INTO t0(c0) VALUES(""); -- 12ms;
DELETE QUICK FROM t1; -- 8ms;
ANALYZE NO_WRITE_TO_BINLOG TABLE t1 DROP HISTOGRAM ON c0; -- 0ms;
ALTER TABLE t1 PACK_KEYS 1, STATS_PERSISTENT 0, STATS_AUTO_RECALC 1, COMPRESSION 'LZ4', ALGORITHM DEFAULT; -- 30ms;
SET SESSION join_buffer_size = 6681186210970258349; -- 1ms;
DELETE QUICK IGNORE FROM t1; -- 0ms;
ALTER TABLE t1 FORCE, ROW_FORMAT REDUNDANT, STATS_PERSISTENT 1, PACK_KEYS 0, INSERT_METHOD LAST, STATS_AUTO_RECALC 1, ALGORITHM COPY, RENAME AS t0, COMPRESSION 'LZ4', CHECKSUM 1, DELAY_KEY_WRITE 1, DISABLE KEYS; -- 1ms;
ALTER TABLE t1 STATS_AUTO_RECALC 1, DISABLE KEYS, CHECKSUM 0, INSERT_METHOD LAST, RENAME TO t0, ALGORITHM INSTANT, FORCE, PACK_KEYS 1, COMPRESSION 'LZ4', DELAY_KEY_WRITE 0, STATS_PERSISTENT 0, ROW_FORMAT FIXED;