--java.lang.AssertionError: CREATE UNIQUE INDEX i14 USING BTREE ON t0((IF((t0.c0) || (t0.c0), " ?Y?ax,?.",  EXISTS (SELECT 1)))) VISIBLE;
--	at sqlancer.common.query.SQLQueryAdapter.checkException(SQLQueryAdapter.java:111)
--	at sqlancer.common.query.SQLQueryAdapter.execute(SQLQueryAdapter.java:93)
--	at sqlancer.Main$QueryManager.execute(Main.java:265)
--	at sqlancer.GlobalState.executeStatement(GlobalState.java:108)
--	at sqlancer.StatementExecutor.executeStatements(StatementExecutor.java:70)
--	at sqlancer.mysql.MySQLProvider.generateDatabase(MySQLProvider.java:152)
--	at sqlancer.mysql.MySQLProvider.generateDatabase(MySQLProvider.java:1)
--	at sqlancer.ProviderAdapter.generateAndTestDatabase(ProviderAdapter.java:52)
--	at sqlancer.Main$DBMSExecutor.run(Main.java:364)
--	at sqlancer.Main$2.run(Main.java:559)
--	at sqlancer.Main$2.runThread(Main.java:541)
--	at sqlancer.Main$2.run(Main.java:532)
--	at java.base/java.util.concurrent.ThreadPoolExecutor.runWorker(ThreadPoolExecutor.java:1128)
--	at java.base/java.util.concurrent.ThreadPoolExecutor$Worker.run(ThreadPoolExecutor.java:628)
--	at java.base/java.lang.Thread.run(Thread.java:829)
--Caused by: java.sql.SQLSyntaxErrorException: You have an error in your SQL syntax; check the manual that corresponds to your MySQL server version for the right syntax to use near '(IF((t0.c0) || (t0.c0), " ?Y?ax,?.",  EXISTS (SELECT 1)))) VISIBLE' at line 1
--	at com.mysql.cj.jdbc.exceptions.SQLError.createSQLException(SQLError.java:120)
--	at com.mysql.cj.jdbc.exceptions.SQLExceptionsMapping.translateException(SQLExceptionsMapping.java:122)
--	at com.mysql.cj.jdbc.StatementImpl.executeInternal(StatementImpl.java:763)
--	at com.mysql.cj.jdbc.StatementImpl.execute(StatementImpl.java:648)
--	at sqlancer.common.query.SQLQueryAdapter.execute(SQLQueryAdapter.java:87)
--	... 13 more
---- Time: 2023/06/01 18:30:17
-- Database: database51
-- Database version: 8.0.11
-- seed value: 1685637011041
DROP DATABASE IF EXISTS database51;
CREATE DATABASE database51;
USE database51;
CREATE TABLE t0(c0 TINYINT ) ;
INSERT INTO t0(c0) VALUES(NULL);
select TABLE_NAME, ENGINE from information_schema.TABLES where table_schema = 'database51';
REPLACE LOW_PRIORITY INTO t0(c0) VALUES(1838591809);
INSERT HIGH_PRIORITY INTO t0(c0) VALUES('1838591809');
REPLACE LOW_PRIORITY INTO t0(c0) VALUES(1838591809);
INSERT DELAYED INTO t0(c0) VALUES("[b,c??");
REPLACE LOW_PRIORITY INTO t0(c0) VALUES(1838591809), (437802877), ("1838591809");
REPLACE LOW_PRIORITY INTO t0(c0) VALUES("]");
REPLACE LOW_PRIORITY INTO t0(c0) VALUES(NULL);
CREATE UNIQUE INDEX i0 USING BTREE ON t0(c0 DESC) ALGORITHM INPLACE;
REPLACE INTO t0(c0) VALUES("1838591809");
INSERT IGNORE INTO t0(c0) VALUES(437802877), (1071602357), (NULL);
INSERT HIGH_PRIORITY IGNORE INTO t0(c0) VALUES(1838591809);
