-- Time: 2023/06/01 18:30:13
-- Database: database0
-- Database version: 8.0.11
-- seed value: 1685637010973
DROP DATABASE IF EXISTS database0;
CREATE DATABASE database0;
USE database0;
CREATE TABLE t0(c0 TINYINT(126) ) ; -- 217ms;
CREATE TABLE IF NOT EXISTS t1(c0 LONGTEXT  COLUMN_FORMAT DEFAULT COMMENT 'asdf'  ) ; -- 81ms;
CREATE INDEX i0 ON t0(c0); -- 176ms;
CHECK TABLE t0 ; -- 0ms;
ALTER TABLE t1 RENAME TO t2, INSERT_METHOD FIRST, DISABLE KEYS, COMPRESSION 'NONE', ROW_FORMAT COMPRESSED; -- 503ms;
ALTER TABLE t2 ROW_FORMAT FIXED, FORCE, INSERT_METHOD FIRST, STATS_AUTO_RECALC 1, STATS_PERSISTENT DEFAULT, DELAY_KEY_WRITE 0, CHECKSUM 0, ENABLE KEYS, RENAME t2, PACK_KEYS DEFAULT; -- 2ms;
ALTER TABLE t0 CHECKSUM 1, DELAY_KEY_WRITE 0, ENABLE KEYS, STATS_PERSISTENT 1; -- 263ms;
REPLACE INTO t2(c0) VALUES(NULL); -- 27ms;
REPLACE INTO t2(c0) VALUES(NULL); -- 7ms;
REPLACE INTO t0(c0) VALUES('	7'); -- 11ms;
DELETE IGNORE FROM t0; -- 11ms;
DELETE LOW_PRIORITY QUICK IGNORE FROM t0; -- 0ms;
CREATE INDEX i1 USING HASH ON t0(c0 DESC) INVISIBLE; -- 0ms;
CREATE INDEX i1 USING BTREE ON t0((t0.c0));