-- Time: 2023/06/01 18:31:30
-- Database: database76
-- Database version: 8.0.11
-- seed value: 1685637011066
DROP DATABASE IF EXISTS database76;
CREATE DATABASE database76;
USE database76;
CREATE TABLE t0(c0 SMALLINT   COLUMN_FORMAT FIXED STORAGE DISK) ; -- 64ms;
REPLACE INTO t0(c0) VALUES(-1606795863); -- 2ms;
REPLACE DELAYED INTO t0(c0) VALUES("HE"); -- 0ms;
INSERT IGNORE INTO t0(c0) VALUES(NULL); -- 6ms;
DELETE LOW_PRIORITY QUICK FROM t0 WHERE CAST(((NOT (t0.c0))) IS NOT NULL AS SIGNED); -- 1ms;
INSERT LOW_PRIORITY INTO t0(c0) VALUES(''); -- 0ms;
REPLACE LOW_PRIORITY INTO t0(c0) VALUES(-1606795863); -- 0ms;
REPLACE INTO t0(c0) VALUES(-1387271164), (NULL), (-1762304622); -- 1ms;
INSERT IGNORE INTO t0(c0) VALUES(NULL); -- 17ms;
INSERT DELAYED INTO t0(c0) VALUES(1747446100); -- 0ms;
REPLACE INTO t0(c0) VALUES(NULL); -- 6ms;
INSERT DELAYED IGNORE INTO t0(c0) VALUES(NULL); -- 3ms;
INSERT LOW_PRIORITY IGNORE INTO t0(c0) VALUES(NULL), (NULL), (NULL); -- 3ms;
CREATE INDEX i0 ON t0((t0.c0)) INVISIBLE;