--java.lang.AssertionError: CREATE INDEX i0 ON t0(((NOT (t0.c0))), (( EXISTS (SELECT 1 wHERE FALSE)) LIKE (NULL)), (CAST((NULL) IN ((NULL) IS NULL) AS SIGNED))) VISIBLE ALGORITHM= DEFAULT;
--	at sqlancer.common.query.SQLQueryAdapter.checkException(SQLQueryAdapter.java:111)
--	at sqlancer.common.query.SQLQueryAdapter.execute(SQLQueryAdapter.java:93)
--	at sqlancer.Main$QueryManager.execute(Main.java:265)
--	at sqlancer.GlobalState.executeStatement(GlobalState.java:108)
--	at sqlancer.StatementExecutor.executeStatements(StatementExecutor.java:70)
--	at sqlancer.mysql.MySQLProvider.generateDatabase(MySQLProvider.java:152)
--	at sqlancer.mysql.MySQLProvider.generateDatabase(MySQLProvider.java:1)
--	at sqlancer.ProviderAdapter.generateAndTestDatabase(ProviderAdapter.java:52)
--	at sqlancer.Main$DBMSExecutor.run(Main.java:364)
--	at sqlancer.Main$2.run(Main.java:559)
--	at sqlancer.Main$2.runThread(Main.java:541)
--	at sqlancer.Main$2.run(Main.java:532)
--	at java.base/java.util.concurrent.ThreadPoolExecutor.runWorker(ThreadPoolExecutor.java:1128)
--	at java.base/java.util.concurrent.ThreadPoolExecutor$Worker.run(ThreadPoolExecutor.java:628)
--	at java.base/java.lang.Thread.run(Thread.java:829)
--Caused by: java.sql.SQLSyntaxErrorException: You have an error in your SQL syntax; check the manual that corresponds to your MySQL server version for the right syntax to use near '((NOT (t0.c0))), (( EXISTS (SELECT 1 wHERE FALSE)) LIKE (NULL)), (CAST((NULL) IN' at line 1
--	at com.mysql.cj.jdbc.exceptions.SQLError.createSQLException(SQLError.java:120)
--	at com.mysql.cj.jdbc.exceptions.SQLExceptionsMapping.translateException(SQLExceptionsMapping.java:122)
--	at com.mysql.cj.jdbc.StatementImpl.executeInternal(StatementImpl.java:763)
--	at com.mysql.cj.jdbc.StatementImpl.execute(StatementImpl.java:648)
--	at sqlancer.common.query.SQLQueryAdapter.execute(SQLQueryAdapter.java:87)
--	... 13 more
---- Time: 2023/06/01 18:35:41
-- Database: database12
-- Database version: 8.0.11
-- seed value: 1685637011000
DROP DATABASE IF EXISTS database12;
CREATE DATABASE database12;
USE database12;
CREATE TABLE IF NOT EXISTS t0(c0 MEDIUMTEXT  COLUMN_FORMAT DYNAMIC) ;
INSERT IGNORE INTO t0(c0) VALUES("216686486");
INSERT INTO t0(c0) VALUES('Q?');
TRUNCATE TABLE t0;
REPLACE DELAYED INTO t0(c0) VALUES(-1671305288), (1092399247), ('F}');
DELETE LOW_PRIORITY IGNORE FROM t0;
select TABLE_NAME, ENGINE from information_schema.TABLES where table_schema = 'database12';
