-- Time: 2023/06/01 18:31:50
-- Database: database96
-- Database version: 8.0.11
-- seed value: 1685637011086
DROP DATABASE IF EXISTS database96;
CREATE DATABASE database96;
USE database96;
CREATE TABLE IF NOT EXISTS t0(c0 BIGINT(107)  PRIMARY KEY) AUTO_INCREMENT = 2258340356186032729, STATS_SAMPLE_PAGES = 10027; -- 31ms;
DELETE IGNORE FROM t0 WHERE (IFNULL(t0.c0, t0.c0)) IS NOT NULL; -- 1ms;
REPLACE INTO t0(c0) VALUES('???'); -- 1ms;
REPLACE INTO t0(c0) VALUES(-1201288615), (31880039), (NULL); -- 3ms;
REPLACE INTO t0(c0) VALUES(NULL); -- 1ms;
INSERT IGNORE INTO t0(c0) VALUES(NULL); -- 5ms;
select TABLE_NAME, ENGINE from information_schema.TABLES where table_schema = 'database96'; -- 2ms;
SET SESSION max_points_in_geometry = 895663; -- 0ms;
select TABLE_NAME, ENGINE from information_schema.TABLES where table_schema = 'database96'; -- 2ms;
select TABLE_NAME, ENGINE from information_schema.TABLES where table_schema = 'database96'; -- 2ms;
select TABLE_NAME, ENGINE from information_schema.TABLES where table_schema = 'database96'; -- 2ms;
CHECKSUM TABLE t0 EXTENDED; -- 1ms;
select TABLE_NAME, ENGINE from information_schema.TABLES where table_schema = 'database96'; -- 3ms;
SET SESSION foreign_key_checks = 0; -- 1ms;
select TABLE_NAME, ENGINE from information_schema.TABLES where table_schema = 'database96'; -- 3ms;
ANALYZE  TABLE t0 UPDATE HISTOGRAM ON c0; -- 1ms;
select TABLE_NAME, ENGINE from information_schema.TABLES where table_schema = 'database96'; -- 4ms;
CREATE UNIQUE INDEX i0 USING BTREE ON t0(( EXISTS (SELECT 1)), ( EXISTS (SELECT 1)), (BIT_COUNT(IFNULL(t0.c0, 'CPB-4l0?]')))) INVISIBLE;