--java.lang.AssertionError: CREATE INDEX i0 USING BTREE ON t2(( EXISTS (SELECT 1 wHERE FALSE)));
--	at sqlancer.common.query.SQLQueryAdapter.checkException(SQLQueryAdapter.java:111)
--	at sqlancer.common.query.SQLQueryAdapter.execute(SQLQueryAdapter.java:93)
--	at sqlancer.Main$QueryManager.execute(Main.java:265)
--	at sqlancer.GlobalState.executeStatement(GlobalState.java:108)
--	at sqlancer.StatementExecutor.executeStatements(StatementExecutor.java:70)
--	at sqlancer.mysql.MySQLProvider.generateDatabase(MySQLProvider.java:152)
--	at sqlancer.mysql.MySQLProvider.generateDatabase(MySQLProvider.java:1)
--	at sqlancer.ProviderAdapter.generateAndTestDatabase(ProviderAdapter.java:52)
--	at sqlancer.Main$DBMSExecutor.run(Main.java:364)
--	at sqlancer.Main$2.run(Main.java:559)
--	at sqlancer.Main$2.runThread(Main.java:541)
--	at sqlancer.Main$2.run(Main.java:532)
--	at java.base/java.util.concurrent.ThreadPoolExecutor.runWorker(ThreadPoolExecutor.java:1128)
--	at java.base/java.util.concurrent.ThreadPoolExecutor$Worker.run(ThreadPoolExecutor.java:628)
--	at java.base/java.lang.Thread.run(Thread.java:829)
--Caused by: java.sql.SQLSyntaxErrorException: You have an error in your SQL syntax; check the manual that corresponds to your MySQL server version for the right syntax to use near '( EXISTS (SELECT 1 wHERE FALSE)))' at line 1
--	at com.mysql.cj.jdbc.exceptions.SQLError.createSQLException(SQLError.java:120)
--	at com.mysql.cj.jdbc.exceptions.SQLExceptionsMapping.translateException(SQLExceptionsMapping.java:122)
--	at com.mysql.cj.jdbc.StatementImpl.executeInternal(StatementImpl.java:763)
--	at com.mysql.cj.jdbc.StatementImpl.execute(StatementImpl.java:648)
--	at sqlancer.common.query.SQLQueryAdapter.execute(SQLQueryAdapter.java:87)
--	... 13 more
---- Time: 2023/06/01 18:30:12
-- Database: database9
-- Database version: 8.0.11
-- seed value: 1685637010990
DROP DATABASE IF EXISTS database9;
CREATE DATABASE database9;
USE database9;
CREATE TABLE t0(c0 MEDIUMINT(205)  STORAGE MEMORY, c1 VARCHAR(500) ) ;
CREATE TABLE IF NOT EXISTS t1 LIKE t0;
CREATE TABLE t2 LIKE t0;
SET SESSION sql_auto_is_null = ON;
CHECKSUM TABLE t1, t0;
INSERT INTO t1(c1, c0) VALUES(NULL, -810141052);
INSERT HIGH_PRIORITY INTO t2(c0) VALUES(NULL);
DELETE LOW_PRIORITY IGNORE FROM t2 WHERE CAST(CAST((-513632841) && (t2.c0) AS SIGNED) AS SIGNED);
REPLACE LOW_PRIORITY INTO t1(c0, c1) VALUES(595097436, -513632841), (NULL, 1120930482), ("", 734776017);
INSERT INTO t2(c1, c0) VALUES(-559247184, 'z4Ou?ZE');
INSERT IGNORE INTO t0(c0) VALUES(NULL);
SET SESSION tmp_table_size = 145888393270470217;
DELETE LOW_PRIORITY QUICK IGNORE FROM t1;
SET SESSION read_buffer_size = 965590282;
INSERT DELAYED INTO t0(c0) VALUES(NULL);
SET SESSION big_tables = OFF;
INSERT DELAYED IGNORE INTO t1(c1, c0) VALUES(NULL, NULL);
CHECK TABLE t0 CHANGED MEDIUM FAST QUICK;
REPLACE LOW_PRIORITY INTO t2(c0, c1) VALUES('z4Ou?ZE', '');
REPLACE INTO t2(c0) VALUES(NULL);
REPLACE DELAYED INTO t1(c1) VALUES(''), (NULL), (734776017);
REPLACE DELAYED INTO t0(c1, c0) VALUES(-208899614, NULL);
select TABLE_NAME, ENGINE from information_schema.TABLES where table_schema = 'database9';
REPLACE INTO t2(c0, c1) VALUES('', NULL);
REPLACE INTO t2(c0, c1) VALUES(595097436, '');
INSERT IGNORE INTO t2(c0, c1) VALUES("", NULL);
CREATE INDEX i11 ON t2(c0) ALGORITHM= DEFAULT;
DROP INDEX i11 ON t2;
DELETE FROM t0;
TRUNCATE TABLE t2;
