--java.lang.AssertionError: CREATE UNIQUE INDEX i2 USING HASH ON t0(( EXISTS (SELECT 1 wHERE FALSE)));
--	at sqlancer.common.query.SQLQueryAdapter.checkException(SQLQueryAdapter.java:111)
--	at sqlancer.common.query.SQLQueryAdapter.execute(SQLQueryAdapter.java:93)
--	at sqlancer.Main$QueryManager.execute(Main.java:265)
--	at sqlancer.GlobalState.executeStatement(GlobalState.java:108)
--	at sqlancer.StatementExecutor.executeStatements(StatementExecutor.java:70)
--	at sqlancer.mysql.MySQLProvider.generateDatabase(MySQLProvider.java:152)
--	at sqlancer.mysql.MySQLProvider.generateDatabase(MySQLProvider.java:1)
--	at sqlancer.ProviderAdapter.generateAndTestDatabase(ProviderAdapter.java:52)
--	at sqlancer.Main$DBMSExecutor.run(Main.java:364)
--	at sqlancer.Main$2.run(Main.java:559)
--	at sqlancer.Main$2.runThread(Main.java:541)
--	at sqlancer.Main$2.run(Main.java:532)
--	at java.base/java.util.concurrent.ThreadPoolExecutor.runWorker(ThreadPoolExecutor.java:1128)
--	at java.base/java.util.concurrent.ThreadPoolExecutor$Worker.run(ThreadPoolExecutor.java:628)
--	at java.base/java.lang.Thread.run(Thread.java:829)
--Caused by: java.sql.SQLSyntaxErrorException: You have an error in your SQL syntax; check the manual that corresponds to your MySQL server version for the right syntax to use near '( EXISTS (SELECT 1 wHERE FALSE)))' at line 1
--	at com.mysql.cj.jdbc.exceptions.SQLError.createSQLException(SQLError.java:120)
--	at com.mysql.cj.jdbc.exceptions.SQLExceptionsMapping.translateException(SQLExceptionsMapping.java:122)
--	at com.mysql.cj.jdbc.StatementImpl.executeInternal(StatementImpl.java:763)
--	at com.mysql.cj.jdbc.StatementImpl.execute(StatementImpl.java:648)
--	at sqlancer.common.query.SQLQueryAdapter.execute(SQLQueryAdapter.java:87)
--	... 13 more
---- Time: 2023/06/01 18:31:22
-- Database: database70
-- Database version: 8.0.11
-- seed value: 1685637011060
DROP DATABASE IF EXISTS database70;
CREATE DATABASE database70;
USE database70;
CREATE TABLE IF NOT EXISTS t0(c0 MEDIUMTEXT , c1 TEXT  COLUMN_FORMAT DYNAMIC NULL COMMENT 'asdf' , c2 VARCHAR(500)  COMMENT 'asdf'  NULL STORAGE MEMORY COLUMN_FORMAT FIXED) ;
DELETE FROM t0;
select TABLE_NAME, ENGINE from information_schema.TABLES where table_schema = 'database70';
ALTER TABLE t0 DELAY_KEY_WRITE 0, RENAME AS t0, ALGORITHM INPLACE, ROW_FORMAT DYNAMIC;
select TABLE_NAME, ENGINE from information_schema.TABLES where table_schema = 'database70';
DELETE LOW_PRIORITY IGNORE FROM t0;
select TABLE_NAME, ENGINE from information_schema.TABLES where table_schema = 'database70';
SET SESSION max_length_for_sort_data = 6059392;
DELETE LOW_PRIORITY QUICK FROM t0 WHERE  EXISTS (SELECT 1);
ALTER TABLE t0 DELAY_KEY_WRITE 1, PACK_KEYS 1, RENAME TO t2, DROP COLUMN c2, ALGORITHM DEFAULT, CHECKSUM 1, ENABLE KEYS;
CREATE INDEX i0 USING HASH ON t2(c1, c0(2)) ALGORITHM= DEFAULT;
CREATE UNIQUE INDEX i0 USING HASH ON t2(c0 DESC, c1 ASC) INVISIBLE;
CREATE INDEX i0 USING BTREE ON t2(c1(3) DESC, c0(2));
ALTER TABLE t2 STATS_AUTO_RECALC DEFAULT, CHECKSUM 0, RENAME t0, DELAY_KEY_WRITE 1;
ALTER TABLE t0 PACK_KEYS 1, FORCE, INSERT_METHOD NO;
select TABLE_NAME, ENGINE from information_schema.TABLES where table_schema = 'database70';
select TABLE_NAME, ENGINE from information_schema.TABLES where table_schema = 'database70';
select TABLE_NAME, ENGINE from information_schema.TABLES where table_schema = 'database70';
ANALYZE  TABLE t0;
CREATE INDEX i1 USING HASH ON t0(c1(2) ASC) ALGORITHM INPLACE;
CREATE INDEX i1 ON t0(c1(1));
select TABLE_NAME, ENGINE from information_schema.TABLES where table_schema = 'database70';
DELETE LOW_PRIORITY FROM t0;
