--java.lang.AssertionError: SET SESSION optimizer_switch = 'skip_scan=on,index_merge_union=off';
--	at sqlancer.common.query.SQLQueryAdapter.checkException(SQLQueryAdapter.java:111)
--	at sqlancer.common.query.SQLQueryAdapter.execute(SQLQueryAdapter.java:93)
--	at sqlancer.Main$QueryManager.execute(Main.java:265)
--	at sqlancer.GlobalState.executeStatement(GlobalState.java:108)
--	at sqlancer.StatementExecutor.executeStatements(StatementExecutor.java:70)
--	at sqlancer.mysql.MySQLProvider.generateDatabase(MySQLProvider.java:152)
--	at sqlancer.mysql.MySQLProvider.generateDatabase(MySQLProvider.java:1)
--	at sqlancer.ProviderAdapter.generateAndTestDatabase(ProviderAdapter.java:52)
--	at sqlancer.Main$DBMSExecutor.run(Main.java:364)
--	at sqlancer.Main$2.run(Main.java:559)
--	at sqlancer.Main$2.runThread(Main.java:541)
--	at sqlancer.Main$2.run(Main.java:532)
--	at java.base/java.util.concurrent.ThreadPoolExecutor.runWorker(ThreadPoolExecutor.java:1128)
--	at java.base/java.util.concurrent.ThreadPoolExecutor$Worker.run(ThreadPoolExecutor.java:628)
--	at java.base/java.lang.Thread.run(Thread.java:829)
--Caused by: java.sql.SQLSyntaxErrorException: Variable 'optimizer_switch' can't be set to the value of 'skip_scan=on,index_merge_union=off'
--	at com.mysql.cj.jdbc.exceptions.SQLError.createSQLException(SQLError.java:120)
--	at com.mysql.cj.jdbc.exceptions.SQLExceptionsMapping.translateException(SQLExceptionsMapping.java:122)
--	at com.mysql.cj.jdbc.StatementImpl.executeInternal(StatementImpl.java:763)
--	at com.mysql.cj.jdbc.StatementImpl.execute(StatementImpl.java:648)
--	at sqlancer.common.query.SQLQueryAdapter.execute(SQLQueryAdapter.java:87)
--	... 13 more
---- Time: 2023/06/01 18:30:12
-- Database: database2
-- Database version: 8.0.11
-- seed value: 1685637010975
DROP DATABASE IF EXISTS database2;
CREATE DATABASE database2;
USE database2;
CREATE TABLE IF NOT EXISTS t0(c0 VARCHAR(500)  COLUMN_FORMAT DEFAULT COMMENT 'asdf' , c1 TEXT  COLUMN_FORMAT FIXED NULL) ;
CREATE TABLE IF NOT EXISTS t1(c0 TEXT ) AVG_ROW_LENGTH = 2727803168, MAX_ROWS = 3177075265852761745;
REPLACE DELAYED INTO t1(c0) VALUES(NULL), (""), (NULL);
INSERT INTO t1(c0) VALUES('3?{m2ZP!');
DELETE LOW_PRIORITY IGNORE FROM t0;
DELETE LOW_PRIORITY QUICK IGNORE FROM t1 WHERE  EXISTS (SELECT 1 wHERE FALSE);
ANALYZE LOCAL TABLE t1;
REPLACE DELAYED INTO t0(c1) VALUES("641217045");
INSERT DELAYED IGNORE INTO t0(c1) VALUES(606449039);
INSERT DELAYED IGNORE INTO t1(c0) VALUES(NULL);
REPLACE INTO t0(c0) VALUES(NULL);
INSERT INTO t1(c0) VALUES(-1264305142), (NULL), (NULL);
INSERT HIGH_PRIORITY INTO t0(c0) VALUES('u8t??Vn_');
INSERT LOW_PRIORITY IGNORE INTO t1(c0) VALUES("-830992915");
ALTER TABLE t1 COMPRESSION 'LZ4', CHECKSUM 1, DISABLE KEYS, STATS_AUTO_RECALC DEFAULT, FORCE, RENAME TO t0, PACK_KEYS 0;
ALTER TABLE t1 STATS_AUTO_RECALC DEFAULT, STATS_PERSISTENT DEFAULT, ALGORITHM COPY, RENAME t0;
ALTER TABLE t1 PACK_KEYS 1, DISABLE KEYS;
REPLACE INTO t1(c0) VALUES(NULL);
INSERT IGNORE INTO t1(c0) VALUES("*?o6?");
REPLACE INTO t1(c0) VALUES(NULL), (362939352), ('{');
SET SESSION internal_tmp_mem_storage_engine = TempTable;
TRUNCATE TABLE t1;
select TABLE_NAME, ENGINE from information_schema.TABLES where table_schema = 'database2';
REPLACE INTO t0(c1, c0) VALUES(-1431554997, NULL);
INSERT HIGH_PRIORITY IGNORE INTO t0(c1, c0) VALUES('3?{M2ZP!', NULL);
REPLACE INTO t0(c1, c0) VALUES(NULL, NULL);
INSERT IGNORE INTO t1(c0) VALUES('jH'), ('y?'), (NULL), (-79050959), (NULL);
REPLACE INTO t1(c0) VALUES(NULL), (""), (2011532070);
select TABLE_NAME, ENGINE from information_schema.TABLES where table_schema = 'database2';
REPLACE INTO t1(c0) VALUES(-1156978714);
REPLACE LOW_PRIORITY INTO t0(c0, c1) VALUES(']d)[S', -1831571815), (NULL, ""), ('!??E', '-1431554997');
INSERT DELAYED IGNORE INTO t1(c0) VALUES(1047856557);
ALTER TABLE t1 RENAME AS t0, DELAY_KEY_WRITE 1, STATS_AUTO_RECALC 1, DISABLE KEYS, ALGORITHM INPLACE, STATS_PERSISTENT 1, CHECKSUM 0, PACK_KEYS 1;
ALTER TABLE t0 INSERT_METHOD LAST, ALGORITHM INPLACE, STATS_AUTO_RECALC DEFAULT, STATS_PERSISTENT 1, FORCE, DELAY_KEY_WRITE 1;
REPLACE INTO t1(c0) VALUES(NULL);
