--java.lang.AssertionError: ALTER TABLE t0 RENAME t4, ALGORITHM INSTANT, STATS_AUTO_RECALC 1, COMPRESSION 'LZ4', ROW_FORMAT REDUNDANT, INSERT_METHOD LAST, CHECKSUM 0;
--	at sqlancer.common.query.SQLQueryAdapter.checkException(SQLQueryAdapter.java:111)
--	at sqlancer.common.query.SQLQueryAdapter.execute(SQLQueryAdapter.java:93)
--	at sqlancer.Main$QueryManager.execute(Main.java:265)
--	at sqlancer.GlobalState.executeStatement(GlobalState.java:108)
--	at sqlancer.StatementExecutor.executeStatements(StatementExecutor.java:70)
--	at sqlancer.mysql.MySQLProvider.generateDatabase(MySQLProvider.java:152)
--	at sqlancer.mysql.MySQLProvider.generateDatabase(MySQLProvider.java:1)
--	at sqlancer.ProviderAdapter.generateAndTestDatabase(ProviderAdapter.java:52)
--	at sqlancer.Main$DBMSExecutor.run(Main.java:364)
--	at sqlancer.Main$2.run(Main.java:559)
--	at sqlancer.Main$2.runThread(Main.java:541)
--	at sqlancer.Main$2.run(Main.java:532)
--	at java.base/java.util.concurrent.ThreadPoolExecutor.runWorker(ThreadPoolExecutor.java:1128)
--	at java.base/java.util.concurrent.ThreadPoolExecutor$Worker.run(ThreadPoolExecutor.java:628)
--	at java.base/java.lang.Thread.run(Thread.java:829)
--Caused by: java.sql.SQLException: Unknown ALGORITHM 'INSTANT'
--	at com.mysql.cj.jdbc.exceptions.SQLError.createSQLException(SQLError.java:129)
--	at com.mysql.cj.jdbc.exceptions.SQLExceptionsMapping.translateException(SQLExceptionsMapping.java:122)
--	at com.mysql.cj.jdbc.StatementImpl.executeInternal(StatementImpl.java:763)
--	at com.mysql.cj.jdbc.StatementImpl.execute(StatementImpl.java:648)
--	at sqlancer.common.query.SQLQueryAdapter.execute(SQLQueryAdapter.java:87)
--	... 13 more
---- Time: 2023/06/01 18:38:49
-- Database: database11
-- Database version: 8.0.11
-- seed value: 1685637010999
DROP DATABASE IF EXISTS database11;
CREATE DATABASE database11;
USE database11;
CREATE TABLE t0(c0 MEDIUMINT  COMMENT 'asdf'  COLUMN_FORMAT DYNAMIC UNIQUE  NULL STORAGE DISK) ;
INSERT HIGH_PRIORITY INTO t0(c0) VALUES(NULL);
INSERT IGNORE INTO t0(c0) VALUES("GOW?w(");
DELETE FROM t0 WHERE (((t0.c0) IS NULL) IS NOT TRUE) OR ((NULL) >= ((t0.c0) NOT IN (t0.c0, 291013836)));
SET SESSION histogram_generation_max_mem_size = 7469175045639899060;
REPLACE INTO t0(c0) VALUES(1705458138);
INSERT INTO t0(c0) VALUES(NULL);
DELETE LOW_PRIORITY QUICK FROM t0;
SET SESSION foreign_key_checks = 1;
REPLACE LOW_PRIORITY INTO t0(c0) VALUES(NULL), (1170586291), (NULL);
INSERT HIGH_PRIORITY INTO t0(c0) VALUES("C?g");
REPLACE DELAYED INTO t0(c0) VALUES("S}");
REPLACE LOW_PRIORITY INTO t0(c0) VALUES(NULL);
INSERT IGNORE INTO t0(c0) VALUES(1835539779);
INSERT INTO t0(c0) VALUES(-1998045877);
REPLACE INTO t0(c0) VALUES("");
INSERT LOW_PRIORITY IGNORE INTO t0(c0) VALUES('cp'), (942885012), (-1674722672);
CREATE UNIQUE INDEX i0 USING HASH ON t0(c0 ASC) INVISIBLE;
INSERT LOW_PRIORITY INTO t0(c0) VALUES('');
INSERT HIGH_PRIORITY INTO t0(c0) VALUES('');
REPLACE INTO t0(c0) VALUES(NULL);
ALTER TABLE t0 ENABLE KEYS;
ALTER TABLE t0 ROW_FORMAT FIXED;
