--java.lang.AssertionError: ALTER TABLE t0 ALGORITHM INSTANT, ROW_FORMAT COMPACT, RENAME t0, STATS_AUTO_RECALC 0, STATS_PERSISTENT 0, DROP c0, DISABLE KEYS, INSERT_METHOD NO, FORCE, DELAY_KEY_WRITE 1;
--	at sqlancer.common.query.SQLQueryAdapter.checkException(SQLQueryAdapter.java:111)
--	at sqlancer.common.query.SQLQueryAdapter.execute(SQLQueryAdapter.java:93)
--	at sqlancer.Main$QueryManager.execute(Main.java:265)
--	at sqlancer.GlobalState.executeStatement(GlobalState.java:108)
--	at sqlancer.StatementExecutor.executeStatements(StatementExecutor.java:70)
--	at sqlancer.mysql.MySQLProvider.generateDatabase(MySQLProvider.java:152)
--	at sqlancer.mysql.MySQLProvider.generateDatabase(MySQLProvider.java:1)
--	at sqlancer.ProviderAdapter.generateAndTestDatabase(ProviderAdapter.java:52)
--	at sqlancer.Main$DBMSExecutor.run(Main.java:364)
--	at sqlancer.Main$2.run(Main.java:559)
--	at sqlancer.Main$2.runThread(Main.java:541)
--	at sqlancer.Main$2.run(Main.java:532)
--	at java.base/java.util.concurrent.ThreadPoolExecutor.runWorker(ThreadPoolExecutor.java:1128)
--	at java.base/java.util.concurrent.ThreadPoolExecutor$Worker.run(ThreadPoolExecutor.java:628)
--	at java.base/java.lang.Thread.run(Thread.java:829)
--Caused by: java.sql.SQLException: Unknown ALGORITHM 'INSTANT'
--	at com.mysql.cj.jdbc.exceptions.SQLError.createSQLException(SQLError.java:129)
--	at com.mysql.cj.jdbc.exceptions.SQLExceptionsMapping.translateException(SQLExceptionsMapping.java:122)
--	at com.mysql.cj.jdbc.StatementImpl.executeInternal(StatementImpl.java:763)
--	at com.mysql.cj.jdbc.StatementImpl.execute(StatementImpl.java:648)
--	at sqlancer.common.query.SQLQueryAdapter.execute(SQLQueryAdapter.java:87)
--	... 13 more
---- Time: 2023/06/01 18:35:33
-- Database: database79
-- Database version: 8.0.11
-- seed value: 1685637011069
DROP DATABASE IF EXISTS database79;
CREATE DATABASE database79;
USE database79;
CREATE TABLE t0(c0 SMALLINT(130)  STORAGE MEMORY COMMENT 'asdf'    UNIQUE, c1 LONGTEXT  COLUMN_FORMAT FIXED NULL COMMENT 'asdf'  STORAGE DISK, c2 TINYTEXT  COMMENT 'asdf'  NULL) ;
INSERT DELAYED INTO t0(c1) VALUES('-628277960');
INSERT IGNORE INTO t0(c0) VALUES('');
REPLACE LOW_PRIORITY INTO t0(c1) VALUES(-892636083);
ALTER TABLE t0 FORCE, RENAME t0, PACK_KEYS 0, STATS_AUTO_RECALC 0, DROP COLUMN c1, ENABLE KEYS, INSERT_METHOD LAST, DELAY_KEY_WRITE 0, CHECKSUM 0, COMPRESSION 'LZ4', ALGORITHM COPY, STATS_PERSISTENT 0, ROW_FORMAT DYNAMIC;
REPLACE DELAYED INTO t0(c0) VALUES("");
REPLACE DELAYED INTO t0(c2) VALUES('');
INSERT INTO t0(c0, c2) VALUES(NULL, NULL);
INSERT INTO t0(c2) VALUES(-1172568684);
INSERT INTO t0(c0, c2) VALUES(NULL, -1729615825);
ALTER TABLE t0 CHECKSUM 0, RENAME t0, PACK_KEYS 1, DISABLE KEYS, STATS_AUTO_RECALC 0, FORCE, ALGORITHM DEFAULT, DROP COLUMN c2, INSERT_METHOD FIRST, STATS_PERSISTENT 0, ROW_FORMAT FIXED, DELAY_KEY_WRITE 0, COMPRESSION 'LZ4';
