--java.lang.AssertionError: ALTER TABLE t0 ROW_FORMAT REDUNDANT, CHECKSUM 0, COMPRESSION 'LZ4', INSERT_METHOD LAST, STATS_AUTO_RECALC DEFAULT, RENAME TO t0, FORCE, DISABLE KEYS, DELAY_KEY_WRITE 0, ALGORITHM INSTANT;
--	at sqlancer.common.query.SQLQueryAdapter.checkException(SQLQueryAdapter.java:111)
--	at sqlancer.common.query.SQLQueryAdapter.execute(SQLQueryAdapter.java:93)
--	at sqlancer.Main$QueryManager.execute(Main.java:265)
--	at sqlancer.GlobalState.executeStatement(GlobalState.java:108)
--	at sqlancer.StatementExecutor.executeStatements(StatementExecutor.java:70)
--	at sqlancer.mysql.MySQLProvider.generateDatabase(MySQLProvider.java:152)
--	at sqlancer.mysql.MySQLProvider.generateDatabase(MySQLProvider.java:1)
--	at sqlancer.ProviderAdapter.generateAndTestDatabase(ProviderAdapter.java:52)
--	at sqlancer.Main$DBMSExecutor.run(Main.java:364)
--	at sqlancer.Main$2.run(Main.java:559)
--	at sqlancer.Main$2.runThread(Main.java:541)
--	at sqlancer.Main$2.run(Main.java:532)
--	at java.base/java.util.concurrent.ThreadPoolExecutor.runWorker(ThreadPoolExecutor.java:1128)
--	at java.base/java.util.concurrent.ThreadPoolExecutor$Worker.run(ThreadPoolExecutor.java:628)
--	at java.base/java.lang.Thread.run(Thread.java:829)
--Caused by: java.sql.SQLException: Unknown ALGORITHM 'INSTANT'
--	at com.mysql.cj.jdbc.exceptions.SQLError.createSQLException(SQLError.java:129)
--	at com.mysql.cj.jdbc.exceptions.SQLExceptionsMapping.translateException(SQLExceptionsMapping.java:122)
--	at com.mysql.cj.jdbc.StatementImpl.executeInternal(StatementImpl.java:763)
--	at com.mysql.cj.jdbc.StatementImpl.execute(StatementImpl.java:648)
--	at sqlancer.common.query.SQLQueryAdapter.execute(SQLQueryAdapter.java:87)
--	... 13 more
---- Time: 2023/06/01 18:30:16
-- Database: database32
-- Database version: 8.0.11
-- seed value: 1685637011022
DROP DATABASE IF EXISTS database32;
CREATE DATABASE database32;
USE database32;
CREATE TABLE IF NOT EXISTS t0(c0 SMALLINT ) ;
CREATE TABLE IF NOT EXISTS t1(c0 BIGINT  COLUMN_FORMAT DEFAULT , c1 MEDIUMTEXT  STORAGE MEMORY NULL COLUMN_FORMAT DYNAMIC) ;
INSERT LOW_PRIORITY INTO t0(c0) VALUES(-229605689);
REPLACE LOW_PRIORITY INTO t0(c0) VALUES('');
REPLACE INTO t0(c0) VALUES(-1795135713);
INSERT LOW_PRIORITY INTO t0(c0) VALUES(NULL);
select TABLE_NAME, ENGINE from information_schema.TABLES where table_schema = 'database32';
INSERT HIGH_PRIORITY IGNORE INTO t1(c0) VALUES(1128214931);
INSERT INTO t0(c0) VALUES(NULL);
ALTER TABLE t1 DROP COLUMN c0, CHECKSUM 1, COMPRESSION 'NONE', ALGORITHM COPY, ROW_FORMAT REDUNDANT;
CREATE UNIQUE INDEX i0 ON t0(c0) INVISIBLE ALGORITHM= INPLACE;
REPLACE INTO t0(c0) VALUES("u1"), (-1429508471), (-1429508471);
REPLACE LOW_PRIORITY INTO t0(c0) VALUES(-229605689);
REPLACE INTO t1(c1) VALUES(NULL);
REPLACE DELAYED INTO t0(c0) VALUES(-8448675);
REPLACE INTO t0(c0) VALUES(NULL);
ALTER TABLE t1 INSERT_METHOD NO, CHECKSUM 0, STATS_PERSISTENT 0, DISABLE KEYS, FORCE, COMPRESSION 'LZ4', ALGORITHM COPY;
INSERT INTO t0(c0) VALUES(-1230123377);
INSERT HIGH_PRIORITY INTO t0(c0) VALUES(-982446199);
REPLACE DELAYED INTO t1(c1) VALUES(NULL);
INSERT DELAYED IGNORE INTO t0(c0) VALUES(1128214931);
DELETE FROM t1;
INSERT IGNORE INTO t0(c0) VALUES('');
REPLACE DELAYED INTO t1(c1) VALUES(NULL);
REPLACE DELAYED INTO t0(c0) VALUES(NULL), (NULL), (1052452518);
INSERT LOW_PRIORITY INTO t1(c1) VALUES(551324813), ("nX!"), ('');
SET SESSION range_alloc_block_size = 4337955675994572655;
REPLACE INTO t1(c1) VALUES(-893995669);
INSERT DELAYED INTO t1(c1) VALUES(NULL);
INSERT INTO t1(c1) VALUES(-229605689);
REPLACE DELAYED INTO t0(c0) VALUES("NX!"), ("&-Mzm3K%"), (-902565614);
INSERT HIGH_PRIORITY INTO t1(c1) VALUES(NULL);
INSERT INTO t1(c1) VALUES(NULL);
TRUNCATE TABLE t1;
REPLACE INTO t1(c1) VALUES(-8448675), (NULL), ("-229605689");
