--java.lang.AssertionError: ALTER TABLE t1 ALGORITHM INSTANT, CHECKSUM 1, COMPRESSION 'LZ4', DELAY_KEY_WRITE 0, ROW_FORMAT FIXED, DISABLE KEYS, STATS_AUTO_RECALC 0, FORCE, STATS_PERSISTENT DEFAULT;
--	at sqlancer.common.query.SQLQueryAdapter.checkException(SQLQueryAdapter.java:111)
--	at sqlancer.common.query.SQLQueryAdapter.execute(SQLQueryAdapter.java:93)
--	at sqlancer.Main$QueryManager.execute(Main.java:265)
--	at sqlancer.GlobalState.executeStatement(GlobalState.java:108)
--	at sqlancer.StatementExecutor.executeStatements(StatementExecutor.java:70)
--	at sqlancer.mysql.MySQLProvider.generateDatabase(MySQLProvider.java:152)
--	at sqlancer.mysql.MySQLProvider.generateDatabase(MySQLProvider.java:1)
--	at sqlancer.ProviderAdapter.generateAndTestDatabase(ProviderAdapter.java:52)
--	at sqlancer.Main$DBMSExecutor.run(Main.java:364)
--	at sqlancer.Main$2.run(Main.java:559)
--	at sqlancer.Main$2.runThread(Main.java:541)
--	at sqlancer.Main$2.run(Main.java:532)
--	at java.base/java.util.concurrent.ThreadPoolExecutor.runWorker(ThreadPoolExecutor.java:1128)
--	at java.base/java.util.concurrent.ThreadPoolExecutor$Worker.run(ThreadPoolExecutor.java:628)
--	at java.base/java.lang.Thread.run(Thread.java:829)
--Caused by: java.sql.SQLException: Unknown ALGORITHM 'INSTANT'
--	at com.mysql.cj.jdbc.exceptions.SQLError.createSQLException(SQLError.java:129)
--	at com.mysql.cj.jdbc.exceptions.SQLExceptionsMapping.translateException(SQLExceptionsMapping.java:122)
--	at com.mysql.cj.jdbc.StatementImpl.executeInternal(StatementImpl.java:763)
--	at com.mysql.cj.jdbc.StatementImpl.execute(StatementImpl.java:648)
--	at sqlancer.common.query.SQLQueryAdapter.execute(SQLQueryAdapter.java:87)
--	... 13 more
---- Time: 2023/06/01 18:30:12
-- Database: database22
-- Database version: 8.0.11
-- seed value: 1685637011012
DROP DATABASE IF EXISTS database22;
CREATE DATABASE database22;
USE database22;
CREATE TABLE IF NOT EXISTS t0(c0 VARCHAR(500) ) ;
CREATE TABLE IF NOT EXISTS t1 LIKE t0;
CREATE TABLE IF NOT EXISTS t2 LIKE t0;
REPLACE INTO t2(c0) VALUES(NULL);
INSERT INTO t0(c0) VALUES(NULL);
DELETE QUICK FROM t0;
INSERT LOW_PRIORITY INTO t1(c0) VALUES(384628071);
REPLACE INTO t2(c0) VALUES(NULL);
select TABLE_NAME, ENGINE from information_schema.TABLES where table_schema = 'database22';
INSERT LOW_PRIORITY IGNORE INTO t2(c0) VALUES(384628071);
INSERT HIGH_PRIORITY IGNORE INTO t1(c0) VALUES(384628071);
INSERT INTO t1(c0) VALUES(-1948588294);
SET SESSION max_length_for_sort_data = 4550059;
select TABLE_NAME, ENGINE from information_schema.TABLES where table_schema = 'database22';
select TABLE_NAME, ENGINE from information_schema.TABLES where table_schema = 'database22';
REPLACE DELAYED INTO t0(c0) VALUES(NULL), (78432481), (856901104);
TRUNCATE TABLE t0;
REPLACE DELAYED INTO t0(c0) VALUES('*]MKG7');
select TABLE_NAME, ENGINE from information_schema.TABLES where table_schema = 'database22';
SET SESSION read_buffer_size = 1492987210;
CHECKSUM TABLE t1 EXTENDED;
INSERT LOW_PRIORITY IGNORE INTO t2(c0) VALUES(NULL);
select TABLE_NAME, ENGINE from information_schema.TABLES where table_schema = 'database22';
REPLACE INTO t0(c0) VALUES(')u5A<');
INSERT HIGH_PRIORITY INTO t1(c0) VALUES(288280349), (-1948588294), (NULL);
select TABLE_NAME, ENGINE from information_schema.TABLES where table_schema = 'database22';
select TABLE_NAME, ENGINE from information_schema.TABLES where table_schema = 'database22';
