--java.lang.AssertionError: ALTER TABLE t0 ENABLE KEYS, DELAY_KEY_WRITE 0, ALGORITHM INSTANT, RENAME AS t0, ROW_FORMAT COMPRESSED;
--	at sqlancer.common.query.SQLQueryAdapter.checkException(SQLQueryAdapter.java:111)
--	at sqlancer.common.query.SQLQueryAdapter.execute(SQLQueryAdapter.java:93)
--	at sqlancer.Main$QueryManager.execute(Main.java:265)
--	at sqlancer.GlobalState.executeStatement(GlobalState.java:108)
--	at sqlancer.StatementExecutor.executeStatements(StatementExecutor.java:70)
--	at sqlancer.mysql.MySQLProvider.generateDatabase(MySQLProvider.java:152)
--	at sqlancer.mysql.MySQLProvider.generateDatabase(MySQLProvider.java:1)
--	at sqlancer.ProviderAdapter.generateAndTestDatabase(ProviderAdapter.java:52)
--	at sqlancer.Main$DBMSExecutor.run(Main.java:364)
--	at sqlancer.Main$2.run(Main.java:559)
--	at sqlancer.Main$2.runThread(Main.java:541)
--	at sqlancer.Main$2.run(Main.java:532)
--	at java.base/java.util.concurrent.ThreadPoolExecutor.runWorker(ThreadPoolExecutor.java:1128)
--	at java.base/java.util.concurrent.ThreadPoolExecutor$Worker.run(ThreadPoolExecutor.java:628)
--	at java.base/java.lang.Thread.run(Thread.java:829)
--Caused by: java.sql.SQLException: Unknown ALGORITHM 'INSTANT'
--	at com.mysql.cj.jdbc.exceptions.SQLError.createSQLException(SQLError.java:129)
--	at com.mysql.cj.jdbc.exceptions.SQLExceptionsMapping.translateException(SQLExceptionsMapping.java:122)
--	at com.mysql.cj.jdbc.StatementImpl.executeInternal(StatementImpl.java:763)
--	at com.mysql.cj.jdbc.StatementImpl.execute(StatementImpl.java:648)
--	at sqlancer.common.query.SQLQueryAdapter.execute(SQLQueryAdapter.java:87)
--	... 13 more
---- Time: 2023/06/01 18:31:37
-- Database: database91
-- Database version: 8.0.11
-- seed value: 1685637011081
DROP DATABASE IF EXISTS database91;
CREATE DATABASE database91;
USE database91;
CREATE TABLE IF NOT EXISTS t0(c0 LONGTEXT  COMMENT 'asdf'  STORAGE DISK NULL COLUMN_FORMAT FIXED) ;
select TABLE_NAME, ENGINE from information_schema.TABLES where table_schema = 'database91';
REPLACE INTO t0(c0) VALUES(NULL);
INSERT LOW_PRIORITY IGNORE INTO t0(c0) VALUES(-195607169);
REPLACE LOW_PRIORITY INTO t0(c0) VALUES(NULL);
REPLACE INTO t0(c0) VALUES("fX27c");
REPLACE INTO t0(c0) VALUES(-195607169), (1512222023), (NULL);
DELETE LOW_PRIORITY IGNORE FROM t0;
DELETE LOW_PRIORITY QUICK FROM t0 WHERE t0.c0;
