--java.lang.AssertionError: CREATE UNIQUE INDEX i0 USING HASH ON t0((CAST( EXISTS (SELECT 1) AS SIGNED))) INVISIBLE;
--	at sqlancer.common.query.SQLQueryAdapter.checkException(SQLQueryAdapter.java:111)
--	at sqlancer.common.query.SQLQueryAdapter.execute(SQLQueryAdapter.java:93)
--	at sqlancer.Main$QueryManager.execute(Main.java:265)
--	at sqlancer.GlobalState.executeStatement(GlobalState.java:108)
--	at sqlancer.StatementExecutor.executeStatements(StatementExecutor.java:70)
--	at sqlancer.mysql.MySQLProvider.generateDatabase(MySQLProvider.java:152)
--	at sqlancer.mysql.MySQLProvider.generateDatabase(MySQLProvider.java:1)
--	at sqlancer.ProviderAdapter.generateAndTestDatabase(ProviderAdapter.java:52)
--	at sqlancer.Main$DBMSExecutor.run(Main.java:364)
--	at sqlancer.Main$2.run(Main.java:559)
--	at sqlancer.Main$2.runThread(Main.java:541)
--	at sqlancer.Main$2.run(Main.java:532)
--	at java.base/java.util.concurrent.ThreadPoolExecutor.runWorker(ThreadPoolExecutor.java:1128)
--	at java.base/java.util.concurrent.ThreadPoolExecutor$Worker.run(ThreadPoolExecutor.java:628)
--	at java.base/java.lang.Thread.run(Thread.java:829)
--Caused by: java.sql.SQLSyntaxErrorException: You have an error in your SQL syntax; check the manual that corresponds to your MySQL server version for the right syntax to use near '(CAST( EXISTS (SELECT 1) AS SIGNED))) INVISIBLE' at line 1
--	at com.mysql.cj.jdbc.exceptions.SQLError.createSQLException(SQLError.java:120)
--	at com.mysql.cj.jdbc.exceptions.SQLExceptionsMapping.translateException(SQLExceptionsMapping.java:122)
--	at com.mysql.cj.jdbc.StatementImpl.executeInternal(StatementImpl.java:763)
--	at com.mysql.cj.jdbc.StatementImpl.execute(StatementImpl.java:648)
--	at sqlancer.common.query.SQLQueryAdapter.execute(SQLQueryAdapter.java:87)
--	... 13 more
---- Time: 2023/06/01 18:31:34
-- Database: database5
-- Database version: 8.0.11
-- seed value: 1685637010979
DROP DATABASE IF EXISTS database5;
CREATE DATABASE database5;
USE database5;
CREATE TABLE IF NOT EXISTS t0(c0 BIGINT  UNIQUE KEY PRIMARY KEY NOT NULL, c1 VARCHAR(500)  COMMENT 'asdf' , c2 TINYTEXT  COMMENT 'asdf' ) ;
select TABLE_NAME, ENGINE from information_schema.TABLES where table_schema = 'database5';
DELETE QUICK IGNORE FROM t0;
REPLACE DELAYED INTO t0(c1, c2) VALUES(-1807631955, 2122162480), (NULL, "T*"), (NULL, "");
INSERT LOW_PRIORITY INTO t0(c0, c2, c1) VALUES(-290962660, 79499074, "423371820");
ALTER TABLE t0 ;
REPLACE INTO t0(c1, c2, c0) VALUES(NULL, '115235207', NULL);
REPLACE INTO t0(c0, c2) VALUES('+''sI\r', "}U?*/");
INSERT INTO t0(c0, c2) VALUES(-1978378172, '?rma');
INSERT HIGH_PRIORITY IGNORE INTO t0(c2, c0) VALUES(NULL, -1978378172);
ALTER TABLE t0 DELAY_KEY_WRITE 0, ALGORITHM INPLACE, RENAME AS t0;
