--java.lang.AssertionError: CREATE INDEX i84 USING HASH ON t0((( EXISTS (SELECT 1 wHERE FALSE)) || (t0.c1))) ALGORITHM INPLACE;
--	at sqlancer.common.query.SQLQueryAdapter.checkException(SQLQueryAdapter.java:111)
--	at sqlancer.common.query.SQLQueryAdapter.execute(SQLQueryAdapter.java:93)
--	at sqlancer.Main$QueryManager.execute(Main.java:265)
--	at sqlancer.GlobalState.executeStatement(GlobalState.java:108)
--	at sqlancer.StatementExecutor.executeStatements(StatementExecutor.java:70)
--	at sqlancer.mysql.MySQLProvider.generateDatabase(MySQLProvider.java:152)
--	at sqlancer.mysql.MySQLProvider.generateDatabase(MySQLProvider.java:1)
--	at sqlancer.ProviderAdapter.generateAndTestDatabase(ProviderAdapter.java:52)
--	at sqlancer.Main$DBMSExecutor.run(Main.java:364)
--	at sqlancer.Main$2.run(Main.java:559)
--	at sqlancer.Main$2.runThread(Main.java:541)
--	at sqlancer.Main$2.run(Main.java:532)
--	at java.base/java.util.concurrent.ThreadPoolExecutor.runWorker(ThreadPoolExecutor.java:1128)
--	at java.base/java.util.concurrent.ThreadPoolExecutor$Worker.run(ThreadPoolExecutor.java:628)
--	at java.base/java.lang.Thread.run(Thread.java:829)
--Caused by: java.sql.SQLSyntaxErrorException: You have an error in your SQL syntax; check the manual that corresponds to your MySQL server version for the right syntax to use near '(( EXISTS (SELECT 1 wHERE FALSE)) || (t0.c1))) ALGORITHM INPLACE' at line 1
--	at com.mysql.cj.jdbc.exceptions.SQLError.createSQLException(SQLError.java:120)
--	at com.mysql.cj.jdbc.exceptions.SQLExceptionsMapping.translateException(SQLExceptionsMapping.java:122)
--	at com.mysql.cj.jdbc.StatementImpl.executeInternal(StatementImpl.java:763)
--	at com.mysql.cj.jdbc.StatementImpl.execute(StatementImpl.java:648)
--	at sqlancer.common.query.SQLQueryAdapter.execute(SQLQueryAdapter.java:87)
--	... 13 more
---- Time: 2023/06/01 18:40:06
-- Database: database94
-- Database version: 8.0.11
-- seed value: 1685637011084
DROP DATABASE IF EXISTS database94;
CREATE DATABASE database94;
USE database94;
CREATE TABLE t0(c0 TEXT , c1 MEDIUMTEXT   COLUMN_FORMAT DYNAMIC STORAGE DISK COMMENT 'asdf' , c2 MEDIUMINT ) ;
INSERT HIGH_PRIORITY IGNORE INTO t0(c2) VALUES(-789188715);
INSERT INTO t0(c2) VALUES(''), (1007173774), (-1616890633);
REPLACE DELAYED INTO t0(c2, c0) VALUES(93412384, 667440026), ("5", NULL), (NULL, 'W''Q?MnF#u');
INSERT HIGH_PRIORITY IGNORE INTO t0(c0, c2, c1) VALUES(NULL, 1891751022, NULL);
SET SESSION sql_buffer_result = ON;
INSERT DELAYED INTO t0(c2, c1) VALUES('q', 'Hvh)?'), (NULL, 2093419944), (NULL, 1007173774), ("slD'v.{O", "PfTb"), (NULL, '');
INSERT DELAYED INTO t0(c0) VALUES('m '), (NULL), (-354400235);
REPLACE INTO t0(c2, c1, c0) VALUES(-828535469, '', "]Rz[M6?4");
INSERT DELAYED IGNORE INTO t0(c1, c2) VALUES("1429010687", "-\r?b");
