-- Time: 2023/06/03 22:10:34
-- Database: database13
-- Database version: 8.0.33
-- seed value: 1685808636567
DROP DATABASE IF EXISTS database13;
CREATE DATABASE database13;
USE database13;
CREATE TABLE t0(c0 TINYINT  UNIQUE KEY COMMENT 'asdf'  STORAGE DISK ) ; -- 32ms;
REPLACE INTO t0(c0) VALUES(NULL), (NULL), (446473466); -- 16ms;
REPLACE INTO t0(c0) VALUES(254968297), (1833542395), (-724677572); -- 1ms;
REPLACE INTO t0(c0) VALUES(NULL); -- 5ms;
select TABLE_NAME, ENGINE from information_schema.TABLES where table_schema = 'database13'; -- 2ms;
REPLACE DELAYED INTO t0(c0) VALUES(NULL); -- 5ms;
DROP INDEX c0 ON t0 ALGORITHM=INPLACE LOCK=EXCLUSIVE; -- 32ms;
REPLACE LOW_PRIORITY INTO t0(c0) VALUES(NULL); -- 5ms;
INSERT INTO t0(c0) VALUES(NULL); -- 4ms;
INSERT INTO t0(c0) VALUES(-220178537); -- 0ms;
REPLACE LOW_PRIORITY INTO t0(c0) VALUES(NULL); -- 4ms;
INSERT INTO t0(c0) VALUES(NULL); -- 3ms;
CHECKSUM TABLE t0; -- 1ms;
INSERT IGNORE INTO t0(c0) VALUES("tZe "); -- 3ms;
ANALYZE  TABLE t0; -- 8ms;
REPLACE DELAYED INTO t0(c0) VALUES(-8265165); -- 1ms;
INSERT HIGH_PRIORITY IGNORE INTO t0(c0) VALUES(-1694200595); -- 3ms;
CHECK TABLE t0 FOR UPGRADE MEDIUM FAST; -- 4ms;
REPLACE INTO t0(c0) VALUES(467239293), (NULL), ("742411681"); -- 0ms;
INSERT INTO t0(c0) VALUES(NULL); -- 4ms;
select TABLE_NAME, ENGINE from information_schema.TABLES where table_schema = 'database13'; -- 2ms;
REPLACE INTO t0(c0) VALUES(''); -- 1ms;
REPLACE DELAYED INTO t0(c0) VALUES(636119166); -- 0ms;
REPLACE DELAYED INTO t0(c0) VALUES(-444763488); -- 0ms;
INSERT INTO t0(c0) VALUES(''); -- 0ms;
INSERT IGNORE INTO t0(c0) VALUES(NULL); -- 4ms;
REPLACE DELAYED INTO t0(c0) VALUES(196483939); -- 0ms;
INSERT HIGH_PRIORITY IGNORE INTO t0(c0) VALUES(NULL); -- 4ms;
CREATE INDEX i0 ON t0(c0 DESC) INVISIBLE; -- 82ms;
INSERT DELAYED INTO t0(c0) VALUES(NULL); -- 7ms;
select TABLE_NAME, ENGINE from information_schema.TABLES where table_schema = 'database13'; -- 3ms;
REPLACE INTO t0(c0) VALUES(262747552); -- 0ms;
INSERT INTO t0(c0) VALUES(-843787129); -- 1ms;
INSERT DELAYED IGNORE INTO t0(c0) VALUES("A>M\rX?"); -- 4ms;
SET SESSION max_seeks_for_key = 1747868125826718517; -- 0ms;
DELETE FROM t0; -- 6ms;
CREATE UNIQUE INDEX i1 USING BTREE ON t0(c0 ASC) INVISIBLE ALGORITHM INPLACE; -- 113ms;
REPLACE INTO t0(c0) VALUES(NULL); -- 6ms;
ALTER TABLE t0 ALGORITHM INPLACE, DISABLE KEYS, CHECKSUM 0, COMPRESSION 'NONE', STATS_AUTO_RECALC 1, PACK_KEYS DEFAULT, STATS_PERSISTENT 1; -- 2ms;
ALTER TABLE t0 COMPRESSION 'LZ4', DELAY_KEY_WRITE 0; -- 23ms;
INSERT HIGH_PRIORITY IGNORE INTO t0(c0) VALUES(NULL), (1697623277), (NULL); -- 5ms;
REPLACE INTO t0(c0) VALUES(",Qw"); -- 0ms;
INSERT HIGH_PRIORITY IGNORE INTO t0(c0) VALUES(-218255335); -- 5ms;
REPLACE INTO t0(c0) VALUES("\re"); -- 1ms;
INSERT HIGH_PRIORITY INTO t0(c0) VALUES(-1394977688); -- 0ms;
INSERT IGNORE INTO t0(c0) VALUES('g'); -- 3ms;
ALTER TABLE t0 DELAY_KEY_WRITE 0, CHECKSUM 0, RENAME t0, INSERT_METHOD NO, FORCE, STATS_AUTO_RECALC 1, ROW_FORMAT DYNAMIC, STATS_PERSISTENT DEFAULT, ALGORITHM COPY, DISABLE KEYS, COMPRESSION 'ZLIB', PACK_KEYS 0; -- 80ms;
DELETE IGNORE FROM t0; -- 8ms;
ALTER TABLE t0 STATS_AUTO_RECALC 0, PACK_KEYS DEFAULT, COMPRESSION 'ZLIB', DELAY_KEY_WRITE 1, RENAME TO t0, INSERT_METHOD FIRST, FORCE, ENABLE KEYS, STATS_PERSISTENT 1, ROW_FORMAT COMPRESSED, CHECKSUM 1, ALGORITHM INSTANT; -- 1ms;
ALTER TABLE t0 CHECKSUM 1, FORCE, STATS_AUTO_RECALC 0, INSERT_METHOD LAST, COMPRESSION 'NONE'; -- 69ms;
ALTER TABLE t0 COMPRESSION 'LZ4', DELAY_KEY_WRITE 0; -- 33ms;
SET SESSION bulk_insert_buffer_size = 188477504340129334; -- 1ms;
TRUNCATE TABLE t0; -- 44ms;
INSERT LOW_PRIORITY INTO t0(c0) VALUES(''), (-524906160), (907006812); -- 2ms;
INSERT LOW_PRIORITY IGNORE INTO t0(c0) VALUES('C~?sk[B'); -- 4ms;
INSERT DELAYED IGNORE INTO t0(c0) VALUES(NULL), ('-1839053941'), (''); -- 4ms;
INSERT LOW_PRIORITY IGNORE INTO t0(c0) VALUES(-569690065); -- 2ms;
REPLACE INTO t0(c0) VALUES(1607709699); -- 1ms;
INSERT INTO t0(c0) VALUES(1393697410); -- 0ms;
REPLACE LOW_PRIORITY INTO t0(c0) VALUES(NULL); -- 9ms;
DELETE LOW_PRIORITY QUICK FROM t0; -- 3ms;
REPLACE LOW_PRIORITY INTO t0(c0) VALUES("-609701257"); -- 1ms;
REPLACE INTO t0(c0) VALUES(-44244568); -- 0ms;
INSERT INTO t0(c0) VALUES(NULL); -- 5ms;
REPLACE INTO t0(c0) VALUES("Ni"); -- 0ms;
INSERT DELAYED IGNORE INTO t0(c0) VALUES('uwp.'); -- 3ms;
DELETE LOW_PRIORITY FROM t0; -- 4ms;
INSERT INTO t0(c0) VALUES(1723101485); -- 0ms;
REPLACE DELAYED INTO t0(c0) VALUES('-444763488'); -- 1ms;
REPLACE DELAYED INTO t0(c0) VALUES(NULL), ("1893029598"), (-142308231), ('1411025232'), (-1590090581); -- 1ms;
REPLACE INTO t0(c0) VALUES(NULL); -- 3ms;
SELECT DISTINCTROW SQL_NO_CACHE SQL_SMALL_RESULT t0.c0 AS ref0 FROM t0 WHERE ((NOT (t0.c0))) IS NULL ORDER BY (t0.c0) AND (((t0.c0) <= (NULL)) LIKE (BIT_COUNT(NULL))), IF(CAST(t0.c0 AS SIGNED),  EXISTS (SELECT 1 wHERE FALSE), CAST(t0.c0 AS SIGNED)), t0.c0;
SELECT * FROM (SELECT DISTINCTROW SQL_NO_CACHE SQL_SMALL_RESULT t0.c0 AS ref0 FROM t0 WHERE ((NOT (t0.c0))) IS NULL ORDER BY (t0.c0) AND (((t0.c0) <= (NULL)) LIKE (BIT_COUNT(NULL))), IF(CAST(t0.c0 AS SIGNED),  EXISTS (SELECT 1 wHERE FALSE), CAST(t0.c0 AS SIGNED)), t0.c0) as result WHERE result.ref0 IS NULL;
SELECT DISTINCT SQL_NO_CACHE STRAIGHT_JOIN SQL_BIG_RESULT t0.c0 AS ref0 FROM t0 WHERE (! (BIT_COUNT('?)6SS9'))) ORDER BY (CAST(GREATEST(t0.c0, "") AS SIGNED)) > (IFNULL(NULL, '8!|?SzKC')) LIMIT 2147483647 OFFSET 0;
SELECT * FROM (SELECT DISTINCT SQL_NO_CACHE STRAIGHT_JOIN SQL_BIG_RESULT t0.c0 AS ref0 FROM t0 WHERE (! (BIT_COUNT('?)6SS9'))) ORDER BY (CAST(GREATEST(t0.c0, "") AS SIGNED)) > (IFNULL(NULL, '8!|?SzKC')) LIMIT 2147483647 OFFSET 0) as result WHERE result.ref0 IS NULL;
SELECT ALL SQL_BIG_RESULT SQL_NO_CACHE SQL_SMALL_RESULT STRAIGHT_JOIN t0.c0 AS ref0 FROM t0 WHERE (CAST(CAST(CAST(t0.c0 AS SIGNED) AS SIGNED) AS SIGNED)) IS UNKNOWN ORDER BY NULL LIMIT 2147483647;
SELECT * FROM (SELECT ALL SQL_BIG_RESULT SQL_NO_CACHE SQL_SMALL_RESULT STRAIGHT_JOIN t0.c0 AS ref0 FROM t0 WHERE (CAST(CAST(CAST(t0.c0 AS SIGNED) AS SIGNED) AS SIGNED)) IS UNKNOWN ORDER BY NULL LIMIT 2147483647) as result WHERE result.ref0 IS NULL;
SELECT DISTINCT SQL_SMALL_RESULT SQL_NO_CACHE SQL_BIG_RESULT STRAIGHT_JOIN t0.c0 AS ref0 FROM t0 WHERE (GREATEST((+ ("")), COALESCE(NULL, t0.c0), NULL, (t0.c0) XOR (t0.c0))) IS UNKNOWN GROUP BY t0.c0 ORDER BY  EXISTS (SELECT 1) LIMIT 2147483647;
SELECT * FROM (SELECT DISTINCT SQL_SMALL_RESULT SQL_NO_CACHE SQL_BIG_RESULT STRAIGHT_JOIN t0.c0 AS ref0 FROM t0 WHERE (GREATEST((+ ("")), COALESCE(NULL, t0.c0), NULL, (t0.c0) XOR (t0.c0))) IS UNKNOWN GROUP BY t0.c0 ORDER BY  EXISTS (SELECT 1) LIMIT 2147483647) as result WHERE result.ref0 IS NULL;
SELECT t0.c0 AS ref0 FROM t0 WHERE  EXISTS (SELECT 1) GROUP BY t0.c0 ORDER BY (NOT (((+ (t0.c0))) XOR (CAST(t0.c0 AS SIGNED)))), t0.c0, t0.c0;
SELECT * FROM (SELECT t0.c0 AS ref0 FROM t0 WHERE  EXISTS (SELECT 1) GROUP BY t0.c0 ORDER BY (NOT (((+ (t0.c0))) XOR (CAST(t0.c0 AS SIGNED)))), t0.c0, t0.c0) as result WHERE result.ref0 IS NULL;
SELECT DISTINCTROW SQL_BIG_RESULT SQL_SMALL_RESULT STRAIGHT_JOIN t0.c0 AS ref0 FROM t0 WHERE ( EXISTS (SELECT 1)) IS NOT FALSE GROUP BY t0.c0 ORDER BY CAST(CAST(t0.c0 AS SIGNED) AS SIGNED) ASC;
SELECT * FROM (SELECT DISTINCTROW SQL_BIG_RESULT SQL_SMALL_RESULT STRAIGHT_JOIN t0.c0 AS ref0 FROM t0 WHERE ( EXISTS (SELECT 1)) IS NOT FALSE GROUP BY t0.c0 ORDER BY CAST(CAST(t0.c0 AS SIGNED) AS SIGNED) ASC) as result WHERE result.ref0 IS NULL;
SELECT ALL SQL_BIG_RESULT STRAIGHT_JOIN SQL_NO_CACHE SQL_SMALL_RESULT t0.c0 AS ref0 FROM t0 WHERE (NOT ('cX')) GROUP BY t0.c0 ORDER BY LEAST(t0.c0, (NULL) NOT IN (t0.c0)) ASC;
SELECT * FROM (SELECT ALL SQL_BIG_RESULT STRAIGHT_JOIN SQL_NO_CACHE SQL_SMALL_RESULT t0.c0 AS ref0 FROM t0 WHERE (NOT ('cX')) GROUP BY t0.c0 ORDER BY LEAST(t0.c0, (NULL) NOT IN (t0.c0)) ASC) as result WHERE result.ref0 IS NULL;
SELECT DISTINCT SQL_SMALL_RESULT STRAIGHT_JOIN SQL_NO_CACHE t0.c0 AS ref0 FROM t0 WHERE (NOT ( EXISTS (SELECT 1 wHERE FALSE))) ORDER BY (((",e") XOR (2093588413)) || (CAST('' AS SIGNED))) IN ( EXISTS (SELECT 1 wHERE FALSE)) ASC;
SELECT * FROM (SELECT DISTINCT SQL_SMALL_RESULT STRAIGHT_JOIN SQL_NO_CACHE t0.c0 AS ref0 FROM t0 WHERE (NOT ( EXISTS (SELECT 1 wHERE FALSE))) ORDER BY (((",e") XOR (2093588413)) || (CAST('' AS SIGNED))) IN ( EXISTS (SELECT 1 wHERE FALSE)) ASC) as result WHERE result.ref0 IS NULL;
SELECT DISTINCTROW STRAIGHT_JOIN SQL_SMALL_RESULT t0.c0 AS ref0 FROM t0 WHERE (! ((NOT ( EXISTS (SELECT 1))))) ORDER BY NULL ASC;
SELECT * FROM (SELECT DISTINCTROW STRAIGHT_JOIN SQL_SMALL_RESULT t0.c0 AS ref0 FROM t0 WHERE (! ((NOT ( EXISTS (SELECT 1))))) ORDER BY NULL ASC) as result WHERE result.ref0 IS NULL;
SELECT DISTINCT STRAIGHT_JOIN SQL_NO_CACHE SQL_BIG_RESULT t0.c0 AS ref0 FROM t0 WHERE  EXISTS (SELECT 1) ORDER BY "" DESC, (+ (CAST((t0.c0) NOT IN (25409073) AS SIGNED))) DESC,  EXISTS (SELECT 1) LIMIT 2147483647 OFFSET 0;
SELECT * FROM (SELECT DISTINCT STRAIGHT_JOIN SQL_NO_CACHE SQL_BIG_RESULT t0.c0 AS ref0 FROM t0 WHERE  EXISTS (SELECT 1) ORDER BY "" DESC, (+ (CAST((t0.c0) NOT IN (25409073) AS SIGNED))) DESC,  EXISTS (SELECT 1) LIMIT 2147483647 OFFSET 0) as result WHERE result.ref0 IS NULL;
SELECT DISTINCT SQL_BIG_RESULT t0.c0 AS ref0 FROM t0 WHERE (t0.c0) IS UNKNOWN ORDER BY t0.c0;
SELECT * FROM (SELECT DISTINCT SQL_BIG_RESULT t0.c0 AS ref0 FROM t0 WHERE (t0.c0) IS UNKNOWN ORDER BY t0.c0) as result WHERE result.ref0 IS NULL;
SELECT DISTINCTROW t0.c0 AS ref0 FROM t0 WHERE (t0.c0) IS NULL ORDER BY 'LTO' DESC;
SELECT * FROM (SELECT DISTINCTROW t0.c0 AS ref0 FROM t0 WHERE (t0.c0) IS NULL ORDER BY 'LTO' DESC) as result WHERE result.ref0 IS NULL;
SELECT DISTINCTROW SQL_SMALL_RESULT t0.c0 AS ref0 FROM t0 WHERE (t0.c0) IS NULL ORDER BY (((t0.c0) IS FALSE) IS NOT FALSE) IN (((1051045581) = ("q")) > (t0.c0)) LIMIT 2147483647;
SELECT * FROM (SELECT DISTINCTROW SQL_SMALL_RESULT t0.c0 AS ref0 FROM t0 WHERE (t0.c0) IS NULL ORDER BY (((t0.c0) IS FALSE) IS NOT FALSE) IN (((1051045581) = ("q")) > (t0.c0)) LIMIT 2147483647) as result WHERE result.ref0 IS NULL;
SELECT DISTINCTROW SQL_NO_CACHE t0.c0 AS ref0 FROM t0 WHERE (LEAST((t0.c0) OR (t0.c0), "1687967616", IFNULL('UR', "-142308231"), '?EItD')) IS UNKNOWN ORDER BY t0.c0 ASC LIMIT 2147483647;
SELECT * FROM (SELECT DISTINCTROW SQL_NO_CACHE t0.c0 AS ref0 FROM t0 WHERE (LEAST((t0.c0) OR (t0.c0), "1687967616", IFNULL('UR', "-142308231"), '?EItD')) IS UNKNOWN ORDER BY t0.c0 ASC LIMIT 2147483647) as result WHERE result.ref0 IS NULL;
SELECT DISTINCTROW STRAIGHT_JOIN SQL_SMALL_RESULT SQL_BIG_RESULT t0.c0 AS ref0 FROM t0 WHERE (! ("?Yn??")) GROUP BY t0.c0 ORDER BY CAST("X_?%" AS SIGNED) DESC LIMIT 2147483647 OFFSET 0;
SELECT * FROM (SELECT DISTINCTROW STRAIGHT_JOIN SQL_SMALL_RESULT SQL_BIG_RESULT t0.c0 AS ref0 FROM t0 WHERE (! ("?Yn??")) GROUP BY t0.c0 ORDER BY CAST("X_?%" AS SIGNED) DESC LIMIT 2147483647 OFFSET 0) as result WHERE result.ref0 IS NULL;
SELECT DISTINCT SQL_BIG_RESULT t0.c0 AS ref0 FROM t0 WHERE  EXISTS (SELECT 1) ORDER BY ((+ ((t0.c0) IS NOT TRUE))) IN ( EXISTS (SELECT 1 wHERE FALSE)) ASC, (+ (IF(t0.c0, "281878463", t0.c0))), CAST(IF(1407995371, t0.c0, t0.c0) AS SIGNED);
SELECT * FROM (SELECT DISTINCT SQL_BIG_RESULT t0.c0 AS ref0 FROM t0 WHERE  EXISTS (SELECT 1) ORDER BY ((+ ((t0.c0) IS NOT TRUE))) IN ( EXISTS (SELECT 1 wHERE FALSE)) ASC, (+ (IF(t0.c0, "281878463", t0.c0))), CAST(IF(1407995371, t0.c0, t0.c0) AS SIGNED)) as result WHERE result.ref0 IS NULL;
SELECT STRAIGHT_JOIN SQL_NO_CACHE SQL_BIG_RESULT t0.c0 AS ref0 FROM t0 WHERE  EXISTS (SELECT 1) ORDER BY -1583554883, ((CAST(-599849952 AS SIGNED)) XOR (CAST(t0.c0 AS SIGNED))) XOR ((t0.c0) != (BIT_COUNT(NULL))),  EXISTS (SELECT 1 wHERE FALSE) DESC;
SELECT * FROM (SELECT STRAIGHT_JOIN SQL_NO_CACHE SQL_BIG_RESULT t0.c0 AS ref0 FROM t0 WHERE  EXISTS (SELECT 1) ORDER BY -1583554883, ((CAST(-599849952 AS SIGNED)) XOR (CAST(t0.c0 AS SIGNED))) XOR ((t0.c0) != (BIT_COUNT(NULL))),  EXISTS (SELECT 1 wHERE FALSE) DESC) as result WHERE result.ref0 IS NULL;
SELECT DISTINCTROW SQL_NO_CACHE SQL_BIG_RESULT t0.c0 AS ref0 FROM t0 WHERE (338874971) >= ('mv[s') GROUP BY t0.c0 ORDER BY NULL,  EXISTS (SELECT 1) ASC, (t0.c0) != (CAST(CAST('*.E9' AS SIGNED) AS SIGNED)) ASC LIMIT 2147483647 OFFSET 0;
SELECT * FROM (SELECT DISTINCTROW SQL_NO_CACHE SQL_BIG_RESULT t0.c0 AS ref0 FROM t0 WHERE (338874971) >= ('mv[s') GROUP BY t0.c0 ORDER BY NULL,  EXISTS (SELECT 1) ASC, (t0.c0) != (CAST(CAST('*.E9' AS SIGNED) AS SIGNED)) ASC LIMIT 2147483647 OFFSET 0) as result WHERE result.ref0 IS NULL;
SELECT DISTINCTROW SQL_NO_CACHE STRAIGHT_JOIN SQL_SMALL_RESULT t0.c0 AS ref0 FROM t0 WHERE  EXISTS (SELECT 1) GROUP BY t0.c0 ORDER BY CAST((t0.c0) IS NOT UNKNOWN AS SIGNED) DESC;
SELECT * FROM (SELECT DISTINCTROW SQL_NO_CACHE STRAIGHT_JOIN SQL_SMALL_RESULT t0.c0 AS ref0 FROM t0 WHERE  EXISTS (SELECT 1) GROUP BY t0.c0 ORDER BY CAST((t0.c0) IS NOT UNKNOWN AS SIGNED) DESC) as result WHERE result.ref0 IS NULL;
SELECT DISTINCT t0.c0 AS ref0 FROM t0 WHERE (! ( EXISTS (SELECT 1 wHERE FALSE))) ORDER BY (! (t0.c0)) LIMIT 2147483647;
SELECT * FROM (SELECT DISTINCT t0.c0 AS ref0 FROM t0 WHERE (! ( EXISTS (SELECT 1 wHERE FALSE))) ORDER BY (! (t0.c0)) LIMIT 2147483647) as result WHERE result.ref0 IS NULL;
SELECT DISTINCTROW t0.c0 AS ref0 FROM t0 WHERE (t0.c0) IS UNKNOWN ORDER BY GREATEST(t0.c0, (NOT (NULL)), CAST(t0.c0 AS SIGNED), (! ("v,H9?T"))) LIMIT 2147483647;
SELECT * FROM (SELECT DISTINCTROW t0.c0 AS ref0 FROM t0 WHERE (t0.c0) IS UNKNOWN ORDER BY GREATEST(t0.c0, (NOT (NULL)), CAST(t0.c0 AS SIGNED), (! ("v,H9?T"))) LIMIT 2147483647) as result WHERE result.ref0 IS NULL;
SELECT DISTINCTROW STRAIGHT_JOIN SQL_SMALL_RESULT SQL_NO_CACHE t0.c0 AS ref0 FROM t0 WHERE (NOT (( EXISTS (SELECT 1 wHERE FALSE)) IS TRUE)) ORDER BY (NOT ((NULL) IN ((NOT (t0.c0)), (t0.c0) IS NOT TRUE))) LIMIT 2147483647;
SELECT * FROM (SELECT DISTINCTROW STRAIGHT_JOIN SQL_SMALL_RESULT SQL_NO_CACHE t0.c0 AS ref0 FROM t0 WHERE (NOT (( EXISTS (SELECT 1 wHERE FALSE)) IS TRUE)) ORDER BY (NOT ((NULL) IN ((NOT (t0.c0)), (t0.c0) IS NOT TRUE))) LIMIT 2147483647) as result WHERE result.ref0 IS NULL;
SELECT DISTINCT SQL_SMALL_RESULT STRAIGHT_JOIN t0.c0 AS ref0 FROM t0 WHERE (t0.c0) IS NULL ORDER BY CAST(CAST(t0.c0 AS SIGNED) AS SIGNED) LIMIT 2147483647;
SELECT * FROM (SELECT DISTINCT SQL_SMALL_RESULT STRAIGHT_JOIN t0.c0 AS ref0 FROM t0 WHERE (t0.c0) IS NULL ORDER BY CAST(CAST(t0.c0 AS SIGNED) AS SIGNED) LIMIT 2147483647) as result WHERE result.ref0 IS NULL;
SELECT ALL SQL_BIG_RESULT STRAIGHT_JOIN SQL_SMALL_RESULT t0.c0 AS ref0 FROM t0 WHERE -705979147 GROUP BY t0.c0 ORDER BY ( EXISTS (SELECT 1 wHERE FALSE)) XOR ((("ID") < (-1128964447)) < (-142308231)) LIMIT 2147483647 OFFSET 0;
SELECT * FROM (SELECT ALL SQL_BIG_RESULT STRAIGHT_JOIN SQL_SMALL_RESULT t0.c0 AS ref0 FROM t0 WHERE -705979147 GROUP BY t0.c0 ORDER BY ( EXISTS (SELECT 1 wHERE FALSE)) XOR ((("ID") < (-1128964447)) < (-142308231)) LIMIT 2147483647 OFFSET 0) as result WHERE result.ref0 IS NULL;
SELECT DISTINCT SQL_SMALL_RESULT STRAIGHT_JOIN SQL_BIG_RESULT SQL_NO_CACHE t0.c0 AS ref0 FROM t0 WHERE (! ((t0.c0) IS NOT UNKNOWN)) GROUP BY t0.c0 ORDER BY BIT_COUNT((t0.c0) < (t0.c0)) LIMIT 2147483647 OFFSET 0;
SELECT * FROM (SELECT DISTINCT SQL_SMALL_RESULT STRAIGHT_JOIN SQL_BIG_RESULT SQL_NO_CACHE t0.c0 AS ref0 FROM t0 WHERE (! ((t0.c0) IS NOT UNKNOWN)) GROUP BY t0.c0 ORDER BY BIT_COUNT((t0.c0) < (t0.c0)) LIMIT 2147483647 OFFSET 0) as result WHERE result.ref0 IS NULL;
SELECT DISTINCTROW SQL_NO_CACHE SQL_BIG_RESULT STRAIGHT_JOIN t0.c0 AS ref0 FROM t0 WHERE  EXISTS (SELECT 1) GROUP BY t0.c0 ORDER BY t0.c0 ASC;
SELECT * FROM (SELECT DISTINCTROW SQL_NO_CACHE SQL_BIG_RESULT STRAIGHT_JOIN t0.c0 AS ref0 FROM t0 WHERE  EXISTS (SELECT 1) GROUP BY t0.c0 ORDER BY t0.c0 ASC) as result WHERE result.ref0 IS NULL;
SELECT DISTINCTROW STRAIGHT_JOIN t0.c0 AS ref0 FROM t0 WHERE (! ((t0.c0) IS NOT NULL)) GROUP BY t0.c0 ORDER BY ((+ (''))) != ((('') || (335866772)) NOT IN ((t0.c0) IS FALSE, (NULL) IS NOT FALSE)) DESC LIMIT 2147483647;
SELECT * FROM (SELECT DISTINCTROW STRAIGHT_JOIN t0.c0 AS ref0 FROM t0 WHERE (! ((t0.c0) IS NOT NULL)) GROUP BY t0.c0 ORDER BY ((+ (''))) != ((('') || (335866772)) NOT IN ((t0.c0) IS FALSE, (NULL) IS NOT FALSE)) DESC LIMIT 2147483647) as result WHERE result.ref0 IS NULL;
SELECT ALL SQL_NO_CACHE SQL_SMALL_RESULT STRAIGHT_JOIN t0.c0 AS ref0 FROM t0 WHERE (t0.c0) IS NULL GROUP BY t0.c0 ORDER BY (((t0.c0) || ('1495647138')) IS NOT TRUE) < (t0.c0) DESC LIMIT 2147483647;
SELECT * FROM (SELECT ALL SQL_NO_CACHE SQL_SMALL_RESULT STRAIGHT_JOIN t0.c0 AS ref0 FROM t0 WHERE (t0.c0) IS NULL GROUP BY t0.c0 ORDER BY (((t0.c0) || ('1495647138')) IS NOT TRUE) < (t0.c0) DESC LIMIT 2147483647) as result WHERE result.ref0 IS NULL;
SELECT ALL t0.c0 AS ref0 FROM t0 WHERE (NULL) IS NULL GROUP BY t0.c0 ORDER BY GREATEST(IF(NULL, NULL, 'QWb\rh['), (t0.c0) XOR ("2083552942")) ASC LIMIT 2147483647;
SELECT * FROM (SELECT ALL t0.c0 AS ref0 FROM t0 WHERE (NULL) IS NULL GROUP BY t0.c0 ORDER BY GREATEST(IF(NULL, NULL, 'QWb\rh['), (t0.c0) XOR ("2083552942")) ASC LIMIT 2147483647) as result WHERE result.ref0 IS NULL;
SELECT DISTINCTROW SQL_BIG_RESULT STRAIGHT_JOIN SQL_SMALL_RESULT SQL_NO_CACHE t0.c0 AS ref0 FROM t0 WHERE (NULL) IS UNKNOWN GROUP BY t0.c0 ORDER BY COALESCE( EXISTS (SELECT 1 wHERE FALSE),  EXISTS (SELECT 1 wHERE FALSE));
SELECT * FROM (SELECT DISTINCTROW SQL_BIG_RESULT STRAIGHT_JOIN SQL_SMALL_RESULT SQL_NO_CACHE t0.c0 AS ref0 FROM t0 WHERE (NULL) IS UNKNOWN GROUP BY t0.c0 ORDER BY COALESCE( EXISTS (SELECT 1 wHERE FALSE),  EXISTS (SELECT 1 wHERE FALSE))) as result WHERE result.ref0 IS NULL;
SELECT DISTINCT t0.c0 AS ref0 FROM t0 WHERE (! ( EXISTS (SELECT 1 wHERE FALSE))) ORDER BY IFNULL(CAST(t0.c0 AS SIGNED), (-1179053153) = (NULL)) LIMIT 2147483647;
SELECT * FROM (SELECT DISTINCT t0.c0 AS ref0 FROM t0 WHERE (! ( EXISTS (SELECT 1 wHERE FALSE))) ORDER BY IFNULL(CAST(t0.c0 AS SIGNED), (-1179053153) = (NULL)) LIMIT 2147483647) as result WHERE result.ref0 IS NULL;
SELECT ALL SQL_BIG_RESULT SQL_NO_CACHE STRAIGHT_JOIN SQL_SMALL_RESULT t0.c0 AS ref0 FROM t0 WHERE ((CAST(NULL AS SIGNED)) IS UNKNOWN) NOT IN (1710462518) GROUP BY t0.c0 ORDER BY IFNULL(("-444763488") IS TRUE, (t0.c0) NOT IN (NULL, NULL)) LIMIT 2147483647;
SELECT * FROM (SELECT ALL SQL_BIG_RESULT SQL_NO_CACHE STRAIGHT_JOIN SQL_SMALL_RESULT t0.c0 AS ref0 FROM t0 WHERE ((CAST(NULL AS SIGNED)) IS UNKNOWN) NOT IN (1710462518) GROUP BY t0.c0 ORDER BY IFNULL(("-444763488") IS TRUE, (t0.c0) NOT IN (NULL, NULL)) LIMIT 2147483647) as result WHERE result.ref0 IS NULL;
SELECT DISTINCTROW STRAIGHT_JOIN SQL_BIG_RESULT SQL_NO_CACHE t0.c0 AS ref0 FROM t0 WHERE (! ((( EXISTS (SELECT 1)) || (IF(NULL, '-931349264', t0.c0))) IS NOT TRUE)) GROUP BY t0.c0 ORDER BY CAST(COALESCE(t0.c0, NULL) AS SIGNED);
SELECT * FROM (SELECT DISTINCTROW STRAIGHT_JOIN SQL_BIG_RESULT SQL_NO_CACHE t0.c0 AS ref0 FROM t0 WHERE (! ((( EXISTS (SELECT 1)) || (IF(NULL, '-931349264', t0.c0))) IS NOT TRUE)) GROUP BY t0.c0 ORDER BY CAST(COALESCE(t0.c0, NULL) AS SIGNED)) as result WHERE result.ref0 IS NULL;
SELECT SQL_BIG_RESULT SQL_SMALL_RESULT t0.c0 AS ref0 FROM t0 WHERE (CAST(CAST((t0.c0) LIKE (1419645060) AS SIGNED) AS SIGNED)) IS UNKNOWN ORDER BY (CAST((t0.c0) AND (t0.c0) AS SIGNED)) OR ((CAST(NULL AS SIGNED)) && ((+ (t0.c0)))) ASC;
SELECT * FROM (SELECT SQL_BIG_RESULT SQL_SMALL_RESULT t0.c0 AS ref0 FROM t0 WHERE (CAST(CAST((t0.c0) LIKE (1419645060) AS SIGNED) AS SIGNED)) IS UNKNOWN ORDER BY (CAST((t0.c0) AND (t0.c0) AS SIGNED)) OR ((CAST(NULL AS SIGNED)) && ((+ (t0.c0)))) ASC) as result WHERE result.ref0 IS NULL;
SELECT ALL t0.c0 AS ref0 FROM t0 WHERE (( EXISTS (SELECT 1)) && (CAST((t0.c0) XOR (t0.c0) AS SIGNED))) IS NULL ORDER BY t0.c0 DESC LIMIT 2147483647;
SELECT * FROM (SELECT ALL t0.c0 AS ref0 FROM t0 WHERE (( EXISTS (SELECT 1)) && (CAST((t0.c0) XOR (t0.c0) AS SIGNED))) IS NULL ORDER BY t0.c0 DESC LIMIT 2147483647) as result WHERE result.ref0 IS NULL;
SELECT SQL_BIG_RESULT t0.c0 AS ref0 FROM t0 WHERE (t0.c0) IS NULL ORDER BY ( EXISTS (SELECT 1)) IS UNKNOWN LIMIT 2147483647;
SELECT * FROM (SELECT SQL_BIG_RESULT t0.c0 AS ref0 FROM t0 WHERE (t0.c0) IS NULL ORDER BY ( EXISTS (SELECT 1)) IS UNKNOWN LIMIT 2147483647) as result WHERE result.ref0 IS NULL;
SELECT t0.c0 AS ref0 FROM t0 WHERE 67298370 ORDER BY ( EXISTS (SELECT 1 wHERE FALSE)) AND ((t0.c0) <= (CAST(t0.c0 AS SIGNED)));
SELECT * FROM (SELECT t0.c0 AS ref0 FROM t0 WHERE 67298370 ORDER BY ( EXISTS (SELECT 1 wHERE FALSE)) AND ((t0.c0) <= (CAST(t0.c0 AS SIGNED)))) as result WHERE result.ref0 IS NULL;
SELECT DISTINCT t0.c0 AS ref0 FROM t0 WHERE ((+ (((NULL) IN ('1495647138')) <= ((-1683270015) IS NOT UNKNOWN)))) IS NULL GROUP BY t0.c0 ORDER BY t0.c0;
SELECT * FROM (SELECT DISTINCT t0.c0 AS ref0 FROM t0 WHERE ((+ (((NULL) IN ('1495647138')) <= ((-1683270015) IS NOT UNKNOWN)))) IS NULL GROUP BY t0.c0 ORDER BY t0.c0) as result WHERE result.ref0 IS NULL;
SELECT DISTINCT t0.c0 AS ref0 FROM t0 WHERE (( EXISTS (SELECT 1 wHERE FALSE)) NOT IN (((t0.c0) IN (t0.c0)) NOT IN (BIT_COUNT(1574620281)), ((t0.c0) || (t0.c0)) IN ((t0.c0) IS TRUE))) IS UNKNOWN ORDER BY ('?iuaxrjn') NOT IN (-218255335) DESC;
SELECT * FROM (SELECT DISTINCT t0.c0 AS ref0 FROM t0 WHERE (( EXISTS (SELECT 1 wHERE FALSE)) NOT IN (((t0.c0) IN (t0.c0)) NOT IN (BIT_COUNT(1574620281)), ((t0.c0) || (t0.c0)) IN ((t0.c0) IS TRUE))) IS UNKNOWN ORDER BY ('?iuaxrjn') NOT IN (-218255335) DESC) as result WHERE result.ref0 IS NULL;
SELECT ALL SQL_BIG_RESULT t0.c0 AS ref0 FROM t0 WHERE ( EXISTS (SELECT 1 wHERE FALSE)) IS NOT NULL GROUP BY t0.c0 ORDER BY IF((t0.c0) < (t0.c0), CAST(t0.c0 AS SIGNED), (NOT (t0.c0))) LIMIT 2147483647 OFFSET 0;
SELECT * FROM (SELECT ALL SQL_BIG_RESULT t0.c0 AS ref0 FROM t0 WHERE ( EXISTS (SELECT 1 wHERE FALSE)) IS NOT NULL GROUP BY t0.c0 ORDER BY IF((t0.c0) < (t0.c0), CAST(t0.c0 AS SIGNED), (NOT (t0.c0))) LIMIT 2147483647 OFFSET 0) as result WHERE result.ref0 IS NULL;
SELECT DISTINCT STRAIGHT_JOIN SQL_SMALL_RESULT SQL_NO_CACHE SQL_BIG_RESULT t0.c0 AS ref0 FROM t0 WHERE (t0.c0) IS NULL GROUP BY t0.c0 ORDER BY (+ (((NULL) IN (NULL, t0.c0)) IS UNKNOWN)) DESC LIMIT 2147483647 OFFSET 0;
SELECT * FROM (SELECT DISTINCT STRAIGHT_JOIN SQL_SMALL_RESULT SQL_NO_CACHE SQL_BIG_RESULT t0.c0 AS ref0 FROM t0 WHERE (t0.c0) IS NULL GROUP BY t0.c0 ORDER BY (+ (((NULL) IN (NULL, t0.c0)) IS UNKNOWN)) DESC LIMIT 2147483647 OFFSET 0) as result WHERE result.ref0 IS NULL;
SELECT DISTINCTROW SQL_SMALL_RESULT SQL_BIG_RESULT SQL_NO_CACHE t0.c0 AS ref0 FROM t0 WHERE ( EXISTS (SELECT 1 wHERE FALSE)) IS FALSE GROUP BY t0.c0 ORDER BY t0.c0 LIMIT 2147483647 OFFSET 0;
SELECT * FROM (SELECT DISTINCTROW SQL_SMALL_RESULT SQL_BIG_RESULT SQL_NO_CACHE t0.c0 AS ref0 FROM t0 WHERE ( EXISTS (SELECT 1 wHERE FALSE)) IS FALSE GROUP BY t0.c0 ORDER BY t0.c0 LIMIT 2147483647 OFFSET 0) as result WHERE result.ref0 IS NULL;
SELECT DISTINCTROW STRAIGHT_JOIN t0.c0 AS ref0 FROM t0 WHERE (t0.c0) IS UNKNOWN ORDER BY (CAST('0v1]5h' AS SIGNED)) NOT IN (t0.c0) ASC;
SELECT * FROM (SELECT DISTINCTROW STRAIGHT_JOIN t0.c0 AS ref0 FROM t0 WHERE (t0.c0) IS UNKNOWN ORDER BY (CAST('0v1]5h' AS SIGNED)) NOT IN (t0.c0) ASC) as result WHERE result.ref0 IS NULL;
SELECT DISTINCTROW STRAIGHT_JOIN SQL_NO_CACHE SQL_SMALL_RESULT SQL_BIG_RESULT t0.c0 AS ref0 FROM t0 WHERE (CAST(( EXISTS (SELECT 1)) NOT IN (NULL, (+ (52384744))) AS SIGNED)) IS NULL ORDER BY "_A!}A&";
SELECT * FROM (SELECT DISTINCTROW STRAIGHT_JOIN SQL_NO_CACHE SQL_SMALL_RESULT SQL_BIG_RESULT t0.c0 AS ref0 FROM t0 WHERE (CAST(( EXISTS (SELECT 1)) NOT IN (NULL, (+ (52384744))) AS SIGNED)) IS NULL ORDER BY "_A!}A&") as result WHERE result.ref0 IS NULL;
SELECT DISTINCTROW STRAIGHT_JOIN SQL_SMALL_RESULT SQL_NO_CACHE SQL_BIG_RESULT t0.c0 AS ref0 FROM t0 WHERE ((COALESCE(NULL, -2089012719, 369289030, '')) < ((GREATEST(t0.c0, t0.c0)) != ((NULL) IS UNKNOWN))) IS UNKNOWN GROUP BY t0.c0 ORDER BY BIT_COUNT( EXISTS (SELECT 1 wHERE FALSE)), NULL, (CAST((NULL) IS NOT NULL AS SIGNED)) IS UNKNOWN ASC LIMIT 2147483647 OFFSET 0;
SELECT * FROM (SELECT DISTINCTROW STRAIGHT_JOIN SQL_SMALL_RESULT SQL_NO_CACHE SQL_BIG_RESULT t0.c0 AS ref0 FROM t0 WHERE ((COALESCE(NULL, -2089012719, 369289030, '')) < ((GREATEST(t0.c0, t0.c0)) != ((NULL) IS UNKNOWN))) IS UNKNOWN GROUP BY t0.c0 ORDER BY BIT_COUNT( EXISTS (SELECT 1 wHERE FALSE)), NULL, (CAST((NULL) IS NOT NULL AS SIGNED)) IS UNKNOWN ASC LIMIT 2147483647 OFFSET 0) as result WHERE result.ref0 IS NULL;
SELECT ALL SQL_BIG_RESULT STRAIGHT_JOIN t0.c0 AS ref0 FROM t0 WHERE (t0.c0) IS UNKNOWN ORDER BY (NOT (((t0.c0) IS UNKNOWN) IS FALSE)) DESC;
SELECT * FROM (SELECT ALL SQL_BIG_RESULT STRAIGHT_JOIN t0.c0 AS ref0 FROM t0 WHERE (t0.c0) IS UNKNOWN ORDER BY (NOT (((t0.c0) IS UNKNOWN) IS FALSE)) DESC) as result WHERE result.ref0 IS NULL;
SELECT STRAIGHT_JOIN SQL_SMALL_RESULT t0.c0 AS ref0 FROM t0 WHERE (CAST(t0.c0 AS SIGNED)) IS UNKNOWN ORDER BY  EXISTS (SELECT 1) DESC LIMIT 2147483647 OFFSET 0;
SELECT * FROM (SELECT STRAIGHT_JOIN SQL_SMALL_RESULT t0.c0 AS ref0 FROM t0 WHERE (CAST(t0.c0 AS SIGNED)) IS UNKNOWN ORDER BY  EXISTS (SELECT 1) DESC LIMIT 2147483647 OFFSET 0) as result WHERE result.ref0 IS NULL;
SELECT DISTINCT STRAIGHT_JOIN SQL_SMALL_RESULT SQL_BIG_RESULT SQL_NO_CACHE t0.c0 AS ref0 FROM t0 WHERE (GREATEST(t0.c0, (-454172726) OR (t0.c0))) IS UNKNOWN GROUP BY t0.c0 ORDER BY t0.c0 DESC;
SELECT * FROM (SELECT DISTINCT STRAIGHT_JOIN SQL_SMALL_RESULT SQL_BIG_RESULT SQL_NO_CACHE t0.c0 AS ref0 FROM t0 WHERE (GREATEST(t0.c0, (-454172726) OR (t0.c0))) IS UNKNOWN GROUP BY t0.c0 ORDER BY t0.c0 DESC) as result WHERE result.ref0 IS NULL;
SELECT ALL SQL_BIG_RESULT t0.c0 AS ref0 FROM t0 WHERE ((((NULL) = (335866772)) XOR (t0.c0)) IN (t0.c0)) IS NULL ORDER BY  EXISTS (SELECT 1) DESC LIMIT 2147483647;
SELECT * FROM (SELECT ALL SQL_BIG_RESULT t0.c0 AS ref0 FROM t0 WHERE ((((NULL) = (335866772)) XOR (t0.c0)) IN (t0.c0)) IS NULL ORDER BY  EXISTS (SELECT 1) DESC LIMIT 2147483647) as result WHERE result.ref0 IS NULL;
SELECT DISTINCT SQL_BIG_RESULT t0.c0 AS ref0 FROM t0 WHERE ((t0.c0) NOT IN (GREATEST(t0.c0, -1305449509), NULL)) IS NULL GROUP BY t0.c0 ORDER BY (+ (CAST((NULL) IS TRUE AS SIGNED))) ASC;
SELECT * FROM (SELECT DISTINCT SQL_BIG_RESULT t0.c0 AS ref0 FROM t0 WHERE ((t0.c0) NOT IN (GREATEST(t0.c0, -1305449509), NULL)) IS NULL GROUP BY t0.c0 ORDER BY (+ (CAST((NULL) IS TRUE AS SIGNED))) ASC) as result WHERE result.ref0 IS NULL;
SELECT DISTINCTROW STRAIGHT_JOIN SQL_NO_CACHE t0.c0 AS ref0 FROM t0 WHERE (((t0.c0) IS NOT TRUE) IS NOT FALSE) || ((IFNULL(649324783, t0.c0)) XOR (CAST(t0.c0 AS SIGNED))) GROUP BY t0.c0 ORDER BY t0.c0 ASC LIMIT 2147483647;
SELECT * FROM (SELECT DISTINCTROW STRAIGHT_JOIN SQL_NO_CACHE t0.c0 AS ref0 FROM t0 WHERE (((t0.c0) IS NOT TRUE) IS NOT FALSE) || ((IFNULL(649324783, t0.c0)) XOR (CAST(t0.c0 AS SIGNED))) GROUP BY t0.c0 ORDER BY t0.c0 ASC LIMIT 2147483647) as result WHERE result.ref0 IS NULL;
SELECT ALL t0.c0 AS ref0 FROM t0 WHERE (t0.c0) IS NULL GROUP BY t0.c0 ORDER BY CAST(523732776 AS SIGNED), t0.c0, (t0.c0) IS NULL LIMIT 2147483647 OFFSET 0;
SELECT * FROM (SELECT ALL t0.c0 AS ref0 FROM t0 WHERE (t0.c0) IS NULL GROUP BY t0.c0 ORDER BY CAST(523732776 AS SIGNED), t0.c0, (t0.c0) IS NULL LIMIT 2147483647 OFFSET 0) as result WHERE result.ref0 IS NULL;
SELECT DISTINCT SQL_SMALL_RESULT SQL_BIG_RESULT STRAIGHT_JOIN SQL_NO_CACHE t0.c0 AS ref0 FROM t0 WHERE  EXISTS (SELECT 1) GROUP BY t0.c0 ORDER BY -733040162 DESC LIMIT 2147483647;
SELECT * FROM (SELECT DISTINCT SQL_SMALL_RESULT SQL_BIG_RESULT STRAIGHT_JOIN SQL_NO_CACHE t0.c0 AS ref0 FROM t0 WHERE  EXISTS (SELECT 1) GROUP BY t0.c0 ORDER BY -733040162 DESC LIMIT 2147483647) as result WHERE result.ref0 IS NULL;
SELECT DISTINCTROW STRAIGHT_JOIN t0.c0 AS ref0 FROM t0 WHERE (! ( EXISTS (SELECT 1 wHERE FALSE))) ORDER BY LEAST((52384744) <= (NULL), 260294839);
SELECT * FROM (SELECT DISTINCTROW STRAIGHT_JOIN t0.c0 AS ref0 FROM t0 WHERE (! ( EXISTS (SELECT 1 wHERE FALSE))) ORDER BY LEAST((52384744) <= (NULL), 260294839)) as result WHERE result.ref0 IS NULL;
SELECT STRAIGHT_JOIN SQL_BIG_RESULT t0.c0 AS ref0 FROM t0 WHERE (t0.c0) IS NULL ORDER BY  EXISTS (SELECT 1 wHERE FALSE) ASC,  EXISTS (SELECT 1 wHERE FALSE) ASC, ("") IN ((t0.c0) XOR (CAST(t0.c0 AS SIGNED))) ASC;
SELECT * FROM (SELECT STRAIGHT_JOIN SQL_BIG_RESULT t0.c0 AS ref0 FROM t0 WHERE (t0.c0) IS NULL ORDER BY  EXISTS (SELECT 1 wHERE FALSE) ASC,  EXISTS (SELECT 1 wHERE FALSE) ASC, ("") IN ((t0.c0) XOR (CAST(t0.c0 AS SIGNED))) ASC) as result WHERE result.ref0 IS NULL;
SELECT DISTINCT SQL_BIG_RESULT STRAIGHT_JOIN SQL_SMALL_RESULT t0.c0 AS ref0 FROM t0 WHERE (CAST(IFNULL(t0.c0, t0.c0) AS SIGNED)) IS NULL GROUP BY t0.c0 ORDER BY t0.c0 ASC;
SELECT * FROM (SELECT DISTINCT SQL_BIG_RESULT STRAIGHT_JOIN SQL_SMALL_RESULT t0.c0 AS ref0 FROM t0 WHERE (CAST(IFNULL(t0.c0, t0.c0) AS SIGNED)) IS NULL GROUP BY t0.c0 ORDER BY t0.c0 ASC) as result WHERE result.ref0 IS NULL;
SELECT ALL t0.c0 AS ref0 FROM t0 WHERE (CAST(CAST(CAST(t0.c0 AS SIGNED) AS SIGNED) AS SIGNED)) IS UNKNOWN ORDER BY -412198091;
SELECT * FROM (SELECT ALL t0.c0 AS ref0 FROM t0 WHERE (CAST(CAST(CAST(t0.c0 AS SIGNED) AS SIGNED) AS SIGNED)) IS UNKNOWN ORDER BY -412198091) as result WHERE result.ref0 IS NULL;
SELECT DISTINCT SQL_NO_CACHE STRAIGHT_JOIN t0.c0 AS ref0 FROM t0 WHERE CAST( EXISTS (SELECT 1) AS SIGNED) ORDER BY t0.c0;
SELECT * FROM (SELECT DISTINCT SQL_NO_CACHE STRAIGHT_JOIN t0.c0 AS ref0 FROM t0 WHERE CAST( EXISTS (SELECT 1) AS SIGNED) ORDER BY t0.c0) as result WHERE result.ref0 IS NULL;
SELECT DISTINCT SQL_BIG_RESULT t0.c0 AS ref0 FROM t0 WHERE (CAST(LEAST(t0.c0, t0.c0) AS SIGNED)) IS NULL ORDER BY (( EXISTS (SELECT 1)) != ((1165798180) IS UNKNOWN)) OR ('hu') ASC LIMIT 2147483647 OFFSET 0;
SELECT * FROM (SELECT DISTINCT SQL_BIG_RESULT t0.c0 AS ref0 FROM t0 WHERE (CAST(LEAST(t0.c0, t0.c0) AS SIGNED)) IS NULL ORDER BY (( EXISTS (SELECT 1)) != ((1165798180) IS UNKNOWN)) OR ('hu') ASC LIMIT 2147483647 OFFSET 0) as result WHERE result.ref0 IS NULL;
SELECT SQL_NO_CACHE STRAIGHT_JOIN SQL_BIG_RESULT t0.c0 AS ref0 FROM t0 WHERE  EXISTS (SELECT 1) GROUP BY t0.c0 ORDER BY t0.c0 ASC LIMIT 2147483647 OFFSET 0;
SELECT * FROM (SELECT SQL_NO_CACHE STRAIGHT_JOIN SQL_BIG_RESULT t0.c0 AS ref0 FROM t0 WHERE  EXISTS (SELECT 1) GROUP BY t0.c0 ORDER BY t0.c0 ASC LIMIT 2147483647 OFFSET 0) as result WHERE result.ref0 IS NULL;
SELECT DISTINCTROW t0.c0 AS ref0 FROM t0 WHERE (NOT ((((t0.c0) XOR ("OK^e~")) IS FALSE) IN ((CAST(t0.c0 AS SIGNED)) IS NOT FALSE))) ORDER BY BIT_COUNT((NULL) > (t0.c0)) LIMIT 2147483647;
SELECT * FROM (SELECT DISTINCTROW t0.c0 AS ref0 FROM t0 WHERE (NOT ((((t0.c0) XOR ("OK^e~")) IS FALSE) IN ((CAST(t0.c0 AS SIGNED)) IS NOT FALSE))) ORDER BY BIT_COUNT((NULL) > (t0.c0)) LIMIT 2147483647) as result WHERE result.ref0 IS NULL;
SELECT SQL_NO_CACHE STRAIGHT_JOIN t0.c0 AS ref0 FROM t0 WHERE ( EXISTS (SELECT 1)) IS TRUE ORDER BY COALESCE(CAST(t0.c0 AS SIGNED), -654627616);
SELECT * FROM (SELECT SQL_NO_CACHE STRAIGHT_JOIN t0.c0 AS ref0 FROM t0 WHERE ( EXISTS (SELECT 1)) IS TRUE ORDER BY COALESCE(CAST(t0.c0 AS SIGNED), -654627616)) as result WHERE result.ref0 IS NULL;
SELECT DISTINCT SQL_NO_CACHE SQL_SMALL_RESULT t0.c0 AS ref0 FROM t0 WHERE (! (CAST( EXISTS (SELECT 1 wHERE FALSE) AS SIGNED))) GROUP BY t0.c0 ORDER BY ((CAST(t0.c0 AS SIGNED)) IS FALSE) OR ( EXISTS (SELECT 1)) DESC LIMIT 2147483647;
SELECT * FROM (SELECT DISTINCT SQL_NO_CACHE SQL_SMALL_RESULT t0.c0 AS ref0 FROM t0 WHERE (! (CAST( EXISTS (SELECT 1 wHERE FALSE) AS SIGNED))) GROUP BY t0.c0 ORDER BY ((CAST(t0.c0 AS SIGNED)) IS FALSE) OR ( EXISTS (SELECT 1)) DESC LIMIT 2147483647) as result WHERE result.ref0 IS NULL;
SELECT DISTINCTROW STRAIGHT_JOIN SQL_SMALL_RESULT SQL_BIG_RESULT t0.c0 AS ref0 FROM t0 WHERE (NOT (CAST((t0.c0) IS FALSE AS SIGNED))) ORDER BY t0.c0;
SELECT * FROM (SELECT DISTINCTROW STRAIGHT_JOIN SQL_SMALL_RESULT SQL_BIG_RESULT t0.c0 AS ref0 FROM t0 WHERE (NOT (CAST((t0.c0) IS FALSE AS SIGNED))) ORDER BY t0.c0) as result WHERE result.ref0 IS NULL;
SELECT SQL_NO_CACHE STRAIGHT_JOIN SQL_SMALL_RESULT t0.c0 AS ref0 FROM t0 WHERE (! ((IFNULL(t0.c0, t0.c0)) IS TRUE)) ORDER BY (((t0.c0) AND (NULL)) IN ("", (NULL) IS NOT FALSE)) LIKE (BIT_COUNT(NULL)) DESC LIMIT 2147483647;
SELECT * FROM (SELECT SQL_NO_CACHE STRAIGHT_JOIN SQL_SMALL_RESULT t0.c0 AS ref0 FROM t0 WHERE (! ((IFNULL(t0.c0, t0.c0)) IS TRUE)) ORDER BY (((t0.c0) AND (NULL)) IN ("", (NULL) IS NOT FALSE)) LIKE (BIT_COUNT(NULL)) DESC LIMIT 2147483647) as result WHERE result.ref0 IS NULL;
SELECT DISTINCTROW SQL_NO_CACHE t0.c0 AS ref0 FROM t0 WHERE (LEAST(('S#*a') NOT IN (NULL, -1325556460), (t0.c0) OR (NULL))) IS UNKNOWN ORDER BY  EXISTS (SELECT 1 wHERE FALSE) LIMIT 2147483647;
SELECT * FROM (SELECT DISTINCTROW SQL_NO_CACHE t0.c0 AS ref0 FROM t0 WHERE (LEAST(('S#*a') NOT IN (NULL, -1325556460), (t0.c0) OR (NULL))) IS UNKNOWN ORDER BY  EXISTS (SELECT 1 wHERE FALSE) LIMIT 2147483647) as result WHERE result.ref0 IS NULL;
SELECT DISTINCTROW SQL_NO_CACHE t0.c0 AS ref0 FROM t0 WHERE (! ((((-283394004) AND (NULL)) IS TRUE) >= ( EXISTS (SELECT 1)))) GROUP BY t0.c0 ORDER BY (t0.c0) IN (( EXISTS (SELECT 1 wHERE FALSE)) XOR ((t0.c0) IS NOT FALSE)) DESC;
SELECT * FROM (SELECT DISTINCTROW SQL_NO_CACHE t0.c0 AS ref0 FROM t0 WHERE (! ((((-283394004) AND (NULL)) IS TRUE) >= ( EXISTS (SELECT 1)))) GROUP BY t0.c0 ORDER BY (t0.c0) IN (( EXISTS (SELECT 1 wHERE FALSE)) XOR ((t0.c0) IS NOT FALSE)) DESC) as result WHERE result.ref0 IS NULL;
SELECT DISTINCTROW t0.c0 AS ref0 FROM t0 WHERE (t0.c0) IS NULL ORDER BY CAST(-787049487 AS SIGNED) ASC;
SELECT * FROM (SELECT DISTINCTROW t0.c0 AS ref0 FROM t0 WHERE (t0.c0) IS NULL ORDER BY CAST(-787049487 AS SIGNED) ASC) as result WHERE result.ref0 IS NULL;
SELECT ALL t0.c0 AS ref0 FROM t0 WHERE  EXISTS (SELECT 1) GROUP BY t0.c0 ORDER BY  EXISTS (SELECT 1 wHERE FALSE) LIMIT 2147483647 OFFSET 0;
SELECT * FROM (SELECT ALL t0.c0 AS ref0 FROM t0 WHERE  EXISTS (SELECT 1) GROUP BY t0.c0 ORDER BY  EXISTS (SELECT 1 wHERE FALSE) LIMIT 2147483647 OFFSET 0) as result WHERE result.ref0 IS NULL;
SELECT DISTINCTROW STRAIGHT_JOIN SQL_SMALL_RESULT SQL_BIG_RESULT SQL_NO_CACHE t0.c0 AS ref0 FROM t0 WHERE (NULL) IS NULL GROUP BY t0.c0 ORDER BY t0.c0 DESC;
SELECT * FROM (SELECT DISTINCTROW STRAIGHT_JOIN SQL_SMALL_RESULT SQL_BIG_RESULT SQL_NO_CACHE t0.c0 AS ref0 FROM t0 WHERE (NULL) IS NULL GROUP BY t0.c0 ORDER BY t0.c0 DESC) as result WHERE result.ref0 IS NULL;
SELECT ALL t0.c0 AS ref0 FROM t0 WHERE CAST(-918162064 AS SIGNED) GROUP BY t0.c0 ORDER BY CAST(t0.c0 AS SIGNED) ASC LIMIT 2147483647 OFFSET 0;
SELECT * FROM (SELECT ALL t0.c0 AS ref0 FROM t0 WHERE CAST(-918162064 AS SIGNED) GROUP BY t0.c0 ORDER BY CAST(t0.c0 AS SIGNED) ASC LIMIT 2147483647 OFFSET 0) as result WHERE result.ref0 IS NULL;
SELECT DISTINCTROW STRAIGHT_JOIN t0.c0 AS ref0 FROM t0 WHERE (IF(IFNULL('Cs', NULL), (t0.c0) IS NOT NULL, CAST(t0.c0 AS SIGNED))) IS NULL ORDER BY ("<oUB") IS TRUE DESC LIMIT 2147483647;
SELECT * FROM (SELECT DISTINCTROW STRAIGHT_JOIN t0.c0 AS ref0 FROM t0 WHERE (IF(IFNULL('Cs', NULL), (t0.c0) IS NOT NULL, CAST(t0.c0 AS SIGNED))) IS NULL ORDER BY ("<oUB") IS TRUE DESC LIMIT 2147483647) as result WHERE result.ref0 IS NULL;
SELECT DISTINCTROW SQL_NO_CACHE SQL_SMALL_RESULT SQL_BIG_RESULT t0.c0 AS ref0 FROM t0 WHERE (CAST((IFNULL(t0.c0, NULL)) < ((t0.c0) LIKE ('')) AS SIGNED)) IS UNKNOWN GROUP BY t0.c0 ORDER BY CAST((("8??1H KV") >= (NULL)) != (t0.c0) AS SIGNED) LIMIT 2147483647 OFFSET 0;
SELECT * FROM (SELECT DISTINCTROW SQL_NO_CACHE SQL_SMALL_RESULT SQL_BIG_RESULT t0.c0 AS ref0 FROM t0 WHERE (CAST((IFNULL(t0.c0, NULL)) < ((t0.c0) LIKE ('')) AS SIGNED)) IS UNKNOWN GROUP BY t0.c0 ORDER BY CAST((("8??1H KV") >= (NULL)) != (t0.c0) AS SIGNED) LIMIT 2147483647 OFFSET 0) as result WHERE result.ref0 IS NULL;
SELECT STRAIGHT_JOIN SQL_NO_CACHE SQL_BIG_RESULT SQL_SMALL_RESULT t0.c0 AS ref0 FROM t0 WHERE CAST(-887289856 AS SIGNED) ORDER BY t0.c0 LIMIT 2147483647;
SELECT * FROM (SELECT STRAIGHT_JOIN SQL_NO_CACHE SQL_BIG_RESULT SQL_SMALL_RESULT t0.c0 AS ref0 FROM t0 WHERE CAST(-887289856 AS SIGNED) ORDER BY t0.c0 LIMIT 2147483647) as result WHERE result.ref0 IS NULL;
SELECT DISTINCT t0.c0 AS ref0 FROM t0 WHERE ((((t0.c0) IN (NULL)) >= (IF(t0.c0, -1383984233, "d?H"))) >= ( EXISTS (SELECT 1 wHERE FALSE))) IS NULL ORDER BY ( EXISTS (SELECT 1 wHERE FALSE)) XOR ( EXISTS (SELECT 1 wHERE FALSE)) DESC;
SELECT * FROM (SELECT DISTINCT t0.c0 AS ref0 FROM t0 WHERE ((((t0.c0) IN (NULL)) >= (IF(t0.c0, -1383984233, "d?H"))) >= ( EXISTS (SELECT 1 wHERE FALSE))) IS NULL ORDER BY ( EXISTS (SELECT 1 wHERE FALSE)) XOR ( EXISTS (SELECT 1 wHERE FALSE)) DESC) as result WHERE result.ref0 IS NULL;
SELECT DISTINCTROW SQL_SMALL_RESULT STRAIGHT_JOIN SQL_NO_CACHE SQL_BIG_RESULT t0.c0 AS ref0 FROM t0 WHERE  EXISTS (SELECT 1) ORDER BY BIT_COUNT((! ("[tdi*hG"))) LIMIT 2147483647;
SELECT * FROM (SELECT DISTINCTROW SQL_SMALL_RESULT STRAIGHT_JOIN SQL_NO_CACHE SQL_BIG_RESULT t0.c0 AS ref0 FROM t0 WHERE  EXISTS (SELECT 1) ORDER BY BIT_COUNT((! ("[tdi*hG"))) LIMIT 2147483647) as result WHERE result.ref0 IS NULL;
SELECT DISTINCTROW t0.c0 AS ref0 FROM t0 WHERE IF(t0.c0, CAST("" AS SIGNED), 1465679528) GROUP BY t0.c0 ORDER BY t0.c0;
SELECT * FROM (SELECT DISTINCTROW t0.c0 AS ref0 FROM t0 WHERE IF(t0.c0, CAST("" AS SIGNED), 1465679528) GROUP BY t0.c0 ORDER BY t0.c0) as result WHERE result.ref0 IS NULL;
SELECT ALL SQL_SMALL_RESULT SQL_NO_CACHE STRAIGHT_JOIN SQL_BIG_RESULT t0.c0 AS ref0 FROM t0 WHERE (((("878922026") LIKE (t0.c0)) < ((t0.c0) = (t0.c0))) && (("?IuaxrJN") XOR ((592105069) || (1770751816)))) IS NULL GROUP BY t0.c0 ORDER BY "'{dqcO" DESC;
SELECT * FROM (SELECT ALL SQL_SMALL_RESULT SQL_NO_CACHE STRAIGHT_JOIN SQL_BIG_RESULT t0.c0 AS ref0 FROM t0 WHERE (((("878922026") LIKE (t0.c0)) < ((t0.c0) = (t0.c0))) && (("?IuaxrJN") XOR ((592105069) || (1770751816)))) IS NULL GROUP BY t0.c0 ORDER BY "'{dqcO" DESC) as result WHERE result.ref0 IS NULL;
SELECT t0.c0 AS ref0 FROM t0 WHERE (! ("")) ORDER BY CAST(t0.c0 AS SIGNED);
SELECT * FROM (SELECT t0.c0 AS ref0 FROM t0 WHERE (! ("")) ORDER BY CAST(t0.c0 AS SIGNED)) as result WHERE result.ref0 IS NULL;
SELECT DISTINCT SQL_SMALL_RESULT SQL_NO_CACHE STRAIGHT_JOIN t0.c0 AS ref0 FROM t0 WHERE ((! ((! ((1328047852) <= (t0.c0)))))) IS UNKNOWN ORDER BY (t0.c0) = ( EXISTS (SELECT 1 wHERE FALSE)) LIMIT 2147483647 OFFSET 0;
SELECT * FROM (SELECT DISTINCT SQL_SMALL_RESULT SQL_NO_CACHE STRAIGHT_JOIN t0.c0 AS ref0 FROM t0 WHERE ((! ((! ((1328047852) <= (t0.c0)))))) IS UNKNOWN ORDER BY (t0.c0) = ( EXISTS (SELECT 1 wHERE FALSE)) LIMIT 2147483647 OFFSET 0) as result WHERE result.ref0 IS NULL;
SELECT DISTINCTROW STRAIGHT_JOIN SQL_SMALL_RESULT SQL_NO_CACHE t0.c0 AS ref0 FROM t0 WHERE ((t0.c0) || (t0.c0)) IS UNKNOWN ORDER BY CAST(((t0.c0) XOR (t0.c0)) IS NULL AS SIGNED);
SELECT * FROM (SELECT DISTINCTROW STRAIGHT_JOIN SQL_SMALL_RESULT SQL_NO_CACHE t0.c0 AS ref0 FROM t0 WHERE ((t0.c0) || (t0.c0)) IS UNKNOWN ORDER BY CAST(((t0.c0) XOR (t0.c0)) IS NULL AS SIGNED)) as result WHERE result.ref0 IS NULL;
SELECT DISTINCTROW STRAIGHT_JOIN t0.c0 AS ref0 FROM t0 WHERE (NOT ( EXISTS (SELECT 1 wHERE FALSE))) ORDER BY CAST((CAST(-87507132 AS SIGNED)) XOR (("*") LIKE (t0.c0)) AS SIGNED) ASC LIMIT 2147483647 OFFSET 0;
SELECT * FROM (SELECT DISTINCTROW STRAIGHT_JOIN t0.c0 AS ref0 FROM t0 WHERE (NOT ( EXISTS (SELECT 1 wHERE FALSE))) ORDER BY CAST((CAST(-87507132 AS SIGNED)) XOR (("*") LIKE (t0.c0)) AS SIGNED) ASC LIMIT 2147483647 OFFSET 0) as result WHERE result.ref0 IS NULL;
SELECT t0.c0 AS ref0 FROM t0 WHERE (NOT ( EXISTS (SELECT 1 wHERE FALSE))) GROUP BY t0.c0 ORDER BY t0.c0, NULL, (1610652498) IN (1487141862, (NOT ( EXISTS (SELECT 1 wHERE FALSE))),  EXISTS (SELECT 1));
SELECT * FROM (SELECT t0.c0 AS ref0 FROM t0 WHERE (NOT ( EXISTS (SELECT 1 wHERE FALSE))) GROUP BY t0.c0 ORDER BY t0.c0, NULL, (1610652498) IN (1487141862, (NOT ( EXISTS (SELECT 1 wHERE FALSE))),  EXISTS (SELECT 1))) as result WHERE result.ref0 IS NULL;
SELECT DISTINCTROW SQL_SMALL_RESULT SQL_BIG_RESULT SQL_NO_CACHE t0.c0 AS ref0 FROM t0 WHERE  EXISTS (SELECT 1) ORDER BY '2N+d?	' ASC LIMIT 2147483647;
SELECT * FROM (SELECT DISTINCTROW SQL_SMALL_RESULT SQL_BIG_RESULT SQL_NO_CACHE t0.c0 AS ref0 FROM t0 WHERE  EXISTS (SELECT 1) ORDER BY '2N+d?	' ASC LIMIT 2147483647) as result WHERE result.ref0 IS NULL;
SELECT DISTINCTROW SQL_SMALL_RESULT SQL_NO_CACHE t0.c0 AS ref0 FROM t0 WHERE (NOT ( EXISTS (SELECT 1 wHERE FALSE))) GROUP BY t0.c0 ORDER BY  EXISTS (SELECT 1);
SELECT * FROM (SELECT DISTINCTROW SQL_SMALL_RESULT SQL_NO_CACHE t0.c0 AS ref0 FROM t0 WHERE (NOT ( EXISTS (SELECT 1 wHERE FALSE))) GROUP BY t0.c0 ORDER BY  EXISTS (SELECT 1)) as result WHERE result.ref0 IS NULL;
SELECT DISTINCTROW t0.c0 AS ref0 FROM t0 WHERE (t0.c0) IS UNKNOWN GROUP BY t0.c0 ORDER BY  EXISTS (SELECT 1), NULL, 1035542907 ASC;
SELECT * FROM (SELECT DISTINCTROW t0.c0 AS ref0 FROM t0 WHERE (t0.c0) IS UNKNOWN GROUP BY t0.c0 ORDER BY  EXISTS (SELECT 1), NULL, 1035542907 ASC) as result WHERE result.ref0 IS NULL;
SELECT DISTINCT t0.c0 AS ref0 FROM t0 WHERE ((CAST( EXISTS (SELECT 1 wHERE FALSE) AS SIGNED)) NOT IN (t0.c0)) IS UNKNOWN ORDER BY (NULL) XOR ( EXISTS (SELECT 1)) DESC;
SELECT * FROM (SELECT DISTINCT t0.c0 AS ref0 FROM t0 WHERE ((CAST( EXISTS (SELECT 1 wHERE FALSE) AS SIGNED)) NOT IN (t0.c0)) IS UNKNOWN ORDER BY (NULL) XOR ( EXISTS (SELECT 1)) DESC) as result WHERE result.ref0 IS NULL;
SELECT DISTINCT SQL_NO_CACHE SQL_SMALL_RESULT SQL_BIG_RESULT STRAIGHT_JOIN t0.c0 AS ref0 FROM t0 WHERE (t0.c0) IS UNKNOWN GROUP BY t0.c0 ORDER BY CAST(t0.c0 AS SIGNED) LIMIT 2147483647 OFFSET 0;
SELECT * FROM (SELECT DISTINCT SQL_NO_CACHE SQL_SMALL_RESULT SQL_BIG_RESULT STRAIGHT_JOIN t0.c0 AS ref0 FROM t0 WHERE (t0.c0) IS UNKNOWN GROUP BY t0.c0 ORDER BY CAST(t0.c0 AS SIGNED) LIMIT 2147483647 OFFSET 0) as result WHERE result.ref0 IS NULL;
SELECT SQL_BIG_RESULT t0.c0 AS ref0 FROM t0 WHERE (NULL) IS UNKNOWN ORDER BY (((-1884599533) NOT IN (-1294091902)) OR (('	x3sA[,!') XOR (t0.c0))) NOT IN ( EXISTS (SELECT 1 wHERE FALSE)),  EXISTS (SELECT 1 wHERE FALSE) ASC, -1176101601;
SELECT * FROM (SELECT SQL_BIG_RESULT t0.c0 AS ref0 FROM t0 WHERE (NULL) IS UNKNOWN ORDER BY (((-1884599533) NOT IN (-1294091902)) OR (('	x3sA[,!') XOR (t0.c0))) NOT IN ( EXISTS (SELECT 1 wHERE FALSE)),  EXISTS (SELECT 1 wHERE FALSE) ASC, -1176101601) as result WHERE result.ref0 IS NULL;
SELECT DISTINCT t0.c0 AS ref0 FROM t0 WHERE (NULL) IS NULL ORDER BY ( EXISTS (SELECT 1 wHERE FALSE)) OR ( EXISTS (SELECT 1 wHERE FALSE)) LIMIT 2147483647 OFFSET 0;
SELECT * FROM (SELECT DISTINCT t0.c0 AS ref0 FROM t0 WHERE (NULL) IS NULL ORDER BY ( EXISTS (SELECT 1 wHERE FALSE)) OR ( EXISTS (SELECT 1 wHERE FALSE)) LIMIT 2147483647 OFFSET 0) as result WHERE result.ref0 IS NULL;
SELECT DISTINCTROW t0.c0 AS ref0 FROM t0 WHERE (NULL) IS NULL ORDER BY (((t0.c0) && ("")) IS FALSE) != ((t0.c0) LIKE ((t0.c0) <= (-575334754))) ASC LIMIT 2147483647 OFFSET 0;
SELECT * FROM (SELECT DISTINCTROW t0.c0 AS ref0 FROM t0 WHERE (NULL) IS NULL ORDER BY (((t0.c0) && ("")) IS FALSE) != ((t0.c0) LIKE ((t0.c0) <= (-575334754))) ASC LIMIT 2147483647 OFFSET 0) as result WHERE result.ref0 IS NULL;
SELECT SQL_NO_CACHE t0.c0 AS ref0 FROM t0 WHERE (COALESCE(CAST(t0.c0 AS SIGNED), CAST(t0.c0 AS SIGNED))) IS UNKNOWN GROUP BY t0.c0 ORDER BY t0.c0;
SELECT * FROM (SELECT SQL_NO_CACHE t0.c0 AS ref0 FROM t0 WHERE (COALESCE(CAST(t0.c0 AS SIGNED), CAST(t0.c0 AS SIGNED))) IS UNKNOWN GROUP BY t0.c0 ORDER BY t0.c0) as result WHERE result.ref0 IS NULL;
SELECT DISTINCTROW t0.c0 AS ref0 FROM t0 WHERE (NULL) IS NULL ORDER BY CAST(CAST(CAST(NULL AS SIGNED) AS SIGNED) AS SIGNED);
SELECT * FROM (SELECT DISTINCTROW t0.c0 AS ref0 FROM t0 WHERE (NULL) IS NULL ORDER BY CAST(CAST(CAST(NULL AS SIGNED) AS SIGNED) AS SIGNED)) as result WHERE result.ref0 IS NULL;
SELECT DISTINCTROW STRAIGHT_JOIN SQL_NO_CACHE t0.c0 AS ref0 FROM t0 WHERE ((((t0.c0) >= (NULL)) XOR (LEAST(t0.c0, 'wp6>uw'))) > ((GREATEST(NULL, t0.c0)) AND ((t0.c0) NOT IN (-1141955540)))) IS UNKNOWN ORDER BY 1574620281,  EXISTS (SELECT 1),  EXISTS (SELECT 1) DESC LIMIT 2147483647 OFFSET 0;
SELECT * FROM (SELECT DISTINCTROW STRAIGHT_JOIN SQL_NO_CACHE t0.c0 AS ref0 FROM t0 WHERE ((((t0.c0) >= (NULL)) XOR (LEAST(t0.c0, 'wp6>uw'))) > ((GREATEST(NULL, t0.c0)) AND ((t0.c0) NOT IN (-1141955540)))) IS UNKNOWN ORDER BY 1574620281,  EXISTS (SELECT 1),  EXISTS (SELECT 1) DESC LIMIT 2147483647 OFFSET 0) as result WHERE result.ref0 IS NULL;
SELECT DISTINCTROW SQL_NO_CACHE STRAIGHT_JOIN SQL_BIG_RESULT t0.c0 AS ref0 FROM t0 WHERE "\r96Q" ORDER BY ( EXISTS (SELECT 1)) <= ( EXISTS (SELECT 1 wHERE FALSE)) LIMIT 2147483647 OFFSET 0;
SELECT * FROM (SELECT DISTINCTROW SQL_NO_CACHE STRAIGHT_JOIN SQL_BIG_RESULT t0.c0 AS ref0 FROM t0 WHERE "\r96Q" ORDER BY ( EXISTS (SELECT 1)) <= ( EXISTS (SELECT 1 wHERE FALSE)) LIMIT 2147483647 OFFSET 0) as result WHERE result.ref0 IS NULL;
SELECT SQL_SMALL_RESULT SQL_BIG_RESULT t0.c0 AS ref0 FROM t0 WHERE (CAST(IF(t0.c0, "", t0.c0) AS SIGNED)) IS UNKNOWN ORDER BY 'g-wN*?wu' ASC LIMIT 2147483647;
SELECT * FROM (SELECT SQL_SMALL_RESULT SQL_BIG_RESULT t0.c0 AS ref0 FROM t0 WHERE (CAST(IF(t0.c0, "", t0.c0) AS SIGNED)) IS UNKNOWN ORDER BY 'g-wN*?wu' ASC LIMIT 2147483647) as result WHERE result.ref0 IS NULL;
SELECT DISTINCT SQL_BIG_RESULT STRAIGHT_JOIN SQL_NO_CACHE SQL_SMALL_RESULT t0.c0 AS ref0 FROM t0 WHERE (NULL) IS UNKNOWN GROUP BY t0.c0 ORDER BY t0.c0 ASC LIMIT 2147483647 OFFSET 0;
SELECT * FROM (SELECT DISTINCT SQL_BIG_RESULT STRAIGHT_JOIN SQL_NO_CACHE SQL_SMALL_RESULT t0.c0 AS ref0 FROM t0 WHERE (NULL) IS UNKNOWN GROUP BY t0.c0 ORDER BY t0.c0 ASC LIMIT 2147483647 OFFSET 0) as result WHERE result.ref0 IS NULL;
SELECT DISTINCT STRAIGHT_JOIN t0.c0 AS ref0 FROM t0 WHERE (t0.c0) IS UNKNOWN GROUP BY t0.c0 ORDER BY t0.c0 ASC LIMIT 2147483647 OFFSET 0;
SELECT * FROM (SELECT DISTINCT STRAIGHT_JOIN t0.c0 AS ref0 FROM t0 WHERE (t0.c0) IS UNKNOWN GROUP BY t0.c0 ORDER BY t0.c0 ASC LIMIT 2147483647 OFFSET 0) as result WHERE result.ref0 IS NULL;
SELECT DISTINCTROW SQL_BIG_RESULT t0.c0 AS ref0 FROM t0 WHERE (NOT (CAST(CAST("f{" AS SIGNED) AS SIGNED))) GROUP BY t0.c0 ORDER BY t0.c0 DESC LIMIT 2147483647;
SELECT * FROM (SELECT DISTINCTROW SQL_BIG_RESULT t0.c0 AS ref0 FROM t0 WHERE (NOT (CAST(CAST("f{" AS SIGNED) AS SIGNED))) GROUP BY t0.c0 ORDER BY t0.c0 DESC LIMIT 2147483647) as result WHERE result.ref0 IS NULL;
SELECT DISTINCTROW SQL_BIG_RESULT SQL_NO_CACHE STRAIGHT_JOIN SQL_SMALL_RESULT t0.c0 AS ref0 FROM t0 WHERE ((((+ (NULL))) IS FALSE) LIKE (((t0.c0) IN (t0.c0, t0.c0, NULL)) || (CAST(t0.c0 AS SIGNED)))) IS NULL GROUP BY t0.c0 ORDER BY  EXISTS (SELECT 1) LIMIT 2147483647;
SELECT * FROM (SELECT DISTINCTROW SQL_BIG_RESULT SQL_NO_CACHE STRAIGHT_JOIN SQL_SMALL_RESULT t0.c0 AS ref0 FROM t0 WHERE ((((+ (NULL))) IS FALSE) LIKE (((t0.c0) IN (t0.c0, t0.c0, NULL)) || (CAST(t0.c0 AS SIGNED)))) IS NULL GROUP BY t0.c0 ORDER BY  EXISTS (SELECT 1) LIMIT 2147483647) as result WHERE result.ref0 IS NULL;
SELECT SQL_BIG_RESULT SQL_NO_CACHE t0.c0 AS ref0 FROM t0 WHERE (NOT ( EXISTS (SELECT 1 wHERE FALSE))) GROUP BY t0.c0 ORDER BY GREATEST((t0.c0) IS FALSE, (NULL) IS NOT TRUE, (t0.c0) > (1207896747), (t0.c0) IS NULL) LIMIT 2147483647 OFFSET 0;
SELECT * FROM (SELECT SQL_BIG_RESULT SQL_NO_CACHE t0.c0 AS ref0 FROM t0 WHERE (NOT ( EXISTS (SELECT 1 wHERE FALSE))) GROUP BY t0.c0 ORDER BY GREATEST((t0.c0) IS FALSE, (NULL) IS NOT TRUE, (t0.c0) > (1207896747), (t0.c0) IS NULL) LIMIT 2147483647 OFFSET 0) as result WHERE result.ref0 IS NULL;
SELECT DISTINCT SQL_NO_CACHE SQL_SMALL_RESULT t0.c0 AS ref0 FROM t0 WHERE (CAST(((1150939916) >= (NULL)) <= (CAST(NULL AS SIGNED)) AS SIGNED)) IS NULL GROUP BY t0.c0 ORDER BY  EXISTS (SELECT 1 wHERE FALSE) LIMIT 2147483647 OFFSET 0;
SELECT * FROM (SELECT DISTINCT SQL_NO_CACHE SQL_SMALL_RESULT t0.c0 AS ref0 FROM t0 WHERE (CAST(((1150939916) >= (NULL)) <= (CAST(NULL AS SIGNED)) AS SIGNED)) IS NULL GROUP BY t0.c0 ORDER BY  EXISTS (SELECT 1 wHERE FALSE) LIMIT 2147483647 OFFSET 0) as result WHERE result.ref0 IS NULL;
SELECT DISTINCT SQL_NO_CACHE STRAIGHT_JOIN SQL_SMALL_RESULT SQL_BIG_RESULT t0.c0 AS ref0 FROM t0 WHERE (NOT ((NULL) IS NOT NULL)) GROUP BY t0.c0 ORDER BY CAST(((t0.c0) IN (2138346459)) IN ((NULL) > (t0.c0)) AS SIGNED), "-283394004",  EXISTS (SELECT 1 wHERE FALSE) LIMIT 2147483647;
SELECT * FROM (SELECT DISTINCT SQL_NO_CACHE STRAIGHT_JOIN SQL_SMALL_RESULT SQL_BIG_RESULT t0.c0 AS ref0 FROM t0 WHERE (NOT ((NULL) IS NOT NULL)) GROUP BY t0.c0 ORDER BY CAST(((t0.c0) IN (2138346459)) IN ((NULL) > (t0.c0)) AS SIGNED), "-283394004",  EXISTS (SELECT 1 wHERE FALSE) LIMIT 2147483647) as result WHERE result.ref0 IS NULL;
SELECT ALL t0.c0 AS ref0 FROM t0 WHERE (NOT ('lG%Nyp5h')) GROUP BY t0.c0 ORDER BY GREATEST((t0.c0) && (-1843799245), (t0.c0) NOT IN (t0.c0, t0.c0)) LIMIT 2147483647 OFFSET 0;
SELECT * FROM (SELECT ALL t0.c0 AS ref0 FROM t0 WHERE (NOT ('lG%Nyp5h')) GROUP BY t0.c0 ORDER BY GREATEST((t0.c0) && (-1843799245), (t0.c0) NOT IN (t0.c0, t0.c0)) LIMIT 2147483647 OFFSET 0) as result WHERE result.ref0 IS NULL;
SELECT DISTINCT t0.c0 AS ref0 FROM t0 WHERE CAST((CAST(1687967616 AS SIGNED)) OR (t0.c0) AS SIGNED) GROUP BY t0.c0 ORDER BY t0.c0 DESC LIMIT 2147483647;
SELECT * FROM (SELECT DISTINCT t0.c0 AS ref0 FROM t0 WHERE CAST((CAST(1687967616 AS SIGNED)) OR (t0.c0) AS SIGNED) GROUP BY t0.c0 ORDER BY t0.c0 DESC LIMIT 2147483647) as result WHERE result.ref0 IS NULL;
SELECT DISTINCT SQL_SMALL_RESULT t0.c0 AS ref0 FROM t0 WHERE (NULL) IS NULL ORDER BY 1782326597, ((IF(t0.c0, 'WP6>UW', t0.c0)) XOR ((NULL) IN (t0.c0))) != (IFNULL(t0.c0, t0.c0)) DESC, ("j,") AND (IF(t0.c0, t0.c0, -1743008487)) DESC LIMIT 2147483647 OFFSET 0;
SELECT * FROM (SELECT DISTINCT SQL_SMALL_RESULT t0.c0 AS ref0 FROM t0 WHERE (NULL) IS NULL ORDER BY 1782326597, ((IF(t0.c0, 'WP6>UW', t0.c0)) XOR ((NULL) IN (t0.c0))) != (IFNULL(t0.c0, t0.c0)) DESC, ("j,") AND (IF(t0.c0, t0.c0, -1743008487)) DESC LIMIT 2147483647 OFFSET 0) as result WHERE result.ref0 IS NULL;
SELECT DISTINCT SQL_BIG_RESULT t0.c0 AS ref0 FROM t0 WHERE (NOT (IF(CAST(t0.c0 AS SIGNED), IF('??', t0.c0, t0.c0), COALESCE('', t0.c0, t0.c0, t0.c0)))) ORDER BY GREATEST(CAST("" AS SIGNED), (t0.c0) < (t0.c0), (t0.c0) && (-528069527), (t0.c0) IS NULL) ASC,  EXISTS (SELECT 1 wHERE FALSE),  EXISTS (SELECT 1 wHERE FALSE) LIMIT 2147483647 OFFSET 0;
SELECT * FROM (SELECT DISTINCT SQL_BIG_RESULT t0.c0 AS ref0 FROM t0 WHERE (NOT (IF(CAST(t0.c0 AS SIGNED), IF('??', t0.c0, t0.c0), COALESCE('', t0.c0, t0.c0, t0.c0)))) ORDER BY GREATEST(CAST("" AS SIGNED), (t0.c0) < (t0.c0), (t0.c0) && (-528069527), (t0.c0) IS NULL) ASC,  EXISTS (SELECT 1 wHERE FALSE),  EXISTS (SELECT 1 wHERE FALSE) LIMIT 2147483647 OFFSET 0) as result WHERE result.ref0 IS NULL;
SELECT SQL_NO_CACHE STRAIGHT_JOIN SQL_BIG_RESULT SQL_SMALL_RESULT t0.c0 AS ref0 FROM t0 WHERE  EXISTS (SELECT 1) ORDER BY (t0.c0) OR ((NULL) XOR (CAST(t0.c0 AS SIGNED)));
SELECT * FROM (SELECT SQL_NO_CACHE STRAIGHT_JOIN SQL_BIG_RESULT SQL_SMALL_RESULT t0.c0 AS ref0 FROM t0 WHERE  EXISTS (SELECT 1) ORDER BY (t0.c0) OR ((NULL) XOR (CAST(t0.c0 AS SIGNED)))) as result WHERE result.ref0 IS NULL;
SELECT DISTINCT t0.c0 AS ref0 FROM t0 WHERE ((((1433081580) IS UNKNOWN) IN (t0.c0)) IN (t0.c0, '')) IS NULL ORDER BY ( EXISTS (SELECT 1)) AND ("-825091361") LIMIT 2147483647;
SELECT * FROM (SELECT DISTINCT t0.c0 AS ref0 FROM t0 WHERE ((((1433081580) IS UNKNOWN) IN (t0.c0)) IN (t0.c0, '')) IS NULL ORDER BY ( EXISTS (SELECT 1)) AND ("-825091361") LIMIT 2147483647) as result WHERE result.ref0 IS NULL;
SELECT DISTINCT t0.c0 AS ref0 FROM t0 WHERE (NOT ('')) ORDER BY (NULL) IN (CAST("1411025232" AS SIGNED)) DESC, (( EXISTS (SELECT 1)) NOT IN ((t0.c0) IN (NULL, t0.c0))) IS UNKNOWN DESC,  EXISTS (SELECT 1 wHERE FALSE) LIMIT 2147483647;
SELECT * FROM (SELECT DISTINCT t0.c0 AS ref0 FROM t0 WHERE (NOT ('')) ORDER BY (NULL) IN (CAST("1411025232" AS SIGNED)) DESC, (( EXISTS (SELECT 1)) NOT IN ((t0.c0) IN (NULL, t0.c0))) IS UNKNOWN DESC,  EXISTS (SELECT 1 wHERE FALSE) LIMIT 2147483647) as result WHERE result.ref0 IS NULL;
SELECT DISTINCTROW STRAIGHT_JOIN t0.c0 AS ref0 FROM t0 WHERE (BIT_COUNT(IF("GF)[Q\r", t0.c0, t0.c0))) IS NULL ORDER BY (CAST(NULL AS SIGNED)) = ((CAST(-823981859 AS SIGNED)) > (("") IS TRUE)) ASC LIMIT 2147483647 OFFSET 0;
SELECT * FROM (SELECT DISTINCTROW STRAIGHT_JOIN t0.c0 AS ref0 FROM t0 WHERE (BIT_COUNT(IF("GF)[Q\r", t0.c0, t0.c0))) IS NULL ORDER BY (CAST(NULL AS SIGNED)) = ((CAST(-823981859 AS SIGNED)) > (("") IS TRUE)) ASC LIMIT 2147483647 OFFSET 0) as result WHERE result.ref0 IS NULL;
SELECT DISTINCTROW SQL_BIG_RESULT SQL_SMALL_RESULT STRAIGHT_JOIN t0.c0 AS ref0 FROM t0 WHERE (NOT ((-1417002818) XOR (( EXISTS (SELECT 1 wHERE FALSE)) IS NOT UNKNOWN))) ORDER BY (t0.c0) NOT IN (IFNULL(t0.c0, 1994693929)) ASC;
SELECT * FROM (SELECT DISTINCTROW SQL_BIG_RESULT SQL_SMALL_RESULT STRAIGHT_JOIN t0.c0 AS ref0 FROM t0 WHERE (NOT ((-1417002818) XOR (( EXISTS (SELECT 1 wHERE FALSE)) IS NOT UNKNOWN))) ORDER BY (t0.c0) NOT IN (IFNULL(t0.c0, 1994693929)) ASC) as result WHERE result.ref0 IS NULL;
SELECT ALL t0.c0 AS ref0 FROM t0 WHERE (t0.c0) IS NULL ORDER BY (-812860287) IS NOT UNKNOWN ASC LIMIT 2147483647;
SELECT * FROM (SELECT ALL t0.c0 AS ref0 FROM t0 WHERE (t0.c0) IS NULL ORDER BY (-812860287) IS NOT UNKNOWN ASC LIMIT 2147483647) as result WHERE result.ref0 IS NULL;
SELECT DISTINCT t0.c0 AS ref0 FROM t0 WHERE ((CAST((NULL) IS NOT TRUE AS SIGNED)) NOT IN (NULL)) IS NULL GROUP BY t0.c0 ORDER BY NULL LIMIT 2147483647 OFFSET 0;
SELECT * FROM (SELECT DISTINCT t0.c0 AS ref0 FROM t0 WHERE ((CAST((NULL) IS NOT TRUE AS SIGNED)) NOT IN (NULL)) IS NULL GROUP BY t0.c0 ORDER BY NULL LIMIT 2147483647 OFFSET 0) as result WHERE result.ref0 IS NULL;
SELECT DISTINCT SQL_BIG_RESULT STRAIGHT_JOIN t0.c0 AS ref0 FROM t0 WHERE (NOT ((-121506206) LIKE ('{r'))) ORDER BY 1954085199 ASC;
SELECT * FROM (SELECT DISTINCT SQL_BIG_RESULT STRAIGHT_JOIN t0.c0 AS ref0 FROM t0 WHERE (NOT ((-121506206) LIKE ('{r'))) ORDER BY 1954085199 ASC) as result WHERE result.ref0 IS NULL;
SELECT DISTINCT SQL_SMALL_RESULT SQL_NO_CACHE t0.c0 AS ref0 FROM t0 WHERE ((CAST(1088583709 AS SIGNED)) IS NOT FALSE) || (t0.c0) GROUP BY t0.c0 ORDER BY NULL ASC LIMIT 2147483647 OFFSET 0;
SELECT * FROM (SELECT DISTINCT SQL_SMALL_RESULT SQL_NO_CACHE t0.c0 AS ref0 FROM t0 WHERE ((CAST(1088583709 AS SIGNED)) IS NOT FALSE) || (t0.c0) GROUP BY t0.c0 ORDER BY NULL ASC LIMIT 2147483647 OFFSET 0) as result WHERE result.ref0 IS NULL;
SELECT DISTINCT t0.c0 AS ref0 FROM t0 WHERE (! (( EXISTS (SELECT 1)) XOR ((('~rx7') IS NOT NULL) IN ( EXISTS (SELECT 1))))) GROUP BY t0.c0 ORDER BY (((+ ("3"))) NOT IN ( EXISTS (SELECT 1 wHERE FALSE))) IS TRUE ASC;
SELECT * FROM (SELECT DISTINCT t0.c0 AS ref0 FROM t0 WHERE (! (( EXISTS (SELECT 1)) XOR ((('~rx7') IS NOT NULL) IN ( EXISTS (SELECT 1))))) GROUP BY t0.c0 ORDER BY (((+ ("3"))) NOT IN ( EXISTS (SELECT 1 wHERE FALSE))) IS TRUE ASC) as result WHERE result.ref0 IS NULL;
SELECT DISTINCT SQL_NO_CACHE STRAIGHT_JOIN SQL_SMALL_RESULT SQL_BIG_RESULT t0.c0 AS ref0 FROM t0 WHERE (t0.c0) IS UNKNOWN ORDER BY CAST(NULL AS SIGNED) DESC LIMIT 2147483647 OFFSET 0;
SELECT * FROM (SELECT DISTINCT SQL_NO_CACHE STRAIGHT_JOIN SQL_SMALL_RESULT SQL_BIG_RESULT t0.c0 AS ref0 FROM t0 WHERE (t0.c0) IS UNKNOWN ORDER BY CAST(NULL AS SIGNED) DESC LIMIT 2147483647 OFFSET 0) as result WHERE result.ref0 IS NULL;
SELECT DISTINCT SQL_SMALL_RESULT STRAIGHT_JOIN SQL_NO_CACHE SQL_BIG_RESULT t0.c0 AS ref0 FROM t0 WHERE (IFNULL(253755141, -290308178)) OR (BIT_COUNT(NULL)) ORDER BY t0.c0 LIMIT 2147483647;
SELECT * FROM (SELECT DISTINCT SQL_SMALL_RESULT STRAIGHT_JOIN SQL_NO_CACHE SQL_BIG_RESULT t0.c0 AS ref0 FROM t0 WHERE (IFNULL(253755141, -290308178)) OR (BIT_COUNT(NULL)) ORDER BY t0.c0 LIMIT 2147483647) as result WHERE result.ref0 IS NULL;
SELECT SQL_BIG_RESULT SQL_SMALL_RESULT t0.c0 AS ref0 FROM t0 WHERE ((+ (t0.c0))) IS UNKNOWN ORDER BY (((+ (1411025232))) NOT IN (IFNULL("196483939", t0.c0))) IN (IF(t0.c0, t0.c0, t0.c0)) DESC;
SELECT * FROM (SELECT SQL_BIG_RESULT SQL_SMALL_RESULT t0.c0 AS ref0 FROM t0 WHERE ((+ (t0.c0))) IS UNKNOWN ORDER BY (((+ (1411025232))) NOT IN (IFNULL("196483939", t0.c0))) IN (IF(t0.c0, t0.c0, t0.c0)) DESC) as result WHERE result.ref0 IS NULL;
SELECT DISTINCTROW SQL_BIG_RESULT t0.c0 AS ref0 FROM t0 WHERE (NULL) IS UNKNOWN GROUP BY t0.c0 ORDER BY  EXISTS (SELECT 1) DESC;
SELECT * FROM (SELECT DISTINCTROW SQL_BIG_RESULT t0.c0 AS ref0 FROM t0 WHERE (NULL) IS UNKNOWN GROUP BY t0.c0 ORDER BY  EXISTS (SELECT 1) DESC) as result WHERE result.ref0 IS NULL;
SELECT ALL t0.c0 AS ref0 FROM t0 WHERE ("") IS NOT TRUE ORDER BY t0.c0;
SELECT * FROM (SELECT ALL t0.c0 AS ref0 FROM t0 WHERE ("") IS NOT TRUE ORDER BY t0.c0) as result WHERE result.ref0 IS NULL;
SELECT DISTINCT SQL_NO_CACHE STRAIGHT_JOIN SQL_SMALL_RESULT t0.c0 AS ref0 FROM t0 WHERE (NULL) IS NULL ORDER BY ((t0.c0) IS FALSE) IS NOT TRUE DESC LIMIT 2147483647;
SELECT * FROM (SELECT DISTINCT SQL_NO_CACHE STRAIGHT_JOIN SQL_SMALL_RESULT t0.c0 AS ref0 FROM t0 WHERE (NULL) IS NULL ORDER BY ((t0.c0) IS FALSE) IS NOT TRUE DESC LIMIT 2147483647) as result WHERE result.ref0 IS NULL;
SELECT DISTINCTROW t0.c0 AS ref0 FROM t0 WHERE CAST(-142308231 AS SIGNED) GROUP BY t0.c0 ORDER BY 'EQ-?' LIMIT 2147483647;
SELECT * FROM (SELECT DISTINCTROW t0.c0 AS ref0 FROM t0 WHERE CAST(-142308231 AS SIGNED) GROUP BY t0.c0 ORDER BY 'EQ-?' LIMIT 2147483647) as result WHERE result.ref0 IS NULL;
SELECT ALL STRAIGHT_JOIN t0.c0 AS ref0 FROM t0 WHERE (NOT ( EXISTS (SELECT 1 wHERE FALSE))) GROUP BY t0.c0 ORDER BY t0.c0 DESC, (CAST(t0.c0 AS SIGNED)) = ((! ((t0.c0) IS TRUE))), (CAST((t0.c0) IS NULL AS SIGNED)) IS NULL ASC,  EXISTS (SELECT 1 wHERE FALSE), CAST( EXISTS (SELECT 1 wHERE FALSE) AS SIGNED) LIMIT 2147483647 OFFSET 0;
SELECT * FROM (SELECT ALL STRAIGHT_JOIN t0.c0 AS ref0 FROM t0 WHERE (NOT ( EXISTS (SELECT 1 wHERE FALSE))) GROUP BY t0.c0 ORDER BY t0.c0 DESC, (CAST(t0.c0 AS SIGNED)) = ((! ((t0.c0) IS TRUE))), (CAST((t0.c0) IS NULL AS SIGNED)) IS NULL ASC,  EXISTS (SELECT 1 wHERE FALSE), CAST( EXISTS (SELECT 1 wHERE FALSE) AS SIGNED) LIMIT 2147483647 OFFSET 0) as result WHERE result.ref0 IS NULL;
SELECT DISTINCTROW SQL_SMALL_RESULT SQL_BIG_RESULT SQL_NO_CACHE t0.c0 AS ref0 FROM t0 WHERE COALESCE(479403278, (NOT (t0.c0))) ORDER BY IFNULL((t0.c0) NOT IN (NULL, 479403278, ""), (NULL) IS FALSE) DESC;
SELECT * FROM (SELECT DISTINCTROW SQL_SMALL_RESULT SQL_BIG_RESULT SQL_NO_CACHE t0.c0 AS ref0 FROM t0 WHERE COALESCE(479403278, (NOT (t0.c0))) ORDER BY IFNULL((t0.c0) NOT IN (NULL, 479403278, ""), (NULL) IS FALSE) DESC) as result WHERE result.ref0 IS NULL;
SELECT DISTINCTROW STRAIGHT_JOIN SQL_BIG_RESULT SQL_NO_CACHE SQL_SMALL_RESULT t0.c0 AS ref0 FROM t0 WHERE BIT_COUNT(IFNULL(t0.c0, 191072484)) ORDER BY (! (( EXISTS (SELECT 1 wHERE FALSE)) IN ( EXISTS (SELECT 1)))) DESC;
SELECT * FROM (SELECT DISTINCTROW STRAIGHT_JOIN SQL_BIG_RESULT SQL_NO_CACHE SQL_SMALL_RESULT t0.c0 AS ref0 FROM t0 WHERE BIT_COUNT(IFNULL(t0.c0, 191072484)) ORDER BY (! (( EXISTS (SELECT 1 wHERE FALSE)) IN ( EXISTS (SELECT 1)))) DESC) as result WHERE result.ref0 IS NULL;
SELECT DISTINCT STRAIGHT_JOIN SQL_NO_CACHE t0.c0 AS ref0 FROM t0 WHERE (NOT ((! (CAST(621906733 AS SIGNED))))) GROUP BY t0.c0 ORDER BY t0.c0 DESC;
SELECT * FROM (SELECT DISTINCT STRAIGHT_JOIN SQL_NO_CACHE t0.c0 AS ref0 FROM t0 WHERE (NOT ((! (CAST(621906733 AS SIGNED))))) GROUP BY t0.c0 ORDER BY t0.c0 DESC) as result WHERE result.ref0 IS NULL;
SELECT DISTINCT SQL_NO_CACHE t0.c0 AS ref0 FROM t0 WHERE -2068039567 ORDER BY ("-788442371") IS FALSE ASC LIMIT 2147483647;
SELECT * FROM (SELECT DISTINCT SQL_NO_CACHE t0.c0 AS ref0 FROM t0 WHERE -2068039567 ORDER BY ("-788442371") IS FALSE ASC LIMIT 2147483647) as result WHERE result.ref0 IS NULL;
SELECT SQL_SMALL_RESULT SQL_BIG_RESULT t0.c0 AS ref0 FROM t0 WHERE (t0.c0) IS UNKNOWN ORDER BY (NULL) IN (CAST((t0.c0) IS TRUE AS SIGNED)) DESC;
SELECT * FROM (SELECT SQL_SMALL_RESULT SQL_BIG_RESULT t0.c0 AS ref0 FROM t0 WHERE (t0.c0) IS UNKNOWN ORDER BY (NULL) IN (CAST((t0.c0) IS TRUE AS SIGNED)) DESC) as result WHERE result.ref0 IS NULL;
SELECT DISTINCT SQL_BIG_RESULT SQL_NO_CACHE SQL_SMALL_RESULT t0.c0 AS ref0 FROM t0 WHERE -172186115 GROUP BY t0.c0 ORDER BY (((NULL) > ('~rx7')) IS FALSE) LIKE (CAST(COALESCE(t0.c0, t0.c0) AS SIGNED)) LIMIT 2147483647 OFFSET 0;
SELECT * FROM (SELECT DISTINCT SQL_BIG_RESULT SQL_NO_CACHE SQL_SMALL_RESULT t0.c0 AS ref0 FROM t0 WHERE -172186115 GROUP BY t0.c0 ORDER BY (((NULL) > ('~rx7')) IS FALSE) LIKE (CAST(COALESCE(t0.c0, t0.c0) AS SIGNED)) LIMIT 2147483647 OFFSET 0) as result WHERE result.ref0 IS NULL;
SELECT DISTINCT STRAIGHT_JOIN SQL_NO_CACHE t0.c0 AS ref0 FROM t0 WHERE (CAST(CAST((t0.c0) NOT IN (t0.c0, t0.c0, t0.c0) AS SIGNED) AS SIGNED)) IS UNKNOWN GROUP BY t0.c0 ORDER BY (-1205697420) IS NOT NULL;
SELECT * FROM (SELECT DISTINCT STRAIGHT_JOIN SQL_NO_CACHE t0.c0 AS ref0 FROM t0 WHERE (CAST(CAST((t0.c0) NOT IN (t0.c0, t0.c0, t0.c0) AS SIGNED) AS SIGNED)) IS UNKNOWN GROUP BY t0.c0 ORDER BY (-1205697420) IS NOT NULL) as result WHERE result.ref0 IS NULL;
SELECT DISTINCT STRAIGHT_JOIN t0.c0 AS ref0 FROM t0 WHERE (IFNULL(("Sjj?L") IN (NULL), t0.c0)) IS UNKNOWN GROUP BY t0.c0 ORDER BY '' DESC;
SELECT * FROM (SELECT DISTINCT STRAIGHT_JOIN t0.c0 AS ref0 FROM t0 WHERE (IFNULL(("Sjj?L") IN (NULL), t0.c0)) IS UNKNOWN GROUP BY t0.c0 ORDER BY '' DESC) as result WHERE result.ref0 IS NULL;
SELECT DISTINCTROW STRAIGHT_JOIN SQL_BIG_RESULT t0.c0 AS ref0 FROM t0 WHERE  EXISTS (SELECT 1) ORDER BY (t0.c0) NOT IN (CAST((+ ("IvJF0Bg")) AS SIGNED)) DESC;
SELECT * FROM (SELECT DISTINCTROW STRAIGHT_JOIN SQL_BIG_RESULT t0.c0 AS ref0 FROM t0 WHERE  EXISTS (SELECT 1) ORDER BY (t0.c0) NOT IN (CAST((+ ("IvJF0Bg")) AS SIGNED)) DESC) as result WHERE result.ref0 IS NULL;
SELECT DISTINCTROW SQL_BIG_RESULT SQL_NO_CACHE STRAIGHT_JOIN t0.c0 AS ref0 FROM t0 WHERE (CAST(CAST((t0.c0) || (t0.c0) AS SIGNED) AS SIGNED)) IS UNKNOWN ORDER BY ((1470635893) && ((t0.c0) LIKE (t0.c0))) IS NULL ASC LIMIT 2147483647 OFFSET 0;
SELECT * FROM (SELECT DISTINCTROW SQL_BIG_RESULT SQL_NO_CACHE STRAIGHT_JOIN t0.c0 AS ref0 FROM t0 WHERE (CAST(CAST((t0.c0) || (t0.c0) AS SIGNED) AS SIGNED)) IS UNKNOWN ORDER BY ((1470635893) && ((t0.c0) LIKE (t0.c0))) IS NULL ASC LIMIT 2147483647 OFFSET 0) as result WHERE result.ref0 IS NULL;
SELECT DISTINCT SQL_NO_CACHE t0.c0 AS ref0 FROM t0 WHERE (t0.c0) IS UNKNOWN ORDER BY  EXISTS (SELECT 1) ASC LIMIT 2147483647 OFFSET 0;
SELECT * FROM (SELECT DISTINCT SQL_NO_CACHE t0.c0 AS ref0 FROM t0 WHERE (t0.c0) IS UNKNOWN ORDER BY  EXISTS (SELECT 1) ASC LIMIT 2147483647 OFFSET 0) as result WHERE result.ref0 IS NULL;
SELECT ALL SQL_SMALL_RESULT t0.c0 AS ref0 FROM t0 WHERE CAST(BIT_COUNT(-2033965037) AS SIGNED) ORDER BY ("/!x	") != (t0.c0) ASC LIMIT 2147483647 OFFSET 0;
SELECT * FROM (SELECT ALL SQL_SMALL_RESULT t0.c0 AS ref0 FROM t0 WHERE CAST(BIT_COUNT(-2033965037) AS SIGNED) ORDER BY ("/!x	") != (t0.c0) ASC LIMIT 2147483647 OFFSET 0) as result WHERE result.ref0 IS NULL;
SELECT DISTINCTROW SQL_SMALL_RESULT STRAIGHT_JOIN SQL_BIG_RESULT SQL_NO_CACHE t0.c0 AS ref0 FROM t0 WHERE ((((t0.c0) NOT IN (-337541907)) < (CAST(938694851 AS SIGNED))) IN ((NULL) IN (GREATEST(t0.c0, NULL, t0.c0, 1541763149)))) IS UNKNOWN GROUP BY t0.c0 ORDER BY CAST((t0.c0) >= (-218255335) AS SIGNED) DESC LIMIT 2147483647;
SELECT * FROM (SELECT DISTINCTROW SQL_SMALL_RESULT STRAIGHT_JOIN SQL_BIG_RESULT SQL_NO_CACHE t0.c0 AS ref0 FROM t0 WHERE ((((t0.c0) NOT IN (-337541907)) < (CAST(938694851 AS SIGNED))) IN ((NULL) IN (GREATEST(t0.c0, NULL, t0.c0, 1541763149)))) IS UNKNOWN GROUP BY t0.c0 ORDER BY CAST((t0.c0) >= (-218255335) AS SIGNED) DESC LIMIT 2147483647) as result WHERE result.ref0 IS NULL;
SELECT SQL_NO_CACHE SQL_SMALL_RESULT t0.c0 AS ref0 FROM t0 WHERE ((! (t0.c0))) IS UNKNOWN GROUP BY t0.c0 ORDER BY BIT_COUNT((NOT (-178639402))) ASC LIMIT 2147483647 OFFSET 0;
SELECT * FROM (SELECT SQL_NO_CACHE SQL_SMALL_RESULT t0.c0 AS ref0 FROM t0 WHERE ((! (t0.c0))) IS UNKNOWN GROUP BY t0.c0 ORDER BY BIT_COUNT((NOT (-178639402))) ASC LIMIT 2147483647 OFFSET 0) as result WHERE result.ref0 IS NULL;
SELECT DISTINCT SQL_NO_CACHE STRAIGHT_JOIN SQL_BIG_RESULT SQL_SMALL_RESULT t0.c0 AS ref0 FROM t0 WHERE (( EXISTS (SELECT 1 wHERE FALSE)) = (GREATEST(NULL, NULL, t0.c0, '1?b'))) IS UNKNOWN ORDER BY "_?M\r3" DESC;
SELECT * FROM (SELECT DISTINCT SQL_NO_CACHE STRAIGHT_JOIN SQL_BIG_RESULT SQL_SMALL_RESULT t0.c0 AS ref0 FROM t0 WHERE (( EXISTS (SELECT 1 wHERE FALSE)) = (GREATEST(NULL, NULL, t0.c0, '1?b'))) IS UNKNOWN ORDER BY "_?M\r3" DESC) as result WHERE result.ref0 IS NULL;
SELECT DISTINCT STRAIGHT_JOIN SQL_NO_CACHE SQL_SMALL_RESULT t0.c0 AS ref0 FROM t0 WHERE  EXISTS (SELECT 1) ORDER BY (+ (((t0.c0) IS FALSE) NOT IN ((+ (t0.c0)))));
SELECT * FROM (SELECT DISTINCT STRAIGHT_JOIN SQL_NO_CACHE SQL_SMALL_RESULT t0.c0 AS ref0 FROM t0 WHERE  EXISTS (SELECT 1) ORDER BY (+ (((t0.c0) IS FALSE) NOT IN ((+ (t0.c0)))))) as result WHERE result.ref0 IS NULL;
SELECT DISTINCTROW SQL_NO_CACHE SQL_SMALL_RESULT SQL_BIG_RESULT t0.c0 AS ref0 FROM t0 WHERE -817946744 ORDER BY '>Pw7q[~9]' ASC LIMIT 2147483647 OFFSET 0;
SELECT * FROM (SELECT DISTINCTROW SQL_NO_CACHE SQL_SMALL_RESULT SQL_BIG_RESULT t0.c0 AS ref0 FROM t0 WHERE -817946744 ORDER BY '>Pw7q[~9]' ASC LIMIT 2147483647 OFFSET 0) as result WHERE result.ref0 IS NULL;
SELECT DISTINCT SQL_BIG_RESULT t0.c0 AS ref0 FROM t0 WHERE (t0.c0) IS UNKNOWN GROUP BY t0.c0 ORDER BY (((+ (-1583454275))) IS FALSE) IS FALSE;
SELECT * FROM (SELECT DISTINCT SQL_BIG_RESULT t0.c0 AS ref0 FROM t0 WHERE (t0.c0) IS UNKNOWN GROUP BY t0.c0 ORDER BY (((+ (-1583454275))) IS FALSE) IS FALSE) as result WHERE result.ref0 IS NULL;
SELECT DISTINCT SQL_NO_CACHE t0.c0 AS ref0 FROM t0 WHERE (NOT ( EXISTS (SELECT 1 wHERE FALSE))) ORDER BY (+ (((NULL) || ("?vp3p?A0.")) != ( EXISTS (SELECT 1)))) ASC;
SELECT * FROM (SELECT DISTINCT SQL_NO_CACHE t0.c0 AS ref0 FROM t0 WHERE (NOT ( EXISTS (SELECT 1 wHERE FALSE))) ORDER BY (+ (((NULL) || ("?vp3p?A0.")) != ( EXISTS (SELECT 1)))) ASC) as result WHERE result.ref0 IS NULL;
SELECT DISTINCT STRAIGHT_JOIN t0.c0 AS ref0 FROM t0 WHERE (NOT ((NOT (((t0.c0) < (t0.c0)) IS NOT FALSE)))) ORDER BY (((t0.c0) NOT IN (1322581098)) IS UNKNOWN) AND ((1275239460) NOT IN (("<bd?,s4B~") IN (1757914892), t0.c0, (NULL) NOT IN (t0.c0))) ASC LIMIT 2147483647;
SELECT * FROM (SELECT DISTINCT STRAIGHT_JOIN t0.c0 AS ref0 FROM t0 WHERE (NOT ((NOT (((t0.c0) < (t0.c0)) IS NOT FALSE)))) ORDER BY (((t0.c0) NOT IN (1322581098)) IS UNKNOWN) AND ((1275239460) NOT IN (("<bd?,s4B~") IN (1757914892), t0.c0, (NULL) NOT IN (t0.c0))) ASC LIMIT 2147483647) as result WHERE result.ref0 IS NULL;
SELECT ALL SQL_SMALL_RESULT SQL_NO_CACHE t0.c0 AS ref0 FROM t0 WHERE (NOT ( EXISTS (SELECT 1 wHERE FALSE))) ORDER BY  EXISTS (SELECT 1 wHERE FALSE);
SELECT * FROM (SELECT ALL SQL_SMALL_RESULT SQL_NO_CACHE t0.c0 AS ref0 FROM t0 WHERE (NOT ( EXISTS (SELECT 1 wHERE FALSE))) ORDER BY  EXISTS (SELECT 1 wHERE FALSE)) as result WHERE result.ref0 IS NULL;
SELECT DISTINCT STRAIGHT_JOIN t0.c0 AS ref0 FROM t0 WHERE ((1973500480) NOT IN ( EXISTS (SELECT 1 wHERE FALSE), t0.c0)) IS NULL ORDER BY ( EXISTS (SELECT 1 wHERE FALSE)) && ((CAST(NULL AS SIGNED)) IS NOT TRUE);
SELECT * FROM (SELECT DISTINCT STRAIGHT_JOIN t0.c0 AS ref0 FROM t0 WHERE ((1973500480) NOT IN ( EXISTS (SELECT 1 wHERE FALSE), t0.c0)) IS NULL ORDER BY ( EXISTS (SELECT 1 wHERE FALSE)) && ((CAST(NULL AS SIGNED)) IS NOT TRUE)) as result WHERE result.ref0 IS NULL;
SELECT DISTINCT SQL_SMALL_RESULT STRAIGHT_JOIN SQL_NO_CACHE t0.c0 AS ref0 FROM t0 WHERE (! (( EXISTS (SELECT 1)) IS FALSE)) ORDER BY  EXISTS (SELECT 1 wHERE FALSE) LIMIT 2147483647;
SELECT * FROM (SELECT DISTINCT SQL_SMALL_RESULT STRAIGHT_JOIN SQL_NO_CACHE t0.c0 AS ref0 FROM t0 WHERE (! (( EXISTS (SELECT 1)) IS FALSE)) ORDER BY  EXISTS (SELECT 1 wHERE FALSE) LIMIT 2147483647) as result WHERE result.ref0 IS NULL;
SELECT DISTINCTROW SQL_SMALL_RESULT t0.c0 AS ref0 FROM t0 WHERE (! (( EXISTS (SELECT 1 wHERE FALSE)) IS TRUE)) ORDER BY LEAST(-1876970037,  EXISTS (SELECT 1)) LIMIT 2147483647;
SELECT * FROM (SELECT DISTINCTROW SQL_SMALL_RESULT t0.c0 AS ref0 FROM t0 WHERE (! (( EXISTS (SELECT 1 wHERE FALSE)) IS TRUE)) ORDER BY LEAST(-1876970037,  EXISTS (SELECT 1)) LIMIT 2147483647) as result WHERE result.ref0 IS NULL;
SELECT ALL t0.c0 AS ref0 FROM t0 WHERE (LEAST('_', t0.c0)) IS UNKNOWN ORDER BY (t0.c0) XOR (t0.c0), -162555284, CAST( EXISTS (SELECT 1) AS SIGNED);
SELECT * FROM (SELECT ALL t0.c0 AS ref0 FROM t0 WHERE (LEAST('_', t0.c0)) IS UNKNOWN ORDER BY (t0.c0) XOR (t0.c0), -162555284, CAST( EXISTS (SELECT 1) AS SIGNED)) as result WHERE result.ref0 IS NULL;
SELECT DISTINCTROW STRAIGHT_JOIN SQL_NO_CACHE SQL_BIG_RESULT t0.c0 AS ref0 FROM t0 WHERE (NOT ( EXISTS (SELECT 1 wHERE FALSE))) GROUP BY t0.c0 ORDER BY -1794510121 DESC;
SELECT * FROM (SELECT DISTINCTROW STRAIGHT_JOIN SQL_NO_CACHE SQL_BIG_RESULT t0.c0 AS ref0 FROM t0 WHERE (NOT ( EXISTS (SELECT 1 wHERE FALSE))) GROUP BY t0.c0 ORDER BY -1794510121 DESC) as result WHERE result.ref0 IS NULL;
SELECT DISTINCT SQL_NO_CACHE SQL_SMALL_RESULT SQL_BIG_RESULT t0.c0 AS ref0 FROM t0 WHERE (NOT ((CAST(t0.c0 AS SIGNED)) IS FALSE)) ORDER BY (+ ((NOT (t0.c0)))) LIMIT 2147483647;
SELECT * FROM (SELECT DISTINCT SQL_NO_CACHE SQL_SMALL_RESULT SQL_BIG_RESULT t0.c0 AS ref0 FROM t0 WHERE (NOT ((CAST(t0.c0 AS SIGNED)) IS FALSE)) ORDER BY (+ ((NOT (t0.c0)))) LIMIT 2147483647) as result WHERE result.ref0 IS NULL;
SELECT DISTINCT STRAIGHT_JOIN t0.c0 AS ref0 FROM t0 WHERE -1886176483 ORDER BY (t0.c0) > (CAST((! (NULL)) AS SIGNED)) DESC;
SELECT * FROM (SELECT DISTINCT STRAIGHT_JOIN t0.c0 AS ref0 FROM t0 WHERE -1886176483 ORDER BY (t0.c0) > (CAST((! (NULL)) AS SIGNED)) DESC) as result WHERE result.ref0 IS NULL;
SELECT DISTINCT SQL_BIG_RESULT t0.c0 AS ref0 FROM t0 WHERE ((GREATEST(t0.c0, t0.c0, NULL, "YV")) XOR ('<W%?ffY')) IS NULL GROUP BY t0.c0 ORDER BY ((NOT (GREATEST(-1128331009, t0.c0)))) NOT IN (((t0.c0) != (NULL)) XOR (CAST('v(m?|?l*j' AS SIGNED))) LIMIT 2147483647 OFFSET 0;
SELECT * FROM (SELECT DISTINCT SQL_BIG_RESULT t0.c0 AS ref0 FROM t0 WHERE ((GREATEST(t0.c0, t0.c0, NULL, "YV")) XOR ('<W%?ffY')) IS NULL GROUP BY t0.c0 ORDER BY ((NOT (GREATEST(-1128331009, t0.c0)))) NOT IN (((t0.c0) != (NULL)) XOR (CAST('v(m?|?l*j' AS SIGNED))) LIMIT 2147483647 OFFSET 0) as result WHERE result.ref0 IS NULL;
SELECT DISTINCTROW SQL_NO_CACHE SQL_BIG_RESULT SQL_SMALL_RESULT STRAIGHT_JOIN t0.c0 AS ref0 FROM t0 WHERE 228895866 GROUP BY t0.c0 ORDER BY  EXISTS (SELECT 1 wHERE FALSE) ASC LIMIT 2147483647;
SELECT * FROM (SELECT DISTINCTROW SQL_NO_CACHE SQL_BIG_RESULT SQL_SMALL_RESULT STRAIGHT_JOIN t0.c0 AS ref0 FROM t0 WHERE 228895866 GROUP BY t0.c0 ORDER BY  EXISTS (SELECT 1 wHERE FALSE) ASC LIMIT 2147483647) as result WHERE result.ref0 IS NULL;
SELECT DISTINCTROW SQL_BIG_RESULT SQL_SMALL_RESULT t0.c0 AS ref0 FROM t0 WHERE (NULL) IS NULL ORDER BY  EXISTS (SELECT 1);
SELECT * FROM (SELECT DISTINCTROW SQL_BIG_RESULT SQL_SMALL_RESULT t0.c0 AS ref0 FROM t0 WHERE (NULL) IS NULL ORDER BY  EXISTS (SELECT 1)) as result WHERE result.ref0 IS NULL;
SELECT STRAIGHT_JOIN SQL_NO_CACHE SQL_BIG_RESULT SQL_SMALL_RESULT t0.c0 AS ref0 FROM t0 WHERE ((t0.c0) IN (LEAST(t0.c0, t0.c0, t0.c0, t0.c0))) IS NULL ORDER BY (NULL) XOR (CAST(CAST(-1785393988 AS SIGNED) AS SIGNED));
SELECT * FROM (SELECT STRAIGHT_JOIN SQL_NO_CACHE SQL_BIG_RESULT SQL_SMALL_RESULT t0.c0 AS ref0 FROM t0 WHERE ((t0.c0) IN (LEAST(t0.c0, t0.c0, t0.c0, t0.c0))) IS NULL ORDER BY (NULL) XOR (CAST(CAST(-1785393988 AS SIGNED) AS SIGNED))) as result WHERE result.ref0 IS NULL;
SELECT DISTINCTROW SQL_SMALL_RESULT STRAIGHT_JOIN SQL_NO_CACHE t0.c0 AS ref0 FROM t0 WHERE (t0.c0) IS UNKNOWN ORDER BY  EXISTS (SELECT 1) ASC, (t0.c0) > (LEAST('9d', -984406282)), t0.c0;
SELECT * FROM (SELECT DISTINCTROW SQL_SMALL_RESULT STRAIGHT_JOIN SQL_NO_CACHE t0.c0 AS ref0 FROM t0 WHERE (t0.c0) IS UNKNOWN ORDER BY  EXISTS (SELECT 1) ASC, (t0.c0) > (LEAST('9d', -984406282)), t0.c0) as result WHERE result.ref0 IS NULL;
SELECT DISTINCTROW SQL_SMALL_RESULT SQL_NO_CACHE t0.c0 AS ref0 FROM t0 WHERE ((! ((GREATEST(t0.c0, -631028011)) AND ((t0.c0) != (t0.c0))))) IS UNKNOWN ORDER BY 1723101485 DESC LIMIT 2147483647 OFFSET 0;
SELECT * FROM (SELECT DISTINCTROW SQL_SMALL_RESULT SQL_NO_CACHE t0.c0 AS ref0 FROM t0 WHERE ((! ((GREATEST(t0.c0, -631028011)) AND ((t0.c0) != (t0.c0))))) IS UNKNOWN ORDER BY 1723101485 DESC LIMIT 2147483647 OFFSET 0) as result WHERE result.ref0 IS NULL;
SELECT DISTINCT SQL_SMALL_RESULT t0.c0 AS ref0 FROM t0 WHERE (NOT ((CAST((t0.c0) OR ("-1697932990") AS SIGNED)) IS NOT TRUE)) GROUP BY t0.c0 ORDER BY t0.c0 DESC;
SELECT * FROM (SELECT DISTINCT SQL_SMALL_RESULT t0.c0 AS ref0 FROM t0 WHERE (NOT ((CAST((t0.c0) OR ("-1697932990") AS SIGNED)) IS NOT TRUE)) GROUP BY t0.c0 ORDER BY t0.c0 DESC) as result WHERE result.ref0 IS NULL;
SELECT DISTINCT SQL_SMALL_RESULT t0.c0 AS ref0 FROM t0 WHERE ((CAST(t0.c0 AS SIGNED)) LIKE (((NOT (t0.c0))) OR ((! (''))))) IS NULL GROUP BY t0.c0 ORDER BY "??" ASC;
SELECT * FROM (SELECT DISTINCT SQL_SMALL_RESULT t0.c0 AS ref0 FROM t0 WHERE ((CAST(t0.c0 AS SIGNED)) LIKE (((NOT (t0.c0))) OR ((! (''))))) IS NULL GROUP BY t0.c0 ORDER BY "??" ASC) as result WHERE result.ref0 IS NULL;
SELECT DISTINCTROW STRAIGHT_JOIN SQL_NO_CACHE t0.c0 AS ref0 FROM t0 WHERE (NOT (((t0.c0) != (t0.c0)) IS FALSE)) GROUP BY t0.c0 ORDER BY ((! ((t0.c0) || (t0.c0)))) IS NOT FALSE LIMIT 2147483647;
SELECT * FROM (SELECT DISTINCTROW STRAIGHT_JOIN SQL_NO_CACHE t0.c0 AS ref0 FROM t0 WHERE (NOT (((t0.c0) != (t0.c0)) IS FALSE)) GROUP BY t0.c0 ORDER BY ((! ((t0.c0) || (t0.c0)))) IS NOT FALSE LIMIT 2147483647) as result WHERE result.ref0 IS NULL;
SELECT DISTINCT STRAIGHT_JOIN SQL_BIG_RESULT SQL_SMALL_RESULT SQL_NO_CACHE t0.c0 AS ref0 FROM t0 WHERE (NOT (BIT_COUNT((NOT ("-2076056405"))))) ORDER BY t0.c0 LIMIT 2147483647 OFFSET 0;
SELECT * FROM (SELECT DISTINCT STRAIGHT_JOIN SQL_BIG_RESULT SQL_SMALL_RESULT SQL_NO_CACHE t0.c0 AS ref0 FROM t0 WHERE (NOT (BIT_COUNT((NOT ("-2076056405"))))) ORDER BY t0.c0 LIMIT 2147483647 OFFSET 0) as result WHERE result.ref0 IS NULL;
SELECT t0.c0 AS ref0 FROM t0 WHERE (NULL) IS UNKNOWN GROUP BY t0.c0 ORDER BY BIT_COUNT((t0.c0) OR (t0.c0)) DESC LIMIT 2147483647 OFFSET 0;
SELECT * FROM (SELECT t0.c0 AS ref0 FROM t0 WHERE (NULL) IS UNKNOWN GROUP BY t0.c0 ORDER BY BIT_COUNT((t0.c0) OR (t0.c0)) DESC LIMIT 2147483647 OFFSET 0) as result WHERE result.ref0 IS NULL;
SELECT DISTINCT SQL_BIG_RESULT t0.c0 AS ref0 FROM t0 WHERE ((((t0.c0) LIKE (t0.c0)) NOT IN (GREATEST(t0.c0, 1664583531))) >= (NULL)) IS NULL ORDER BY ( EXISTS (SELECT 1)) IN ((('-924209609') IS FALSE) < ((t0.c0) IS NOT NULL), GREATEST(t0.c0, NULL, -211915033, -724677572)) ASC LIMIT 2147483647 OFFSET 0;
SELECT * FROM (SELECT DISTINCT SQL_BIG_RESULT t0.c0 AS ref0 FROM t0 WHERE ((((t0.c0) LIKE (t0.c0)) NOT IN (GREATEST(t0.c0, 1664583531))) >= (NULL)) IS NULL ORDER BY ( EXISTS (SELECT 1)) IN ((('-924209609') IS FALSE) < ((t0.c0) IS NOT NULL), GREATEST(t0.c0, NULL, -211915033, -724677572)) ASC LIMIT 2147483647 OFFSET 0) as result WHERE result.ref0 IS NULL;
SELECT DISTINCTROW t0.c0 AS ref0 FROM t0 WHERE (NOT ( EXISTS (SELECT 1 wHERE FALSE))) GROUP BY t0.c0 ORDER BY (t0.c0) || ((+ (IFNULL(t0.c0, t0.c0)))) DESC;
SELECT * FROM (SELECT DISTINCTROW t0.c0 AS ref0 FROM t0 WHERE (NOT ( EXISTS (SELECT 1 wHERE FALSE))) GROUP BY t0.c0 ORDER BY (t0.c0) || ((+ (IFNULL(t0.c0, t0.c0)))) DESC) as result WHERE result.ref0 IS NULL;
SELECT DISTINCT t0.c0 AS ref0 FROM t0 WHERE 1770751816 GROUP BY t0.c0 ORDER BY  EXISTS (SELECT 1 wHERE FALSE) ASC LIMIT 2147483647;
SELECT * FROM (SELECT DISTINCT t0.c0 AS ref0 FROM t0 WHERE 1770751816 GROUP BY t0.c0 ORDER BY  EXISTS (SELECT 1 wHERE FALSE) ASC LIMIT 2147483647) as result WHERE result.ref0 IS NULL;
SELECT DISTINCT SQL_NO_CACHE SQL_SMALL_RESULT t0.c0 AS ref0 FROM t0 WHERE (790877143) OR ((CAST(t0.c0 AS SIGNED)) AND ((NULL) IS NOT TRUE)) ORDER BY (((t0.c0) < (t0.c0)) IN ((t0.c0) OR (t0.c0))) XOR (t0.c0), ((t0.c0) LIKE ((NOT (689981834)))) IN (GREATEST(NULL, t0.c0)), '' ASC LIMIT 2147483647;
SELECT * FROM (SELECT DISTINCT SQL_NO_CACHE SQL_SMALL_RESULT t0.c0 AS ref0 FROM t0 WHERE (790877143) OR ((CAST(t0.c0 AS SIGNED)) AND ((NULL) IS NOT TRUE)) ORDER BY (((t0.c0) < (t0.c0)) IN ((t0.c0) OR (t0.c0))) XOR (t0.c0), ((t0.c0) LIKE ((NOT (689981834)))) IN (GREATEST(NULL, t0.c0)), '' ASC LIMIT 2147483647) as result WHERE result.ref0 IS NULL;
SELECT DISTINCT SQL_BIG_RESULT SQL_NO_CACHE SQL_SMALL_RESULT t0.c0 AS ref0 FROM t0 WHERE  EXISTS (SELECT 1) GROUP BY t0.c0 ORDER BY (t0.c0) && ( EXISTS (SELECT 1)) LIMIT 2147483647;
SELECT * FROM (SELECT DISTINCT SQL_BIG_RESULT SQL_NO_CACHE SQL_SMALL_RESULT t0.c0 AS ref0 FROM t0 WHERE  EXISTS (SELECT 1) GROUP BY t0.c0 ORDER BY (t0.c0) && ( EXISTS (SELECT 1)) LIMIT 2147483647) as result WHERE result.ref0 IS NULL;
SELECT DISTINCTROW STRAIGHT_JOIN SQL_BIG_RESULT SQL_SMALL_RESULT SQL_NO_CACHE t0.c0 AS ref0 FROM t0 WHERE ((((t0.c0) OR (1264146453)) IN ((NULL) LIKE (t0.c0))) OR (NULL)) IS NULL ORDER BY  EXISTS (SELECT 1 wHERE FALSE);
SELECT * FROM (SELECT DISTINCTROW STRAIGHT_JOIN SQL_BIG_RESULT SQL_SMALL_RESULT SQL_NO_CACHE t0.c0 AS ref0 FROM t0 WHERE ((((t0.c0) OR (1264146453)) IN ((NULL) LIKE (t0.c0))) OR (NULL)) IS NULL ORDER BY  EXISTS (SELECT 1 wHERE FALSE)) as result WHERE result.ref0 IS NULL;
SELECT STRAIGHT_JOIN SQL_BIG_RESULT SQL_SMALL_RESULT t0.c0 AS ref0 FROM t0 WHERE IFNULL((857210304) IN (t0.c0, "?A"),  EXISTS (SELECT 1)) ORDER BY  EXISTS (SELECT 1) DESC LIMIT 2147483647;
SELECT * FROM (SELECT STRAIGHT_JOIN SQL_BIG_RESULT SQL_SMALL_RESULT t0.c0 AS ref0 FROM t0 WHERE IFNULL((857210304) IN (t0.c0, "?A"),  EXISTS (SELECT 1)) ORDER BY  EXISTS (SELECT 1) DESC LIMIT 2147483647) as result WHERE result.ref0 IS NULL;
SELECT DISTINCTROW SQL_BIG_RESULT SQL_NO_CACHE STRAIGHT_JOIN t0.c0 AS ref0 FROM t0 WHERE (! ( EXISTS (SELECT 1 wHERE FALSE))) GROUP BY t0.c0 ORDER BY  EXISTS (SELECT 1) ASC LIMIT 2147483647;
SELECT * FROM (SELECT DISTINCTROW SQL_BIG_RESULT SQL_NO_CACHE STRAIGHT_JOIN t0.c0 AS ref0 FROM t0 WHERE (! ( EXISTS (SELECT 1 wHERE FALSE))) GROUP BY t0.c0 ORDER BY  EXISTS (SELECT 1) ASC LIMIT 2147483647) as result WHERE result.ref0 IS NULL;
SELECT DISTINCTROW SQL_NO_CACHE SQL_SMALL_RESULT STRAIGHT_JOIN SQL_BIG_RESULT t0.c0 AS ref0 FROM t0 WHERE ((+ ( EXISTS (SELECT 1 wHERE FALSE)))) IS NOT NULL GROUP BY t0.c0 ORDER BY (+ (('8,oe?-56') < ('488474536'))), (NULL) NOT IN ((('*??') && (t0.c0)) != ((! ('{}')))), "HO>P" LIMIT 2147483647 OFFSET 0;
SELECT * FROM (SELECT DISTINCTROW SQL_NO_CACHE SQL_SMALL_RESULT STRAIGHT_JOIN SQL_BIG_RESULT t0.c0 AS ref0 FROM t0 WHERE ((+ ( EXISTS (SELECT 1 wHERE FALSE)))) IS NOT NULL GROUP BY t0.c0 ORDER BY (+ (('8,oe?-56') < ('488474536'))), (NULL) NOT IN ((('*??') && (t0.c0)) != ((! ('{}')))), "HO>P" LIMIT 2147483647 OFFSET 0) as result WHERE result.ref0 IS NULL;
SELECT DISTINCTROW t0.c0 AS ref0 FROM t0 WHERE (NOT ( EXISTS (SELECT 1 wHERE FALSE))) GROUP BY t0.c0 ORDER BY (261235848) IS NOT NULL ASC;
SELECT * FROM (SELECT DISTINCTROW t0.c0 AS ref0 FROM t0 WHERE (NOT ( EXISTS (SELECT 1 wHERE FALSE))) GROUP BY t0.c0 ORDER BY (261235848) IS NOT NULL ASC) as result WHERE result.ref0 IS NULL;
SELECT DISTINCT STRAIGHT_JOIN SQL_NO_CACHE SQL_SMALL_RESULT SQL_BIG_RESULT t0.c0 AS ref0 FROM t0 WHERE CAST( EXISTS (SELECT 1) AS SIGNED) ORDER BY  EXISTS (SELECT 1) ASC;
SELECT * FROM (SELECT DISTINCT STRAIGHT_JOIN SQL_NO_CACHE SQL_SMALL_RESULT SQL_BIG_RESULT t0.c0 AS ref0 FROM t0 WHERE CAST( EXISTS (SELECT 1) AS SIGNED) ORDER BY  EXISTS (SELECT 1) ASC) as result WHERE result.ref0 IS NULL;
SELECT DISTINCTROW t0.c0 AS ref0 FROM t0 WHERE (t0.c0) IS NULL ORDER BY NULL, t0.c0 ASC, (-444763488) LIKE ( EXISTS (SELECT 1 wHERE FALSE));
SELECT * FROM (SELECT DISTINCTROW t0.c0 AS ref0 FROM t0 WHERE (t0.c0) IS NULL ORDER BY NULL, t0.c0 ASC, (-444763488) LIKE ( EXISTS (SELECT 1 wHERE FALSE))) as result WHERE result.ref0 IS NULL;
SELECT DISTINCT SQL_BIG_RESULT SQL_NO_CACHE t0.c0 AS ref0 FROM t0 WHERE  EXISTS (SELECT 1) GROUP BY t0.c0 ORDER BY GREATEST(("~b") = (t0.c0), (t0.c0) >= (t0.c0)) ASC LIMIT 2147483647 OFFSET 0;
SELECT * FROM (SELECT DISTINCT SQL_BIG_RESULT SQL_NO_CACHE t0.c0 AS ref0 FROM t0 WHERE  EXISTS (SELECT 1) GROUP BY t0.c0 ORDER BY GREATEST(("~b") = (t0.c0), (t0.c0) >= (t0.c0)) ASC LIMIT 2147483647 OFFSET 0) as result WHERE result.ref0 IS NULL;
SELECT DISTINCT t0.c0 AS ref0 FROM t0 WHERE (NULL) IS UNKNOWN GROUP BY t0.c0 ORDER BY t0.c0 DESC, (IF(NULL, '', -931349264)) > (CAST(IF(t0.c0, t0.c0, 598361785) AS SIGNED)) ASC, '-1176101601';
SELECT * FROM (SELECT DISTINCT t0.c0 AS ref0 FROM t0 WHERE (NULL) IS UNKNOWN GROUP BY t0.c0 ORDER BY t0.c0 DESC, (IF(NULL, '', -931349264)) > (CAST(IF(t0.c0, t0.c0, 598361785) AS SIGNED)) ASC, '-1176101601') as result WHERE result.ref0 IS NULL;
SELECT DISTINCTROW SQL_BIG_RESULT SQL_SMALL_RESULT SQL_NO_CACHE t0.c0 AS ref0 FROM t0 WHERE (t0.c0) IS NULL ORDER BY CAST(-721424049 AS SIGNED) LIMIT 2147483647;
SELECT * FROM (SELECT DISTINCTROW SQL_BIG_RESULT SQL_SMALL_RESULT SQL_NO_CACHE t0.c0 AS ref0 FROM t0 WHERE (t0.c0) IS NULL ORDER BY CAST(-721424049 AS SIGNED) LIMIT 2147483647) as result WHERE result.ref0 IS NULL;
SELECT DISTINCT SQL_BIG_RESULT SQL_SMALL_RESULT SQL_NO_CACHE t0.c0 AS ref0 FROM t0 WHERE (((NULL) != (t0.c0)) IN ((t0.c0) NOT IN (-896150076))) IS NOT FALSE GROUP BY t0.c0 ORDER BY  EXISTS (SELECT 1) DESC LIMIT 2147483647;
SELECT * FROM (SELECT DISTINCT SQL_BIG_RESULT SQL_SMALL_RESULT SQL_NO_CACHE t0.c0 AS ref0 FROM t0 WHERE (((NULL) != (t0.c0)) IN ((t0.c0) NOT IN (-896150076))) IS NOT FALSE GROUP BY t0.c0 ORDER BY  EXISTS (SELECT 1) DESC LIMIT 2147483647) as result WHERE result.ref0 IS NULL;
SELECT DISTINCT SQL_BIG_RESULT STRAIGHT_JOIN SQL_SMALL_RESULT SQL_NO_CACHE t0.c0 AS ref0 FROM t0 WHERE (CAST(((t0.c0) IS TRUE) XOR ((NOT (t0.c0))) AS SIGNED)) IS UNKNOWN GROUP BY t0.c0 ORDER BY CAST(((t0.c0) = ('-562911141')) NOT IN (IFNULL('dM?	x?', -512974069)) AS SIGNED) DESC;
SELECT * FROM (SELECT DISTINCT SQL_BIG_RESULT STRAIGHT_JOIN SQL_SMALL_RESULT SQL_NO_CACHE t0.c0 AS ref0 FROM t0 WHERE (CAST(((t0.c0) IS TRUE) XOR ((NOT (t0.c0))) AS SIGNED)) IS UNKNOWN GROUP BY t0.c0 ORDER BY CAST(((t0.c0) = ('-562911141')) NOT IN (IFNULL('dM?	x?', -512974069)) AS SIGNED) DESC) as result WHERE result.ref0 IS NULL;
SELECT DISTINCTROW SQL_BIG_RESULT STRAIGHT_JOIN SQL_SMALL_RESULT t0.c0 AS ref0 FROM t0 WHERE ((((NULL) || (t0.c0)) || ((! (t0.c0)))) <= ( EXISTS (SELECT 1 wHERE FALSE))) IS NULL ORDER BY (IF(t0.c0, NULL, t0.c0)) && (((! (t0.c0))) IS NOT TRUE) DESC;
SELECT * FROM (SELECT DISTINCTROW SQL_BIG_RESULT STRAIGHT_JOIN SQL_SMALL_RESULT t0.c0 AS ref0 FROM t0 WHERE ((((NULL) || (t0.c0)) || ((! (t0.c0)))) <= ( EXISTS (SELECT 1 wHERE FALSE))) IS NULL ORDER BY (IF(t0.c0, NULL, t0.c0)) && (((! (t0.c0))) IS NOT TRUE) DESC) as result WHERE result.ref0 IS NULL;
SELECT ALL t0.c0 AS ref0 FROM t0 WHERE (! ((COALESCE(t0.c0, t0.c0)) IS FALSE)) GROUP BY t0.c0 ORDER BY  EXISTS (SELECT 1 wHERE FALSE) LIMIT 2147483647;
SELECT * FROM (SELECT ALL t0.c0 AS ref0 FROM t0 WHERE (! ((COALESCE(t0.c0, t0.c0)) IS FALSE)) GROUP BY t0.c0 ORDER BY  EXISTS (SELECT 1 wHERE FALSE) LIMIT 2147483647) as result WHERE result.ref0 IS NULL;
SELECT DISTINCT SQL_NO_CACHE SQL_BIG_RESULT STRAIGHT_JOIN SQL_SMALL_RESULT t0.c0 AS ref0 FROM t0 WHERE  EXISTS (SELECT 1) GROUP BY t0.c0 ORDER BY BIT_COUNT( EXISTS (SELECT 1 wHERE FALSE));
SELECT * FROM (SELECT DISTINCT SQL_NO_CACHE SQL_BIG_RESULT STRAIGHT_JOIN SQL_SMALL_RESULT t0.c0 AS ref0 FROM t0 WHERE  EXISTS (SELECT 1) GROUP BY t0.c0 ORDER BY BIT_COUNT( EXISTS (SELECT 1 wHERE FALSE))) as result WHERE result.ref0 IS NULL;
SELECT DISTINCTROW t0.c0 AS ref0 FROM t0 WHERE (t0.c0) IS NULL GROUP BY t0.c0 ORDER BY (((1523740920) || ('(*,s	-?')) IS NOT FALSE) IS NOT TRUE LIMIT 2147483647;
SELECT * FROM (SELECT DISTINCTROW t0.c0 AS ref0 FROM t0 WHERE (t0.c0) IS NULL GROUP BY t0.c0 ORDER BY (((1523740920) || ('(*,s	-?')) IS NOT FALSE) IS NOT TRUE LIMIT 2147483647) as result WHERE result.ref0 IS NULL;
SELECT DISTINCT t0.c0 AS ref0 FROM t0 WHERE ((((-249615362) OR ("")) || ((NULL) IS TRUE)) < (GREATEST('-1309943083', t0.c0, t0.c0, t0.c0, "x0(c", t0.c0))) IS UNKNOWN ORDER BY  EXISTS (SELECT 1);
SELECT * FROM (SELECT DISTINCT t0.c0 AS ref0 FROM t0 WHERE ((((-249615362) OR ("")) || ((NULL) IS TRUE)) < (GREATEST('-1309943083', t0.c0, t0.c0, t0.c0, "x0(c", t0.c0))) IS UNKNOWN ORDER BY  EXISTS (SELECT 1)) as result WHERE result.ref0 IS NULL;
SELECT ALL t0.c0 AS ref0 FROM t0 WHERE (CAST((+ (t0.c0)) AS SIGNED)) IS UNKNOWN ORDER BY  EXISTS (SELECT 1 wHERE FALSE);
SELECT * FROM (SELECT ALL t0.c0 AS ref0 FROM t0 WHERE (CAST((+ (t0.c0)) AS SIGNED)) IS UNKNOWN ORDER BY  EXISTS (SELECT 1 wHERE FALSE)) as result WHERE result.ref0 IS NULL;
SELECT DISTINCTROW SQL_SMALL_RESULT SQL_NO_CACHE t0.c0 AS ref0 FROM t0 WHERE (CAST(CAST(IF(NULL, t0.c0, t0.c0) AS SIGNED) AS SIGNED)) IS NULL GROUP BY t0.c0 ORDER BY IFNULL((NULL) NOT IN (NULL), (t0.c0) IS FALSE) DESC LIMIT 2147483647;
SELECT * FROM (SELECT DISTINCTROW SQL_SMALL_RESULT SQL_NO_CACHE t0.c0 AS ref0 FROM t0 WHERE (CAST(CAST(IF(NULL, t0.c0, t0.c0) AS SIGNED) AS SIGNED)) IS NULL GROUP BY t0.c0 ORDER BY IFNULL((NULL) NOT IN (NULL), (t0.c0) IS FALSE) DESC LIMIT 2147483647) as result WHERE result.ref0 IS NULL;
SELECT DISTINCT SQL_BIG_RESULT SQL_NO_CACHE STRAIGHT_JOIN t0.c0 AS ref0 FROM t0 WHERE (IFNULL(473647595, NULL)) IS TRUE GROUP BY t0.c0 ORDER BY CAST((1103836221) >= ((471603532) IS TRUE) AS SIGNED) ASC LIMIT 2147483647 OFFSET 0;
SELECT * FROM (SELECT DISTINCT SQL_BIG_RESULT SQL_NO_CACHE STRAIGHT_JOIN t0.c0 AS ref0 FROM t0 WHERE (IFNULL(473647595, NULL)) IS TRUE GROUP BY t0.c0 ORDER BY CAST((1103836221) >= ((471603532) IS TRUE) AS SIGNED) ASC LIMIT 2147483647 OFFSET 0) as result WHERE result.ref0 IS NULL;
SELECT SQL_NO_CACHE SQL_SMALL_RESULT SQL_BIG_RESULT STRAIGHT_JOIN t0.c0 AS ref0 FROM t0 WHERE (t0.c0) IS UNKNOWN ORDER BY ((NULL) && ( EXISTS (SELECT 1))) >= (t0.c0) LIMIT 2147483647;
SELECT * FROM (SELECT SQL_NO_CACHE SQL_SMALL_RESULT SQL_BIG_RESULT STRAIGHT_JOIN t0.c0 AS ref0 FROM t0 WHERE (t0.c0) IS UNKNOWN ORDER BY ((NULL) && ( EXISTS (SELECT 1))) >= (t0.c0) LIMIT 2147483647) as result WHERE result.ref0 IS NULL;
SELECT ALL SQL_NO_CACHE SQL_BIG_RESULT STRAIGHT_JOIN SQL_SMALL_RESULT t0.c0 AS ref0 FROM t0 WHERE 1925942728 ORDER BY ((+ (CAST(NULL AS SIGNED)))) IS NOT TRUE, CAST("3H" AS SIGNED) DESC, CAST(CAST(t0.c0 AS SIGNED) AS SIGNED) DESC;
SELECT * FROM (SELECT ALL SQL_NO_CACHE SQL_BIG_RESULT STRAIGHT_JOIN SQL_SMALL_RESULT t0.c0 AS ref0 FROM t0 WHERE 1925942728 ORDER BY ((+ (CAST(NULL AS SIGNED)))) IS NOT TRUE, CAST("3H" AS SIGNED) DESC, CAST(CAST(t0.c0 AS SIGNED) AS SIGNED) DESC) as result WHERE result.ref0 IS NULL;
SELECT DISTINCT SQL_SMALL_RESULT SQL_NO_CACHE STRAIGHT_JOIN t0.c0 AS ref0 FROM t0 WHERE (NOT ( EXISTS (SELECT 1 wHERE FALSE))) GROUP BY t0.c0 ORDER BY NULL ASC;
SELECT * FROM (SELECT DISTINCT SQL_SMALL_RESULT SQL_NO_CACHE STRAIGHT_JOIN t0.c0 AS ref0 FROM t0 WHERE (NOT ( EXISTS (SELECT 1 wHERE FALSE))) GROUP BY t0.c0 ORDER BY NULL ASC) as result WHERE result.ref0 IS NULL;
SELECT DISTINCTROW SQL_NO_CACHE STRAIGHT_JOIN t0.c0 AS ref0 FROM t0 WHERE (CAST(COALESCE(t0.c0, t0.c0) AS SIGNED)) IS UNKNOWN GROUP BY t0.c0 ORDER BY t0.c0 ASC;
SELECT * FROM (SELECT DISTINCTROW SQL_NO_CACHE STRAIGHT_JOIN t0.c0 AS ref0 FROM t0 WHERE (CAST(COALESCE(t0.c0, t0.c0) AS SIGNED)) IS UNKNOWN GROUP BY t0.c0 ORDER BY t0.c0 ASC) as result WHERE result.ref0 IS NULL;
SELECT ALL t0.c0 AS ref0 FROM t0 WHERE  EXISTS (SELECT 1) ORDER BY (( EXISTS (SELECT 1)) IN ('{}', CAST(2006102344 AS SIGNED))) || ((('?P') IS NOT FALSE) NOT IN ((-639817813) LIKE (NULL)));
SELECT * FROM (SELECT ALL t0.c0 AS ref0 FROM t0 WHERE  EXISTS (SELECT 1) ORDER BY (( EXISTS (SELECT 1)) IN ('{}', CAST(2006102344 AS SIGNED))) || ((('?P') IS NOT FALSE) NOT IN ((-639817813) LIKE (NULL)))) as result WHERE result.ref0 IS NULL;
