--java.lang.AssertionError: SELECT * FROM (SELECT ALL SQL_SMALL_RESULT SQL_BIG_RESULT STRAIGHT_JOIN SQL_NO_CACHE t1.c0 AS ref0, t1.c1 AS ref1, t2.c0 AS ref2 FROM t1, t2 WHERE (! (((+ (t2.c0))) <= (t1.c1))) GROUP BY t1.c0, t1.c1, t2.c0 ORDER BY (('>Z') IS NOT FALSE) IN ((IF(t2.c0, t2.c0, "")) AND ( EXISTS (SELECT 1 wHERE FALSE))) DESC LIMIT 2147483647 OFFSET 0) as result WHERE result.ref0 IS NULL AND result.ref1 = -413652857 AND result.ref2 = 0;
--	at sqlancer.common.query.SQLQueryAdapter.checkException(SQLQueryAdapter.java:111)
--	at sqlancer.common.query.SQLQueryAdapter.executeAndGet(SQLQueryAdapter.java:141)
--	at sqlancer.common.oracle.PivotedQuerySynthesisBase.containsRows(PivotedQuerySynthesisBase.java:67)
--	at sqlancer.common.oracle.PivotedQuerySynthesisBase.check(PivotedQuerySynthesisBase.java:49)
--	at sqlancer.ProviderAdapter.generateAndTestDatabase(ProviderAdapter.java:61)
--	at sqlancer.Main$DBMSExecutor.run(Main.java:364)
--	at sqlancer.Main$2.run(Main.java:559)
--	at sqlancer.Main$2.runThread(Main.java:541)
--	at sqlancer.Main$2.run(Main.java:532)
--	at java.base/java.util.concurrent.ThreadPoolExecutor.runWorker(ThreadPoolExecutor.java:1128)
--	at java.base/java.util.concurrent.ThreadPoolExecutor$Worker.run(ThreadPoolExecutor.java:628)
--	at java.base/java.lang.Thread.run(Thread.java:829)
--Caused by: java.sql.SQLException: Memory capacity exceeded (capacity 8388608 bytes)
--	at com.mysql.cj.jdbc.exceptions.SQLError.createSQLException(SQLError.java:129)
--	at com.mysql.cj.jdbc.exceptions.SQLExceptionsMapping.translateException(SQLExceptionsMapping.java:122)
--	at com.mysql.cj.jdbc.StatementImpl.executeQuery(StatementImpl.java:1200)
--	at sqlancer.common.query.SQLQueryAdapter.executeAndGet(SQLQueryAdapter.java:131)
--	... 10 more
---- Time: 2023/06/03 19:10:21
-- Database: database7
-- Database version: 8.0.33
-- seed value: 1685808636554
DROP DATABASE IF EXISTS database7;
CREATE DATABASE database7;
USE database7;
CREATE TABLE t0(c0 INT  STORAGE DISK UNIQUE COLUMN_FORMAT DEFAULT) MAX_ROWS = 7212672789663964320, STATS_AUTO_RECALC = 0, DELAY_KEY_WRITE = 1, KEY_BLOCK_SIZE = 15321;
CREATE TABLE t0(c0 BIGINT(198)  UNIQUE STORAGE DISK) ;
CREATE TABLE IF NOT EXISTS t1(c0 VARCHAR(500)  COLUMN_FORMAT DYNAMIC, c1 INT  STORAGE DISK PRIMARY KEY NOT NULL UNIQUE COMMENT 'asdf' ) ;
REPLACE INTO t0(c0) VALUES(-393546814);
SET SESSION range_alloc_block_size = 8374945938349707189;
INSERT HIGH_PRIORITY IGNORE INTO t0(c0) VALUES(NULL);
ALTER TABLE t1 STATS_PERSISTENT 1, DROP COLUMN c1, RENAME TO t0, DISABLE KEYS, CHECKSUM 0, COMPRESSION 'ZLIB', PACK_KEYS DEFAULT, DELAY_KEY_WRITE 0, ALGORITHM INSTANT, STATS_AUTO_RECALC DEFAULT, FORCE;
ALTER TABLE t0 ;
ALTER TABLE t1 DROP c0, DISABLE KEYS, INSERT_METHOD FIRST, PACK_KEYS DEFAULT, FORCE, COMPRESSION 'LZ4', ROW_FORMAT DEFAULT, STATS_AUTO_RECALC DEFAULT, STATS_PERSISTENT 0, RENAME t0, ALGORITHM INSTANT, DELAY_KEY_WRITE 0;
ALTER TABLE t0 COMPRESSION 'NONE', RENAME AS t2, DELAY_KEY_WRITE 0, ALGORITHM COPY, FORCE, ROW_FORMAT DYNAMIC, PACK_KEYS 0, ENABLE KEYS, STATS_AUTO_RECALC DEFAULT, STATS_PERSISTENT DEFAULT, INSERT_METHOD FIRST, CHECKSUM 1;
DELETE LOW_PRIORITY QUICK FROM t2;
REPLACE INTO t1(c0, c1) VALUES(1115354568, 1846613612), (-690851332, 212172362), (NULL, '?>ND''vi');
REPLACE INTO t2(c0) VALUES(NULL);
INSERT IGNORE INTO t2(c0) VALUES('#');
REPLACE INTO t1(c1) VALUES(26851202), (NULL), ("_8?N");
REPLACE INTO t1(c1, c0) VALUES(-1045211843, "2wi");
INSERT DELAYED IGNORE INTO t1(c1) VALUES(NULL);
INSERT LOW_PRIORITY IGNORE INTO t1(c1) VALUES(NULL);
REPLACE DELAYED INTO t1(c0, c1) VALUES(-1144351151, 758418223);
select TABLE_NAME, ENGINE from information_schema.TABLES where table_schema = 'database7';
REPLACE INTO t2(c0) VALUES('%?');
INSERT IGNORE INTO t1(c1, c0) VALUES(-257468778, NULL);
INSERT HIGH_PRIORITY IGNORE INTO t1(c1, c0) VALUES("gES%i", "-1204737290");
INSERT INTO t1(c0, c1) VALUES('2099532590', NULL);
INSERT INTO t1(c0, c1) VALUES(-1365340484, 758418223);
REPLACE INTO t2(c0) VALUES('-dyyUc.px'), (1804658910), (NULL);
INSERT LOW_PRIORITY IGNORE INTO t1(c0) VALUES(NULL);
INSERT LOW_PRIORITY INTO t2(c0) VALUES(")}q?");
REPLACE INTO t2(c0) VALUES(-87400870);
INSERT IGNORE INTO t2(c0) VALUES('');
ALTER TABLE t1 CHECKSUM 1, DELAY_KEY_WRITE 0, ALGORITHM COPY, COMPRESSION 'LZ4', ENABLE KEYS, STATS_AUTO_RECALC 0, STATS_PERSISTENT 0, INSERT_METHOD LAST;
INSERT LOW_PRIORITY INTO t2(c0) VALUES(')}q?');
REPLACE INTO t2(c0) VALUES(NULL);
REPLACE INTO t2(c0) VALUES(NULL);
INSERT INTO t2(c0) VALUES(NULL);
REPLACE LOW_PRIORITY INTO t1(c1) VALUES("vl&S");
REPLACE LOW_PRIORITY INTO t2(c0) VALUES('{47?');
INSERT IGNORE INTO t2(c0) VALUES(NULL);
select TABLE_NAME, ENGINE from information_schema.TABLES where table_schema = 'database7';
DELETE IGNORE FROM t2 WHERE (NOT ((NOT (CAST(NULL AS SIGNED)))));
DELETE QUICK IGNORE FROM t2 WHERE CAST(NULL AS SIGNED);
INSERT HIGH_PRIORITY INTO t1(c1) VALUES('-413652857');
SET SESSION max_length_for_sort_data = 5480787;
REPLACE INTO t1(c1) VALUES(''), ('*'), ('WYi6pX');
INSERT INTO t2(c0) VALUES(1399400852);
INSERT INTO t1(c0) VALUES("-1834019812");
INSERT LOW_PRIORITY IGNORE INTO t2(c0) VALUES(-405636067);
INSERT INTO t2(c0) VALUES(NULL);
SET SESSION max_seeks_for_key = 7389269498273550662;
REPLACE INTO t1(c0, c1) VALUES(NULL, NULL);
REPLACE INTO t1(c1) VALUES("g))?<7O?"), (NULL), (-864869649);
INSERT IGNORE INTO t2(c0) VALUES(1549077820), ("?79u%"), ("-1779136941");
SELECT * FROM (SELECT ALL SQL_SMALL_RESULT SQL_BIG_RESULT STRAIGHT_JOIN SQL_NO_CACHE t1.c0 AS ref0, t1.c1 AS ref1, t2.c0 AS ref2 FROM t1, t2 WHERE (! (((+ (t2.c0))) <= (t1.c1))) GROUP BY t1.c0, t1.c1, t2.c0 ORDER BY (('>Z') IS NOT FALSE) IN ((IF(t2.c0, t2.c0, "")) AND ( EXISTS (SELECT 1 wHERE FALSE))) DESC LIMIT 2147483647 OFFSET 0) as result WHERE result.ref0 IS NULL AND result.ref1 = -413652857 AND result.ref2 = 0;
