--java.lang.AssertionError: SELECT * FROM (SELECT ALL SQL_NO_CACHE SQL_BIG_RESULT t2.c0 AS ref0, t0.c0 AS ref1 FROM t2, t0 WHERE (t2.c0) >= (t0.c0) ORDER BY  EXISTS (SELECT 1 wHERE FALSE) DESC LIMIT 2147483647) as result WHERE result.ref0 = 8388607 AND result.ref1 = 8388607;
--	at sqlancer.common.query.SQLQueryAdapter.checkException(SQLQueryAdapter.java:111)
--	at sqlancer.common.query.SQLQueryAdapter.executeAndGet(SQLQueryAdapter.java:141)
--	at sqlancer.common.oracle.PivotedQuerySynthesisBase.containsRows(PivotedQuerySynthesisBase.java:67)
--	at sqlancer.common.oracle.PivotedQuerySynthesisBase.check(PivotedQuerySynthesisBase.java:49)
--	at sqlancer.ProviderAdapter.generateAndTestDatabase(ProviderAdapter.java:61)
--	at sqlancer.Main$DBMSExecutor.run(Main.java:364)
--	at sqlancer.Main$2.run(Main.java:559)
--	at sqlancer.Main$2.runThread(Main.java:541)
--	at sqlancer.Main$2.run(Main.java:532)
--	at java.base/java.util.concurrent.ThreadPoolExecutor.runWorker(ThreadPoolExecutor.java:1128)
--	at java.base/java.util.concurrent.ThreadPoolExecutor$Worker.run(ThreadPoolExecutor.java:628)
--	at java.base/java.lang.Thread.run(Thread.java:829)
--Caused by: java.sql.SQLException: Memory capacity exceeded (capacity 8388608 bytes)
--	at com.mysql.cj.jdbc.exceptions.SQLError.createSQLException(SQLError.java:129)
--	at com.mysql.cj.jdbc.exceptions.SQLExceptionsMapping.translateException(SQLExceptionsMapping.java:122)
--	at com.mysql.cj.jdbc.StatementImpl.executeQuery(StatementImpl.java:1200)
--	at sqlancer.common.query.SQLQueryAdapter.executeAndGet(SQLQueryAdapter.java:131)
--	... 10 more
---- Time: 2023/06/03 19:47:52
-- Database: database8
-- Database version: 8.0.33
-- seed value: 1685808636555
DROP DATABASE IF EXISTS database8;
CREATE DATABASE database8;
USE database8;
CREATE TABLE t0(c0 MEDIUMINT(77) ) ;
CREATE TABLE IF NOT EXISTS t1 LIKE t0;
select TABLE_NAME, ENGINE from information_schema.TABLES where table_schema = 'database8';
SET SESSION histogram_generation_max_mem_size = 5102132096710583930;
SET SESSION range_alloc_block_size = 5925030489962866023;
select TABLE_NAME, ENGINE from information_schema.TABLES where table_schema = 'database8';
REPLACE LOW_PRIORITY INTO t0(c0) VALUES(-1581401406);
REPLACE LOW_PRIORITY INTO t1(c0) VALUES(NULL);
ALTER TABLE t1 RENAME t2, DELAY_KEY_WRITE 0, STATS_AUTO_RECALC 1, INSERT_METHOD FIRST, ALGORITHM COPY, PACK_KEYS 1, ROW_FORMAT DEFAULT, FORCE, CHECKSUM 0;
DELETE QUICK IGNORE FROM t0 WHERE BIT_COUNT((+ (t0.c0)));
DELETE IGNORE FROM t0 WHERE '-1814171767';
DELETE IGNORE FROM t2 WHERE (IFNULL(t2.c0, t2.c0)) IS UNKNOWN;
DELETE IGNORE FROM t0;
CREATE UNIQUE INDEX i0 ON t2(c0 ASC) INVISIBLE ALGORITHM= COPY;
INSERT DELAYED IGNORE INTO t0(c0) VALUES("-1320035499");
ALTER TABLE t2 ;
DELETE LOW_PRIORITY IGNORE FROM t0 WHERE t0.c0;
DELETE FROM t0;
INSERT IGNORE INTO t0(c0) VALUES(NULL);
REPLACE INTO t2(c0) VALUES(NULL);
DELETE FROM t2;
INSERT HIGH_PRIORITY INTO t2(c0) VALUES("");
REPLACE INTO t2(c0) VALUES(NULL);
ANALYZE LOCAL TABLE t0;
REPLACE LOW_PRIORITY INTO t0(c0) VALUES(NULL);
SET SESSION join_buffer_size = 8905403412171170429;
INSERT IGNORE INTO t2(c0) VALUES(498509321);
DELETE QUICK IGNORE FROM t0;
CHECK TABLE t2 QUICK FOR UPGRADE MEDIUM;
ALTER TABLE t0 STATS_AUTO_RECALC DEFAULT, RENAME TO t2, ENABLE KEYS;
ALTER TABLE t0 STATS_AUTO_RECALC DEFAULT, FORCE;
REPLACE LOW_PRIORITY INTO t2(c0) VALUES("");
INSERT LOW_PRIORITY IGNORE INTO t0(c0) VALUES(2078599572);
ALTER TABLE t0 DISABLE KEYS, STATS_AUTO_RECALC 1, INSERT_METHOD NO, CHECKSUM 0, ALGORITHM INPLACE, COMPRESSION 'NONE', ROW_FORMAT DEFAULT, FORCE, STATS_PERSISTENT DEFAULT, PACK_KEYS 1, RENAME TO t2, DELAY_KEY_WRITE 1;
ALTER TABLE t0 STATS_PERSISTENT DEFAULT, ALGORITHM DEFAULT, CHECKSUM 1, DELAY_KEY_WRITE 0, FORCE, PACK_KEYS DEFAULT;
DELETE LOW_PRIORITY FROM t2 WHERE  EXISTS (SELECT 1 wHERE FALSE);
INSERT DELAYED INTO t2(c0) VALUES(1938774167);
REPLACE LOW_PRIORITY INTO t0(c0) VALUES(NULL);
CREATE UNIQUE INDEX i1 ON t0(c0);
REPLACE INTO t0(c0) VALUES(NULL);
SELECT * FROM (SELECT ALL SQL_NO_CACHE SQL_BIG_RESULT t2.c0 AS ref0, t0.c0 AS ref1 FROM t2, t0 WHERE (t2.c0) >= (t0.c0) ORDER BY  EXISTS (SELECT 1 wHERE FALSE) DESC LIMIT 2147483647) as result WHERE result.ref0 = 8388607 AND result.ref1 = 8388607;
