--java.lang.AssertionError: SELECT * FROM (SELECT DISTINCTROW SQL_NO_CACHE SQL_BIG_RESULT t1.c0 AS ref0, t1.c1 AS ref1, t1.c2 AS ref2, t2.c0 AS ref3, t0.c0 AS ref4 FROM t1, t2, t0 WHERE (! ((t1.c2) < (COALESCE(t0.c0, -1663967186)))) GROUP BY t1.c0, t1.c1, t1.c2, t2.c0, t0.c0 ORDER BY COALESCE((t1.c1) AND (NULL), LEAST("Wi", t1.c1)) LIMIT 2147483647 OFFSET 0) as result WHERE result.ref0 = "-67489884" AND result.ref1 IS NULL AND result.ref2 = -32768 AND result.ref3 = -8388608 AND result.ref4 = -8388608;
--	at sqlancer.common.query.SQLQueryAdapter.checkException(SQLQueryAdapter.java:111)
--	at sqlancer.common.query.SQLQueryAdapter.executeAndGet(SQLQueryAdapter.java:141)
--	at sqlancer.common.oracle.PivotedQuerySynthesisBase.containsRows(PivotedQuerySynthesisBase.java:67)
--	at sqlancer.common.oracle.PivotedQuerySynthesisBase.check(PivotedQuerySynthesisBase.java:49)
--	at sqlancer.ProviderAdapter.generateAndTestDatabase(ProviderAdapter.java:61)
--	at sqlancer.Main$DBMSExecutor.run(Main.java:364)
--	at sqlancer.Main$2.run(Main.java:559)
--	at sqlancer.Main$2.runThread(Main.java:541)
--	at sqlancer.Main$2.run(Main.java:532)
--	at java.base/java.util.concurrent.ThreadPoolExecutor.runWorker(ThreadPoolExecutor.java:1128)
--	at java.base/java.util.concurrent.ThreadPoolExecutor$Worker.run(ThreadPoolExecutor.java:628)
--	at java.base/java.lang.Thread.run(Thread.java:829)
--Caused by: java.sql.SQLException: Memory capacity exceeded (capacity 8388608 bytes)
--	at com.mysql.cj.jdbc.exceptions.SQLError.createSQLException(SQLError.java:129)
--	at com.mysql.cj.jdbc.exceptions.SQLExceptionsMapping.translateException(SQLExceptionsMapping.java:122)
--	at com.mysql.cj.jdbc.StatementImpl.executeQuery(StatementImpl.java:1200)
--	at sqlancer.common.query.SQLQueryAdapter.executeAndGet(SQLQueryAdapter.java:131)
--	... 10 more
---- Time: 2023/06/03 20:45:14
-- Database: database17
-- Database version: 8.0.33
-- seed value: 1685808636572
DROP DATABASE IF EXISTS database17;
CREATE DATABASE database17;
USE database17;
CREATE TABLE IF NOT EXISTS t0(c0 MEDIUMINT(64)  COLUMN_FORMAT DEFAULT STORAGE DISK) DELAY_KEY_WRITE = 1, MIN_ROWS = 2994315548586093718;
CREATE TABLE IF NOT EXISTS t1(c0 VARCHAR(500)  COMMENT 'asdf'   COLUMN_FORMAT FIXED, c1 LONGTEXT  NULL COLUMN_FORMAT DYNAMIC, c2 SMALLINT  COLUMN_FORMAT DYNAMIC PRIMARY KEY STORAGE DISK COMMENT 'asdf'  NOT NULL UNIQUE) ;
CREATE TABLE t2 LIKE t0;
REPLACE LOW_PRIORITY INTO t0(c0) VALUES(-471619954);
INSERT LOW_PRIORITY IGNORE INTO t1(c2, c0, c1) VALUES(NULL, "", 1734386613);
CREATE INDEX i0 ON t0((( EXISTS (SELECT 1)) XOR (CAST(t0.c0 AS SIGNED))));
REPLACE LOW_PRIORITY INTO t0(c0) VALUES(1091933883), (NULL), (NULL), (-1293403830), (-886354888);
INSERT DELAYED IGNORE INTO t2(c0) VALUES(-569769685), (NULL), (328580263);
DELETE LOW_PRIORITY QUICK IGNORE FROM t0;
INSERT DELAYED INTO t2(c0) VALUES("");
REPLACE INTO t1(c2, c0) VALUES("", "?u");
INSERT INTO t1(c2) VALUES(NULL);
INSERT LOW_PRIORITY INTO t1(c0, c1) VALUES(-462287525, NULL);
INSERT IGNORE INTO t0(c0) VALUES(NULL);
SET SESSION range_alloc_block_size = 2573098876390255362;
ALTER TABLE t1 FORCE, DROP COLUMN c2, DELAY_KEY_WRITE 1, ALGORITHM COPY, STATS_PERSISTENT 1, COMPRESSION 'ZLIB', ROW_FORMAT DYNAMIC, STATS_AUTO_RECALC DEFAULT, RENAME t0, INSERT_METHOD NO, ENABLE KEYS, PACK_KEYS 0;
ALTER TABLE t0 COMPRESSION 'ZLIB';
INSERT DELAYED IGNORE INTO t0(c0) VALUES(NULL);
REPLACE INTO t1(c1, c2, c0) VALUES(NULL, 'wEtH?>xc', 2020183051);
INSERT INTO t1(c0, c2, c1) VALUES('', "RS?5z", NULL);
INSERT DELAYED IGNORE INTO t2(c0) VALUES(NULL);
INSERT IGNORE INTO t2(c0) VALUES("oq/-");
INSERT DELAYED INTO t2(c0) VALUES(471994842);
INSERT DELAYED IGNORE INTO t2(c0) VALUES(-372017703);
REPLACE DELAYED INTO t1(c2, c0) VALUES(898842698, '');
INSERT IGNORE INTO t0(c0) VALUES(NULL);
REPLACE DELAYED INTO t1(c0) VALUES(-1957727442);
REPLACE LOW_PRIORITY INTO t2(c0) VALUES(NULL);
INSERT LOW_PRIORITY IGNORE INTO t1(c1, c0, c2) VALUES('', NULL, "[vQ4T!CE");
INSERT INTO t2(c0) VALUES('-569769685');
INSERT IGNORE INTO t2(c0) VALUES('kj');
INSERT HIGH_PRIORITY INTO t2(c0) VALUES(-1369637077);
REPLACE DELAYED INTO t0(c0) VALUES(NULL);
select TABLE_NAME, ENGINE from information_schema.TABLES where table_schema = 'database17';
REPLACE INTO t1(c2, c1) VALUES("a.]b", ''), (NULL, NULL), (939190275, "");
INSERT LOW_PRIORITY IGNORE INTO t0(c0) VALUES('');
INSERT HIGH_PRIORITY IGNORE INTO t0(c0) VALUES("-1716465184");
SET SESSION show_create_table_verbosity = ON;
DELETE LOW_PRIORITY QUICK IGNORE FROM t1 WHERE ( EXISTS (SELECT 1 wHERE FALSE)) IS NOT TRUE;
ALTER TABLE t0 DELAY_KEY_WRITE 0, CHECKSUM 0;
REPLACE LOW_PRIORITY INTO t0(c0) VALUES(NULL);
select TABLE_NAME, ENGINE from information_schema.TABLES where table_schema = 'database17';
select TABLE_NAME, ENGINE from information_schema.TABLES where table_schema = 'database17';
REPLACE INTO t2(c0) VALUES('u%'), (NULL), (-1344329584);
REPLACE DELAYED INTO t1(c1, c0) VALUES('EI', 1541724409);
INSERT HIGH_PRIORITY IGNORE INTO t1(c1, c2, c0) VALUES(NULL, -987531868, "-67489884"), ('_', 'Kg?J', NULL), ("h", NULL, -160167295);
CREATE INDEX i0 USING HASH ON t1(c2 DESC, c0(4) DESC, c1(4)) VISIBLE ALGORITHM= INPLACE;
CREATE UNIQUE INDEX i0 USING HASH ON t2(c0) ALGORITHM= INPLACE;
CREATE UNIQUE INDEX i0 ON t0(c0) ALGORITHM= DEFAULT;
ALTER TABLE t1 STATS_PERSISTENT 0, RENAME TO t0, FORCE;
ALTER TABLE t0 ROW_FORMAT COMPRESSED, STATS_AUTO_RECALC 0, RENAME AS t2, COMPRESSION 'NONE', PACK_KEYS 1, ALGORITHM COPY, ENABLE KEYS, INSERT_METHOD LAST, FORCE, DELAY_KEY_WRITE 0;
ALTER TABLE t1 DROP c2, STATS_AUTO_RECALC 1, ALGORITHM INPLACE, ROW_FORMAT COMPRESSED, INSERT_METHOD LAST;
ALTER TABLE t2 INSERT_METHOD FIRST, DISABLE KEYS, STATS_PERSISTENT 0, CHECKSUM 1, ALGORITHM INSTANT, PACK_KEYS 1, DELAY_KEY_WRITE 0;
ALTER TABLE t1 ENABLE KEYS, COMPRESSION 'ZLIB', CHECKSUM 1;
INSERT IGNORE INTO t2(c0) VALUES(1047257110);
REPLACE DELAYED INTO t0(c0) VALUES('');
REPLACE INTO t2(c0) VALUES(NULL);
ALTER TABLE t2 FORCE;
REPLACE LOW_PRIORITY INTO t0(c0) VALUES(-401606774);
REPLACE INTO t1(c2) VALUES("??");
INSERT IGNORE INTO t1(c0) VALUES(NULL), (641200056), (-1836328555), (NULL), (2035057908);
INSERT INTO t2(c0) VALUES(NULL);
REPLACE LOW_PRIORITY INTO t1(c2) VALUES(""), (-859731960), (NULL);
INSERT LOW_PRIORITY IGNORE INTO t1(c2) VALUES('');
SET SESSION max_sort_length = 52342;
ANALYZE NO_WRITE_TO_BINLOG TABLE t0 UPDATE HISTOGRAM ON c0 WITH 180 BUCKETS;
REPLACE INTO t1(c1, c2) VALUES(NULL, NULL), (NULL, NULL), (NULL, NULL);
INSERT IGNORE INTO t2(c0) VALUES('I8?TR');
INSERT DELAYED INTO t0(c0) VALUES(-328363755);
INSERT INTO t1(c2) VALUES(-913219862);
INSERT IGNORE INTO t1(c1, c0, c2) VALUES(NULL, NULL, NULL);
REPLACE INTO t2(c0) VALUES('');
INSERT LOW_PRIORITY IGNORE INTO t1(c1, c0) VALUES("psu^3*", -353941291);
SELECT * FROM (SELECT DISTINCTROW SQL_NO_CACHE SQL_BIG_RESULT t1.c0 AS ref0, t1.c1 AS ref1, t1.c2 AS ref2, t2.c0 AS ref3, t0.c0 AS ref4 FROM t1, t2, t0 WHERE (! ((t1.c2) < (COALESCE(t0.c0, -1663967186)))) GROUP BY t1.c0, t1.c1, t1.c2, t2.c0, t0.c0 ORDER BY COALESCE((t1.c1) AND (NULL), LEAST("Wi", t1.c1)) LIMIT 2147483647 OFFSET 0) as result WHERE result.ref0 = "-67489884" AND result.ref1 IS NULL AND result.ref2 = -32768 AND result.ref3 = -8388608 AND result.ref4 = -8388608;
